================================================================================
 ISING MODEL GENERATION REPORT (100 XOR Gates, a=40%)
================================================================================
Total Qubits: 460
Theoretical Min Energy (Offset): 0
--------------------------------------------------------------------------------

[1. CUBIC TERMS LIST (With Coefficients)]
cubic_terms_list = [
    'q[280]*q[281]*q[282]',
    'q[283]*q[284]*q[285]',
    'q[286]*q[287]*q[288]',
    'q[289]*q[290]*q[291]',
    'q[292]*q[293]*q[294]',
    'q[295]*q[296]*q[297]',
    'q[298]*q[299]*q[300]',
    'q[301]*q[302]*q[303]',
    'q[304]*q[305]*q[306]',
    'q[307]*q[308]*q[309]',
    'q[310]*q[311]*q[312]',
    'q[313]*q[314]*q[315]',
    'q[316]*q[317]*q[318]',
    'q[319]*q[320]*q[321]',
    'q[322]*q[323]*q[324]',
    'q[325]*q[326]*q[327]',
    'q[328]*q[329]*q[330]',
    'q[331]*q[332]*q[333]',
    'q[334]*q[335]*q[336]',
    'q[337]*q[338]*q[339]',
    'q[340]*q[341]*q[342]',
    'q[343]*q[344]*q[345]',
    'q[346]*q[347]*q[348]',
    'q[349]*q[350]*q[351]',
    'q[352]*q[353]*q[354]',
    'q[355]*q[356]*q[357]',
    'q[358]*q[359]*q[360]',
    'q[361]*q[362]*q[363]',
    'q[364]*q[365]*q[366]',
    'q[367]*q[368]*q[369]',
    'q[370]*q[371]*q[372]',
    'q[373]*q[374]*q[375]',
    'q[376]*q[377]*q[378]',
    'q[379]*q[380]*q[381]',
    'q[382]*q[383]*q[384]',
    'q[385]*q[386]*q[387]',
    'q[388]*q[389]*q[390]',
    'q[391]*q[392]*q[393]',
    'q[394]*q[395]*q[396]',
    'q[397]*q[398]*q[399]',
    'q[400]*q[401]*q[402]',
    'q[403]*q[404]*q[405]',
    'q[406]*q[407]*q[408]',
    'q[409]*q[410]*q[411]',
    'q[412]*q[413]*q[414]',
    'q[415]*q[416]*q[417]',
    'q[418]*q[419]*q[420]',
    'q[421]*q[422]*q[423]',
    'q[424]*q[425]*q[426]',
    'q[427]*q[428]*q[429]',
    'q[430]*q[431]*q[432]',
    'q[433]*q[434]*q[435]',
    'q[436]*q[437]*q[438]',
    'q[439]*q[440]*q[441]',
    'q[442]*q[443]*q[444]',
    'q[445]*q[446]*q[447]',
    'q[448]*q[449]*q[450]',
    'q[451]*q[452]*q[453]',
    'q[454]*q[455]*q[456]',
    'q[457]*q[458]*q[459]'
]

--------------------------------------------------------------------------------
[2. F_QUADRATIC (Linear + Quadratic terms only)]
2*q[0]*q[2] + 2 + 2*q[1]*q[3] + 2 + q[0]*q[3] + -2*q[0]*q[4] + -2*q[3]*q[4] + -q[0] + -q[3] + 2*q[4] + 3 + q[2]*q[1] + -2*q[2]*q[5] + -2*q[1]*q[5] + -q[2] + -q[1] + 2*q[5] + 3 + q[4]*q[5] + -2*q[4]*q[6] + -2*q[5]*q[6] + q[4] + q[5] + -2*q[6] + 3 + 2*q[7]*q[9] + 2 + 2*q[8]*q[10] + 2 + q[7]*q[10] + -2*q[7]*q[11] + -2*q[10]*q[11] + -q[7] + -q[10] + 2*q[11] + 3 + q[9]*q[8] + -2*q[9]*q[12] + -2*q[8]*q[12] + -q[9] + -q[8] + 2*q[12] + 3 + q[11]*q[12] + -2*q[11]*q[13] + -2*q[12]*q[13] + q[11] + q[12] + -2*q[13] + 3 + 2*q[14]*q[16] + 2 + 2*q[15]*q[17] + 2 + q[14]*q[17] + -2*q[14]*q[18] + -2*q[17]*q[18] + -q[14] + -q[17] + 2*q[18] + 3 + q[16]*q[15] + -2*q[16]*q[19] + -2*q[15]*q[19] + -q[16] + -q[15] + 2*q[19] + 3 + q[18]*q[19] + -2*q[18]*q[20] + -2*q[19]*q[20] + q[18] + q[19] + -2*q[20] + 3 + 2*q[21]*q[23] + 2 + 2*q[22]*q[24] + 2 + q[21]*q[24] + -2*q[21]*q[25] + -2*q[24]*q[25] + -q[21] + -q[24] + 2*q[25] + 3 + q[23]*q[22] + -2*q[23]*q[26] + -2*q[22]*q[26] + -q[23] + -q[22] + 2*q[26] + 3 + q[25]*q[26] + -2*q[25]*q[27] + -2*q[26]*q[27] + q[25] + q[26] + -2*q[27] + 3 + 2*q[28]*q[30] + 2 + 2*q[29]*q[31] + 2 + q[28]*q[31] + -2*q[28]*q[32] + -2*q[31]*q[32] + -q[28] + -q[31] + 2*q[32] + 3 + q[30]*q[29] + -2*q[30]*q[33] + -2*q[29]*q[33] + -q[30] + -q[29] + 2*q[33] + 3 + q[32]*q[33] + -2*q[32]*q[34] + -2*q[33]*q[34] + q[32] + q[33] + -2*q[34] + 3 + 2*q[35]*q[37] + 2 + 2*q[36]*q[38] + 2 + q[35]*q[38] + -2*q[35]*q[39] + -2*q[38]*q[39] + -q[35] + -q[38] + 2*q[39] + 3 + q[37]*q[36] + -2*q[37]*q[40] + -2*q[36]*q[40] + -q[37] + -q[36] + 2*q[40] + 3 + q[39]*q[40] + -2*q[39]*q[41] + -2*q[40]*q[41] + q[39] + q[40] + -2*q[41] + 3 + 2*q[42]*q[44] + 2 + 2*q[43]*q[45] + 2 + q[42]*q[45] + -2*q[42]*q[46] + -2*q[45]*q[46] + -q[42] + -q[45] + 2*q[46] + 3 + q[44]*q[43] + -2*q[44]*q[47] + -2*q[43]*q[47] + -q[44] + -q[43] + 2*q[47] + 3 + q[46]*q[47] + -2*q[46]*q[48] + -2*q[47]*q[48] + q[46] + q[47] + -2*q[48] + 3 + 2*q[49]*q[51] + 2 + 2*q[50]*q[52] + 2 + q[49]*q[52] + -2*q[49]*q[53] + -2*q[52]*q[53] + -q[49] + -q[52] + 2*q[53] + 3 + q[51]*q[50] + -2*q[51]*q[54] + -2*q[50]*q[54] + -q[51] + -q[50] + 2*q[54] + 3 + q[53]*q[54] + -2*q[53]*q[55] + -2*q[54]*q[55] + q[53] + q[54] + -2*q[55] + 3 + 2*q[56]*q[58] + 2 + 2*q[57]*q[59] + 2 + q[56]*q[59] + -2*q[56]*q[60] + -2*q[59]*q[60] + -q[56] + -q[59] + 2*q[60] + 3 + q[58]*q[57] + -2*q[58]*q[61] + -2*q[57]*q[61] + -q[58] + -q[57] + 2*q[61] + 3 + q[60]*q[61] + -2*q[60]*q[62] + -2*q[61]*q[62] + q[60] + q[61] + -2*q[62] + 3 + 2*q[63]*q[65] + 2 + 2*q[64]*q[66] + 2 + q[63]*q[66] + -2*q[63]*q[67] + -2*q[66]*q[67] + -q[63] + -q[66] + 2*q[67] + 3 + q[65]*q[64] + -2*q[65]*q[68] + -2*q[64]*q[68] + -q[65] + -q[64] + 2*q[68] + 3 + q[67]*q[68] + -2*q[67]*q[69] + -2*q[68]*q[69] + q[67] + q[68] + -2*q[69] + 3 + 2*q[70]*q[72] + 2 + 2*q[71]*q[73] + 2 + q[70]*q[73] + -2*q[70]*q[74] + -2*q[73]*q[74] + -q[70] + -q[73] + 2*q[74] + 3 + q[72]*q[71] + -2*q[72]*q[75] + -2*q[71]*q[75] + -q[72] + -q[71] + 2*q[75] + 3 + q[74]*q[75] + -2*q[74]*q[76] + -2*q[75]*q[76] + q[74] + q[75] + -2*q[76] + 3 + 2*q[77]*q[79] + 2 + 2*q[78]*q[80] + 2 + q[77]*q[80] + -2*q[77]*q[81] + -2*q[80]*q[81] + -q[77] + -q[80] + 2*q[81] + 3 + q[79]*q[78] + -2*q[79]*q[82] + -2*q[78]*q[82] + -q[79] + -q[78] + 2*q[82] + 3 + q[81]*q[82] + -2*q[81]*q[83] + -2*q[82]*q[83] + q[81] + q[82] + -2*q[83] + 3 + 2*q[84]*q[86] + 2 + 2*q[85]*q[87] + 2 + q[84]*q[87] + -2*q[84]*q[88] + -2*q[87]*q[88] + -q[84] + -q[87] + 2*q[88] + 3 + q[86]*q[85] + -2*q[86]*q[89] + -2*q[85]*q[89] + -q[86] + -q[85] + 2*q[89] + 3 + q[88]*q[89] + -2*q[88]*q[90] + -2*q[89]*q[90] + q[88] + q[89] + -2*q[90] + 3 + 2*q[91]*q[93] + 2 + 2*q[92]*q[94] + 2 + q[91]*q[94] + -2*q[91]*q[95] + -2*q[94]*q[95] + -q[91] + -q[94] + 2*q[95] + 3 + q[93]*q[92] + -2*q[93]*q[96] + -2*q[92]*q[96] + -q[93] + -q[92] + 2*q[96] + 3 + q[95]*q[96] + -2*q[95]*q[97] + -2*q[96]*q[97] + q[95] + q[96] + -2*q[97] + 3 + 2*q[98]*q[100] + 2 + 2*q[99]*q[101] + 2 + q[98]*q[101] + -2*q[98]*q[102] + -2*q[101]*q[102] + -q[98] + -q[101] + 2*q[102] + 3 + q[100]*q[99] + -2*q[100]*q[103] + -2*q[99]*q[103] + -q[100] + -q[99] + 2*q[103] + 3 + q[102]*q[103] + -2*q[102]*q[104] + -2*q[103]*q[104] + q[102] + q[103] + -2*q[104] + 3 + 2*q[105]*q[107] + 2 + 2*q[106]*q[108] + 2 + q[105]*q[108] + -2*q[105]*q[109] + -2*q[108]*q[109] + -q[105] + -q[108] + 2*q[109] + 3 + q[107]*q[106] + -2*q[107]*q[110] + -2*q[106]*q[110] + -q[107] + -q[106] + 2*q[110] + 3 + q[109]*q[110] + -2*q[109]*q[111] + -2*q[110]*q[111] + q[109] + q[110] + -2*q[111] + 3 + 2*q[112]*q[114] + 2 + 2*q[113]*q[115] + 2 + q[112]*q[115] + -2*q[112]*q[116] + -2*q[115]*q[116] + -q[112] + -q[115] + 2*q[116] + 3 + q[114]*q[113] + -2*q[114]*q[117] + -2*q[113]*q[117] + -q[114] + -q[113] + 2*q[117] + 3 + q[116]*q[117] + -2*q[116]*q[118] + -2*q[117]*q[118] + q[116] + q[117] + -2*q[118] + 3 + 2*q[119]*q[121] + 2 + 2*q[120]*q[122] + 2 + q[119]*q[122] + -2*q[119]*q[123] + -2*q[122]*q[123] + -q[119] + -q[122] + 2*q[123] + 3 + q[121]*q[120] + -2*q[121]*q[124] + -2*q[120]*q[124] + -q[121] + -q[120] + 2*q[124] + 3 + q[123]*q[124] + -2*q[123]*q[125] + -2*q[124]*q[125] + q[123] + q[124] + -2*q[125] + 3 + 2*q[126]*q[128] + 2 + 2*q[127]*q[129] + 2 + q[126]*q[129] + -2*q[126]*q[130] + -2*q[129]*q[130] + -q[126] + -q[129] + 2*q[130] + 3 + q[128]*q[127] + -2*q[128]*q[131] + -2*q[127]*q[131] + -q[128] + -q[127] + 2*q[131] + 3 + q[130]*q[131] + -2*q[130]*q[132] + -2*q[131]*q[132] + q[130] + q[131] + -2*q[132] + 3 + 2*q[133]*q[135] + 2 + 2*q[134]*q[136] + 2 + q[133]*q[136] + -2*q[133]*q[137] + -2*q[136]*q[137] + -q[133] + -q[136] + 2*q[137] + 3 + q[135]*q[134] + -2*q[135]*q[138] + -2*q[134]*q[138] + -q[135] + -q[134] + 2*q[138] + 3 + q[137]*q[138] + -2*q[137]*q[139] + -2*q[138]*q[139] + q[137] + q[138] + -2*q[139] + 3 + 2*q[140]*q[142] + 2 + 2*q[141]*q[143] + 2 + q[140]*q[143] + -2*q[140]*q[144] + -2*q[143]*q[144] + -q[140] + -q[143] + 2*q[144] + 3 + q[142]*q[141] + -2*q[142]*q[145] + -2*q[141]*q[145] + -q[142] + -q[141] + 2*q[145] + 3 + q[144]*q[145] + -2*q[144]*q[146] + -2*q[145]*q[146] + q[144] + q[145] + -2*q[146] + 3 + 2*q[147]*q[149] + 2 + 2*q[148]*q[150] + 2 + q[147]*q[150] + -2*q[147]*q[151] + -2*q[150]*q[151] + -q[147] + -q[150] + 2*q[151] + 3 + q[149]*q[148] + -2*q[149]*q[152] + -2*q[148]*q[152] + -q[149] + -q[148] + 2*q[152] + 3 + q[151]*q[152] + -2*q[151]*q[153] + -2*q[152]*q[153] + q[151] + q[152] + -2*q[153] + 3 + 2*q[154]*q[156] + 2 + 2*q[155]*q[157] + 2 + q[154]*q[157] + -2*q[154]*q[158] + -2*q[157]*q[158] + -q[154] + -q[157] + 2*q[158] + 3 + q[156]*q[155] + -2*q[156]*q[159] + -2*q[155]*q[159] + -q[156] + -q[155] + 2*q[159] + 3 + q[158]*q[159] + -2*q[158]*q[160] + -2*q[159]*q[160] + q[158] + q[159] + -2*q[160] + 3 + 2*q[161]*q[163] + 2 + 2*q[162]*q[164] + 2 + q[161]*q[164] + -2*q[161]*q[165] + -2*q[164]*q[165] + -q[161] + -q[164] + 2*q[165] + 3 + q[163]*q[162] + -2*q[163]*q[166] + -2*q[162]*q[166] + -q[163] + -q[162] + 2*q[166] + 3 + q[165]*q[166] + -2*q[165]*q[167] + -2*q[166]*q[167] + q[165] + q[166] + -2*q[167] + 3 + 2*q[168]*q[170] + 2 + 2*q[169]*q[171] + 2 + q[168]*q[171] + -2*q[168]*q[172] + -2*q[171]*q[172] + -q[168] + -q[171] + 2*q[172] + 3 + q[170]*q[169] + -2*q[170]*q[173] + -2*q[169]*q[173] + -q[170] + -q[169] + 2*q[173] + 3 + q[172]*q[173] + -2*q[172]*q[174] + -2*q[173]*q[174] + q[172] + q[173] + -2*q[174] + 3 + 2*q[175]*q[177] + 2 + 2*q[176]*q[178] + 2 + q[175]*q[178] + -2*q[175]*q[179] + -2*q[178]*q[179] + -q[175] + -q[178] + 2*q[179] + 3 + q[177]*q[176] + -2*q[177]*q[180] + -2*q[176]*q[180] + -q[177] + -q[176] + 2*q[180] + 3 + q[179]*q[180] + -2*q[179]*q[181] + -2*q[180]*q[181] + q[179] + q[180] + -2*q[181] + 3 + 2*q[182]*q[184] + 2 + 2*q[183]*q[185] + 2 + q[182]*q[185] + -2*q[182]*q[186] + -2*q[185]*q[186] + -q[182] + -q[185] + 2*q[186] + 3 + q[184]*q[183] + -2*q[184]*q[187] + -2*q[183]*q[187] + -q[184] + -q[183] + 2*q[187] + 3 + q[186]*q[187] + -2*q[186]*q[188] + -2*q[187]*q[188] + q[186] + q[187] + -2*q[188] + 3 + 2*q[189]*q[191] + 2 + 2*q[190]*q[192] + 2 + q[189]*q[192] + -2*q[189]*q[193] + -2*q[192]*q[193] + -q[189] + -q[192] + 2*q[193] + 3 + q[191]*q[190] + -2*q[191]*q[194] + -2*q[190]*q[194] + -q[191] + -q[190] + 2*q[194] + 3 + q[193]*q[194] + -2*q[193]*q[195] + -2*q[194]*q[195] + q[193] + q[194] + -2*q[195] + 3 + 2*q[196]*q[198] + 2 + 2*q[197]*q[199] + 2 + q[196]*q[199] + -2*q[196]*q[200] + -2*q[199]*q[200] + -q[196] + -q[199] + 2*q[200] + 3 + q[198]*q[197] + -2*q[198]*q[201] + -2*q[197]*q[201] + -q[198] + -q[197] + 2*q[201] + 3 + q[200]*q[201] + -2*q[200]*q[202] + -2*q[201]*q[202] + q[200] + q[201] + -2*q[202] + 3 + 2*q[203]*q[205] + 2 + 2*q[204]*q[206] + 2 + q[203]*q[206] + -2*q[203]*q[207] + -2*q[206]*q[207] + -q[203] + -q[206] + 2*q[207] + 3 + q[205]*q[204] + -2*q[205]*q[208] + -2*q[204]*q[208] + -q[205] + -q[204] + 2*q[208] + 3 + q[207]*q[208] + -2*q[207]*q[209] + -2*q[208]*q[209] + q[207] + q[208] + -2*q[209] + 3 + 2*q[210]*q[212] + 2 + 2*q[211]*q[213] + 2 + q[210]*q[213] + -2*q[210]*q[214] + -2*q[213]*q[214] + -q[210] + -q[213] + 2*q[214] + 3 + q[212]*q[211] + -2*q[212]*q[215] + -2*q[211]*q[215] + -q[212] + -q[211] + 2*q[215] + 3 + q[214]*q[215] + -2*q[214]*q[216] + -2*q[215]*q[216] + q[214] + q[215] + -2*q[216] + 3 + 2*q[217]*q[219] + 2 + 2*q[218]*q[220] + 2 + q[217]*q[220] + -2*q[217]*q[221] + -2*q[220]*q[221] + -q[217] + -q[220] + 2*q[221] + 3 + q[219]*q[218] + -2*q[219]*q[222] + -2*q[218]*q[222] + -q[219] + -q[218] + 2*q[222] + 3 + q[221]*q[222] + -2*q[221]*q[223] + -2*q[222]*q[223] + q[221] + q[222] + -2*q[223] + 3 + 2*q[224]*q[226] + 2 + 2*q[225]*q[227] + 2 + q[224]*q[227] + -2*q[224]*q[228] + -2*q[227]*q[228] + -q[224] + -q[227] + 2*q[228] + 3 + q[226]*q[225] + -2*q[226]*q[229] + -2*q[225]*q[229] + -q[226] + -q[225] + 2*q[229] + 3 + q[228]*q[229] + -2*q[228]*q[230] + -2*q[229]*q[230] + q[228] + q[229] + -2*q[230] + 3 + 2*q[231]*q[233] + 2 + 2*q[232]*q[234] + 2 + q[231]*q[234] + -2*q[231]*q[235] + -2*q[234]*q[235] + -q[231] + -q[234] + 2*q[235] + 3 + q[233]*q[232] + -2*q[233]*q[236] + -2*q[232]*q[236] + -q[233] + -q[232] + 2*q[236] + 3 + q[235]*q[236] + -2*q[235]*q[237] + -2*q[236]*q[237] + q[235] + q[236] + -2*q[237] + 3 + 2*q[238]*q[240] + 2 + 2*q[239]*q[241] + 2 + q[238]*q[241] + -2*q[238]*q[242] + -2*q[241]*q[242] + -q[238] + -q[241] + 2*q[242] + 3 + q[240]*q[239] + -2*q[240]*q[243] + -2*q[239]*q[243] + -q[240] + -q[239] + 2*q[243] + 3 + q[242]*q[243] + -2*q[242]*q[244] + -2*q[243]*q[244] + q[242] + q[243] + -2*q[244] + 3 + 2*q[245]*q[247] + 2 + 2*q[246]*q[248] + 2 + q[245]*q[248] + -2*q[245]*q[249] + -2*q[248]*q[249] + -q[245] + -q[248] + 2*q[249] + 3 + q[247]*q[246] + -2*q[247]*q[250] + -2*q[246]*q[250] + -q[247] + -q[246] + 2*q[250] + 3 + q[249]*q[250] + -2*q[249]*q[251] + -2*q[250]*q[251] + q[249] + q[250] + -2*q[251] + 3 + 2*q[252]*q[254] + 2 + 2*q[253]*q[255] + 2 + q[252]*q[255] + -2*q[252]*q[256] + -2*q[255]*q[256] + -q[252] + -q[255] + 2*q[256] + 3 + q[254]*q[253] + -2*q[254]*q[257] + -2*q[253]*q[257] + -q[254] + -q[253] + 2*q[257] + 3 + q[256]*q[257] + -2*q[256]*q[258] + -2*q[257]*q[258] + q[256] + q[257] + -2*q[258] + 3 + 2*q[259]*q[261] + 2 + 2*q[260]*q[262] + 2 + q[259]*q[262] + -2*q[259]*q[263] + -2*q[262]*q[263] + -q[259] + -q[262] + 2*q[263] + 3 + q[261]*q[260] + -2*q[261]*q[264] + -2*q[260]*q[264] + -q[261] + -q[260] + 2*q[264] + 3 + q[263]*q[264] + -2*q[263]*q[265] + -2*q[264]*q[265] + q[263] + q[264] + -2*q[265] + 3 + 2*q[266]*q[268] + 2 + 2*q[267]*q[269] + 2 + q[266]*q[269] + -2*q[266]*q[270] + -2*q[269]*q[270] + -q[266] + -q[269] + 2*q[270] + 3 + q[268]*q[267] + -2*q[268]*q[271] + -2*q[267]*q[271] + -q[268] + -q[267] + 2*q[271] + 3 + q[270]*q[271] + -2*q[270]*q[272] + -2*q[271]*q[272] + q[270] + q[271] + -2*q[272] + 3 + 2*q[273]*q[275] + 2 + 2*q[274]*q[276] + 2 + q[273]*q[276] + -2*q[273]*q[277] + -2*q[276]*q[277] + -q[273] + -q[276] + 2*q[277] + 3 + q[275]*q[274] + -2*q[275]*q[278] + -2*q[274]*q[278] + -q[275] + -q[274] + 2*q[278] + 3 + q[277]*q[278] + -2*q[277]*q[279] + -2*q[278]*q[279] + q[277] + q[278] + -2*q[279] + 3 + 1 + 1 + 1 + 1 + 1 + 1 + 1 + 1 + 1 + 1 + 1 + 1 + 1 + 1 + 1 + 1 + 1 + 1 + 1 + 1 + 1 + 1 + 1 + 1 + 1 + 1 + 1 + 1 + 1 + 1 + 1 + 1 + 1 + 1 + 1 + 1 + 1 + 1 + 1 + 1 + 1 + 1 + 1 + 1 + 1 + 1 + 1 + 1 + 1 + 1 + 1 + 1 + 1 + 1 + 1 + 1 + 1 + 1 + 1 + 1

--------------------------------------------------------------------------------
[3. F_TOTAL (Full Hamiltonian including Cubic)]
2*q[0]*q[2] + 2 + 2*q[1]*q[3] + 2 + q[0]*q[3] + -2*q[0]*q[4] + -2*q[3]*q[4] + -q[0] + -q[3] + 2*q[4] + 3 + q[2]*q[1] + -2*q[2]*q[5] + -2*q[1]*q[5] + -q[2] + -q[1] + 2*q[5] + 3 + q[4]*q[5] + -2*q[4]*q[6] + -2*q[5]*q[6] + q[4] + q[5] + -2*q[6] + 3 + 2*q[7]*q[9] + 2 + 2*q[8]*q[10] + 2 + q[7]*q[10] + -2*q[7]*q[11] + -2*q[10]*q[11] + -q[7] + -q[10] + 2*q[11] + 3 + q[9]*q[8] + -2*q[9]*q[12] + -2*q[8]*q[12] + -q[9] + -q[8] + 2*q[12] + 3 + q[11]*q[12] + -2*q[11]*q[13] + -2*q[12]*q[13] + q[11] + q[12] + -2*q[13] + 3 + 2*q[14]*q[16] + 2 + 2*q[15]*q[17] + 2 + q[14]*q[17] + -2*q[14]*q[18] + -2*q[17]*q[18] + -q[14] + -q[17] + 2*q[18] + 3 + q[16]*q[15] + -2*q[16]*q[19] + -2*q[15]*q[19] + -q[16] + -q[15] + 2*q[19] + 3 + q[18]*q[19] + -2*q[18]*q[20] + -2*q[19]*q[20] + q[18] + q[19] + -2*q[20] + 3 + 2*q[21]*q[23] + 2 + 2*q[22]*q[24] + 2 + q[21]*q[24] + -2*q[21]*q[25] + -2*q[24]*q[25] + -q[21] + -q[24] + 2*q[25] + 3 + q[23]*q[22] + -2*q[23]*q[26] + -2*q[22]*q[26] + -q[23] + -q[22] + 2*q[26] + 3 + q[25]*q[26] + -2*q[25]*q[27] + -2*q[26]*q[27] + q[25] + q[26] + -2*q[27] + 3 + 2*q[28]*q[30] + 2 + 2*q[29]*q[31] + 2 + q[28]*q[31] + -2*q[28]*q[32] + -2*q[31]*q[32] + -q[28] + -q[31] + 2*q[32] + 3 + q[30]*q[29] + -2*q[30]*q[33] + -2*q[29]*q[33] + -q[30] + -q[29] + 2*q[33] + 3 + q[32]*q[33] + -2*q[32]*q[34] + -2*q[33]*q[34] + q[32] + q[33] + -2*q[34] + 3 + 2*q[35]*q[37] + 2 + 2*q[36]*q[38] + 2 + q[35]*q[38] + -2*q[35]*q[39] + -2*q[38]*q[39] + -q[35] + -q[38] + 2*q[39] + 3 + q[37]*q[36] + -2*q[37]*q[40] + -2*q[36]*q[40] + -q[37] + -q[36] + 2*q[40] + 3 + q[39]*q[40] + -2*q[39]*q[41] + -2*q[40]*q[41] + q[39] + q[40] + -2*q[41] + 3 + 2*q[42]*q[44] + 2 + 2*q[43]*q[45] + 2 + q[42]*q[45] + -2*q[42]*q[46] + -2*q[45]*q[46] + -q[42] + -q[45] + 2*q[46] + 3 + q[44]*q[43] + -2*q[44]*q[47] + -2*q[43]*q[47] + -q[44] + -q[43] + 2*q[47] + 3 + q[46]*q[47] + -2*q[46]*q[48] + -2*q[47]*q[48] + q[46] + q[47] + -2*q[48] + 3 + 2*q[49]*q[51] + 2 + 2*q[50]*q[52] + 2 + q[49]*q[52] + -2*q[49]*q[53] + -2*q[52]*q[53] + -q[49] + -q[52] + 2*q[53] + 3 + q[51]*q[50] + -2*q[51]*q[54] + -2*q[50]*q[54] + -q[51] + -q[50] + 2*q[54] + 3 + q[53]*q[54] + -2*q[53]*q[55] + -2*q[54]*q[55] + q[53] + q[54] + -2*q[55] + 3 + 2*q[56]*q[58] + 2 + 2*q[57]*q[59] + 2 + q[56]*q[59] + -2*q[56]*q[60] + -2*q[59]*q[60] + -q[56] + -q[59] + 2*q[60] + 3 + q[58]*q[57] + -2*q[58]*q[61] + -2*q[57]*q[61] + -q[58] + -q[57] + 2*q[61] + 3 + q[60]*q[61] + -2*q[60]*q[62] + -2*q[61]*q[62] + q[60] + q[61] + -2*q[62] + 3 + 2*q[63]*q[65] + 2 + 2*q[64]*q[66] + 2 + q[63]*q[66] + -2*q[63]*q[67] + -2*q[66]*q[67] + -q[63] + -q[66] + 2*q[67] + 3 + q[65]*q[64] + -2*q[65]*q[68] + -2*q[64]*q[68] + -q[65] + -q[64] + 2*q[68] + 3 + q[67]*q[68] + -2*q[67]*q[69] + -2*q[68]*q[69] + q[67] + q[68] + -2*q[69] + 3 + 2*q[70]*q[72] + 2 + 2*q[71]*q[73] + 2 + q[70]*q[73] + -2*q[70]*q[74] + -2*q[73]*q[74] + -q[70] + -q[73] + 2*q[74] + 3 + q[72]*q[71] + -2*q[72]*q[75] + -2*q[71]*q[75] + -q[72] + -q[71] + 2*q[75] + 3 + q[74]*q[75] + -2*q[74]*q[76] + -2*q[75]*q[76] + q[74] + q[75] + -2*q[76] + 3 + 2*q[77]*q[79] + 2 + 2*q[78]*q[80] + 2 + q[77]*q[80] + -2*q[77]*q[81] + -2*q[80]*q[81] + -q[77] + -q[80] + 2*q[81] + 3 + q[79]*q[78] + -2*q[79]*q[82] + -2*q[78]*q[82] + -q[79] + -q[78] + 2*q[82] + 3 + q[81]*q[82] + -2*q[81]*q[83] + -2*q[82]*q[83] + q[81] + q[82] + -2*q[83] + 3 + 2*q[84]*q[86] + 2 + 2*q[85]*q[87] + 2 + q[84]*q[87] + -2*q[84]*q[88] + -2*q[87]*q[88] + -q[84] + -q[87] + 2*q[88] + 3 + q[86]*q[85] + -2*q[86]*q[89] + -2*q[85]*q[89] + -q[86] + -q[85] + 2*q[89] + 3 + q[88]*q[89] + -2*q[88]*q[90] + -2*q[89]*q[90] + q[88] + q[89] + -2*q[90] + 3 + 2*q[91]*q[93] + 2 + 2*q[92]*q[94] + 2 + q[91]*q[94] + -2*q[91]*q[95] + -2*q[94]*q[95] + -q[91] + -q[94] + 2*q[95] + 3 + q[93]*q[92] + -2*q[93]*q[96] + -2*q[92]*q[96] + -q[93] + -q[92] + 2*q[96] + 3 + q[95]*q[96] + -2*q[95]*q[97] + -2*q[96]*q[97] + q[95] + q[96] + -2*q[97] + 3 + 2*q[98]*q[100] + 2 + 2*q[99]*q[101] + 2 + q[98]*q[101] + -2*q[98]*q[102] + -2*q[101]*q[102] + -q[98] + -q[101] + 2*q[102] + 3 + q[100]*q[99] + -2*q[100]*q[103] + -2*q[99]*q[103] + -q[100] + -q[99] + 2*q[103] + 3 + q[102]*q[103] + -2*q[102]*q[104] + -2*q[103]*q[104] + q[102] + q[103] + -2*q[104] + 3 + 2*q[105]*q[107] + 2 + 2*q[106]*q[108] + 2 + q[105]*q[108] + -2*q[105]*q[109] + -2*q[108]*q[109] + -q[105] + -q[108] + 2*q[109] + 3 + q[107]*q[106] + -2*q[107]*q[110] + -2*q[106]*q[110] + -q[107] + -q[106] + 2*q[110] + 3 + q[109]*q[110] + -2*q[109]*q[111] + -2*q[110]*q[111] + q[109] + q[110] + -2*q[111] + 3 + 2*q[112]*q[114] + 2 + 2*q[113]*q[115] + 2 + q[112]*q[115] + -2*q[112]*q[116] + -2*q[115]*q[116] + -q[112] + -q[115] + 2*q[116] + 3 + q[114]*q[113] + -2*q[114]*q[117] + -2*q[113]*q[117] + -q[114] + -q[113] + 2*q[117] + 3 + q[116]*q[117] + -2*q[116]*q[118] + -2*q[117]*q[118] + q[116] + q[117] + -2*q[118] + 3 + 2*q[119]*q[121] + 2 + 2*q[120]*q[122] + 2 + q[119]*q[122] + -2*q[119]*q[123] + -2*q[122]*q[123] + -q[119] + -q[122] + 2*q[123] + 3 + q[121]*q[120] + -2*q[121]*q[124] + -2*q[120]*q[124] + -q[121] + -q[120] + 2*q[124] + 3 + q[123]*q[124] + -2*q[123]*q[125] + -2*q[124]*q[125] + q[123] + q[124] + -2*q[125] + 3 + 2*q[126]*q[128] + 2 + 2*q[127]*q[129] + 2 + q[126]*q[129] + -2*q[126]*q[130] + -2*q[129]*q[130] + -q[126] + -q[129] + 2*q[130] + 3 + q[128]*q[127] + -2*q[128]*q[131] + -2*q[127]*q[131] + -q[128] + -q[127] + 2*q[131] + 3 + q[130]*q[131] + -2*q[130]*q[132] + -2*q[131]*q[132] + q[130] + q[131] + -2*q[132] + 3 + 2*q[133]*q[135] + 2 + 2*q[134]*q[136] + 2 + q[133]*q[136] + -2*q[133]*q[137] + -2*q[136]*q[137] + -q[133] + -q[136] + 2*q[137] + 3 + q[135]*q[134] + -2*q[135]*q[138] + -2*q[134]*q[138] + -q[135] + -q[134] + 2*q[138] + 3 + q[137]*q[138] + -2*q[137]*q[139] + -2*q[138]*q[139] + q[137] + q[138] + -2*q[139] + 3 + 2*q[140]*q[142] + 2 + 2*q[141]*q[143] + 2 + q[140]*q[143] + -2*q[140]*q[144] + -2*q[143]*q[144] + -q[140] + -q[143] + 2*q[144] + 3 + q[142]*q[141] + -2*q[142]*q[145] + -2*q[141]*q[145] + -q[142] + -q[141] + 2*q[145] + 3 + q[144]*q[145] + -2*q[144]*q[146] + -2*q[145]*q[146] + q[144] + q[145] + -2*q[146] + 3 + 2*q[147]*q[149] + 2 + 2*q[148]*q[150] + 2 + q[147]*q[150] + -2*q[147]*q[151] + -2*q[150]*q[151] + -q[147] + -q[150] + 2*q[151] + 3 + q[149]*q[148] + -2*q[149]*q[152] + -2*q[148]*q[152] + -q[149] + -q[148] + 2*q[152] + 3 + q[151]*q[152] + -2*q[151]*q[153] + -2*q[152]*q[153] + q[151] + q[152] + -2*q[153] + 3 + 2*q[154]*q[156] + 2 + 2*q[155]*q[157] + 2 + q[154]*q[157] + -2*q[154]*q[158] + -2*q[157]*q[158] + -q[154] + -q[157] + 2*q[158] + 3 + q[156]*q[155] + -2*q[156]*q[159] + -2*q[155]*q[159] + -q[156] + -q[155] + 2*q[159] + 3 + q[158]*q[159] + -2*q[158]*q[160] + -2*q[159]*q[160] + q[158] + q[159] + -2*q[160] + 3 + 2*q[161]*q[163] + 2 + 2*q[162]*q[164] + 2 + q[161]*q[164] + -2*q[161]*q[165] + -2*q[164]*q[165] + -q[161] + -q[164] + 2*q[165] + 3 + q[163]*q[162] + -2*q[163]*q[166] + -2*q[162]*q[166] + -q[163] + -q[162] + 2*q[166] + 3 + q[165]*q[166] + -2*q[165]*q[167] + -2*q[166]*q[167] + q[165] + q[166] + -2*q[167] + 3 + 2*q[168]*q[170] + 2 + 2*q[169]*q[171] + 2 + q[168]*q[171] + -2*q[168]*q[172] + -2*q[171]*q[172] + -q[168] + -q[171] + 2*q[172] + 3 + q[170]*q[169] + -2*q[170]*q[173] + -2*q[169]*q[173] + -q[170] + -q[169] + 2*q[173] + 3 + q[172]*q[173] + -2*q[172]*q[174] + -2*q[173]*q[174] + q[172] + q[173] + -2*q[174] + 3 + 2*q[175]*q[177] + 2 + 2*q[176]*q[178] + 2 + q[175]*q[178] + -2*q[175]*q[179] + -2*q[178]*q[179] + -q[175] + -q[178] + 2*q[179] + 3 + q[177]*q[176] + -2*q[177]*q[180] + -2*q[176]*q[180] + -q[177] + -q[176] + 2*q[180] + 3 + q[179]*q[180] + -2*q[179]*q[181] + -2*q[180]*q[181] + q[179] + q[180] + -2*q[181] + 3 + 2*q[182]*q[184] + 2 + 2*q[183]*q[185] + 2 + q[182]*q[185] + -2*q[182]*q[186] + -2*q[185]*q[186] + -q[182] + -q[185] + 2*q[186] + 3 + q[184]*q[183] + -2*q[184]*q[187] + -2*q[183]*q[187] + -q[184] + -q[183] + 2*q[187] + 3 + q[186]*q[187] + -2*q[186]*q[188] + -2*q[187]*q[188] + q[186] + q[187] + -2*q[188] + 3 + 2*q[189]*q[191] + 2 + 2*q[190]*q[192] + 2 + q[189]*q[192] + -2*q[189]*q[193] + -2*q[192]*q[193] + -q[189] + -q[192] + 2*q[193] + 3 + q[191]*q[190] + -2*q[191]*q[194] + -2*q[190]*q[194] + -q[191] + -q[190] + 2*q[194] + 3 + q[193]*q[194] + -2*q[193]*q[195] + -2*q[194]*q[195] + q[193] + q[194] + -2*q[195] + 3 + 2*q[196]*q[198] + 2 + 2*q[197]*q[199] + 2 + q[196]*q[199] + -2*q[196]*q[200] + -2*q[199]*q[200] + -q[196] + -q[199] + 2*q[200] + 3 + q[198]*q[197] + -2*q[198]*q[201] + -2*q[197]*q[201] + -q[198] + -q[197] + 2*q[201] + 3 + q[200]*q[201] + -2*q[200]*q[202] + -2*q[201]*q[202] + q[200] + q[201] + -2*q[202] + 3 + 2*q[203]*q[205] + 2 + 2*q[204]*q[206] + 2 + q[203]*q[206] + -2*q[203]*q[207] + -2*q[206]*q[207] + -q[203] + -q[206] + 2*q[207] + 3 + q[205]*q[204] + -2*q[205]*q[208] + -2*q[204]*q[208] + -q[205] + -q[204] + 2*q[208] + 3 + q[207]*q[208] + -2*q[207]*q[209] + -2*q[208]*q[209] + q[207] + q[208] + -2*q[209] + 3 + 2*q[210]*q[212] + 2 + 2*q[211]*q[213] + 2 + q[210]*q[213] + -2*q[210]*q[214] + -2*q[213]*q[214] + -q[210] + -q[213] + 2*q[214] + 3 + q[212]*q[211] + -2*q[212]*q[215] + -2*q[211]*q[215] + -q[212] + -q[211] + 2*q[215] + 3 + q[214]*q[215] + -2*q[214]*q[216] + -2*q[215]*q[216] + q[214] + q[215] + -2*q[216] + 3 + 2*q[217]*q[219] + 2 + 2*q[218]*q[220] + 2 + q[217]*q[220] + -2*q[217]*q[221] + -2*q[220]*q[221] + -q[217] + -q[220] + 2*q[221] + 3 + q[219]*q[218] + -2*q[219]*q[222] + -2*q[218]*q[222] + -q[219] + -q[218] + 2*q[222] + 3 + q[221]*q[222] + -2*q[221]*q[223] + -2*q[222]*q[223] + q[221] + q[222] + -2*q[223] + 3 + 2*q[224]*q[226] + 2 + 2*q[225]*q[227] + 2 + q[224]*q[227] + -2*q[224]*q[228] + -2*q[227]*q[228] + -q[224] + -q[227] + 2*q[228] + 3 + q[226]*q[225] + -2*q[226]*q[229] + -2*q[225]*q[229] + -q[226] + -q[225] + 2*q[229] + 3 + q[228]*q[229] + -2*q[228]*q[230] + -2*q[229]*q[230] + q[228] + q[229] + -2*q[230] + 3 + 2*q[231]*q[233] + 2 + 2*q[232]*q[234] + 2 + q[231]*q[234] + -2*q[231]*q[235] + -2*q[234]*q[235] + -q[231] + -q[234] + 2*q[235] + 3 + q[233]*q[232] + -2*q[233]*q[236] + -2*q[232]*q[236] + -q[233] + -q[232] + 2*q[236] + 3 + q[235]*q[236] + -2*q[235]*q[237] + -2*q[236]*q[237] + q[235] + q[236] + -2*q[237] + 3 + 2*q[238]*q[240] + 2 + 2*q[239]*q[241] + 2 + q[238]*q[241] + -2*q[238]*q[242] + -2*q[241]*q[242] + -q[238] + -q[241] + 2*q[242] + 3 + q[240]*q[239] + -2*q[240]*q[243] + -2*q[239]*q[243] + -q[240] + -q[239] + 2*q[243] + 3 + q[242]*q[243] + -2*q[242]*q[244] + -2*q[243]*q[244] + q[242] + q[243] + -2*q[244] + 3 + 2*q[245]*q[247] + 2 + 2*q[246]*q[248] + 2 + q[245]*q[248] + -2*q[245]*q[249] + -2*q[248]*q[249] + -q[245] + -q[248] + 2*q[249] + 3 + q[247]*q[246] + -2*q[247]*q[250] + -2*q[246]*q[250] + -q[247] + -q[246] + 2*q[250] + 3 + q[249]*q[250] + -2*q[249]*q[251] + -2*q[250]*q[251] + q[249] + q[250] + -2*q[251] + 3 + 2*q[252]*q[254] + 2 + 2*q[253]*q[255] + 2 + q[252]*q[255] + -2*q[252]*q[256] + -2*q[255]*q[256] + -q[252] + -q[255] + 2*q[256] + 3 + q[254]*q[253] + -2*q[254]*q[257] + -2*q[253]*q[257] + -q[254] + -q[253] + 2*q[257] + 3 + q[256]*q[257] + -2*q[256]*q[258] + -2*q[257]*q[258] + q[256] + q[257] + -2*q[258] + 3 + 2*q[259]*q[261] + 2 + 2*q[260]*q[262] + 2 + q[259]*q[262] + -2*q[259]*q[263] + -2*q[262]*q[263] + -q[259] + -q[262] + 2*q[263] + 3 + q[261]*q[260] + -2*q[261]*q[264] + -2*q[260]*q[264] + -q[261] + -q[260] + 2*q[264] + 3 + q[263]*q[264] + -2*q[263]*q[265] + -2*q[264]*q[265] + q[263] + q[264] + -2*q[265] + 3 + 2*q[266]*q[268] + 2 + 2*q[267]*q[269] + 2 + q[266]*q[269] + -2*q[266]*q[270] + -2*q[269]*q[270] + -q[266] + -q[269] + 2*q[270] + 3 + q[268]*q[267] + -2*q[268]*q[271] + -2*q[267]*q[271] + -q[268] + -q[267] + 2*q[271] + 3 + q[270]*q[271] + -2*q[270]*q[272] + -2*q[271]*q[272] + q[270] + q[271] + -2*q[272] + 3 + 2*q[273]*q[275] + 2 + 2*q[274]*q[276] + 2 + q[273]*q[276] + -2*q[273]*q[277] + -2*q[276]*q[277] + -q[273] + -q[276] + 2*q[277] + 3 + q[275]*q[274] + -2*q[275]*q[278] + -2*q[274]*q[278] + -q[275] + -q[274] + 2*q[278] + 3 + q[277]*q[278] + -2*q[277]*q[279] + -2*q[278]*q[279] + q[277] + q[278] + -2*q[279] + 3 + 1 + 1 + 1 + 1 + 1 + 1 + 1 + 1 + 1 + 1 + 1 + 1 + 1 + 1 + 1 + 1 + 1 + 1 + 1 + 1 + 1 + 1 + 1 + 1 + 1 + 1 + 1 + 1 + 1 + 1 + 1 + 1 + 1 + 1 + 1 + 1 + 1 + 1 + 1 + 1 + 1 + 1 + 1 + 1 + 1 + 1 + 1 + 1 + 1 + 1 + 1 + 1 + 1 + 1 + 1 + 1 + 1 + 1 + 1 + 1 + q[280]*q[281]*q[282] + q[283]*q[284]*q[285] + q[286]*q[287]*q[288] + q[289]*q[290]*q[291] + q[292]*q[293]*q[294] + q[295]*q[296]*q[297] + q[298]*q[299]*q[300] + q[301]*q[302]*q[303] + q[304]*q[305]*q[306] + q[307]*q[308]*q[309] + q[310]*q[311]*q[312] + q[313]*q[314]*q[315] + q[316]*q[317]*q[318] + q[319]*q[320]*q[321] + q[322]*q[323]*q[324] + q[325]*q[326]*q[327] + q[328]*q[329]*q[330] + q[331]*q[332]*q[333] + q[334]*q[335]*q[336] + q[337]*q[338]*q[339] + q[340]*q[341]*q[342] + q[343]*q[344]*q[345] + q[346]*q[347]*q[348] + q[349]*q[350]*q[351] + q[352]*q[353]*q[354] + q[355]*q[356]*q[357] + q[358]*q[359]*q[360] + q[361]*q[362]*q[363] + q[364]*q[365]*q[366] + q[367]*q[368]*q[369] + q[370]*q[371]*q[372] + q[373]*q[374]*q[375] + q[376]*q[377]*q[378] + q[379]*q[380]*q[381] + q[382]*q[383]*q[384] + q[385]*q[386]*q[387] + q[388]*q[389]*q[390] + q[391]*q[392]*q[393] + q[394]*q[395]*q[396] + q[397]*q[398]*q[399] + q[400]*q[401]*q[402] + q[403]*q[404]*q[405] + q[406]*q[407]*q[408] + q[409]*q[410]*q[411] + q[412]*q[413]*q[414] + q[415]*q[416]*q[417] + q[418]*q[419]*q[420] + q[421]*q[422]*q[423] + q[424]*q[425]*q[426] + q[427]*q[428]*q[429] + q[430]*q[431]*q[432] + q[433]*q[434]*q[435] + q[436]*q[437]*q[438] + q[439]*q[440]*q[441] + q[442]*q[443]*q[444] + q[445]*q[446]*q[447] + q[448]*q[449]*q[450] + q[451]*q[452]*q[453] + q[454]*q[455]*q[456] + q[457]*q[458]*q[459]

--------------------------------------------------------------------------------
[4. FULL VARIABLE MAPPING]
Index      | Description
--------------------------------------------------
q[0]       : [INPUT] A[0]
q[1]       : [INPUT] B[0]
q[2]       : Comp_XOR_0_notA
q[3]       : Comp_XOR_0_notB
q[4]       : Comp_XOR_0_and1
q[5]       : Comp_XOR_0_and2
q[6]       : [OUTPUT] OUT[0]
q[7]       : [INPUT] A[1]
q[8]       : [INPUT] B[1]
q[9]       : Comp_XOR_1_notA
q[10]      : Comp_XOR_1_notB
q[11]      : Comp_XOR_1_and1
q[12]      : Comp_XOR_1_and2
q[13]      : [OUTPUT] OUT[1]
q[14]      : [INPUT] A[2]
q[15]      : [INPUT] B[2]
q[16]      : Comp_XOR_2_notA
q[17]      : Comp_XOR_2_notB
q[18]      : Comp_XOR_2_and1
q[19]      : Comp_XOR_2_and2
q[20]      : [OUTPUT] OUT[2]
q[21]      : [INPUT] A[3]
q[22]      : [INPUT] B[3]
q[23]      : Comp_XOR_3_notA
q[24]      : Comp_XOR_3_notB
q[25]      : Comp_XOR_3_and1
q[26]      : Comp_XOR_3_and2
q[27]      : [OUTPUT] OUT[3]
q[28]      : [INPUT] A[4]
q[29]      : [INPUT] B[4]
q[30]      : Comp_XOR_4_notA
q[31]      : Comp_XOR_4_notB
q[32]      : Comp_XOR_4_and1
q[33]      : Comp_XOR_4_and2
q[34]      : [OUTPUT] OUT[4]
q[35]      : [INPUT] A[5]
q[36]      : [INPUT] B[5]
q[37]      : Comp_XOR_5_notA
q[38]      : Comp_XOR_5_notB
q[39]      : Comp_XOR_5_and1
q[40]      : Comp_XOR_5_and2
q[41]      : [OUTPUT] OUT[5]
q[42]      : [INPUT] A[6]
q[43]      : [INPUT] B[6]
q[44]      : Comp_XOR_6_notA
q[45]      : Comp_XOR_6_notB
q[46]      : Comp_XOR_6_and1
q[47]      : Comp_XOR_6_and2
q[48]      : [OUTPUT] OUT[6]
q[49]      : [INPUT] A[7]
q[50]      : [INPUT] B[7]
q[51]      : Comp_XOR_7_notA
q[52]      : Comp_XOR_7_notB
q[53]      : Comp_XOR_7_and1
q[54]      : Comp_XOR_7_and2
q[55]      : [OUTPUT] OUT[7]
q[56]      : [INPUT] A[8]
q[57]      : [INPUT] B[8]
q[58]      : Comp_XOR_8_notA
q[59]      : Comp_XOR_8_notB
q[60]      : Comp_XOR_8_and1
q[61]      : Comp_XOR_8_and2
q[62]      : [OUTPUT] OUT[8]
q[63]      : [INPUT] A[9]
q[64]      : [INPUT] B[9]
q[65]      : Comp_XOR_9_notA
q[66]      : Comp_XOR_9_notB
q[67]      : Comp_XOR_9_and1
q[68]      : Comp_XOR_9_and2
q[69]      : [OUTPUT] OUT[9]
q[70]      : [INPUT] A[10]
q[71]      : [INPUT] B[10]
q[72]      : Comp_XOR_10_notA
q[73]      : Comp_XOR_10_notB
q[74]      : Comp_XOR_10_and1
q[75]      : Comp_XOR_10_and2
q[76]      : [OUTPUT] OUT[10]
q[77]      : [INPUT] A[11]
q[78]      : [INPUT] B[11]
q[79]      : Comp_XOR_11_notA
q[80]      : Comp_XOR_11_notB
q[81]      : Comp_XOR_11_and1
q[82]      : Comp_XOR_11_and2
q[83]      : [OUTPUT] OUT[11]
q[84]      : [INPUT] A[12]
q[85]      : [INPUT] B[12]
q[86]      : Comp_XOR_12_notA
q[87]      : Comp_XOR_12_notB
q[88]      : Comp_XOR_12_and1
q[89]      : Comp_XOR_12_and2
q[90]      : [OUTPUT] OUT[12]
q[91]      : [INPUT] A[13]
q[92]      : [INPUT] B[13]
q[93]      : Comp_XOR_13_notA
q[94]      : Comp_XOR_13_notB
q[95]      : Comp_XOR_13_and1
q[96]      : Comp_XOR_13_and2
q[97]      : [OUTPUT] OUT[13]
q[98]      : [INPUT] A[14]
q[99]      : [INPUT] B[14]
q[100]     : Comp_XOR_14_notA
q[101]     : Comp_XOR_14_notB
q[102]     : Comp_XOR_14_and1
q[103]     : Comp_XOR_14_and2
q[104]     : [OUTPUT] OUT[14]
q[105]     : [INPUT] A[15]
q[106]     : [INPUT] B[15]
q[107]     : Comp_XOR_15_notA
q[108]     : Comp_XOR_15_notB
q[109]     : Comp_XOR_15_and1
q[110]     : Comp_XOR_15_and2
q[111]     : [OUTPUT] OUT[15]
q[112]     : [INPUT] A[16]
q[113]     : [INPUT] B[16]
q[114]     : Comp_XOR_16_notA
q[115]     : Comp_XOR_16_notB
q[116]     : Comp_XOR_16_and1
q[117]     : Comp_XOR_16_and2
q[118]     : [OUTPUT] OUT[16]
q[119]     : [INPUT] A[17]
q[120]     : [INPUT] B[17]
q[121]     : Comp_XOR_17_notA
q[122]     : Comp_XOR_17_notB
q[123]     : Comp_XOR_17_and1
q[124]     : Comp_XOR_17_and2
q[125]     : [OUTPUT] OUT[17]
q[126]     : [INPUT] A[18]
q[127]     : [INPUT] B[18]
q[128]     : Comp_XOR_18_notA
q[129]     : Comp_XOR_18_notB
q[130]     : Comp_XOR_18_and1
q[131]     : Comp_XOR_18_and2
q[132]     : [OUTPUT] OUT[18]
q[133]     : [INPUT] A[19]
q[134]     : [INPUT] B[19]
q[135]     : Comp_XOR_19_notA
q[136]     : Comp_XOR_19_notB
q[137]     : Comp_XOR_19_and1
q[138]     : Comp_XOR_19_and2
q[139]     : [OUTPUT] OUT[19]
q[140]     : [INPUT] A[20]
q[141]     : [INPUT] B[20]
q[142]     : Comp_XOR_20_notA
q[143]     : Comp_XOR_20_notB
q[144]     : Comp_XOR_20_and1
q[145]     : Comp_XOR_20_and2
q[146]     : [OUTPUT] OUT[20]
q[147]     : [INPUT] A[21]
q[148]     : [INPUT] B[21]
q[149]     : Comp_XOR_21_notA
q[150]     : Comp_XOR_21_notB
q[151]     : Comp_XOR_21_and1
q[152]     : Comp_XOR_21_and2
q[153]     : [OUTPUT] OUT[21]
q[154]     : [INPUT] A[22]
q[155]     : [INPUT] B[22]
q[156]     : Comp_XOR_22_notA
q[157]     : Comp_XOR_22_notB
q[158]     : Comp_XOR_22_and1
q[159]     : Comp_XOR_22_and2
q[160]     : [OUTPUT] OUT[22]
q[161]     : [INPUT] A[23]
q[162]     : [INPUT] B[23]
q[163]     : Comp_XOR_23_notA
q[164]     : Comp_XOR_23_notB
q[165]     : Comp_XOR_23_and1
q[166]     : Comp_XOR_23_and2
q[167]     : [OUTPUT] OUT[23]
q[168]     : [INPUT] A[24]
q[169]     : [INPUT] B[24]
q[170]     : Comp_XOR_24_notA
q[171]     : Comp_XOR_24_notB
q[172]     : Comp_XOR_24_and1
q[173]     : Comp_XOR_24_and2
q[174]     : [OUTPUT] OUT[24]
q[175]     : [INPUT] A[25]
q[176]     : [INPUT] B[25]
q[177]     : Comp_XOR_25_notA
q[178]     : Comp_XOR_25_notB
q[179]     : Comp_XOR_25_and1
q[180]     : Comp_XOR_25_and2
q[181]     : [OUTPUT] OUT[25]
q[182]     : [INPUT] A[26]
q[183]     : [INPUT] B[26]
q[184]     : Comp_XOR_26_notA
q[185]     : Comp_XOR_26_notB
q[186]     : Comp_XOR_26_and1
q[187]     : Comp_XOR_26_and2
q[188]     : [OUTPUT] OUT[26]
q[189]     : [INPUT] A[27]
q[190]     : [INPUT] B[27]
q[191]     : Comp_XOR_27_notA
q[192]     : Comp_XOR_27_notB
q[193]     : Comp_XOR_27_and1
q[194]     : Comp_XOR_27_and2
q[195]     : [OUTPUT] OUT[27]
q[196]     : [INPUT] A[28]
q[197]     : [INPUT] B[28]
q[198]     : Comp_XOR_28_notA
q[199]     : Comp_XOR_28_notB
q[200]     : Comp_XOR_28_and1
q[201]     : Comp_XOR_28_and2
q[202]     : [OUTPUT] OUT[28]
q[203]     : [INPUT] A[29]
q[204]     : [INPUT] B[29]
q[205]     : Comp_XOR_29_notA
q[206]     : Comp_XOR_29_notB
q[207]     : Comp_XOR_29_and1
q[208]     : Comp_XOR_29_and2
q[209]     : [OUTPUT] OUT[29]
q[210]     : [INPUT] A[30]
q[211]     : [INPUT] B[30]
q[212]     : Comp_XOR_30_notA
q[213]     : Comp_XOR_30_notB
q[214]     : Comp_XOR_30_and1
q[215]     : Comp_XOR_30_and2
q[216]     : [OUTPUT] OUT[30]
q[217]     : [INPUT] A[31]
q[218]     : [INPUT] B[31]
q[219]     : Comp_XOR_31_notA
q[220]     : Comp_XOR_31_notB
q[221]     : Comp_XOR_31_and1
q[222]     : Comp_XOR_31_and2
q[223]     : [OUTPUT] OUT[31]
q[224]     : [INPUT] A[32]
q[225]     : [INPUT] B[32]
q[226]     : Comp_XOR_32_notA
q[227]     : Comp_XOR_32_notB
q[228]     : Comp_XOR_32_and1
q[229]     : Comp_XOR_32_and2
q[230]     : [OUTPUT] OUT[32]
q[231]     : [INPUT] A[33]
q[232]     : [INPUT] B[33]
q[233]     : Comp_XOR_33_notA
q[234]     : Comp_XOR_33_notB
q[235]     : Comp_XOR_33_and1
q[236]     : Comp_XOR_33_and2
q[237]     : [OUTPUT] OUT[33]
q[238]     : [INPUT] A[34]
q[239]     : [INPUT] B[34]
q[240]     : Comp_XOR_34_notA
q[241]     : Comp_XOR_34_notB
q[242]     : Comp_XOR_34_and1
q[243]     : Comp_XOR_34_and2
q[244]     : [OUTPUT] OUT[34]
q[245]     : [INPUT] A[35]
q[246]     : [INPUT] B[35]
q[247]     : Comp_XOR_35_notA
q[248]     : Comp_XOR_35_notB
q[249]     : Comp_XOR_35_and1
q[250]     : Comp_XOR_35_and2
q[251]     : [OUTPUT] OUT[35]
q[252]     : [INPUT] A[36]
q[253]     : [INPUT] B[36]
q[254]     : Comp_XOR_36_notA
q[255]     : Comp_XOR_36_notB
q[256]     : Comp_XOR_36_and1
q[257]     : Comp_XOR_36_and2
q[258]     : [OUTPUT] OUT[36]
q[259]     : [INPUT] A[37]
q[260]     : [INPUT] B[37]
q[261]     : Comp_XOR_37_notA
q[262]     : Comp_XOR_37_notB
q[263]     : Comp_XOR_37_and1
q[264]     : Comp_XOR_37_and2
q[265]     : [OUTPUT] OUT[37]
q[266]     : [INPUT] A[38]
q[267]     : [INPUT] B[38]
q[268]     : Comp_XOR_38_notA
q[269]     : Comp_XOR_38_notB
q[270]     : Comp_XOR_38_and1
q[271]     : Comp_XOR_38_and2
q[272]     : [OUTPUT] OUT[38]
q[273]     : [INPUT] A[39]
q[274]     : [INPUT] B[39]
q[275]     : Comp_XOR_39_notA
q[276]     : Comp_XOR_39_notB
q[277]     : Comp_XOR_39_and1
q[278]     : Comp_XOR_39_and2
q[279]     : [OUTPUT] OUT[39]
q[280]     : [INPUT] A[40]
q[281]     : [INPUT] B[40]
q[282]     : [OUTPUT] OUT[40]
q[283]     : [INPUT] A[41]
q[284]     : [INPUT] B[41]
q[285]     : [OUTPUT] OUT[41]
q[286]     : [INPUT] A[42]
q[287]     : [INPUT] B[42]
q[288]     : [OUTPUT] OUT[42]
q[289]     : [INPUT] A[43]
q[290]     : [INPUT] B[43]
q[291]     : [OUTPUT] OUT[43]
q[292]     : [INPUT] A[44]
q[293]     : [INPUT] B[44]
q[294]     : [OUTPUT] OUT[44]
q[295]     : [INPUT] A[45]
q[296]     : [INPUT] B[45]
q[297]     : [OUTPUT] OUT[45]
q[298]     : [INPUT] A[46]
q[299]     : [INPUT] B[46]
q[300]     : [OUTPUT] OUT[46]
q[301]     : [INPUT] A[47]
q[302]     : [INPUT] B[47]
q[303]     : [OUTPUT] OUT[47]
q[304]     : [INPUT] A[48]
q[305]     : [INPUT] B[48]
q[306]     : [OUTPUT] OUT[48]
q[307]     : [INPUT] A[49]
q[308]     : [INPUT] B[49]
q[309]     : [OUTPUT] OUT[49]
q[310]     : [INPUT] A[50]
q[311]     : [INPUT] B[50]
q[312]     : [OUTPUT] OUT[50]
q[313]     : [INPUT] A[51]
q[314]     : [INPUT] B[51]
q[315]     : [OUTPUT] OUT[51]
q[316]     : [INPUT] A[52]
q[317]     : [INPUT] B[52]
q[318]     : [OUTPUT] OUT[52]
q[319]     : [INPUT] A[53]
q[320]     : [INPUT] B[53]
q[321]     : [OUTPUT] OUT[53]
q[322]     : [INPUT] A[54]
q[323]     : [INPUT] B[54]
q[324]     : [OUTPUT] OUT[54]
q[325]     : [INPUT] A[55]
q[326]     : [INPUT] B[55]
q[327]     : [OUTPUT] OUT[55]
q[328]     : [INPUT] A[56]
q[329]     : [INPUT] B[56]
q[330]     : [OUTPUT] OUT[56]
q[331]     : [INPUT] A[57]
q[332]     : [INPUT] B[57]
q[333]     : [OUTPUT] OUT[57]
q[334]     : [INPUT] A[58]
q[335]     : [INPUT] B[58]
q[336]     : [OUTPUT] OUT[58]
q[337]     : [INPUT] A[59]
q[338]     : [INPUT] B[59]
q[339]     : [OUTPUT] OUT[59]
q[340]     : [INPUT] A[60]
q[341]     : [INPUT] B[60]
q[342]     : [OUTPUT] OUT[60]
q[343]     : [INPUT] A[61]
q[344]     : [INPUT] B[61]
q[345]     : [OUTPUT] OUT[61]
q[346]     : [INPUT] A[62]
q[347]     : [INPUT] B[62]
q[348]     : [OUTPUT] OUT[62]
q[349]     : [INPUT] A[63]
q[350]     : [INPUT] B[63]
q[351]     : [OUTPUT] OUT[63]
q[352]     : [INPUT] A[64]
q[353]     : [INPUT] B[64]
q[354]     : [OUTPUT] OUT[64]
q[355]     : [INPUT] A[65]
q[356]     : [INPUT] B[65]
q[357]     : [OUTPUT] OUT[65]
q[358]     : [INPUT] A[66]
q[359]     : [INPUT] B[66]
q[360]     : [OUTPUT] OUT[66]
q[361]     : [INPUT] A[67]
q[362]     : [INPUT] B[67]
q[363]     : [OUTPUT] OUT[67]
q[364]     : [INPUT] A[68]
q[365]     : [INPUT] B[68]
q[366]     : [OUTPUT] OUT[68]
q[367]     : [INPUT] A[69]
q[368]     : [INPUT] B[69]
q[369]     : [OUTPUT] OUT[69]
q[370]     : [INPUT] A[70]
q[371]     : [INPUT] B[70]
q[372]     : [OUTPUT] OUT[70]
q[373]     : [INPUT] A[71]
q[374]     : [INPUT] B[71]
q[375]     : [OUTPUT] OUT[71]
q[376]     : [INPUT] A[72]
q[377]     : [INPUT] B[72]
q[378]     : [OUTPUT] OUT[72]
q[379]     : [INPUT] A[73]
q[380]     : [INPUT] B[73]
q[381]     : [OUTPUT] OUT[73]
q[382]     : [INPUT] A[74]
q[383]     : [INPUT] B[74]
q[384]     : [OUTPUT] OUT[74]
q[385]     : [INPUT] A[75]
q[386]     : [INPUT] B[75]
q[387]     : [OUTPUT] OUT[75]
q[388]     : [INPUT] A[76]
q[389]     : [INPUT] B[76]
q[390]     : [OUTPUT] OUT[76]
q[391]     : [INPUT] A[77]
q[392]     : [INPUT] B[77]
q[393]     : [OUTPUT] OUT[77]
q[394]     : [INPUT] A[78]
q[395]     : [INPUT] B[78]
q[396]     : [OUTPUT] OUT[78]
q[397]     : [INPUT] A[79]
q[398]     : [INPUT] B[79]
q[399]     : [OUTPUT] OUT[79]
q[400]     : [INPUT] A[80]
q[401]     : [INPUT] B[80]
q[402]     : [OUTPUT] OUT[80]
q[403]     : [INPUT] A[81]
q[404]     : [INPUT] B[81]
q[405]     : [OUTPUT] OUT[81]
q[406]     : [INPUT] A[82]
q[407]     : [INPUT] B[82]
q[408]     : [OUTPUT] OUT[82]
q[409]     : [INPUT] A[83]
q[410]     : [INPUT] B[83]
q[411]     : [OUTPUT] OUT[83]
q[412]     : [INPUT] A[84]
q[413]     : [INPUT] B[84]
q[414]     : [OUTPUT] OUT[84]
q[415]     : [INPUT] A[85]
q[416]     : [INPUT] B[85]
q[417]     : [OUTPUT] OUT[85]
q[418]     : [INPUT] A[86]
q[419]     : [INPUT] B[86]
q[420]     : [OUTPUT] OUT[86]
q[421]     : [INPUT] A[87]
q[422]     : [INPUT] B[87]
q[423]     : [OUTPUT] OUT[87]
q[424]     : [INPUT] A[88]
q[425]     : [INPUT] B[88]
q[426]     : [OUTPUT] OUT[88]
q[427]     : [INPUT] A[89]
q[428]     : [INPUT] B[89]
q[429]     : [OUTPUT] OUT[89]
q[430]     : [INPUT] A[90]
q[431]     : [INPUT] B[90]
q[432]     : [OUTPUT] OUT[90]
q[433]     : [INPUT] A[91]
q[434]     : [INPUT] B[91]
q[435]     : [OUTPUT] OUT[91]
q[436]     : [INPUT] A[92]
q[437]     : [INPUT] B[92]
q[438]     : [OUTPUT] OUT[92]
q[439]     : [INPUT] A[93]
q[440]     : [INPUT] B[93]
q[441]     : [OUTPUT] OUT[93]
q[442]     : [INPUT] A[94]
q[443]     : [INPUT] B[94]
q[444]     : [OUTPUT] OUT[94]
q[445]     : [INPUT] A[95]
q[446]     : [INPUT] B[95]
q[447]     : [OUTPUT] OUT[95]
q[448]     : [INPUT] A[96]
q[449]     : [INPUT] B[96]
q[450]     : [OUTPUT] OUT[96]
q[451]     : [INPUT] A[97]
q[452]     : [INPUT] B[97]
q[453]     : [OUTPUT] OUT[97]
q[454]     : [INPUT] A[98]
q[455]     : [INPUT] B[98]
q[456]     : [OUTPUT] OUT[98]
q[457]     : [INPUT] A[99]
q[458]     : [INPUT] B[99]
q[459]     : [OUTPUT] OUT[99]

================================================================================
 END OF REPORT
================================================================================