================================================================================
 ISING MODEL GENERATION REPORT (4-bit RCA vs CLA)
================================================================================
Total Qubits: 124
Theoretical Min Energy (Offset): -309
--------------------------------------------------------------------------------

[1. CUBIC TERMS LIST (With Coefficients)]
cubic_terms_list = [
    '-q[17]*q[18]*q[19]',
    'q[17]*q[18]*q[20]',
    'q[17]*q[19]*q[20]',
    '2*q[18]*q[19]*q[20]',
    '-q[29]*q[30]*q[31]',
    'q[29]*q[30]*q[32]',
    'q[29]*q[31]*q[32]',
    '2*q[30]*q[31]*q[32]',
    '-q[41]*q[42]*q[43]',
    'q[41]*q[42]*q[44]',
    'q[41]*q[43]*q[44]',
    '2*q[42]*q[43]*q[44]',
    '-q[53]*q[54]*q[55]',
    'q[53]*q[54]*q[56]',
    'q[53]*q[55]*q[56]',
    '2*q[54]*q[55]*q[56]',
    '-q[104]*q[108]*q[112]',
    'q[104]*q[108]*q[121]',
    'q[104]*q[112]*q[121]',
    '2*q[108]*q[112]*q[121]'
]

--------------------------------------------------------------------------------
[2. F_QUADRATIC (Linear + Quadratic terms only)]
q[0]*q[1] + -2*q[0]*q[9] + -2*q[1]*q[9] + q[0] + q[1] + -2*q[9] + q[0]*q[1] + -2*q[0]*q[10] + -2*q[1]*q[10] + -q[0] + -q[1] + 2*q[10] + 2*q[10]*q[11] + q[9]*q[11] + -2*q[9]*q[12] + -2*q[11]*q[12] + -q[9] + -q[11] + 2*q[12] + q[12]*q[8] + -2*q[12]*q[13] + -2*q[8]*q[13] + q[12] + q[8] + -2*q[13] + q[12]*q[8] + -2*q[12]*q[14] + -2*q[8]*q[14] + -q[12] + -q[8] + 2*q[14] + 2*q[14]*q[15] + q[13]*q[15] + -2*q[13]*q[16] + -2*q[15]*q[16] + -q[13] + -q[15] + 2*q[16] + q[0]*q[1] + -2*q[0]*q[17] + -2*q[1]*q[17] + -q[0] + -q[1] + 2*q[17] + q[0]*q[8] + -2*q[0]*q[18] + -2*q[8]*q[18] + -q[0] + -q[8] + 2*q[18] + q[1]*q[8] + -2*q[1]*q[19] + -2*q[8]*q[19] + -q[1] + -q[8] + 2*q[19] + 5 + q[17] + -4*q[20] + -2*q[17]*q[20] + -q[18]*q[19] + -q[18]*q[20] + -q[19]*q[20] + q[2]*q[3] + -2*q[2]*q[21] + -2*q[3]*q[21] + q[2] + q[3] + -2*q[21] + q[2]*q[3] + -2*q[2]*q[22] + -2*q[3]*q[22] + -q[2] + -q[3] + 2*q[22] + 2*q[22]*q[23] + q[21]*q[23] + -2*q[21]*q[24] + -2*q[23]*q[24] + -q[21] + -q[23] + 2*q[24] + q[24]*q[20] + -2*q[24]*q[25] + -2*q[20]*q[25] + q[24] + q[20] + -2*q[25] + q[24]*q[20] + -2*q[24]*q[26] + -2*q[20]*q[26] + -q[24] + -q[20] + 2*q[26] + 2*q[26]*q[27] + q[25]*q[27] + -2*q[25]*q[28] + -2*q[27]*q[28] + -q[25] + -q[27] + 2*q[28] + q[2]*q[3] + -2*q[2]*q[29] + -2*q[3]*q[29] + -q[2] + -q[3] + 2*q[29] + q[2]*q[20] + -2*q[2]*q[30] + -2*q[20]*q[30] + -q[2] + -q[20] + 2*q[30] + q[3]*q[20] + -2*q[3]*q[31] + -2*q[20]*q[31] + -q[3] + -q[20] + 2*q[31] + 5 + q[29] + -4*q[32] + -2*q[29]*q[32] + -q[30]*q[31] + -q[30]*q[32] + -q[31]*q[32] + q[4]*q[5] + -2*q[4]*q[33] + -2*q[5]*q[33] + q[4] + q[5] + -2*q[33] + q[4]*q[5] + -2*q[4]*q[34] + -2*q[5]*q[34] + -q[4] + -q[5] + 2*q[34] + 2*q[34]*q[35] + q[33]*q[35] + -2*q[33]*q[36] + -2*q[35]*q[36] + -q[33] + -q[35] + 2*q[36] + q[36]*q[32] + -2*q[36]*q[37] + -2*q[32]*q[37] + q[36] + q[32] + -2*q[37] + q[36]*q[32] + -2*q[36]*q[38] + -2*q[32]*q[38] + -q[36] + -q[32] + 2*q[38] + 2*q[38]*q[39] + q[37]*q[39] + -2*q[37]*q[40] + -2*q[39]*q[40] + -q[37] + -q[39] + 2*q[40] + q[4]*q[5] + -2*q[4]*q[41] + -2*q[5]*q[41] + -q[4] + -q[5] + 2*q[41] + q[4]*q[32] + -2*q[4]*q[42] + -2*q[32]*q[42] + -q[4] + -q[32] + 2*q[42] + q[5]*q[32] + -2*q[5]*q[43] + -2*q[32]*q[43] + -q[5] + -q[32] + 2*q[43] + 5 + q[41] + -4*q[44] + -2*q[41]*q[44] + -q[42]*q[43] + -q[42]*q[44] + -q[43]*q[44] + q[6]*q[7] + -2*q[6]*q[45] + -2*q[7]*q[45] + q[6] + q[7] + -2*q[45] + q[6]*q[7] + -2*q[6]*q[46] + -2*q[7]*q[46] + -q[6] + -q[7] + 2*q[46] + 2*q[46]*q[47] + q[45]*q[47] + -2*q[45]*q[48] + -2*q[47]*q[48] + -q[45] + -q[47] + 2*q[48] + q[48]*q[44] + -2*q[48]*q[49] + -2*q[44]*q[49] + q[48] + q[44] + -2*q[49] + q[48]*q[44] + -2*q[48]*q[50] + -2*q[44]*q[50] + -q[48] + -q[44] + 2*q[50] + 2*q[50]*q[51] + q[49]*q[51] + -2*q[49]*q[52] + -2*q[51]*q[52] + -q[49] + -q[51] + 2*q[52] + q[6]*q[7] + -2*q[6]*q[53] + -2*q[7]*q[53] + -q[6] + -q[7] + 2*q[53] + q[6]*q[44] + -2*q[6]*q[54] + -2*q[44]*q[54] + -q[6] + -q[44] + 2*q[54] + q[7]*q[44] + -2*q[7]*q[55] + -2*q[44]*q[55] + -q[7] + -q[44] + 2*q[55] + 5 + q[53] + -4*q[56] + -2*q[53]*q[56] + -q[54]*q[55] + -q[54]*q[56] + -q[55]*q[56] + q[0]*q[1] + -2*q[0]*q[57] + -2*q[1]*q[57] + -q[0] + -q[1] + 2*q[57] + q[2]*q[3] + -2*q[2]*q[58] + -2*q[3]*q[58] + -q[2] + -q[3] + 2*q[58] + q[4]*q[5] + -2*q[4]*q[59] + -2*q[5]*q[59] + -q[4] + -q[5] + 2*q[59] + q[6]*q[7] + -2*q[6]*q[60] + -2*q[7]*q[60] + -q[6] + -q[7] + 2*q[60] + q[0]*q[1] + -2*q[0]*q[61] + -2*q[1]*q[61] + q[0] + q[1] + -2*q[61] + q[0]*q[1] + -2*q[0]*q[62] + -2*q[1]*q[62] + -q[0] + -q[1] + 2*q[62] + 2*q[62]*q[63] + q[61]*q[63] + -2*q[61]*q[64] + -2*q[63]*q[64] + -q[61] + -q[63] + 2*q[64] + q[2]*q[3] + -2*q[2]*q[65] + -2*q[3]*q[65] + q[2] + q[3] + -2*q[65] + q[2]*q[3] + -2*q[2]*q[66] + -2*q[3]*q[66] + -q[2] + -q[3] + 2*q[66] + 2*q[66]*q[67] + q[65]*q[67] + -2*q[65]*q[68] + -2*q[67]*q[68] + -q[65] + -q[67] + 2*q[68] + q[4]*q[5] + -2*q[4]*q[69] + -2*q[5]*q[69] + q[4] + q[5] + -2*q[69] + q[4]*q[5] + -2*q[4]*q[70] + -2*q[5]*q[70] + -q[4] + -q[5] + 2*q[70] + 2*q[70]*q[71] + q[69]*q[71] + -2*q[69]*q[72] + -2*q[71]*q[72] + -q[69] + -q[71] + 2*q[72] + q[6]*q[7] + -2*q[6]*q[73] + -2*q[7]*q[73] + q[6] + q[7] + -2*q[73] + q[6]*q[7] + -2*q[6]*q[74] + -2*q[7]*q[74] + -q[6] + -q[7] + 2*q[74] + 2*q[74]*q[75] + q[73]*q[75] + -2*q[73]*q[76] + -2*q[75]*q[76] + -q[73] + -q[75] + 2*q[76] + q[64]*q[8] + -2*q[64]*q[77] + -2*q[8]*q[77] + -q[64] + -q[8] + 2*q[77] + q[57]*q[77] + -2*q[57]*q[78] + -2*q[77]*q[78] + q[57] + q[77] + -2*q[78] + q[68]*q[78] + -2*q[68]*q[79] + -2*q[78]*q[79] + -q[68] + -q[78] + 2*q[79] + q[58]*q[79] + -2*q[58]*q[80] + -2*q[79]*q[80] + q[58] + q[79] + -2*q[80] + q[72]*q[80] + -2*q[72]*q[81] + -2*q[80]*q[81] + -q[72] + -q[80] + 2*q[81] + q[59]*q[81] + -2*q[59]*q[82] + -2*q[81]*q[82] + q[59] + q[81] + -2*q[82] + q[76]*q[82] + -2*q[76]*q[83] + -2*q[82]*q[83] + -q[76] + -q[82] + 2*q[83] + q[60]*q[83] + -2*q[60]*q[84] + -2*q[83]*q[84] + q[60] + q[83] + -2*q[84] + q[64]*q[8] + -2*q[64]*q[85] + -2*q[8]*q[85] + q[64] + q[8] + -2*q[85] + q[64]*q[8] + -2*q[64]*q[86] + -2*q[8]*q[86] + -q[64] + -q[8] + 2*q[86] + 2*q[86]*q[87] + q[85]*q[87] + -2*q[85]*q[88] + -2*q[87]*q[88] + -q[85] + -q[87] + 2*q[88] + q[68]*q[78] + -2*q[68]*q[89] + -2*q[78]*q[89] + q[68] + q[78] + -2*q[89] + q[68]*q[78] + -2*q[68]*q[90] + -2*q[78]*q[90] + -q[68] + -q[78] + 2*q[90] + 2*q[90]*q[91] + q[89]*q[91] + -2*q[89]*q[92] + -2*q[91]*q[92] + -q[89] + -q[91] + 2*q[92] + q[72]*q[80] + -2*q[72]*q[93] + -2*q[80]*q[93] + q[72] + q[80] + -2*q[93] + q[72]*q[80] + -2*q[72]*q[94] + -2*q[80]*q[94] + -q[72] + -q[80] + 2*q[94] + 2*q[94]*q[95] + q[93]*q[95] + -2*q[93]*q[96] + -2*q[95]*q[96] + -q[93] + -q[95] + 2*q[96] + q[76]*q[82] + -2*q[76]*q[97] + -2*q[82]*q[97] + q[76] + q[82] + -2*q[97] + q[76]*q[82] + -2*q[76]*q[98] + -2*q[82]*q[98] + -q[76] + -q[82] + 2*q[98] + 2*q[98]*q[99] + q[97]*q[99] + -2*q[97]*q[100] + -2*q[99]*q[100] + -q[97] + -q[99] + 2*q[100] + q[16]*q[88] + -2*q[16]*q[101] + -2*q[88]*q[101] + q[16] + q[88] + -2*q[101] + q[16]*q[88] + -2*q[16]*q[102] + -2*q[88]*q[102] + -q[16] + -q[88] + 2*q[102] + 2*q[102]*q[103] + q[101]*q[103] + -2*q[101]*q[104] + -2*q[103]*q[104] + -q[101] + -q[103] + 2*q[104] + q[28]*q[92] + -2*q[28]*q[105] + -2*q[92]*q[105] + q[28] + q[92] + -2*q[105] + q[28]*q[92] + -2*q[28]*q[106] + -2*q[92]*q[106] + -q[28] + -q[92] + 2*q[106] + 2*q[106]*q[107] + q[105]*q[107] + -2*q[105]*q[108] + -2*q[107]*q[108] + -q[105] + -q[107] + 2*q[108] + q[40]*q[96] + -2*q[40]*q[109] + -2*q[96]*q[109] + q[40] + q[96] + -2*q[109] + q[40]*q[96] + -2*q[40]*q[110] + -2*q[96]*q[110] + -q[40] + -q[96] + 2*q[110] + 2*q[110]*q[111] + q[109]*q[111] + -2*q[109]*q[112] + -2*q[111]*q[112] + -q[109] + -q[111] + 2*q[112] + q[52]*q[100] + -2*q[52]*q[113] + -2*q[100]*q[113] + q[52] + q[100] + -2*q[113] + q[52]*q[100] + -2*q[52]*q[114] + -2*q[100]*q[114] + -q[52] + -q[100] + 2*q[114] + 2*q[114]*q[115] + q[113]*q[115] + -2*q[113]*q[116] + -2*q[115]*q[116] + -q[113] + -q[115] + 2*q[116] + q[56]*q[84] + -2*q[56]*q[117] + -2*q[84]*q[117] + q[56] + q[84] + -2*q[117] + q[56]*q[84] + -2*q[56]*q[118] + -2*q[84]*q[118] + -q[56] + -q[84] + 2*q[118] + 2*q[118]*q[119] + q[117]*q[119] + -2*q[117]*q[120] + -2*q[119]*q[120] + -q[117] + -q[119] + 2*q[120] + 5 + q[104] + -4*q[121] + -2*q[104]*q[121] + -q[108]*q[112] + -q[108]*q[121] + -q[112]*q[121] + q[116]*q[120] + -2*q[116]*q[122] + -2*q[120]*q[122] + q[116] + q[120] + -2*q[122] + q[121]*q[122] + -2*q[121]*q[123] + -2*q[122]*q[123] + q[121] + q[122] + -2*q[123]

--------------------------------------------------------------------------------
[3. F_TOTAL (Full Hamiltonian including Cubic)]
q[0]*q[1] + -2*q[0]*q[9] + -2*q[1]*q[9] + q[0] + q[1] + -2*q[9] + q[0]*q[1] + -2*q[0]*q[10] + -2*q[1]*q[10] + -q[0] + -q[1] + 2*q[10] + 2*q[10]*q[11] + q[9]*q[11] + -2*q[9]*q[12] + -2*q[11]*q[12] + -q[9] + -q[11] + 2*q[12] + q[12]*q[8] + -2*q[12]*q[13] + -2*q[8]*q[13] + q[12] + q[8] + -2*q[13] + q[12]*q[8] + -2*q[12]*q[14] + -2*q[8]*q[14] + -q[12] + -q[8] + 2*q[14] + 2*q[14]*q[15] + q[13]*q[15] + -2*q[13]*q[16] + -2*q[15]*q[16] + -q[13] + -q[15] + 2*q[16] + q[0]*q[1] + -2*q[0]*q[17] + -2*q[1]*q[17] + -q[0] + -q[1] + 2*q[17] + q[0]*q[8] + -2*q[0]*q[18] + -2*q[8]*q[18] + -q[0] + -q[8] + 2*q[18] + q[1]*q[8] + -2*q[1]*q[19] + -2*q[8]*q[19] + -q[1] + -q[8] + 2*q[19] + 5 + q[17] + -4*q[20] + -2*q[17]*q[20] + -q[18]*q[19] + -q[18]*q[20] + -q[19]*q[20] + q[2]*q[3] + -2*q[2]*q[21] + -2*q[3]*q[21] + q[2] + q[3] + -2*q[21] + q[2]*q[3] + -2*q[2]*q[22] + -2*q[3]*q[22] + -q[2] + -q[3] + 2*q[22] + 2*q[22]*q[23] + q[21]*q[23] + -2*q[21]*q[24] + -2*q[23]*q[24] + -q[21] + -q[23] + 2*q[24] + q[24]*q[20] + -2*q[24]*q[25] + -2*q[20]*q[25] + q[24] + q[20] + -2*q[25] + q[24]*q[20] + -2*q[24]*q[26] + -2*q[20]*q[26] + -q[24] + -q[20] + 2*q[26] + 2*q[26]*q[27] + q[25]*q[27] + -2*q[25]*q[28] + -2*q[27]*q[28] + -q[25] + -q[27] + 2*q[28] + q[2]*q[3] + -2*q[2]*q[29] + -2*q[3]*q[29] + -q[2] + -q[3] + 2*q[29] + q[2]*q[20] + -2*q[2]*q[30] + -2*q[20]*q[30] + -q[2] + -q[20] + 2*q[30] + q[3]*q[20] + -2*q[3]*q[31] + -2*q[20]*q[31] + -q[3] + -q[20] + 2*q[31] + 5 + q[29] + -4*q[32] + -2*q[29]*q[32] + -q[30]*q[31] + -q[30]*q[32] + -q[31]*q[32] + q[4]*q[5] + -2*q[4]*q[33] + -2*q[5]*q[33] + q[4] + q[5] + -2*q[33] + q[4]*q[5] + -2*q[4]*q[34] + -2*q[5]*q[34] + -q[4] + -q[5] + 2*q[34] + 2*q[34]*q[35] + q[33]*q[35] + -2*q[33]*q[36] + -2*q[35]*q[36] + -q[33] + -q[35] + 2*q[36] + q[36]*q[32] + -2*q[36]*q[37] + -2*q[32]*q[37] + q[36] + q[32] + -2*q[37] + q[36]*q[32] + -2*q[36]*q[38] + -2*q[32]*q[38] + -q[36] + -q[32] + 2*q[38] + 2*q[38]*q[39] + q[37]*q[39] + -2*q[37]*q[40] + -2*q[39]*q[40] + -q[37] + -q[39] + 2*q[40] + q[4]*q[5] + -2*q[4]*q[41] + -2*q[5]*q[41] + -q[4] + -q[5] + 2*q[41] + q[4]*q[32] + -2*q[4]*q[42] + -2*q[32]*q[42] + -q[4] + -q[32] + 2*q[42] + q[5]*q[32] + -2*q[5]*q[43] + -2*q[32]*q[43] + -q[5] + -q[32] + 2*q[43] + 5 + q[41] + -4*q[44] + -2*q[41]*q[44] + -q[42]*q[43] + -q[42]*q[44] + -q[43]*q[44] + q[6]*q[7] + -2*q[6]*q[45] + -2*q[7]*q[45] + q[6] + q[7] + -2*q[45] + q[6]*q[7] + -2*q[6]*q[46] + -2*q[7]*q[46] + -q[6] + -q[7] + 2*q[46] + 2*q[46]*q[47] + q[45]*q[47] + -2*q[45]*q[48] + -2*q[47]*q[48] + -q[45] + -q[47] + 2*q[48] + q[48]*q[44] + -2*q[48]*q[49] + -2*q[44]*q[49] + q[48] + q[44] + -2*q[49] + q[48]*q[44] + -2*q[48]*q[50] + -2*q[44]*q[50] + -q[48] + -q[44] + 2*q[50] + 2*q[50]*q[51] + q[49]*q[51] + -2*q[49]*q[52] + -2*q[51]*q[52] + -q[49] + -q[51] + 2*q[52] + q[6]*q[7] + -2*q[6]*q[53] + -2*q[7]*q[53] + -q[6] + -q[7] + 2*q[53] + q[6]*q[44] + -2*q[6]*q[54] + -2*q[44]*q[54] + -q[6] + -q[44] + 2*q[54] + q[7]*q[44] + -2*q[7]*q[55] + -2*q[44]*q[55] + -q[7] + -q[44] + 2*q[55] + 5 + q[53] + -4*q[56] + -2*q[53]*q[56] + -q[54]*q[55] + -q[54]*q[56] + -q[55]*q[56] + q[0]*q[1] + -2*q[0]*q[57] + -2*q[1]*q[57] + -q[0] + -q[1] + 2*q[57] + q[2]*q[3] + -2*q[2]*q[58] + -2*q[3]*q[58] + -q[2] + -q[3] + 2*q[58] + q[4]*q[5] + -2*q[4]*q[59] + -2*q[5]*q[59] + -q[4] + -q[5] + 2*q[59] + q[6]*q[7] + -2*q[6]*q[60] + -2*q[7]*q[60] + -q[6] + -q[7] + 2*q[60] + q[0]*q[1] + -2*q[0]*q[61] + -2*q[1]*q[61] + q[0] + q[1] + -2*q[61] + q[0]*q[1] + -2*q[0]*q[62] + -2*q[1]*q[62] + -q[0] + -q[1] + 2*q[62] + 2*q[62]*q[63] + q[61]*q[63] + -2*q[61]*q[64] + -2*q[63]*q[64] + -q[61] + -q[63] + 2*q[64] + q[2]*q[3] + -2*q[2]*q[65] + -2*q[3]*q[65] + q[2] + q[3] + -2*q[65] + q[2]*q[3] + -2*q[2]*q[66] + -2*q[3]*q[66] + -q[2] + -q[3] + 2*q[66] + 2*q[66]*q[67] + q[65]*q[67] + -2*q[65]*q[68] + -2*q[67]*q[68] + -q[65] + -q[67] + 2*q[68] + q[4]*q[5] + -2*q[4]*q[69] + -2*q[5]*q[69] + q[4] + q[5] + -2*q[69] + q[4]*q[5] + -2*q[4]*q[70] + -2*q[5]*q[70] + -q[4] + -q[5] + 2*q[70] + 2*q[70]*q[71] + q[69]*q[71] + -2*q[69]*q[72] + -2*q[71]*q[72] + -q[69] + -q[71] + 2*q[72] + q[6]*q[7] + -2*q[6]*q[73] + -2*q[7]*q[73] + q[6] + q[7] + -2*q[73] + q[6]*q[7] + -2*q[6]*q[74] + -2*q[7]*q[74] + -q[6] + -q[7] + 2*q[74] + 2*q[74]*q[75] + q[73]*q[75] + -2*q[73]*q[76] + -2*q[75]*q[76] + -q[73] + -q[75] + 2*q[76] + q[64]*q[8] + -2*q[64]*q[77] + -2*q[8]*q[77] + -q[64] + -q[8] + 2*q[77] + q[57]*q[77] + -2*q[57]*q[78] + -2*q[77]*q[78] + q[57] + q[77] + -2*q[78] + q[68]*q[78] + -2*q[68]*q[79] + -2*q[78]*q[79] + -q[68] + -q[78] + 2*q[79] + q[58]*q[79] + -2*q[58]*q[80] + -2*q[79]*q[80] + q[58] + q[79] + -2*q[80] + q[72]*q[80] + -2*q[72]*q[81] + -2*q[80]*q[81] + -q[72] + -q[80] + 2*q[81] + q[59]*q[81] + -2*q[59]*q[82] + -2*q[81]*q[82] + q[59] + q[81] + -2*q[82] + q[76]*q[82] + -2*q[76]*q[83] + -2*q[82]*q[83] + -q[76] + -q[82] + 2*q[83] + q[60]*q[83] + -2*q[60]*q[84] + -2*q[83]*q[84] + q[60] + q[83] + -2*q[84] + q[64]*q[8] + -2*q[64]*q[85] + -2*q[8]*q[85] + q[64] + q[8] + -2*q[85] + q[64]*q[8] + -2*q[64]*q[86] + -2*q[8]*q[86] + -q[64] + -q[8] + 2*q[86] + 2*q[86]*q[87] + q[85]*q[87] + -2*q[85]*q[88] + -2*q[87]*q[88] + -q[85] + -q[87] + 2*q[88] + q[68]*q[78] + -2*q[68]*q[89] + -2*q[78]*q[89] + q[68] + q[78] + -2*q[89] + q[68]*q[78] + -2*q[68]*q[90] + -2*q[78]*q[90] + -q[68] + -q[78] + 2*q[90] + 2*q[90]*q[91] + q[89]*q[91] + -2*q[89]*q[92] + -2*q[91]*q[92] + -q[89] + -q[91] + 2*q[92] + q[72]*q[80] + -2*q[72]*q[93] + -2*q[80]*q[93] + q[72] + q[80] + -2*q[93] + q[72]*q[80] + -2*q[72]*q[94] + -2*q[80]*q[94] + -q[72] + -q[80] + 2*q[94] + 2*q[94]*q[95] + q[93]*q[95] + -2*q[93]*q[96] + -2*q[95]*q[96] + -q[93] + -q[95] + 2*q[96] + q[76]*q[82] + -2*q[76]*q[97] + -2*q[82]*q[97] + q[76] + q[82] + -2*q[97] + q[76]*q[82] + -2*q[76]*q[98] + -2*q[82]*q[98] + -q[76] + -q[82] + 2*q[98] + 2*q[98]*q[99] + q[97]*q[99] + -2*q[97]*q[100] + -2*q[99]*q[100] + -q[97] + -q[99] + 2*q[100] + q[16]*q[88] + -2*q[16]*q[101] + -2*q[88]*q[101] + q[16] + q[88] + -2*q[101] + q[16]*q[88] + -2*q[16]*q[102] + -2*q[88]*q[102] + -q[16] + -q[88] + 2*q[102] + 2*q[102]*q[103] + q[101]*q[103] + -2*q[101]*q[104] + -2*q[103]*q[104] + -q[101] + -q[103] + 2*q[104] + q[28]*q[92] + -2*q[28]*q[105] + -2*q[92]*q[105] + q[28] + q[92] + -2*q[105] + q[28]*q[92] + -2*q[28]*q[106] + -2*q[92]*q[106] + -q[28] + -q[92] + 2*q[106] + 2*q[106]*q[107] + q[105]*q[107] + -2*q[105]*q[108] + -2*q[107]*q[108] + -q[105] + -q[107] + 2*q[108] + q[40]*q[96] + -2*q[40]*q[109] + -2*q[96]*q[109] + q[40] + q[96] + -2*q[109] + q[40]*q[96] + -2*q[40]*q[110] + -2*q[96]*q[110] + -q[40] + -q[96] + 2*q[110] + 2*q[110]*q[111] + q[109]*q[111] + -2*q[109]*q[112] + -2*q[111]*q[112] + -q[109] + -q[111] + 2*q[112] + q[52]*q[100] + -2*q[52]*q[113] + -2*q[100]*q[113] + q[52] + q[100] + -2*q[113] + q[52]*q[100] + -2*q[52]*q[114] + -2*q[100]*q[114] + -q[52] + -q[100] + 2*q[114] + 2*q[114]*q[115] + q[113]*q[115] + -2*q[113]*q[116] + -2*q[115]*q[116] + -q[113] + -q[115] + 2*q[116] + q[56]*q[84] + -2*q[56]*q[117] + -2*q[84]*q[117] + q[56] + q[84] + -2*q[117] + q[56]*q[84] + -2*q[56]*q[118] + -2*q[84]*q[118] + -q[56] + -q[84] + 2*q[118] + 2*q[118]*q[119] + q[117]*q[119] + -2*q[117]*q[120] + -2*q[119]*q[120] + -q[117] + -q[119] + 2*q[120] + 5 + q[104] + -4*q[121] + -2*q[104]*q[121] + -q[108]*q[112] + -q[108]*q[121] + -q[112]*q[121] + q[116]*q[120] + -2*q[116]*q[122] + -2*q[120]*q[122] + q[116] + q[120] + -2*q[122] + q[121]*q[122] + -2*q[121]*q[123] + -2*q[122]*q[123] + q[121] + q[122] + -2*q[123] + -q[17]*q[18]*q[19] + q[17]*q[18]*q[20] + q[17]*q[19]*q[20] + 2*q[18]*q[19]*q[20] + -q[29]*q[30]*q[31] + q[29]*q[30]*q[32] + q[29]*q[31]*q[32] + 2*q[30]*q[31]*q[32] + -q[41]*q[42]*q[43] + q[41]*q[42]*q[44] + q[41]*q[43]*q[44] + 2*q[42]*q[43]*q[44] + -q[53]*q[54]*q[55] + q[53]*q[54]*q[56] + q[53]*q[55]*q[56] + 2*q[54]*q[55]*q[56] + -q[104]*q[108]*q[112] + q[104]*q[108]*q[121] + q[104]*q[112]*q[121] + 2*q[108]*q[112]*q[121]

--------------------------------------------------------------------------------
[4. FULL VARIABLE MAPPING]
Index      | Description
--------------------------------------------------
q[0]       : [INPUT] A[0]
q[1]       : [INPUT] B[0]
q[2]       : [INPUT] A[1]
q[3]       : [INPUT] B[1]
q[4]       : [INPUT] A[2]
q[5]       : [INPUT] B[2]
q[6]       : [INPUT] A[3]
q[7]       : [INPUT] B[3]
q[8]       : [INPUT] Cin
q[9]       : Aux_XOR_OR(RCA_b0_step1)
q[10]      : Aux_XOR_AND(RCA_b0_step1)
q[11]      : Aux_XOR_NAND(RCA_b0_step1)
q[12]      : Aux_XOR_Res(RCA_b0_step1)
q[13]      : Aux_XOR_OR(RCA_b0_step2)
q[14]      : Aux_XOR_AND(RCA_b0_step2)
q[15]      : Aux_XOR_NAND(RCA_b0_step2)
q[16]      : [OUTPUT] S_RCA[0]
q[17]      : RCA_Cry_AB_0
q[18]      : RCA_Cry_AC_0
q[19]      : RCA_Cry_BC_0
q[20]      : C_RCA_Int_0
q[21]      : Aux_XOR_OR(RCA_b1_step1)
q[22]      : Aux_XOR_AND(RCA_b1_step1)
q[23]      : Aux_XOR_NAND(RCA_b1_step1)
q[24]      : Aux_XOR_Res(RCA_b1_step1)
q[25]      : Aux_XOR_OR(RCA_b1_step2)
q[26]      : Aux_XOR_AND(RCA_b1_step2)
q[27]      : Aux_XOR_NAND(RCA_b1_step2)
q[28]      : [OUTPUT] S_RCA[1]
q[29]      : RCA_Cry_AB_1
q[30]      : RCA_Cry_AC_1
q[31]      : RCA_Cry_BC_1
q[32]      : C_RCA_Int_1
q[33]      : Aux_XOR_OR(RCA_b2_step1)
q[34]      : Aux_XOR_AND(RCA_b2_step1)
q[35]      : Aux_XOR_NAND(RCA_b2_step1)
q[36]      : Aux_XOR_Res(RCA_b2_step1)
q[37]      : Aux_XOR_OR(RCA_b2_step2)
q[38]      : Aux_XOR_AND(RCA_b2_step2)
q[39]      : Aux_XOR_NAND(RCA_b2_step2)
q[40]      : [OUTPUT] S_RCA[2]
q[41]      : RCA_Cry_AB_2
q[42]      : RCA_Cry_AC_2
q[43]      : RCA_Cry_BC_2
q[44]      : C_RCA_Int_2
q[45]      : Aux_XOR_OR(RCA_b3_step1)
q[46]      : Aux_XOR_AND(RCA_b3_step1)
q[47]      : Aux_XOR_NAND(RCA_b3_step1)
q[48]      : Aux_XOR_Res(RCA_b3_step1)
q[49]      : Aux_XOR_OR(RCA_b3_step2)
q[50]      : Aux_XOR_AND(RCA_b3_step2)
q[51]      : Aux_XOR_NAND(RCA_b3_step2)
q[52]      : [OUTPUT] S_RCA[3]
q[53]      : RCA_Cry_AB_3
q[54]      : RCA_Cry_AC_3
q[55]      : RCA_Cry_BC_3
q[56]      : [OUTPUT] Cout_RCA
q[57]      : CLA_G_0
q[58]      : CLA_G_1
q[59]      : CLA_G_2
q[60]      : CLA_G_3
q[61]      : Aux_XOR_OR(CLA_P_0)
q[62]      : Aux_XOR_AND(CLA_P_0)
q[63]      : Aux_XOR_NAND(CLA_P_0)
q[64]      : Aux_XOR_Res(CLA_P_0)
q[65]      : Aux_XOR_OR(CLA_P_1)
q[66]      : Aux_XOR_AND(CLA_P_1)
q[67]      : Aux_XOR_NAND(CLA_P_1)
q[68]      : Aux_XOR_Res(CLA_P_1)
q[69]      : Aux_XOR_OR(CLA_P_2)
q[70]      : Aux_XOR_AND(CLA_P_2)
q[71]      : Aux_XOR_NAND(CLA_P_2)
q[72]      : Aux_XOR_Res(CLA_P_2)
q[73]      : Aux_XOR_OR(CLA_P_3)
q[74]      : Aux_XOR_AND(CLA_P_3)
q[75]      : Aux_XOR_NAND(CLA_P_3)
q[76]      : Aux_XOR_Res(CLA_P_3)
q[77]      : CLA_PC_0
q[78]      : C_CLA_1
q[79]      : CLA_PC_1
q[80]      : C_CLA_2
q[81]      : CLA_PC_2
q[82]      : C_CLA_3
q[83]      : CLA_PC_3
q[84]      : [OUTPUT] Cout_CLA
q[85]      : Aux_XOR_OR(CLA_Sum_0)
q[86]      : Aux_XOR_AND(CLA_Sum_0)
q[87]      : Aux_XOR_NAND(CLA_Sum_0)
q[88]      : [OUTPUT] S_CLA[0]
q[89]      : Aux_XOR_OR(CLA_Sum_1)
q[90]      : Aux_XOR_AND(CLA_Sum_1)
q[91]      : Aux_XOR_NAND(CLA_Sum_1)
q[92]      : [OUTPUT] S_CLA[1]
q[93]      : Aux_XOR_OR(CLA_Sum_2)
q[94]      : Aux_XOR_AND(CLA_Sum_2)
q[95]      : Aux_XOR_NAND(CLA_Sum_2)
q[96]      : [OUTPUT] S_CLA[2]
q[97]      : Aux_XOR_OR(CLA_Sum_3)
q[98]      : Aux_XOR_AND(CLA_Sum_3)
q[99]      : Aux_XOR_NAND(CLA_Sum_3)
q[100]     : [OUTPUT] S_CLA[3]
q[101]     : Aux_XOR_OR(Diff_Sum_0)
q[102]     : Aux_XOR_AND(Diff_Sum_0)
q[103]     : Aux_XOR_NAND(Diff_Sum_0)
q[104]     : Aux_XOR_Res(Diff_Sum_0)
q[105]     : Aux_XOR_OR(Diff_Sum_1)
q[106]     : Aux_XOR_AND(Diff_Sum_1)
q[107]     : Aux_XOR_NAND(Diff_Sum_1)
q[108]     : Aux_XOR_Res(Diff_Sum_1)
q[109]     : Aux_XOR_OR(Diff_Sum_2)
q[110]     : Aux_XOR_AND(Diff_Sum_2)
q[111]     : Aux_XOR_NAND(Diff_Sum_2)
q[112]     : Aux_XOR_Res(Diff_Sum_2)
q[113]     : Aux_XOR_OR(Diff_Sum_3)
q[114]     : Aux_XOR_AND(Diff_Sum_3)
q[115]     : Aux_XOR_NAND(Diff_Sum_3)
q[116]     : Aux_XOR_Res(Diff_Sum_3)
q[117]     : Aux_XOR_OR(Diff_Cout)
q[118]     : Aux_XOR_AND(Diff_Cout)
q[119]     : Aux_XOR_NAND(Diff_Cout)
q[120]     : Aux_XOR_Res(Diff_Cout)
q[121]     : Tree_FinalDiff_L0_OR3
q[122]     : Tree_FinalDiff_L0_OR2
q[123]     : Tree_FinalDiff_L1_OR2

================================================================================
 END OF REPORT
================================================================================