=== 伊辛建模报告 (Ising Modeling Report) ===

1. 变量映射说明 (Variable Mapping):
   q[0] 代表: a0
   q[1] 代表: a1
   q[2] 代表: sel0
   q[3] 代表: sel1
   q[4] 代表: sel2
   q[5] 代表: sel3
   q[6] 代表: Ancilla (NOT q[3])
   q[7] 代表: Ancilla (q[0] OR q[6])
   q[8] 代表: Ancilla (NOT q[5])
   q[9] 代表: Ancilla (q[0] OR q[8])
   q[10] 代表: Ancilla (q[7] AND q[9])
   q[11] 代表: Ancilla (NOT q[4])
   q[12] 代表: Ancilla (q[1] OR q[11])
   q[13] 代表: Ancilla (q[10] AND q[12])
   q[14] 代表: Ancilla (NOT q[5])
   q[15] 代表: Ancilla (q[1] OR q[14])
   q[16] 代表: Ancilla (q[13] AND q[15])
   q[17] 代表: Ancilla (q[0] OR q[1])
   q[18] 代表: Ancilla (q[17] OR q[2])
   q[19] 代表: Ancilla (q[16] AND q[18])
   q[20] 代表: Ancilla (NOT q[0])
   q[21] 代表: Ancilla (NOT q[2])
   q[22] 代表: Ancilla (q[20] OR q[21])
   q[23] 代表: Ancilla (q[19] AND q[22])
   q[24] 代表: Ancilla (NOT q[0])
   q[25] 代表: Ancilla (NOT q[4])
   q[26] 代表: Ancilla (q[24] OR q[25])
   q[27] 代表: Ancilla (q[23] AND q[26])
   q[28] 代表: Ancilla (NOT q[1])
   q[29] 代表: Ancilla (NOT q[2])
   q[30] 代表: Ancilla (q[28] OR q[29])
   q[31] 代表: Ancilla (q[27] AND q[30])
   q[32] 代表: Ancilla (NOT q[1])
   q[33] 代表: Ancilla (NOT q[3])
   q[34] 代表: Ancilla (q[32] OR q[33])
   q[35] 代表: Ancilla (q[31] AND q[34])
   q[36] 代表: Ancilla (NOT q[2])
   q[37] 代表: Ancilla (NOT q[3])
   q[38] 代表: Ancilla (q[36] OR q[37])
   q[39] 代表: Ancilla (q[35] AND q[38])
   q[40] 代表: Ancilla (NOT q[2])
   q[41] 代表: Ancilla (NOT q[4])
   q[42] 代表: Ancilla (q[40] OR q[41])
   q[43] 代表: Ancilla (q[39] AND q[42])
   q[44] 代表: Ancilla (NOT q[2])
   q[45] 代表: Ancilla (NOT q[5])
   q[46] 代表: Ancilla (q[44] OR q[45])
   q[47] 代表: Ancilla (q[43] AND q[46])
   q[48] 代表: Ancilla (NOT q[3])
   q[49] 代表: Ancilla (NOT q[4])
   q[50] 代表: Ancilla (q[48] OR q[49])
   q[51] 代表: Ancilla (q[47] AND q[50])
   q[52] 代表: Ancilla (NOT q[3])
   q[53] 代表: Ancilla (NOT q[5])
   q[54] 代表: Ancilla (q[52] OR q[53])
   q[55] 代表: Ancilla (q[51] AND q[54])
   q[56] 代表: Ancilla (NOT q[4])
   q[57] 代表: Ancilla (NOT q[5])
   q[58] 代表: Ancilla (q[56] OR q[57])
   q[59] 代表: Ancilla (q[55] AND q[58])
   q[60] 代表: Ancilla (q[0] OR q[4])
   q[61] 代表: Ancilla (NOT q[1])
   q[62] 代表: Ancilla (q[60] OR q[61])
   q[63] 代表: Ancilla (q[59] AND q[62])
   q[64] 代表: Ancilla (q[1] OR q[3])
   q[65] 代表: Ancilla (NOT q[0])
   q[66] 代表: Ancilla (q[64] OR q[65])
   q[67] 代表: Ancilla (q[63] AND q[66])
   q[68] 代表: Ancilla (q[2] OR q[3])
   q[69] 代表: Ancilla (q[68] OR q[4])
   q[70] 代表: Ancilla (q[69] OR q[5])
   q[71] 代表: Ancilla (q[67] AND q[70])
   q[72] 代表: Ancilla (NOT q[0])
   q[73] 代表: Ancilla (q[5] OR q[72])
   q[74] 代表: Ancilla (NOT q[1])
   q[75] 代表: Ancilla (q[73] OR q[74])
   q[76] 代表: Ancilla (q[71] AND q[75])

2. 逻辑门拆解步骤 (Gate Sequence):
   Gate: q[6] = NOT q[3]
   Gate: q[7] = q[0] OR q[6]
   Gate: q[8] = NOT q[5]
   Gate: q[9] = q[0] OR q[8]
   Gate: q[10] = q[7] AND q[9]
   Gate: q[11] = NOT q[4]
   Gate: q[12] = q[1] OR q[11]
   Gate: q[13] = q[10] AND q[12]
   Gate: q[14] = NOT q[5]
   Gate: q[15] = q[1] OR q[14]
   Gate: q[16] = q[13] AND q[15]
   Gate: q[17] = q[0] OR q[1]
   Gate: q[18] = q[17] OR q[2]
   Gate: q[19] = q[16] AND q[18]
   Gate: q[20] = NOT q[0]
   Gate: q[21] = NOT q[2]
   Gate: q[22] = q[20] OR q[21]
   Gate: q[23] = q[19] AND q[22]
   Gate: q[24] = NOT q[0]
   Gate: q[25] = NOT q[4]
   Gate: q[26] = q[24] OR q[25]
   Gate: q[27] = q[23] AND q[26]
   Gate: q[28] = NOT q[1]
   Gate: q[29] = NOT q[2]
   Gate: q[30] = q[28] OR q[29]
   Gate: q[31] = q[27] AND q[30]
   Gate: q[32] = NOT q[1]
   Gate: q[33] = NOT q[3]
   Gate: q[34] = q[32] OR q[33]
   Gate: q[35] = q[31] AND q[34]
   Gate: q[36] = NOT q[2]
   Gate: q[37] = NOT q[3]
   Gate: q[38] = q[36] OR q[37]
   Gate: q[39] = q[35] AND q[38]
   Gate: q[40] = NOT q[2]
   Gate: q[41] = NOT q[4]
   Gate: q[42] = q[40] OR q[41]
   Gate: q[43] = q[39] AND q[42]
   Gate: q[44] = NOT q[2]
   Gate: q[45] = NOT q[5]
   Gate: q[46] = q[44] OR q[45]
   Gate: q[47] = q[43] AND q[46]
   Gate: q[48] = NOT q[3]
   Gate: q[49] = NOT q[4]
   Gate: q[50] = q[48] OR q[49]
   Gate: q[51] = q[47] AND q[50]
   Gate: q[52] = NOT q[3]
   Gate: q[53] = NOT q[5]
   Gate: q[54] = q[52] OR q[53]
   Gate: q[55] = q[51] AND q[54]
   Gate: q[56] = NOT q[4]
   Gate: q[57] = NOT q[5]
   Gate: q[58] = q[56] OR q[57]
   Gate: q[59] = q[55] AND q[58]
   Gate: q[60] = q[0] OR q[4]
   Gate: q[61] = NOT q[1]
   Gate: q[62] = q[60] OR q[61]
   Gate: q[63] = q[59] AND q[62]
   Gate: q[64] = q[1] OR q[3]
   Gate: q[65] = NOT q[0]
   Gate: q[66] = q[64] OR q[65]
   Gate: q[67] = q[63] AND q[66]
   Gate: q[68] = q[2] OR q[3]
   Gate: q[69] = q[68] OR q[4]
   Gate: q[70] = q[69] OR q[5]
   Gate: q[71] = q[67] AND q[70]
   Gate: q[72] = NOT q[0]
   Gate: q[73] = q[5] OR q[72]
   Gate: q[74] = NOT q[1]
   Gate: q[75] = q[73] OR q[74]
   Gate: q[76] = q[71] AND q[75]

3. 最终 Ising 能量函数 (H):
   H = (2 * q[3] * q[6]) + (q[0]*q[6] - 2*q[0]*q[7] - 2*q[6]*q[7] + q[0] + q[6] - 2*q[7]) + (2 * q[5] * q[8]) + (q[0]*q[8] - 2*q[0]*q[9] - 2*q[8]*q[9] + q[0] + q[8] - 2*q[9]) + (q[7]*q[9] - 2*q[7]*q[10] - 2*q[9]*q[10] - q[7] - q[9] + 2*q[10]) + (2 * q[4] * q[11]) + (q[1]*q[11] - 2*q[1]*q[12] - 2*q[11]*q[12] + q[1] + q[11] - 2*q[12]) + (q[10]*q[12] - 2*q[10]*q[13] - 2*q[12]*q[13] - q[10] - q[12] + 2*q[13]) + (2 * q[5] * q[14]) + (q[1]*q[14] - 2*q[1]*q[15] - 2*q[14]*q[15] + q[1] + q[14] - 2*q[15]) + (q[13]*q[15] - 2*q[13]*q[16] - 2*q[15]*q[16] - q[13] - q[15] + 2*q[16]) + (q[0]*q[1] - 2*q[0]*q[17] - 2*q[1]*q[17] + q[0] + q[1] - 2*q[17]) + (q[17]*q[2] - 2*q[17]*q[18] - 2*q[2]*q[18] + q[17] + q[2] - 2*q[18]) + (q[16]*q[18] - 2*q[16]*q[19] - 2*q[18]*q[19] - q[16] - q[18] + 2*q[19]) + (2 * q[0] * q[20]) + (2 * q[2] * q[21]) + (q[20]*q[21] - 2*q[20]*q[22] - 2*q[21]*q[22] + q[20] + q[21] - 2*q[22]) + (q[19]*q[22] - 2*q[19]*q[23] - 2*q[22]*q[23] - q[19] - q[22] + 2*q[23]) + (2 * q[0] * q[24]) + (2 * q[4] * q[25]) + (q[24]*q[25] - 2*q[24]*q[26] - 2*q[25]*q[26] + q[24] + q[25] - 2*q[26]) + (q[23]*q[26] - 2*q[23]*q[27] - 2*q[26]*q[27] - q[23] - q[26] + 2*q[27]) + (2 * q[1] * q[28]) + (2 * q[2] * q[29]) + (q[28]*q[29] - 2*q[28]*q[30] - 2*q[29]*q[30] + q[28] + q[29] - 2*q[30]) + (q[27]*q[30] - 2*q[27]*q[31] - 2*q[30]*q[31] - q[27] - q[30] + 2*q[31]) + (2 * q[1] * q[32]) + (2 * q[3] * q[33]) + (q[32]*q[33] - 2*q[32]*q[34] - 2*q[33]*q[34] + q[32] + q[33] - 2*q[34]) + (q[31]*q[34] - 2*q[31]*q[35] - 2*q[34]*q[35] - q[31] - q[34] + 2*q[35]) + (2 * q[2] * q[36]) + (2 * q[3] * q[37]) + (q[36]*q[37] - 2*q[36]*q[38] - 2*q[37]*q[38] + q[36] + q[37] - 2*q[38]) + (q[35]*q[38] - 2*q[35]*q[39] - 2*q[38]*q[39] - q[35] - q[38] + 2*q[39]) + (2 * q[2] * q[40]) + (2 * q[4] * q[41]) + (q[40]*q[41] - 2*q[40]*q[42] - 2*q[41]*q[42] + q[40] + q[41] - 2*q[42]) + (q[39]*q[42] - 2*q[39]*q[43] - 2*q[42]*q[43] - q[39] - q[42] + 2*q[43]) + (2 * q[2] * q[44]) + (2 * q[5] * q[45]) + (q[44]*q[45] - 2*q[44]*q[46] - 2*q[45]*q[46] + q[44] + q[45] - 2*q[46]) + (q[43]*q[46] - 2*q[43]*q[47] - 2*q[46]*q[47] - q[43] - q[46] + 2*q[47]) + (2 * q[3] * q[48]) + (2 * q[4] * q[49]) + (q[48]*q[49] - 2*q[48]*q[50] - 2*q[49]*q[50] + q[48] + q[49] - 2*q[50]) + (q[47]*q[50] - 2*q[47]*q[51] - 2*q[50]*q[51] - q[47] - q[50] + 2*q[51]) + (2 * q[3] * q[52]) + (2 * q[5] * q[53]) + (q[52]*q[53] - 2*q[52]*q[54] - 2*q[53]*q[54] + q[52] + q[53] - 2*q[54]) + (q[51]*q[54] - 2*q[51]*q[55] - 2*q[54]*q[55] - q[51] - q[54] + 2*q[55]) + (2 * q[4] * q[56]) + (2 * q[5] * q[57]) + (q[56]*q[57] - 2*q[56]*q[58] - 2*q[57]*q[58] + q[56] + q[57] - 2*q[58]) + (q[55]*q[58] - 2*q[55]*q[59] - 2*q[58]*q[59] - q[55] - q[58] + 2*q[59]) + (q[0]*q[4] - 2*q[0]*q[60] - 2*q[4]*q[60] + q[0] + q[4] - 2*q[60]) + (2 * q[1] * q[61]) + (q[60]*q[61] - 2*q[60]*q[62] - 2*q[61]*q[62] + q[60] + q[61] - 2*q[62]) + (q[59]*q[62] - 2*q[59]*q[63] - 2*q[62]*q[63] - q[59] - q[62] + 2*q[63]) + (q[1]*q[3] - 2*q[1]*q[64] - 2*q[3]*q[64] + q[1] + q[3] - 2*q[64]) + (2 * q[0] * q[65]) + (q[64]*q[65] - 2*q[64]*q[66] - 2*q[65]*q[66] + q[64] + q[65] - 2*q[66]) + (q[63]*q[66] - 2*q[63]*q[67] - 2*q[66]*q[67] - q[63] - q[66] + 2*q[67]) + (q[2]*q[3] - 2*q[2]*q[68] - 2*q[3]*q[68] + q[2] + q[3] - 2*q[68]) + (q[68]*q[4] - 2*q[68]*q[69] - 2*q[4]*q[69] + q[68] + q[4] - 2*q[69]) + (q[69]*q[5] - 2*q[69]*q[70] - 2*q[5]*q[70] + q[69] + q[5] - 2*q[70]) + (q[67]*q[70] - 2*q[67]*q[71] - 2*q[70]*q[71] - q[67] - q[70] + 2*q[71]) + (2 * q[0] * q[72]) + (q[5]*q[72] - 2*q[5]*q[73] - 2*q[72]*q[73] + q[5] + q[72] - 2*q[73]) + (2 * q[1] * q[74]) + (q[73]*q[74] - 2*q[73]*q[75] - 2*q[74]*q[75] + q[73] + q[74] - 2*q[75]) + (q[71]*q[75] - 2*q[71]*q[76] - 2*q[75]*q[76] - q[71] - q[75] + 2*q[76])

4. 系统理论最低能量 (Min Energy):
   -185
