=== 伊辛建模报告 (Ising Modeling Report) ===

1. 变量映射说明 (Variable Mapping):
   q[0] 代表: CLK_t
   q[1] 代表: CLK_t_1
   q[2] 代表: D_in
   q[3] 代表: D_out
   q[4] 代表: Q_t
   q[5] 代表: Q_t_1
   q[6] 代表: RE
   q[7] 代表: RE_valid
   q[8] 代表: R_CLK
   q[9] 代表: WE
   q[10] 代表: WE_valid
   q[11] 代表: Ancilla (NOT q[8])
   q[12] 代表: Ancilla (q[0] OR q[11])
   q[13] 代表: Ancilla (NOT q[7])
   q[14] 代表: Ancilla (q[6] OR q[13])
   q[15] 代表: Ancilla (q[12] AND q[14])
   q[16] 代表: Ancilla (NOT q[7])
   q[17] 代表: Ancilla (q[8] OR q[16])
   q[18] 代表: Ancilla (q[15] AND q[17])
   q[19] 代表: Ancilla (NOT q[10])
   q[20] 代表: Ancilla (q[8] OR q[19])
   q[21] 代表: Ancilla (q[18] AND q[20])
   q[22] 代表: Ancilla (NOT q[10])
   q[23] 代表: Ancilla (q[9] OR q[22])
   q[24] 代表: Ancilla (q[21] AND q[23])
   q[25] 代表: Ancilla (NOT q[1])
   q[26] 代表: Ancilla (NOT q[8])
   q[27] 代表: Ancilla (q[25] OR q[26])
   q[28] 代表: Ancilla (q[24] AND q[27])
   q[29] 代表: Ancilla (NOT q[7])
   q[30] 代表: Ancilla (NOT q[10])
   q[31] 代表: Ancilla (q[29] OR q[30])
   q[32] 代表: Ancilla (q[28] AND q[31])
   q[33] 代表: Ancilla (q[1] OR q[8])
   q[34] 代表: Ancilla (NOT q[0])
   q[35] 代表: Ancilla (q[33] OR q[34])
   q[36] 代表: Ancilla (q[32] AND q[35])
   q[37] 代表: Ancilla (NOT q[4])
   q[38] 代表: Ancilla (q[2] OR q[37])
   q[39] 代表: Ancilla (NOT q[10])
   q[40] 代表: Ancilla (q[38] OR q[39])
   q[41] 代表: Ancilla (q[36] AND q[40])
   q[42] 代表: Ancilla (NOT q[4])
   q[43] 代表: Ancilla (q[3] OR q[42])
   q[44] 代表: Ancilla (NOT q[7])
   q[45] 代表: Ancilla (q[43] OR q[44])
   q[46] 代表: Ancilla (q[41] AND q[45])
   q[47] 代表: Ancilla (NOT q[2])
   q[48] 代表: Ancilla (q[4] OR q[47])
   q[49] 代表: Ancilla (NOT q[10])
   q[50] 代表: Ancilla (q[48] OR q[49])
   q[51] 代表: Ancilla (q[46] AND q[50])
   q[52] 代表: Ancilla (NOT q[3])
   q[53] 代表: Ancilla (q[4] OR q[52])
   q[54] 代表: Ancilla (NOT q[7])
   q[55] 代表: Ancilla (q[53] OR q[54])
   q[56] 代表: Ancilla (q[51] AND q[55])
   q[57] 代表: Ancilla (NOT q[6])
   q[58] 代表: Ancilla (q[7] OR q[57])
   q[59] 代表: Ancilla (NOT q[8])
   q[60] 代表: Ancilla (q[58] OR q[59])
   q[61] 代表: Ancilla (q[56] AND q[60])
   q[62] 代表: Ancilla (NOT q[8])
   q[63] 代表: Ancilla (q[10] OR q[62])
   q[64] 代表: Ancilla (NOT q[9])
   q[65] 代表: Ancilla (q[63] OR q[64])
   q[66] 代表: Ancilla (q[61] AND q[65])
   q[67] 代表: Ancilla (q[4] OR q[7])
   q[68] 代表: Ancilla (q[67] OR q[10])
   q[69] 代表: Ancilla (NOT q[5])
   q[70] 代表: Ancilla (q[68] OR q[69])
   q[71] 代表: Ancilla (q[66] AND q[70])
   q[72] 代表: Ancilla (q[5] OR q[7])
   q[73] 代表: Ancilla (q[72] OR q[10])
   q[74] 代表: Ancilla (NOT q[4])
   q[75] 代表: Ancilla (q[73] OR q[74])
   q[76] 代表: Ancilla (q[71] AND q[75])

2. 逻辑门拆解步骤 (Gate Sequence):
   Gate: q[11] = NOT q[8]
   Gate: q[12] = q[0] OR q[11]
   Gate: q[13] = NOT q[7]
   Gate: q[14] = q[6] OR q[13]
   Gate: q[15] = q[12] AND q[14]
   Gate: q[16] = NOT q[7]
   Gate: q[17] = q[8] OR q[16]
   Gate: q[18] = q[15] AND q[17]
   Gate: q[19] = NOT q[10]
   Gate: q[20] = q[8] OR q[19]
   Gate: q[21] = q[18] AND q[20]
   Gate: q[22] = NOT q[10]
   Gate: q[23] = q[9] OR q[22]
   Gate: q[24] = q[21] AND q[23]
   Gate: q[25] = NOT q[1]
   Gate: q[26] = NOT q[8]
   Gate: q[27] = q[25] OR q[26]
   Gate: q[28] = q[24] AND q[27]
   Gate: q[29] = NOT q[7]
   Gate: q[30] = NOT q[10]
   Gate: q[31] = q[29] OR q[30]
   Gate: q[32] = q[28] AND q[31]
   Gate: q[33] = q[1] OR q[8]
   Gate: q[34] = NOT q[0]
   Gate: q[35] = q[33] OR q[34]
   Gate: q[36] = q[32] AND q[35]
   Gate: q[37] = NOT q[4]
   Gate: q[38] = q[2] OR q[37]
   Gate: q[39] = NOT q[10]
   Gate: q[40] = q[38] OR q[39]
   Gate: q[41] = q[36] AND q[40]
   Gate: q[42] = NOT q[4]
   Gate: q[43] = q[3] OR q[42]
   Gate: q[44] = NOT q[7]
   Gate: q[45] = q[43] OR q[44]
   Gate: q[46] = q[41] AND q[45]
   Gate: q[47] = NOT q[2]
   Gate: q[48] = q[4] OR q[47]
   Gate: q[49] = NOT q[10]
   Gate: q[50] = q[48] OR q[49]
   Gate: q[51] = q[46] AND q[50]
   Gate: q[52] = NOT q[3]
   Gate: q[53] = q[4] OR q[52]
   Gate: q[54] = NOT q[7]
   Gate: q[55] = q[53] OR q[54]
   Gate: q[56] = q[51] AND q[55]
   Gate: q[57] = NOT q[6]
   Gate: q[58] = q[7] OR q[57]
   Gate: q[59] = NOT q[8]
   Gate: q[60] = q[58] OR q[59]
   Gate: q[61] = q[56] AND q[60]
   Gate: q[62] = NOT q[8]
   Gate: q[63] = q[10] OR q[62]
   Gate: q[64] = NOT q[9]
   Gate: q[65] = q[63] OR q[64]
   Gate: q[66] = q[61] AND q[65]
   Gate: q[67] = q[4] OR q[7]
   Gate: q[68] = q[67] OR q[10]
   Gate: q[69] = NOT q[5]
   Gate: q[70] = q[68] OR q[69]
   Gate: q[71] = q[66] AND q[70]
   Gate: q[72] = q[5] OR q[7]
   Gate: q[73] = q[72] OR q[10]
   Gate: q[74] = NOT q[4]
   Gate: q[75] = q[73] OR q[74]
   Gate: q[76] = q[71] AND q[75]

3. 最终 Ising 能量函数 (H):
   H = (2 * q[8] * q[11]) + (q[0]*q[11] - 2*q[0]*q[12] - 2*q[11]*q[12] + q[0] + q[11] - 2*q[12]) + (2 * q[7] * q[13]) + (q[6]*q[13] - 2*q[6]*q[14] - 2*q[13]*q[14] + q[6] + q[13] - 2*q[14]) + (q[12]*q[14] - 2*q[12]*q[15] - 2*q[14]*q[15] - q[12] - q[14] + 2*q[15]) + (2 * q[7] * q[16]) + (q[8]*q[16] - 2*q[8]*q[17] - 2*q[16]*q[17] + q[8] + q[16] - 2*q[17]) + (q[15]*q[17] - 2*q[15]*q[18] - 2*q[17]*q[18] - q[15] - q[17] + 2*q[18]) + (2 * q[10] * q[19]) + (q[8]*q[19] - 2*q[8]*q[20] - 2*q[19]*q[20] + q[8] + q[19] - 2*q[20]) + (q[18]*q[20] - 2*q[18]*q[21] - 2*q[20]*q[21] - q[18] - q[20] + 2*q[21]) + (2 * q[10] * q[22]) + (q[9]*q[22] - 2*q[9]*q[23] - 2*q[22]*q[23] + q[9] + q[22] - 2*q[23]) + (q[21]*q[23] - 2*q[21]*q[24] - 2*q[23]*q[24] - q[21] - q[23] + 2*q[24]) + (2 * q[1] * q[25]) + (2 * q[8] * q[26]) + (q[25]*q[26] - 2*q[25]*q[27] - 2*q[26]*q[27] + q[25] + q[26] - 2*q[27]) + (q[24]*q[27] - 2*q[24]*q[28] - 2*q[27]*q[28] - q[24] - q[27] + 2*q[28]) + (2 * q[7] * q[29]) + (2 * q[10] * q[30]) + (q[29]*q[30] - 2*q[29]*q[31] - 2*q[30]*q[31] + q[29] + q[30] - 2*q[31]) + (q[28]*q[31] - 2*q[28]*q[32] - 2*q[31]*q[32] - q[28] - q[31] + 2*q[32]) + (q[1]*q[8] - 2*q[1]*q[33] - 2*q[8]*q[33] + q[1] + q[8] - 2*q[33]) + (2 * q[0] * q[34]) + (q[33]*q[34] - 2*q[33]*q[35] - 2*q[34]*q[35] + q[33] + q[34] - 2*q[35]) + (q[32]*q[35] - 2*q[32]*q[36] - 2*q[35]*q[36] - q[32] - q[35] + 2*q[36]) + (2 * q[4] * q[37]) + (q[2]*q[37] - 2*q[2]*q[38] - 2*q[37]*q[38] + q[2] + q[37] - 2*q[38]) + (2 * q[10] * q[39]) + (q[38]*q[39] - 2*q[38]*q[40] - 2*q[39]*q[40] + q[38] + q[39] - 2*q[40]) + (q[36]*q[40] - 2*q[36]*q[41] - 2*q[40]*q[41] - q[36] - q[40] + 2*q[41]) + (2 * q[4] * q[42]) + (q[3]*q[42] - 2*q[3]*q[43] - 2*q[42]*q[43] + q[3] + q[42] - 2*q[43]) + (2 * q[7] * q[44]) + (q[43]*q[44] - 2*q[43]*q[45] - 2*q[44]*q[45] + q[43] + q[44] - 2*q[45]) + (q[41]*q[45] - 2*q[41]*q[46] - 2*q[45]*q[46] - q[41] - q[45] + 2*q[46]) + (2 * q[2] * q[47]) + (q[4]*q[47] - 2*q[4]*q[48] - 2*q[47]*q[48] + q[4] + q[47] - 2*q[48]) + (2 * q[10] * q[49]) + (q[48]*q[49] - 2*q[48]*q[50] - 2*q[49]*q[50] + q[48] + q[49] - 2*q[50]) + (q[46]*q[50] - 2*q[46]*q[51] - 2*q[50]*q[51] - q[46] - q[50] + 2*q[51]) + (2 * q[3] * q[52]) + (q[4]*q[52] - 2*q[4]*q[53] - 2*q[52]*q[53] + q[4] + q[52] - 2*q[53]) + (2 * q[7] * q[54]) + (q[53]*q[54] - 2*q[53]*q[55] - 2*q[54]*q[55] + q[53] + q[54] - 2*q[55]) + (q[51]*q[55] - 2*q[51]*q[56] - 2*q[55]*q[56] - q[51] - q[55] + 2*q[56]) + (2 * q[6] * q[57]) + (q[7]*q[57] - 2*q[7]*q[58] - 2*q[57]*q[58] + q[7] + q[57] - 2*q[58]) + (2 * q[8] * q[59]) + (q[58]*q[59] - 2*q[58]*q[60] - 2*q[59]*q[60] + q[58] + q[59] - 2*q[60]) + (q[56]*q[60] - 2*q[56]*q[61] - 2*q[60]*q[61] - q[56] - q[60] + 2*q[61]) + (2 * q[8] * q[62]) + (q[10]*q[62] - 2*q[10]*q[63] - 2*q[62]*q[63] + q[10] + q[62] - 2*q[63]) + (2 * q[9] * q[64]) + (q[63]*q[64] - 2*q[63]*q[65] - 2*q[64]*q[65] + q[63] + q[64] - 2*q[65]) + (q[61]*q[65] - 2*q[61]*q[66] - 2*q[65]*q[66] - q[61] - q[65] + 2*q[66]) + (q[4]*q[7] - 2*q[4]*q[67] - 2*q[7]*q[67] + q[4] + q[7] - 2*q[67]) + (q[67]*q[10] - 2*q[67]*q[68] - 2*q[10]*q[68] + q[67] + q[10] - 2*q[68]) + (2 * q[5] * q[69]) + (q[68]*q[69] - 2*q[68]*q[70] - 2*q[69]*q[70] + q[68] + q[69] - 2*q[70]) + (q[66]*q[70] - 2*q[66]*q[71] - 2*q[70]*q[71] - q[66] - q[70] + 2*q[71]) + (q[5]*q[7] - 2*q[5]*q[72] - 2*q[7]*q[72] + q[5] + q[7] - 2*q[72]) + (q[72]*q[10] - 2*q[72]*q[73] - 2*q[10]*q[73] + q[72] + q[10] - 2*q[73]) + (2 * q[4] * q[74]) + (q[73]*q[74] - 2*q[73]*q[75] - 2*q[74]*q[75] + q[73] + q[74] - 2*q[75]) + (q[71]*q[75] - 2*q[71]*q[76] - 2*q[75]*q[76] - q[71] - q[75] + 2*q[76])

4. 系统理论最低能量 (Min Energy):
   -174
