========================================================================================
Primitive: LUT4
========================================================================================
Summary: Parameterized 4-input LUT. Prefer direct cubic solve with minimal ancilla, fallback to decomposition.

[1] Ising Function
6 - q[0] - q[2] + 4*q[4] + q[5] + q[0]*q[3] - q[0]*q[4] - 2*q[2]*q[4] - q[0]*q[1]*q[4] + q[0]*q[1]*q[5] + q[0]*q[3]*q[5] - q[1]*q[2]*q[5] - q[1]*q[3]*q[4] + q[1]*q[3]*q[5] + q[1]*q[4]*q[5]

[2] Qubit Count
6

[3] Qubit <-> Primitive Port Mapping
q[0] : [INPUT] I0
q[1] : [INPUT] I1
q[2] : [INPUT] I2
q[3] : [INPUT] I3
q[4] : [OUTPUT] O
q[5] : [ANCILLA] LUT4:O:direct:LUT4_O:a0

[4] Primitive Truth Table
I0 | I1 | I2 | I3 | O
---+----+----+----+--
0  | 0  | 0  | 0  | 0
0  | 0  | 0  | 1  | 0
0  | 0  | 1  | 0  | 0
0  | 0  | 1  | 1  | 0
0  | 1  | 0  | 0  | 0
0  | 1  | 0  | 1  | 0
0  | 1  | 1  | 0  | 0
0  | 1  | 1  | 1  | 0
1  | 0  | 0  | 0  | 0
1  | 0  | 0  | 1  | 0
1  | 0  | 1  | 0  | 0
1  | 0  | 1  | 1  | 0
1  | 1  | 0  | 0  | 0
1  | 1  | 0  | 1  | 0
1  | 1  | 1  | 0  | 0
1  | 1  | 1  | 1  | 1

[5] Ising Truth Table (All Qubit Combinations)
q[0] | q[1] | q[2] | q[3] | q[4] | q[5] | energy | logic_valid | visible_min_energy | is_visible_ground
-----+------+------+------+------+------+--------+-------------+--------------------+------------------
-1   | -1   | -1   | -1   | -1   | -1   | 0      | 1           | 0                  | 1                
-1   | -1   | -1   | -1   | -1   | 1    | 8      | 1           | 0                  | 0                
-1   | -1   | -1   | -1   | 1    | -1   | 12     | 0           | 12                 | 1                
-1   | -1   | -1   | -1   | 1    | 1    | 16     | 0           | 12                 | 0                
-1   | -1   | -1   | 1    | -1   | -1   | 0      | 1           | 0                  | 1                
-1   | -1   | -1   | 1    | -1   | 1    | 0      | 1           | 0                  | 1                
-1   | -1   | -1   | 1    | 1    | -1   | 16     | 0           | 12                 | 0                
-1   | -1   | -1   | 1    | 1    | 1    | 12     | 0           | 12                 | 1                
-1   | -1   | 1    | -1   | -1   | -1   | 0      | 1           | 0                  | 1                
-1   | -1   | 1    | -1   | -1   | 1    | 12     | 1           | 0                  | 0                
-1   | -1   | 1    | -1   | 1    | -1   | 4      | 0           | 4                  | 1                
-1   | -1   | 1    | -1   | 1    | 1    | 12     | 0           | 4                  | 0                
-1   | -1   | 1    | 1    | -1   | -1   | 0      | 1           | 0                  | 1                
-1   | -1   | 1    | 1    | -1   | 1    | 4      | 1           | 0                  | 0                
-1   | -1   | 1    | 1    | 1    | -1   | 8      | 0           | 8                  | 1                
-1   | -1   | 1    | 1    | 1    | 1    | 8      | 0           | 8                  | 1                
-1   | 1    | -1   | -1   | -1   | -1   | 0      | 1           | 0                  | 1                
-1   | 1    | -1   | -1   | -1   | 1    | 0      | 1           | 0                  | 1                
-1   | 1    | -1   | -1   | 1    | -1   | 16     | 0           | 16                 | 1                
-1   | 1    | -1   | -1   | 1    | 1    | 20     | 0           | 16                 | 0                
-1   | 1    | -1   | 1    | -1   | -1   | 0      | 1           | 0                  | 1                
-1   | 1    | -1   | 1    | -1   | 1    | 0      | 1           | 0                  | 1                
-1   | 1    | -1   | 1    | 1    | -1   | 12     | 0           | 12                 | 1                
-1   | 1    | -1   | 1    | 1    | 1    | 16     | 0           | 12                 | 0                
-1   | 1    | 1    | -1   | -1   | -1   | 4      | 1           | 0                  | 0                
-1   | 1    | 1    | -1   | -1   | 1    | 0      | 1           | 0                  | 1                
-1   | 1    | 1    | -1   | 1    | -1   | 12     | 0           | 12                 | 1                
-1   | 1    | 1    | -1   | 1    | 1    | 12     | 0           | 12                 | 1                
-1   | 1    | 1    | 1    | -1   | -1   | 4      | 1           | 0                  | 0                
-1   | 1    | 1    | 1    | -1   | 1    | 0      | 1           | 0                  | 1                
-1   | 1    | 1    | 1    | 1    | -1   | 8      | 0           | 8                  | 1                
-1   | 1    | 1    | 1    | 1    | 1    | 8      | 0           | 8                  | 1                
1    | -1   | -1   | -1   | -1   | -1   | 0      | 1           | 0                  | 1                
1    | -1   | -1   | -1   | -1   | 1    | 0      | 1           | 0                  | 1                
1    | -1   | -1   | -1   | 1    | -1   | 12     | 0           | 8                  | 0                
1    | -1   | -1   | -1   | 1    | 1    | 8      | 0           | 8                  | 1                
1    | -1   | -1   | 1    | -1   | -1   | 0      | 1           | 0                  | 1                
1    | -1   | -1   | 1    | -1   | 1    | 0      | 1           | 0                  | 1                
1    | -1   | -1   | 1    | 1    | -1   | 16     | 0           | 12                 | 0                
1    | -1   | -1   | 1    | 1    | 1    | 12     | 0           | 12                 | 1                
1    | -1   | 1    | -1   | -1   | -1   | 0      | 1           | 0                  | 1                
1    | -1   | 1    | -1   | -1   | 1    | 4      | 1           | 0                  | 0                
1    | -1   | 1    | -1   | 1    | -1   | 4      | 0           | 4                  | 1                
1    | -1   | 1    | -1   | 1    | 1    | 4      | 0           | 4                  | 1                
1    | -1   | 1    | 1    | -1   | -1   | 0      | 1           | 0                  | 1                
1    | -1   | 1    | 1    | -1   | 1    | 4      | 1           | 0                  | 0                
1    | -1   | 1    | 1    | 1    | -1   | 8      | 0           | 8                  | 1                
1    | -1   | 1    | 1    | 1    | 1    | 8      | 0           | 8                  | 1                
1    | 1    | -1   | -1   | -1   | -1   | 0      | 1           | 0                  | 1                
1    | 1    | -1   | -1   | -1   | 1    | 0      | 1           | 0                  | 1                
1    | 1    | -1   | -1   | 1    | -1   | 8      | 0           | 8                  | 1                
1    | 1    | -1   | -1   | 1    | 1    | 12     | 0           | 8                  | 0                
1    | 1    | -1   | 1    | -1   | -1   | 0      | 1           | 0                  | 1                
1    | 1    | -1   | 1    | -1   | 1    | 8      | 1           | 0                  | 0                
1    | 1    | -1   | 1    | 1    | -1   | 4      | 0           | 4                  | 1                
1    | 1    | -1   | 1    | 1    | 1    | 16     | 0           | 4                  | 0                
1    | 1    | 1    | -1   | -1   | -1   | 4      | 1           | 0                  | 0                
1    | 1    | 1    | -1   | -1   | 1    | 0      | 1           | 0                  | 1                
1    | 1    | 1    | -1   | 1    | -1   | 4      | 0           | 4                  | 1                
1    | 1    | 1    | -1   | 1    | 1    | 4      | 0           | 4                  | 1                
1    | 1    | 1    | 1    | -1   | -1   | 4      | 0           | 4                  | 1                
1    | 1    | 1    | 1    | -1   | 1    | 8      | 0           | 4                  | 0                
1    | 1    | 1    | 1    | 1    | -1   | 0      | 1           | 0                  | 1                
1    | 1    | 1    | 1    | 1    | 1    | 8      | 1           | 0                  | 0                

[6] Minimum Energy
0

[7] Parameters
init = 0x8000 (32768)

[9] Verification Summary
valid_visible_assignments = 16
invalid_visible_assignments = 16
all_valid_states_have_min_energy_0 = True
all_invalid_states_have_min_energy_gt_0 = True
verification_passed = True

[10] Base Relation Synthesis Notes
BUF: MILP-synthesized with ancilla_count=0, integer_scale=1/1, coefficient_bound=3
CONST0: MILP-synthesized with ancilla_count=0, integer_scale=1/1, coefficient_bound=3
CONST1: MILP-synthesized with ancilla_count=0, integer_scale=1/1, coefficient_bound=3
MUX2: MILP-synthesized with ancilla_count=0, integer_scale=1/1, coefficient_bound=3
NOT: MILP-synthesized with ancilla_count=0, integer_scale=1/1, coefficient_bound=3
OR2: MILP-synthesized with ancilla_count=0, integer_scale=1/1, coefficient_bound=3
XOR2: MILP-synthesized with ancilla_count=0, integer_scale=1/1, coefficient_bound=3

