================================================================================
 ISING MODEL GENERATION REPORT (100 XOR Gates, a=10%, NAND Mode)
================================================================================
Total Qubits: 330
Theoretical Min Energy (Offset): 0
--------------------------------------------------------------------------------

[1. CUBIC TERMS LIST (With Coefficients)]
cubic_terms_list = [
    '0.5*q[0]*q[1]*q[2]',
    '0.5*q[0]*q[2]*q[3]',
    '0.5*q[1]*q[2]*q[4]',
    '0.5*q[3]*q[4]*q[5]',
    '0.5*q[6]*q[7]*q[8]',
    '0.5*q[6]*q[8]*q[9]',
    '0.5*q[7]*q[8]*q[10]',
    '0.5*q[9]*q[10]*q[11]',
    '0.5*q[12]*q[13]*q[14]',
    '0.5*q[12]*q[14]*q[15]',
    '0.5*q[13]*q[14]*q[16]',
    '0.5*q[15]*q[16]*q[17]',
    '0.5*q[18]*q[19]*q[20]',
    '0.5*q[18]*q[20]*q[21]',
    '0.5*q[19]*q[20]*q[22]',
    '0.5*q[21]*q[22]*q[23]',
    '0.5*q[24]*q[25]*q[26]',
    '0.5*q[24]*q[26]*q[27]',
    '0.5*q[25]*q[26]*q[28]',
    '0.5*q[27]*q[28]*q[29]',
    '0.5*q[30]*q[31]*q[32]',
    '0.5*q[30]*q[32]*q[33]',
    '0.5*q[31]*q[32]*q[34]',
    '0.5*q[33]*q[34]*q[35]',
    '0.5*q[36]*q[37]*q[38]',
    '0.5*q[36]*q[38]*q[39]',
    '0.5*q[37]*q[38]*q[40]',
    '0.5*q[39]*q[40]*q[41]',
    '0.5*q[42]*q[43]*q[44]',
    '0.5*q[42]*q[44]*q[45]',
    '0.5*q[43]*q[44]*q[46]',
    '0.5*q[45]*q[46]*q[47]',
    '0.5*q[48]*q[49]*q[50]',
    '0.5*q[48]*q[50]*q[51]',
    '0.5*q[49]*q[50]*q[52]',
    '0.5*q[51]*q[52]*q[53]',
    '0.5*q[54]*q[55]*q[56]',
    '0.5*q[54]*q[56]*q[57]',
    '0.5*q[55]*q[56]*q[58]',
    '0.5*q[57]*q[58]*q[59]',
    'q[60]*q[61]*q[62]',
    'q[63]*q[64]*q[65]',
    'q[66]*q[67]*q[68]',
    'q[69]*q[70]*q[71]',
    'q[72]*q[73]*q[74]',
    'q[75]*q[76]*q[77]',
    'q[78]*q[79]*q[80]',
    'q[81]*q[82]*q[83]',
    'q[84]*q[85]*q[86]',
    'q[87]*q[88]*q[89]',
    'q[90]*q[91]*q[92]',
    'q[93]*q[94]*q[95]',
    'q[96]*q[97]*q[98]',
    'q[99]*q[100]*q[101]',
    'q[102]*q[103]*q[104]',
    'q[105]*q[106]*q[107]',
    'q[108]*q[109]*q[110]',
    'q[111]*q[112]*q[113]',
    'q[114]*q[115]*q[116]',
    'q[117]*q[118]*q[119]',
    'q[120]*q[121]*q[122]',
    'q[123]*q[124]*q[125]',
    'q[126]*q[127]*q[128]',
    'q[129]*q[130]*q[131]',
    'q[132]*q[133]*q[134]',
    'q[135]*q[136]*q[137]',
    'q[138]*q[139]*q[140]',
    'q[141]*q[142]*q[143]',
    'q[144]*q[145]*q[146]',
    'q[147]*q[148]*q[149]',
    'q[150]*q[151]*q[152]',
    'q[153]*q[154]*q[155]',
    'q[156]*q[157]*q[158]',
    'q[159]*q[160]*q[161]',
    'q[162]*q[163]*q[164]',
    'q[165]*q[166]*q[167]',
    'q[168]*q[169]*q[170]',
    'q[171]*q[172]*q[173]',
    'q[174]*q[175]*q[176]',
    'q[177]*q[178]*q[179]',
    'q[180]*q[181]*q[182]',
    'q[183]*q[184]*q[185]',
    'q[186]*q[187]*q[188]',
    'q[189]*q[190]*q[191]',
    'q[192]*q[193]*q[194]',
    'q[195]*q[196]*q[197]',
    'q[198]*q[199]*q[200]',
    'q[201]*q[202]*q[203]',
    'q[204]*q[205]*q[206]',
    'q[207]*q[208]*q[209]',
    'q[210]*q[211]*q[212]',
    'q[213]*q[214]*q[215]',
    'q[216]*q[217]*q[218]',
    'q[219]*q[220]*q[221]',
    'q[222]*q[223]*q[224]',
    'q[225]*q[226]*q[227]',
    'q[228]*q[229]*q[230]',
    'q[231]*q[232]*q[233]',
    'q[234]*q[235]*q[236]',
    'q[237]*q[238]*q[239]',
    'q[240]*q[241]*q[242]',
    'q[243]*q[244]*q[245]',
    'q[246]*q[247]*q[248]',
    'q[249]*q[250]*q[251]',
    'q[252]*q[253]*q[254]',
    'q[255]*q[256]*q[257]',
    'q[258]*q[259]*q[260]',
    'q[261]*q[262]*q[263]',
    'q[264]*q[265]*q[266]',
    'q[267]*q[268]*q[269]',
    'q[270]*q[271]*q[272]',
    'q[273]*q[274]*q[275]',
    'q[276]*q[277]*q[278]',
    'q[279]*q[280]*q[281]',
    'q[282]*q[283]*q[284]',
    'q[285]*q[286]*q[287]',
    'q[288]*q[289]*q[290]',
    'q[291]*q[292]*q[293]',
    'q[294]*q[295]*q[296]',
    'q[297]*q[298]*q[299]',
    'q[300]*q[301]*q[302]',
    'q[303]*q[304]*q[305]',
    'q[306]*q[307]*q[308]',
    'q[309]*q[310]*q[311]',
    'q[312]*q[313]*q[314]',
    'q[315]*q[316]*q[317]',
    'q[318]*q[319]*q[320]',
    'q[321]*q[322]*q[323]',
    'q[324]*q[325]*q[326]',
    'q[327]*q[328]*q[329]'
]

--------------------------------------------------------------------------------
[2. F_QUADRATIC (Linear + Quadratic terms only)]
1 + -0.5*q[2] + 0.5*q[0]*q[2] + 0.5*q[1]*q[2] + 1 + -0.5*q[3] + 0.5*q[0]*q[3] + 0.5*q[2]*q[3] + 1 + -0.5*q[4] + 0.5*q[1]*q[4] + 0.5*q[2]*q[4] + 1 + -0.5*q[5] + 0.5*q[3]*q[5] + 0.5*q[4]*q[5] + 1 + -0.5*q[8] + 0.5*q[6]*q[8] + 0.5*q[7]*q[8] + 1 + -0.5*q[9] + 0.5*q[6]*q[9] + 0.5*q[8]*q[9] + 1 + -0.5*q[10] + 0.5*q[7]*q[10] + 0.5*q[8]*q[10] + 1 + -0.5*q[11] + 0.5*q[9]*q[11] + 0.5*q[10]*q[11] + 1 + -0.5*q[14] + 0.5*q[12]*q[14] + 0.5*q[13]*q[14] + 1 + -0.5*q[15] + 0.5*q[12]*q[15] + 0.5*q[14]*q[15] + 1 + -0.5*q[16] + 0.5*q[13]*q[16] + 0.5*q[14]*q[16] + 1 + -0.5*q[17] + 0.5*q[15]*q[17] + 0.5*q[16]*q[17] + 1 + -0.5*q[20] + 0.5*q[18]*q[20] + 0.5*q[19]*q[20] + 1 + -0.5*q[21] + 0.5*q[18]*q[21] + 0.5*q[20]*q[21] + 1 + -0.5*q[22] + 0.5*q[19]*q[22] + 0.5*q[20]*q[22] + 1 + -0.5*q[23] + 0.5*q[21]*q[23] + 0.5*q[22]*q[23] + 1 + -0.5*q[26] + 0.5*q[24]*q[26] + 0.5*q[25]*q[26] + 1 + -0.5*q[27] + 0.5*q[24]*q[27] + 0.5*q[26]*q[27] + 1 + -0.5*q[28] + 0.5*q[25]*q[28] + 0.5*q[26]*q[28] + 1 + -0.5*q[29] + 0.5*q[27]*q[29] + 0.5*q[28]*q[29] + 1 + -0.5*q[32] + 0.5*q[30]*q[32] + 0.5*q[31]*q[32] + 1 + -0.5*q[33] + 0.5*q[30]*q[33] + 0.5*q[32]*q[33] + 1 + -0.5*q[34] + 0.5*q[31]*q[34] + 0.5*q[32]*q[34] + 1 + -0.5*q[35] + 0.5*q[33]*q[35] + 0.5*q[34]*q[35] + 1 + -0.5*q[38] + 0.5*q[36]*q[38] + 0.5*q[37]*q[38] + 1 + -0.5*q[39] + 0.5*q[36]*q[39] + 0.5*q[38]*q[39] + 1 + -0.5*q[40] + 0.5*q[37]*q[40] + 0.5*q[38]*q[40] + 1 + -0.5*q[41] + 0.5*q[39]*q[41] + 0.5*q[40]*q[41] + 1 + -0.5*q[44] + 0.5*q[42]*q[44] + 0.5*q[43]*q[44] + 1 + -0.5*q[45] + 0.5*q[42]*q[45] + 0.5*q[44]*q[45] + 1 + -0.5*q[46] + 0.5*q[43]*q[46] + 0.5*q[44]*q[46] + 1 + -0.5*q[47] + 0.5*q[45]*q[47] + 0.5*q[46]*q[47] + 1 + -0.5*q[50] + 0.5*q[48]*q[50] + 0.5*q[49]*q[50] + 1 + -0.5*q[51] + 0.5*q[48]*q[51] + 0.5*q[50]*q[51] + 1 + -0.5*q[52] + 0.5*q[49]*q[52] + 0.5*q[50]*q[52] + 1 + -0.5*q[53] + 0.5*q[51]*q[53] + 0.5*q[52]*q[53] + 1 + -0.5*q[56] + 0.5*q[54]*q[56] + 0.5*q[55]*q[56] + 1 + -0.5*q[57] + 0.5*q[54]*q[57] + 0.5*q[56]*q[57] + 1 + -0.5*q[58] + 0.5*q[55]*q[58] + 0.5*q[56]*q[58] + 1 + -0.5*q[59] + 0.5*q[57]*q[59] + 0.5*q[58]*q[59] + 1 + 1 + 1 + 1 + 1 + 1 + 1 + 1 + 1 + 1 + 1 + 1 + 1 + 1 + 1 + 1 + 1 + 1 + 1 + 1 + 1 + 1 + 1 + 1 + 1 + 1 + 1 + 1 + 1 + 1 + 1 + 1 + 1 + 1 + 1 + 1 + 1 + 1 + 1 + 1 + 1 + 1 + 1 + 1 + 1 + 1 + 1 + 1 + 1 + 1 + 1 + 1 + 1 + 1 + 1 + 1 + 1 + 1 + 1 + 1 + 1 + 1 + 1 + 1 + 1 + 1 + 1 + 1 + 1 + 1 + 1 + 1 + 1 + 1 + 1 + 1 + 1 + 1 + 1 + 1 + 1 + 1 + 1 + 1 + 1 + 1 + 1 + 1 + 1 + 1

--------------------------------------------------------------------------------
[3. F_TOTAL (Full Hamiltonian including Cubic)]
1 + -0.5*q[2] + 0.5*q[0]*q[2] + 0.5*q[1]*q[2] + 1 + -0.5*q[3] + 0.5*q[0]*q[3] + 0.5*q[2]*q[3] + 1 + -0.5*q[4] + 0.5*q[1]*q[4] + 0.5*q[2]*q[4] + 1 + -0.5*q[5] + 0.5*q[3]*q[5] + 0.5*q[4]*q[5] + 1 + -0.5*q[8] + 0.5*q[6]*q[8] + 0.5*q[7]*q[8] + 1 + -0.5*q[9] + 0.5*q[6]*q[9] + 0.5*q[8]*q[9] + 1 + -0.5*q[10] + 0.5*q[7]*q[10] + 0.5*q[8]*q[10] + 1 + -0.5*q[11] + 0.5*q[9]*q[11] + 0.5*q[10]*q[11] + 1 + -0.5*q[14] + 0.5*q[12]*q[14] + 0.5*q[13]*q[14] + 1 + -0.5*q[15] + 0.5*q[12]*q[15] + 0.5*q[14]*q[15] + 1 + -0.5*q[16] + 0.5*q[13]*q[16] + 0.5*q[14]*q[16] + 1 + -0.5*q[17] + 0.5*q[15]*q[17] + 0.5*q[16]*q[17] + 1 + -0.5*q[20] + 0.5*q[18]*q[20] + 0.5*q[19]*q[20] + 1 + -0.5*q[21] + 0.5*q[18]*q[21] + 0.5*q[20]*q[21] + 1 + -0.5*q[22] + 0.5*q[19]*q[22] + 0.5*q[20]*q[22] + 1 + -0.5*q[23] + 0.5*q[21]*q[23] + 0.5*q[22]*q[23] + 1 + -0.5*q[26] + 0.5*q[24]*q[26] + 0.5*q[25]*q[26] + 1 + -0.5*q[27] + 0.5*q[24]*q[27] + 0.5*q[26]*q[27] + 1 + -0.5*q[28] + 0.5*q[25]*q[28] + 0.5*q[26]*q[28] + 1 + -0.5*q[29] + 0.5*q[27]*q[29] + 0.5*q[28]*q[29] + 1 + -0.5*q[32] + 0.5*q[30]*q[32] + 0.5*q[31]*q[32] + 1 + -0.5*q[33] + 0.5*q[30]*q[33] + 0.5*q[32]*q[33] + 1 + -0.5*q[34] + 0.5*q[31]*q[34] + 0.5*q[32]*q[34] + 1 + -0.5*q[35] + 0.5*q[33]*q[35] + 0.5*q[34]*q[35] + 1 + -0.5*q[38] + 0.5*q[36]*q[38] + 0.5*q[37]*q[38] + 1 + -0.5*q[39] + 0.5*q[36]*q[39] + 0.5*q[38]*q[39] + 1 + -0.5*q[40] + 0.5*q[37]*q[40] + 0.5*q[38]*q[40] + 1 + -0.5*q[41] + 0.5*q[39]*q[41] + 0.5*q[40]*q[41] + 1 + -0.5*q[44] + 0.5*q[42]*q[44] + 0.5*q[43]*q[44] + 1 + -0.5*q[45] + 0.5*q[42]*q[45] + 0.5*q[44]*q[45] + 1 + -0.5*q[46] + 0.5*q[43]*q[46] + 0.5*q[44]*q[46] + 1 + -0.5*q[47] + 0.5*q[45]*q[47] + 0.5*q[46]*q[47] + 1 + -0.5*q[50] + 0.5*q[48]*q[50] + 0.5*q[49]*q[50] + 1 + -0.5*q[51] + 0.5*q[48]*q[51] + 0.5*q[50]*q[51] + 1 + -0.5*q[52] + 0.5*q[49]*q[52] + 0.5*q[50]*q[52] + 1 + -0.5*q[53] + 0.5*q[51]*q[53] + 0.5*q[52]*q[53] + 1 + -0.5*q[56] + 0.5*q[54]*q[56] + 0.5*q[55]*q[56] + 1 + -0.5*q[57] + 0.5*q[54]*q[57] + 0.5*q[56]*q[57] + 1 + -0.5*q[58] + 0.5*q[55]*q[58] + 0.5*q[56]*q[58] + 1 + -0.5*q[59] + 0.5*q[57]*q[59] + 0.5*q[58]*q[59] + 1 + 1 + 1 + 1 + 1 + 1 + 1 + 1 + 1 + 1 + 1 + 1 + 1 + 1 + 1 + 1 + 1 + 1 + 1 + 1 + 1 + 1 + 1 + 1 + 1 + 1 + 1 + 1 + 1 + 1 + 1 + 1 + 1 + 1 + 1 + 1 + 1 + 1 + 1 + 1 + 1 + 1 + 1 + 1 + 1 + 1 + 1 + 1 + 1 + 1 + 1 + 1 + 1 + 1 + 1 + 1 + 1 + 1 + 1 + 1 + 1 + 1 + 1 + 1 + 1 + 1 + 1 + 1 + 1 + 1 + 1 + 1 + 1 + 1 + 1 + 1 + 1 + 1 + 1 + 1 + 1 + 1 + 1 + 1 + 1 + 1 + 1 + 1 + 1 + 1 + 0.5*q[0]*q[1]*q[2] + 0.5*q[0]*q[2]*q[3] + 0.5*q[1]*q[2]*q[4] + 0.5*q[3]*q[4]*q[5] + 0.5*q[6]*q[7]*q[8] + 0.5*q[6]*q[8]*q[9] + 0.5*q[7]*q[8]*q[10] + 0.5*q[9]*q[10]*q[11] + 0.5*q[12]*q[13]*q[14] + 0.5*q[12]*q[14]*q[15] + 0.5*q[13]*q[14]*q[16] + 0.5*q[15]*q[16]*q[17] + 0.5*q[18]*q[19]*q[20] + 0.5*q[18]*q[20]*q[21] + 0.5*q[19]*q[20]*q[22] + 0.5*q[21]*q[22]*q[23] + 0.5*q[24]*q[25]*q[26] + 0.5*q[24]*q[26]*q[27] + 0.5*q[25]*q[26]*q[28] + 0.5*q[27]*q[28]*q[29] + 0.5*q[30]*q[31]*q[32] + 0.5*q[30]*q[32]*q[33] + 0.5*q[31]*q[32]*q[34] + 0.5*q[33]*q[34]*q[35] + 0.5*q[36]*q[37]*q[38] + 0.5*q[36]*q[38]*q[39] + 0.5*q[37]*q[38]*q[40] + 0.5*q[39]*q[40]*q[41] + 0.5*q[42]*q[43]*q[44] + 0.5*q[42]*q[44]*q[45] + 0.5*q[43]*q[44]*q[46] + 0.5*q[45]*q[46]*q[47] + 0.5*q[48]*q[49]*q[50] + 0.5*q[48]*q[50]*q[51] + 0.5*q[49]*q[50]*q[52] + 0.5*q[51]*q[52]*q[53] + 0.5*q[54]*q[55]*q[56] + 0.5*q[54]*q[56]*q[57] + 0.5*q[55]*q[56]*q[58] + 0.5*q[57]*q[58]*q[59] + q[60]*q[61]*q[62] + q[63]*q[64]*q[65] + q[66]*q[67]*q[68] + q[69]*q[70]*q[71] + q[72]*q[73]*q[74] + q[75]*q[76]*q[77] + q[78]*q[79]*q[80] + q[81]*q[82]*q[83] + q[84]*q[85]*q[86] + q[87]*q[88]*q[89] + q[90]*q[91]*q[92] + q[93]*q[94]*q[95] + q[96]*q[97]*q[98] + q[99]*q[100]*q[101] + q[102]*q[103]*q[104] + q[105]*q[106]*q[107] + q[108]*q[109]*q[110] + q[111]*q[112]*q[113] + q[114]*q[115]*q[116] + q[117]*q[118]*q[119] + q[120]*q[121]*q[122] + q[123]*q[124]*q[125] + q[126]*q[127]*q[128] + q[129]*q[130]*q[131] + q[132]*q[133]*q[134] + q[135]*q[136]*q[137] + q[138]*q[139]*q[140] + q[141]*q[142]*q[143] + q[144]*q[145]*q[146] + q[147]*q[148]*q[149] + q[150]*q[151]*q[152] + q[153]*q[154]*q[155] + q[156]*q[157]*q[158] + q[159]*q[160]*q[161] + q[162]*q[163]*q[164] + q[165]*q[166]*q[167] + q[168]*q[169]*q[170] + q[171]*q[172]*q[173] + q[174]*q[175]*q[176] + q[177]*q[178]*q[179] + q[180]*q[181]*q[182] + q[183]*q[184]*q[185] + q[186]*q[187]*q[188] + q[189]*q[190]*q[191] + q[192]*q[193]*q[194] + q[195]*q[196]*q[197] + q[198]*q[199]*q[200] + q[201]*q[202]*q[203] + q[204]*q[205]*q[206] + q[207]*q[208]*q[209] + q[210]*q[211]*q[212] + q[213]*q[214]*q[215] + q[216]*q[217]*q[218] + q[219]*q[220]*q[221] + q[222]*q[223]*q[224] + q[225]*q[226]*q[227] + q[228]*q[229]*q[230] + q[231]*q[232]*q[233] + q[234]*q[235]*q[236] + q[237]*q[238]*q[239] + q[240]*q[241]*q[242] + q[243]*q[244]*q[245] + q[246]*q[247]*q[248] + q[249]*q[250]*q[251] + q[252]*q[253]*q[254] + q[255]*q[256]*q[257] + q[258]*q[259]*q[260] + q[261]*q[262]*q[263] + q[264]*q[265]*q[266] + q[267]*q[268]*q[269] + q[270]*q[271]*q[272] + q[273]*q[274]*q[275] + q[276]*q[277]*q[278] + q[279]*q[280]*q[281] + q[282]*q[283]*q[284] + q[285]*q[286]*q[287] + q[288]*q[289]*q[290] + q[291]*q[292]*q[293] + q[294]*q[295]*q[296] + q[297]*q[298]*q[299] + q[300]*q[301]*q[302] + q[303]*q[304]*q[305] + q[306]*q[307]*q[308] + q[309]*q[310]*q[311] + q[312]*q[313]*q[314] + q[315]*q[316]*q[317] + q[318]*q[319]*q[320] + q[321]*q[322]*q[323] + q[324]*q[325]*q[326] + q[327]*q[328]*q[329]

--------------------------------------------------------------------------------
[4. FULL VARIABLE MAPPING]
Index      | Description
--------------------------------------------------
q[0]       : [INPUT] A[0]
q[1]       : [INPUT] B[0]
q[2]       : Comp_XOR_0_nand1_ab
q[3]       : Comp_XOR_0_nand2_a
q[4]       : Comp_XOR_0_nand3_b
q[5]       : [OUTPUT] OUT[0]
q[6]       : [INPUT] A[1]
q[7]       : [INPUT] B[1]
q[8]       : Comp_XOR_1_nand1_ab
q[9]       : Comp_XOR_1_nand2_a
q[10]      : Comp_XOR_1_nand3_b
q[11]      : [OUTPUT] OUT[1]
q[12]      : [INPUT] A[2]
q[13]      : [INPUT] B[2]
q[14]      : Comp_XOR_2_nand1_ab
q[15]      : Comp_XOR_2_nand2_a
q[16]      : Comp_XOR_2_nand3_b
q[17]      : [OUTPUT] OUT[2]
q[18]      : [INPUT] A[3]
q[19]      : [INPUT] B[3]
q[20]      : Comp_XOR_3_nand1_ab
q[21]      : Comp_XOR_3_nand2_a
q[22]      : Comp_XOR_3_nand3_b
q[23]      : [OUTPUT] OUT[3]
q[24]      : [INPUT] A[4]
q[25]      : [INPUT] B[4]
q[26]      : Comp_XOR_4_nand1_ab
q[27]      : Comp_XOR_4_nand2_a
q[28]      : Comp_XOR_4_nand3_b
q[29]      : [OUTPUT] OUT[4]
q[30]      : [INPUT] A[5]
q[31]      : [INPUT] B[5]
q[32]      : Comp_XOR_5_nand1_ab
q[33]      : Comp_XOR_5_nand2_a
q[34]      : Comp_XOR_5_nand3_b
q[35]      : [OUTPUT] OUT[5]
q[36]      : [INPUT] A[6]
q[37]      : [INPUT] B[6]
q[38]      : Comp_XOR_6_nand1_ab
q[39]      : Comp_XOR_6_nand2_a
q[40]      : Comp_XOR_6_nand3_b
q[41]      : [OUTPUT] OUT[6]
q[42]      : [INPUT] A[7]
q[43]      : [INPUT] B[7]
q[44]      : Comp_XOR_7_nand1_ab
q[45]      : Comp_XOR_7_nand2_a
q[46]      : Comp_XOR_7_nand3_b
q[47]      : [OUTPUT] OUT[7]
q[48]      : [INPUT] A[8]
q[49]      : [INPUT] B[8]
q[50]      : Comp_XOR_8_nand1_ab
q[51]      : Comp_XOR_8_nand2_a
q[52]      : Comp_XOR_8_nand3_b
q[53]      : [OUTPUT] OUT[8]
q[54]      : [INPUT] A[9]
q[55]      : [INPUT] B[9]
q[56]      : Comp_XOR_9_nand1_ab
q[57]      : Comp_XOR_9_nand2_a
q[58]      : Comp_XOR_9_nand3_b
q[59]      : [OUTPUT] OUT[9]
q[60]      : [INPUT] A[10]
q[61]      : [INPUT] B[10]
q[62]      : [OUTPUT] OUT[10]
q[63]      : [INPUT] A[11]
q[64]      : [INPUT] B[11]
q[65]      : [OUTPUT] OUT[11]
q[66]      : [INPUT] A[12]
q[67]      : [INPUT] B[12]
q[68]      : [OUTPUT] OUT[12]
q[69]      : [INPUT] A[13]
q[70]      : [INPUT] B[13]
q[71]      : [OUTPUT] OUT[13]
q[72]      : [INPUT] A[14]
q[73]      : [INPUT] B[14]
q[74]      : [OUTPUT] OUT[14]
q[75]      : [INPUT] A[15]
q[76]      : [INPUT] B[15]
q[77]      : [OUTPUT] OUT[15]
q[78]      : [INPUT] A[16]
q[79]      : [INPUT] B[16]
q[80]      : [OUTPUT] OUT[16]
q[81]      : [INPUT] A[17]
q[82]      : [INPUT] B[17]
q[83]      : [OUTPUT] OUT[17]
q[84]      : [INPUT] A[18]
q[85]      : [INPUT] B[18]
q[86]      : [OUTPUT] OUT[18]
q[87]      : [INPUT] A[19]
q[88]      : [INPUT] B[19]
q[89]      : [OUTPUT] OUT[19]
q[90]      : [INPUT] A[20]
q[91]      : [INPUT] B[20]
q[92]      : [OUTPUT] OUT[20]
q[93]      : [INPUT] A[21]
q[94]      : [INPUT] B[21]
q[95]      : [OUTPUT] OUT[21]
q[96]      : [INPUT] A[22]
q[97]      : [INPUT] B[22]
q[98]      : [OUTPUT] OUT[22]
q[99]      : [INPUT] A[23]
q[100]     : [INPUT] B[23]
q[101]     : [OUTPUT] OUT[23]
q[102]     : [INPUT] A[24]
q[103]     : [INPUT] B[24]
q[104]     : [OUTPUT] OUT[24]
q[105]     : [INPUT] A[25]
q[106]     : [INPUT] B[25]
q[107]     : [OUTPUT] OUT[25]
q[108]     : [INPUT] A[26]
q[109]     : [INPUT] B[26]
q[110]     : [OUTPUT] OUT[26]
q[111]     : [INPUT] A[27]
q[112]     : [INPUT] B[27]
q[113]     : [OUTPUT] OUT[27]
q[114]     : [INPUT] A[28]
q[115]     : [INPUT] B[28]
q[116]     : [OUTPUT] OUT[28]
q[117]     : [INPUT] A[29]
q[118]     : [INPUT] B[29]
q[119]     : [OUTPUT] OUT[29]
q[120]     : [INPUT] A[30]
q[121]     : [INPUT] B[30]
q[122]     : [OUTPUT] OUT[30]
q[123]     : [INPUT] A[31]
q[124]     : [INPUT] B[31]
q[125]     : [OUTPUT] OUT[31]
q[126]     : [INPUT] A[32]
q[127]     : [INPUT] B[32]
q[128]     : [OUTPUT] OUT[32]
q[129]     : [INPUT] A[33]
q[130]     : [INPUT] B[33]
q[131]     : [OUTPUT] OUT[33]
q[132]     : [INPUT] A[34]
q[133]     : [INPUT] B[34]
q[134]     : [OUTPUT] OUT[34]
q[135]     : [INPUT] A[35]
q[136]     : [INPUT] B[35]
q[137]     : [OUTPUT] OUT[35]
q[138]     : [INPUT] A[36]
q[139]     : [INPUT] B[36]
q[140]     : [OUTPUT] OUT[36]
q[141]     : [INPUT] A[37]
q[142]     : [INPUT] B[37]
q[143]     : [OUTPUT] OUT[37]
q[144]     : [INPUT] A[38]
q[145]     : [INPUT] B[38]
q[146]     : [OUTPUT] OUT[38]
q[147]     : [INPUT] A[39]
q[148]     : [INPUT] B[39]
q[149]     : [OUTPUT] OUT[39]
q[150]     : [INPUT] A[40]
q[151]     : [INPUT] B[40]
q[152]     : [OUTPUT] OUT[40]
q[153]     : [INPUT] A[41]
q[154]     : [INPUT] B[41]
q[155]     : [OUTPUT] OUT[41]
q[156]     : [INPUT] A[42]
q[157]     : [INPUT] B[42]
q[158]     : [OUTPUT] OUT[42]
q[159]     : [INPUT] A[43]
q[160]     : [INPUT] B[43]
q[161]     : [OUTPUT] OUT[43]
q[162]     : [INPUT] A[44]
q[163]     : [INPUT] B[44]
q[164]     : [OUTPUT] OUT[44]
q[165]     : [INPUT] A[45]
q[166]     : [INPUT] B[45]
q[167]     : [OUTPUT] OUT[45]
q[168]     : [INPUT] A[46]
q[169]     : [INPUT] B[46]
q[170]     : [OUTPUT] OUT[46]
q[171]     : [INPUT] A[47]
q[172]     : [INPUT] B[47]
q[173]     : [OUTPUT] OUT[47]
q[174]     : [INPUT] A[48]
q[175]     : [INPUT] B[48]
q[176]     : [OUTPUT] OUT[48]
q[177]     : [INPUT] A[49]
q[178]     : [INPUT] B[49]
q[179]     : [OUTPUT] OUT[49]
q[180]     : [INPUT] A[50]
q[181]     : [INPUT] B[50]
q[182]     : [OUTPUT] OUT[50]
q[183]     : [INPUT] A[51]
q[184]     : [INPUT] B[51]
q[185]     : [OUTPUT] OUT[51]
q[186]     : [INPUT] A[52]
q[187]     : [INPUT] B[52]
q[188]     : [OUTPUT] OUT[52]
q[189]     : [INPUT] A[53]
q[190]     : [INPUT] B[53]
q[191]     : [OUTPUT] OUT[53]
q[192]     : [INPUT] A[54]
q[193]     : [INPUT] B[54]
q[194]     : [OUTPUT] OUT[54]
q[195]     : [INPUT] A[55]
q[196]     : [INPUT] B[55]
q[197]     : [OUTPUT] OUT[55]
q[198]     : [INPUT] A[56]
q[199]     : [INPUT] B[56]
q[200]     : [OUTPUT] OUT[56]
q[201]     : [INPUT] A[57]
q[202]     : [INPUT] B[57]
q[203]     : [OUTPUT] OUT[57]
q[204]     : [INPUT] A[58]
q[205]     : [INPUT] B[58]
q[206]     : [OUTPUT] OUT[58]
q[207]     : [INPUT] A[59]
q[208]     : [INPUT] B[59]
q[209]     : [OUTPUT] OUT[59]
q[210]     : [INPUT] A[60]
q[211]     : [INPUT] B[60]
q[212]     : [OUTPUT] OUT[60]
q[213]     : [INPUT] A[61]
q[214]     : [INPUT] B[61]
q[215]     : [OUTPUT] OUT[61]
q[216]     : [INPUT] A[62]
q[217]     : [INPUT] B[62]
q[218]     : [OUTPUT] OUT[62]
q[219]     : [INPUT] A[63]
q[220]     : [INPUT] B[63]
q[221]     : [OUTPUT] OUT[63]
q[222]     : [INPUT] A[64]
q[223]     : [INPUT] B[64]
q[224]     : [OUTPUT] OUT[64]
q[225]     : [INPUT] A[65]
q[226]     : [INPUT] B[65]
q[227]     : [OUTPUT] OUT[65]
q[228]     : [INPUT] A[66]
q[229]     : [INPUT] B[66]
q[230]     : [OUTPUT] OUT[66]
q[231]     : [INPUT] A[67]
q[232]     : [INPUT] B[67]
q[233]     : [OUTPUT] OUT[67]
q[234]     : [INPUT] A[68]
q[235]     : [INPUT] B[68]
q[236]     : [OUTPUT] OUT[68]
q[237]     : [INPUT] A[69]
q[238]     : [INPUT] B[69]
q[239]     : [OUTPUT] OUT[69]
q[240]     : [INPUT] A[70]
q[241]     : [INPUT] B[70]
q[242]     : [OUTPUT] OUT[70]
q[243]     : [INPUT] A[71]
q[244]     : [INPUT] B[71]
q[245]     : [OUTPUT] OUT[71]
q[246]     : [INPUT] A[72]
q[247]     : [INPUT] B[72]
q[248]     : [OUTPUT] OUT[72]
q[249]     : [INPUT] A[73]
q[250]     : [INPUT] B[73]
q[251]     : [OUTPUT] OUT[73]
q[252]     : [INPUT] A[74]
q[253]     : [INPUT] B[74]
q[254]     : [OUTPUT] OUT[74]
q[255]     : [INPUT] A[75]
q[256]     : [INPUT] B[75]
q[257]     : [OUTPUT] OUT[75]
q[258]     : [INPUT] A[76]
q[259]     : [INPUT] B[76]
q[260]     : [OUTPUT] OUT[76]
q[261]     : [INPUT] A[77]
q[262]     : [INPUT] B[77]
q[263]     : [OUTPUT] OUT[77]
q[264]     : [INPUT] A[78]
q[265]     : [INPUT] B[78]
q[266]     : [OUTPUT] OUT[78]
q[267]     : [INPUT] A[79]
q[268]     : [INPUT] B[79]
q[269]     : [OUTPUT] OUT[79]
q[270]     : [INPUT] A[80]
q[271]     : [INPUT] B[80]
q[272]     : [OUTPUT] OUT[80]
q[273]     : [INPUT] A[81]
q[274]     : [INPUT] B[81]
q[275]     : [OUTPUT] OUT[81]
q[276]     : [INPUT] A[82]
q[277]     : [INPUT] B[82]
q[278]     : [OUTPUT] OUT[82]
q[279]     : [INPUT] A[83]
q[280]     : [INPUT] B[83]
q[281]     : [OUTPUT] OUT[83]
q[282]     : [INPUT] A[84]
q[283]     : [INPUT] B[84]
q[284]     : [OUTPUT] OUT[84]
q[285]     : [INPUT] A[85]
q[286]     : [INPUT] B[85]
q[287]     : [OUTPUT] OUT[85]
q[288]     : [INPUT] A[86]
q[289]     : [INPUT] B[86]
q[290]     : [OUTPUT] OUT[86]
q[291]     : [INPUT] A[87]
q[292]     : [INPUT] B[87]
q[293]     : [OUTPUT] OUT[87]
q[294]     : [INPUT] A[88]
q[295]     : [INPUT] B[88]
q[296]     : [OUTPUT] OUT[88]
q[297]     : [INPUT] A[89]
q[298]     : [INPUT] B[89]
q[299]     : [OUTPUT] OUT[89]
q[300]     : [INPUT] A[90]
q[301]     : [INPUT] B[90]
q[302]     : [OUTPUT] OUT[90]
q[303]     : [INPUT] A[91]
q[304]     : [INPUT] B[91]
q[305]     : [OUTPUT] OUT[91]
q[306]     : [INPUT] A[92]
q[307]     : [INPUT] B[92]
q[308]     : [OUTPUT] OUT[92]
q[309]     : [INPUT] A[93]
q[310]     : [INPUT] B[93]
q[311]     : [OUTPUT] OUT[93]
q[312]     : [INPUT] A[94]
q[313]     : [INPUT] B[94]
q[314]     : [OUTPUT] OUT[94]
q[315]     : [INPUT] A[95]
q[316]     : [INPUT] B[95]
q[317]     : [OUTPUT] OUT[95]
q[318]     : [INPUT] A[96]
q[319]     : [INPUT] B[96]
q[320]     : [OUTPUT] OUT[96]
q[321]     : [INPUT] A[97]
q[322]     : [INPUT] B[97]
q[323]     : [OUTPUT] OUT[97]
q[324]     : [INPUT] A[98]
q[325]     : [INPUT] B[98]
q[326]     : [OUTPUT] OUT[98]
q[327]     : [INPUT] A[99]
q[328]     : [INPUT] B[99]
q[329]     : [OUTPUT] OUT[99]

================================================================================
 END OF REPORT
================================================================================