================================================================================
 ISING MODEL GENERATION REPORT (100 XOR Gates, a=80%, NAND Mode)
================================================================================
Total Qubits: 540
Theoretical Min Energy (Offset): 0
--------------------------------------------------------------------------------

[1. CUBIC TERMS LIST (With Coefficients)]
cubic_terms_list = [
    '0.5*q[0]*q[1]*q[2]',
    '0.5*q[0]*q[2]*q[3]',
    '0.5*q[1]*q[2]*q[4]',
    '0.5*q[3]*q[4]*q[5]',
    '0.5*q[6]*q[7]*q[8]',
    '0.5*q[6]*q[8]*q[9]',
    '0.5*q[7]*q[8]*q[10]',
    '0.5*q[9]*q[10]*q[11]',
    '0.5*q[12]*q[13]*q[14]',
    '0.5*q[12]*q[14]*q[15]',
    '0.5*q[13]*q[14]*q[16]',
    '0.5*q[15]*q[16]*q[17]',
    '0.5*q[18]*q[19]*q[20]',
    '0.5*q[18]*q[20]*q[21]',
    '0.5*q[19]*q[20]*q[22]',
    '0.5*q[21]*q[22]*q[23]',
    '0.5*q[24]*q[25]*q[26]',
    '0.5*q[24]*q[26]*q[27]',
    '0.5*q[25]*q[26]*q[28]',
    '0.5*q[27]*q[28]*q[29]',
    '0.5*q[30]*q[31]*q[32]',
    '0.5*q[30]*q[32]*q[33]',
    '0.5*q[31]*q[32]*q[34]',
    '0.5*q[33]*q[34]*q[35]',
    '0.5*q[36]*q[37]*q[38]',
    '0.5*q[36]*q[38]*q[39]',
    '0.5*q[37]*q[38]*q[40]',
    '0.5*q[39]*q[40]*q[41]',
    '0.5*q[42]*q[43]*q[44]',
    '0.5*q[42]*q[44]*q[45]',
    '0.5*q[43]*q[44]*q[46]',
    '0.5*q[45]*q[46]*q[47]',
    '0.5*q[48]*q[49]*q[50]',
    '0.5*q[48]*q[50]*q[51]',
    '0.5*q[49]*q[50]*q[52]',
    '0.5*q[51]*q[52]*q[53]',
    '0.5*q[54]*q[55]*q[56]',
    '0.5*q[54]*q[56]*q[57]',
    '0.5*q[55]*q[56]*q[58]',
    '0.5*q[57]*q[58]*q[59]',
    '0.5*q[60]*q[61]*q[62]',
    '0.5*q[60]*q[62]*q[63]',
    '0.5*q[61]*q[62]*q[64]',
    '0.5*q[63]*q[64]*q[65]',
    '0.5*q[66]*q[67]*q[68]',
    '0.5*q[66]*q[68]*q[69]',
    '0.5*q[67]*q[68]*q[70]',
    '0.5*q[69]*q[70]*q[71]',
    '0.5*q[72]*q[73]*q[74]',
    '0.5*q[72]*q[74]*q[75]',
    '0.5*q[73]*q[74]*q[76]',
    '0.5*q[75]*q[76]*q[77]',
    '0.5*q[78]*q[79]*q[80]',
    '0.5*q[78]*q[80]*q[81]',
    '0.5*q[79]*q[80]*q[82]',
    '0.5*q[81]*q[82]*q[83]',
    '0.5*q[84]*q[85]*q[86]',
    '0.5*q[84]*q[86]*q[87]',
    '0.5*q[85]*q[86]*q[88]',
    '0.5*q[87]*q[88]*q[89]',
    '0.5*q[90]*q[91]*q[92]',
    '0.5*q[90]*q[92]*q[93]',
    '0.5*q[91]*q[92]*q[94]',
    '0.5*q[93]*q[94]*q[95]',
    '0.5*q[96]*q[97]*q[98]',
    '0.5*q[96]*q[98]*q[99]',
    '0.5*q[97]*q[98]*q[100]',
    '0.5*q[99]*q[100]*q[101]',
    '0.5*q[102]*q[103]*q[104]',
    '0.5*q[102]*q[104]*q[105]',
    '0.5*q[103]*q[104]*q[106]',
    '0.5*q[105]*q[106]*q[107]',
    '0.5*q[108]*q[109]*q[110]',
    '0.5*q[108]*q[110]*q[111]',
    '0.5*q[109]*q[110]*q[112]',
    '0.5*q[111]*q[112]*q[113]',
    '0.5*q[114]*q[115]*q[116]',
    '0.5*q[114]*q[116]*q[117]',
    '0.5*q[115]*q[116]*q[118]',
    '0.5*q[117]*q[118]*q[119]',
    '0.5*q[120]*q[121]*q[122]',
    '0.5*q[120]*q[122]*q[123]',
    '0.5*q[121]*q[122]*q[124]',
    '0.5*q[123]*q[124]*q[125]',
    '0.5*q[126]*q[127]*q[128]',
    '0.5*q[126]*q[128]*q[129]',
    '0.5*q[127]*q[128]*q[130]',
    '0.5*q[129]*q[130]*q[131]',
    '0.5*q[132]*q[133]*q[134]',
    '0.5*q[132]*q[134]*q[135]',
    '0.5*q[133]*q[134]*q[136]',
    '0.5*q[135]*q[136]*q[137]',
    '0.5*q[138]*q[139]*q[140]',
    '0.5*q[138]*q[140]*q[141]',
    '0.5*q[139]*q[140]*q[142]',
    '0.5*q[141]*q[142]*q[143]',
    '0.5*q[144]*q[145]*q[146]',
    '0.5*q[144]*q[146]*q[147]',
    '0.5*q[145]*q[146]*q[148]',
    '0.5*q[147]*q[148]*q[149]',
    '0.5*q[150]*q[151]*q[152]',
    '0.5*q[150]*q[152]*q[153]',
    '0.5*q[151]*q[152]*q[154]',
    '0.5*q[153]*q[154]*q[155]',
    '0.5*q[156]*q[157]*q[158]',
    '0.5*q[156]*q[158]*q[159]',
    '0.5*q[157]*q[158]*q[160]',
    '0.5*q[159]*q[160]*q[161]',
    '0.5*q[162]*q[163]*q[164]',
    '0.5*q[162]*q[164]*q[165]',
    '0.5*q[163]*q[164]*q[166]',
    '0.5*q[165]*q[166]*q[167]',
    '0.5*q[168]*q[169]*q[170]',
    '0.5*q[168]*q[170]*q[171]',
    '0.5*q[169]*q[170]*q[172]',
    '0.5*q[171]*q[172]*q[173]',
    '0.5*q[174]*q[175]*q[176]',
    '0.5*q[174]*q[176]*q[177]',
    '0.5*q[175]*q[176]*q[178]',
    '0.5*q[177]*q[178]*q[179]',
    '0.5*q[180]*q[181]*q[182]',
    '0.5*q[180]*q[182]*q[183]',
    '0.5*q[181]*q[182]*q[184]',
    '0.5*q[183]*q[184]*q[185]',
    '0.5*q[186]*q[187]*q[188]',
    '0.5*q[186]*q[188]*q[189]',
    '0.5*q[187]*q[188]*q[190]',
    '0.5*q[189]*q[190]*q[191]',
    '0.5*q[192]*q[193]*q[194]',
    '0.5*q[192]*q[194]*q[195]',
    '0.5*q[193]*q[194]*q[196]',
    '0.5*q[195]*q[196]*q[197]',
    '0.5*q[198]*q[199]*q[200]',
    '0.5*q[198]*q[200]*q[201]',
    '0.5*q[199]*q[200]*q[202]',
    '0.5*q[201]*q[202]*q[203]',
    '0.5*q[204]*q[205]*q[206]',
    '0.5*q[204]*q[206]*q[207]',
    '0.5*q[205]*q[206]*q[208]',
    '0.5*q[207]*q[208]*q[209]',
    '0.5*q[210]*q[211]*q[212]',
    '0.5*q[210]*q[212]*q[213]',
    '0.5*q[211]*q[212]*q[214]',
    '0.5*q[213]*q[214]*q[215]',
    '0.5*q[216]*q[217]*q[218]',
    '0.5*q[216]*q[218]*q[219]',
    '0.5*q[217]*q[218]*q[220]',
    '0.5*q[219]*q[220]*q[221]',
    '0.5*q[222]*q[223]*q[224]',
    '0.5*q[222]*q[224]*q[225]',
    '0.5*q[223]*q[224]*q[226]',
    '0.5*q[225]*q[226]*q[227]',
    '0.5*q[228]*q[229]*q[230]',
    '0.5*q[228]*q[230]*q[231]',
    '0.5*q[229]*q[230]*q[232]',
    '0.5*q[231]*q[232]*q[233]',
    '0.5*q[234]*q[235]*q[236]',
    '0.5*q[234]*q[236]*q[237]',
    '0.5*q[235]*q[236]*q[238]',
    '0.5*q[237]*q[238]*q[239]',
    '0.5*q[240]*q[241]*q[242]',
    '0.5*q[240]*q[242]*q[243]',
    '0.5*q[241]*q[242]*q[244]',
    '0.5*q[243]*q[244]*q[245]',
    '0.5*q[246]*q[247]*q[248]',
    '0.5*q[246]*q[248]*q[249]',
    '0.5*q[247]*q[248]*q[250]',
    '0.5*q[249]*q[250]*q[251]',
    '0.5*q[252]*q[253]*q[254]',
    '0.5*q[252]*q[254]*q[255]',
    '0.5*q[253]*q[254]*q[256]',
    '0.5*q[255]*q[256]*q[257]',
    '0.5*q[258]*q[259]*q[260]',
    '0.5*q[258]*q[260]*q[261]',
    '0.5*q[259]*q[260]*q[262]',
    '0.5*q[261]*q[262]*q[263]',
    '0.5*q[264]*q[265]*q[266]',
    '0.5*q[264]*q[266]*q[267]',
    '0.5*q[265]*q[266]*q[268]',
    '0.5*q[267]*q[268]*q[269]',
    '0.5*q[270]*q[271]*q[272]',
    '0.5*q[270]*q[272]*q[273]',
    '0.5*q[271]*q[272]*q[274]',
    '0.5*q[273]*q[274]*q[275]',
    '0.5*q[276]*q[277]*q[278]',
    '0.5*q[276]*q[278]*q[279]',
    '0.5*q[277]*q[278]*q[280]',
    '0.5*q[279]*q[280]*q[281]',
    '0.5*q[282]*q[283]*q[284]',
    '0.5*q[282]*q[284]*q[285]',
    '0.5*q[283]*q[284]*q[286]',
    '0.5*q[285]*q[286]*q[287]',
    '0.5*q[288]*q[289]*q[290]',
    '0.5*q[288]*q[290]*q[291]',
    '0.5*q[289]*q[290]*q[292]',
    '0.5*q[291]*q[292]*q[293]',
    '0.5*q[294]*q[295]*q[296]',
    '0.5*q[294]*q[296]*q[297]',
    '0.5*q[295]*q[296]*q[298]',
    '0.5*q[297]*q[298]*q[299]',
    '0.5*q[300]*q[301]*q[302]',
    '0.5*q[300]*q[302]*q[303]',
    '0.5*q[301]*q[302]*q[304]',
    '0.5*q[303]*q[304]*q[305]',
    '0.5*q[306]*q[307]*q[308]',
    '0.5*q[306]*q[308]*q[309]',
    '0.5*q[307]*q[308]*q[310]',
    '0.5*q[309]*q[310]*q[311]',
    '0.5*q[312]*q[313]*q[314]',
    '0.5*q[312]*q[314]*q[315]',
    '0.5*q[313]*q[314]*q[316]',
    '0.5*q[315]*q[316]*q[317]',
    '0.5*q[318]*q[319]*q[320]',
    '0.5*q[318]*q[320]*q[321]',
    '0.5*q[319]*q[320]*q[322]',
    '0.5*q[321]*q[322]*q[323]',
    '0.5*q[324]*q[325]*q[326]',
    '0.5*q[324]*q[326]*q[327]',
    '0.5*q[325]*q[326]*q[328]',
    '0.5*q[327]*q[328]*q[329]',
    '0.5*q[330]*q[331]*q[332]',
    '0.5*q[330]*q[332]*q[333]',
    '0.5*q[331]*q[332]*q[334]',
    '0.5*q[333]*q[334]*q[335]',
    '0.5*q[336]*q[337]*q[338]',
    '0.5*q[336]*q[338]*q[339]',
    '0.5*q[337]*q[338]*q[340]',
    '0.5*q[339]*q[340]*q[341]',
    '0.5*q[342]*q[343]*q[344]',
    '0.5*q[342]*q[344]*q[345]',
    '0.5*q[343]*q[344]*q[346]',
    '0.5*q[345]*q[346]*q[347]',
    '0.5*q[348]*q[349]*q[350]',
    '0.5*q[348]*q[350]*q[351]',
    '0.5*q[349]*q[350]*q[352]',
    '0.5*q[351]*q[352]*q[353]',
    '0.5*q[354]*q[355]*q[356]',
    '0.5*q[354]*q[356]*q[357]',
    '0.5*q[355]*q[356]*q[358]',
    '0.5*q[357]*q[358]*q[359]',
    '0.5*q[360]*q[361]*q[362]',
    '0.5*q[360]*q[362]*q[363]',
    '0.5*q[361]*q[362]*q[364]',
    '0.5*q[363]*q[364]*q[365]',
    '0.5*q[366]*q[367]*q[368]',
    '0.5*q[366]*q[368]*q[369]',
    '0.5*q[367]*q[368]*q[370]',
    '0.5*q[369]*q[370]*q[371]',
    '0.5*q[372]*q[373]*q[374]',
    '0.5*q[372]*q[374]*q[375]',
    '0.5*q[373]*q[374]*q[376]',
    '0.5*q[375]*q[376]*q[377]',
    '0.5*q[378]*q[379]*q[380]',
    '0.5*q[378]*q[380]*q[381]',
    '0.5*q[379]*q[380]*q[382]',
    '0.5*q[381]*q[382]*q[383]',
    '0.5*q[384]*q[385]*q[386]',
    '0.5*q[384]*q[386]*q[387]',
    '0.5*q[385]*q[386]*q[388]',
    '0.5*q[387]*q[388]*q[389]',
    '0.5*q[390]*q[391]*q[392]',
    '0.5*q[390]*q[392]*q[393]',
    '0.5*q[391]*q[392]*q[394]',
    '0.5*q[393]*q[394]*q[395]',
    '0.5*q[396]*q[397]*q[398]',
    '0.5*q[396]*q[398]*q[399]',
    '0.5*q[397]*q[398]*q[400]',
    '0.5*q[399]*q[400]*q[401]',
    '0.5*q[402]*q[403]*q[404]',
    '0.5*q[402]*q[404]*q[405]',
    '0.5*q[403]*q[404]*q[406]',
    '0.5*q[405]*q[406]*q[407]',
    '0.5*q[408]*q[409]*q[410]',
    '0.5*q[408]*q[410]*q[411]',
    '0.5*q[409]*q[410]*q[412]',
    '0.5*q[411]*q[412]*q[413]',
    '0.5*q[414]*q[415]*q[416]',
    '0.5*q[414]*q[416]*q[417]',
    '0.5*q[415]*q[416]*q[418]',
    '0.5*q[417]*q[418]*q[419]',
    '0.5*q[420]*q[421]*q[422]',
    '0.5*q[420]*q[422]*q[423]',
    '0.5*q[421]*q[422]*q[424]',
    '0.5*q[423]*q[424]*q[425]',
    '0.5*q[426]*q[427]*q[428]',
    '0.5*q[426]*q[428]*q[429]',
    '0.5*q[427]*q[428]*q[430]',
    '0.5*q[429]*q[430]*q[431]',
    '0.5*q[432]*q[433]*q[434]',
    '0.5*q[432]*q[434]*q[435]',
    '0.5*q[433]*q[434]*q[436]',
    '0.5*q[435]*q[436]*q[437]',
    '0.5*q[438]*q[439]*q[440]',
    '0.5*q[438]*q[440]*q[441]',
    '0.5*q[439]*q[440]*q[442]',
    '0.5*q[441]*q[442]*q[443]',
    '0.5*q[444]*q[445]*q[446]',
    '0.5*q[444]*q[446]*q[447]',
    '0.5*q[445]*q[446]*q[448]',
    '0.5*q[447]*q[448]*q[449]',
    '0.5*q[450]*q[451]*q[452]',
    '0.5*q[450]*q[452]*q[453]',
    '0.5*q[451]*q[452]*q[454]',
    '0.5*q[453]*q[454]*q[455]',
    '0.5*q[456]*q[457]*q[458]',
    '0.5*q[456]*q[458]*q[459]',
    '0.5*q[457]*q[458]*q[460]',
    '0.5*q[459]*q[460]*q[461]',
    '0.5*q[462]*q[463]*q[464]',
    '0.5*q[462]*q[464]*q[465]',
    '0.5*q[463]*q[464]*q[466]',
    '0.5*q[465]*q[466]*q[467]',
    '0.5*q[468]*q[469]*q[470]',
    '0.5*q[468]*q[470]*q[471]',
    '0.5*q[469]*q[470]*q[472]',
    '0.5*q[471]*q[472]*q[473]',
    '0.5*q[474]*q[475]*q[476]',
    '0.5*q[474]*q[476]*q[477]',
    '0.5*q[475]*q[476]*q[478]',
    '0.5*q[477]*q[478]*q[479]',
    'q[480]*q[481]*q[482]',
    'q[483]*q[484]*q[485]',
    'q[486]*q[487]*q[488]',
    'q[489]*q[490]*q[491]',
    'q[492]*q[493]*q[494]',
    'q[495]*q[496]*q[497]',
    'q[498]*q[499]*q[500]',
    'q[501]*q[502]*q[503]',
    'q[504]*q[505]*q[506]',
    'q[507]*q[508]*q[509]',
    'q[510]*q[511]*q[512]',
    'q[513]*q[514]*q[515]',
    'q[516]*q[517]*q[518]',
    'q[519]*q[520]*q[521]',
    'q[522]*q[523]*q[524]',
    'q[525]*q[526]*q[527]',
    'q[528]*q[529]*q[530]',
    'q[531]*q[532]*q[533]',
    'q[534]*q[535]*q[536]',
    'q[537]*q[538]*q[539]'
]

--------------------------------------------------------------------------------
[2. F_QUADRATIC (Linear + Quadratic terms only)]
1 + -0.5*q[2] + 0.5*q[0]*q[2] + 0.5*q[1]*q[2] + 1 + -0.5*q[3] + 0.5*q[0]*q[3] + 0.5*q[2]*q[3] + 1 + -0.5*q[4] + 0.5*q[1]*q[4] + 0.5*q[2]*q[4] + 1 + -0.5*q[5] + 0.5*q[3]*q[5] + 0.5*q[4]*q[5] + 1 + -0.5*q[8] + 0.5*q[6]*q[8] + 0.5*q[7]*q[8] + 1 + -0.5*q[9] + 0.5*q[6]*q[9] + 0.5*q[8]*q[9] + 1 + -0.5*q[10] + 0.5*q[7]*q[10] + 0.5*q[8]*q[10] + 1 + -0.5*q[11] + 0.5*q[9]*q[11] + 0.5*q[10]*q[11] + 1 + -0.5*q[14] + 0.5*q[12]*q[14] + 0.5*q[13]*q[14] + 1 + -0.5*q[15] + 0.5*q[12]*q[15] + 0.5*q[14]*q[15] + 1 + -0.5*q[16] + 0.5*q[13]*q[16] + 0.5*q[14]*q[16] + 1 + -0.5*q[17] + 0.5*q[15]*q[17] + 0.5*q[16]*q[17] + 1 + -0.5*q[20] + 0.5*q[18]*q[20] + 0.5*q[19]*q[20] + 1 + -0.5*q[21] + 0.5*q[18]*q[21] + 0.5*q[20]*q[21] + 1 + -0.5*q[22] + 0.5*q[19]*q[22] + 0.5*q[20]*q[22] + 1 + -0.5*q[23] + 0.5*q[21]*q[23] + 0.5*q[22]*q[23] + 1 + -0.5*q[26] + 0.5*q[24]*q[26] + 0.5*q[25]*q[26] + 1 + -0.5*q[27] + 0.5*q[24]*q[27] + 0.5*q[26]*q[27] + 1 + -0.5*q[28] + 0.5*q[25]*q[28] + 0.5*q[26]*q[28] + 1 + -0.5*q[29] + 0.5*q[27]*q[29] + 0.5*q[28]*q[29] + 1 + -0.5*q[32] + 0.5*q[30]*q[32] + 0.5*q[31]*q[32] + 1 + -0.5*q[33] + 0.5*q[30]*q[33] + 0.5*q[32]*q[33] + 1 + -0.5*q[34] + 0.5*q[31]*q[34] + 0.5*q[32]*q[34] + 1 + -0.5*q[35] + 0.5*q[33]*q[35] + 0.5*q[34]*q[35] + 1 + -0.5*q[38] + 0.5*q[36]*q[38] + 0.5*q[37]*q[38] + 1 + -0.5*q[39] + 0.5*q[36]*q[39] + 0.5*q[38]*q[39] + 1 + -0.5*q[40] + 0.5*q[37]*q[40] + 0.5*q[38]*q[40] + 1 + -0.5*q[41] + 0.5*q[39]*q[41] + 0.5*q[40]*q[41] + 1 + -0.5*q[44] + 0.5*q[42]*q[44] + 0.5*q[43]*q[44] + 1 + -0.5*q[45] + 0.5*q[42]*q[45] + 0.5*q[44]*q[45] + 1 + -0.5*q[46] + 0.5*q[43]*q[46] + 0.5*q[44]*q[46] + 1 + -0.5*q[47] + 0.5*q[45]*q[47] + 0.5*q[46]*q[47] + 1 + -0.5*q[50] + 0.5*q[48]*q[50] + 0.5*q[49]*q[50] + 1 + -0.5*q[51] + 0.5*q[48]*q[51] + 0.5*q[50]*q[51] + 1 + -0.5*q[52] + 0.5*q[49]*q[52] + 0.5*q[50]*q[52] + 1 + -0.5*q[53] + 0.5*q[51]*q[53] + 0.5*q[52]*q[53] + 1 + -0.5*q[56] + 0.5*q[54]*q[56] + 0.5*q[55]*q[56] + 1 + -0.5*q[57] + 0.5*q[54]*q[57] + 0.5*q[56]*q[57] + 1 + -0.5*q[58] + 0.5*q[55]*q[58] + 0.5*q[56]*q[58] + 1 + -0.5*q[59] + 0.5*q[57]*q[59] + 0.5*q[58]*q[59] + 1 + -0.5*q[62] + 0.5*q[60]*q[62] + 0.5*q[61]*q[62] + 1 + -0.5*q[63] + 0.5*q[60]*q[63] + 0.5*q[62]*q[63] + 1 + -0.5*q[64] + 0.5*q[61]*q[64] + 0.5*q[62]*q[64] + 1 + -0.5*q[65] + 0.5*q[63]*q[65] + 0.5*q[64]*q[65] + 1 + -0.5*q[68] + 0.5*q[66]*q[68] + 0.5*q[67]*q[68] + 1 + -0.5*q[69] + 0.5*q[66]*q[69] + 0.5*q[68]*q[69] + 1 + -0.5*q[70] + 0.5*q[67]*q[70] + 0.5*q[68]*q[70] + 1 + -0.5*q[71] + 0.5*q[69]*q[71] + 0.5*q[70]*q[71] + 1 + -0.5*q[74] + 0.5*q[72]*q[74] + 0.5*q[73]*q[74] + 1 + -0.5*q[75] + 0.5*q[72]*q[75] + 0.5*q[74]*q[75] + 1 + -0.5*q[76] + 0.5*q[73]*q[76] + 0.5*q[74]*q[76] + 1 + -0.5*q[77] + 0.5*q[75]*q[77] + 0.5*q[76]*q[77] + 1 + -0.5*q[80] + 0.5*q[78]*q[80] + 0.5*q[79]*q[80] + 1 + -0.5*q[81] + 0.5*q[78]*q[81] + 0.5*q[80]*q[81] + 1 + -0.5*q[82] + 0.5*q[79]*q[82] + 0.5*q[80]*q[82] + 1 + -0.5*q[83] + 0.5*q[81]*q[83] + 0.5*q[82]*q[83] + 1 + -0.5*q[86] + 0.5*q[84]*q[86] + 0.5*q[85]*q[86] + 1 + -0.5*q[87] + 0.5*q[84]*q[87] + 0.5*q[86]*q[87] + 1 + -0.5*q[88] + 0.5*q[85]*q[88] + 0.5*q[86]*q[88] + 1 + -0.5*q[89] + 0.5*q[87]*q[89] + 0.5*q[88]*q[89] + 1 + -0.5*q[92] + 0.5*q[90]*q[92] + 0.5*q[91]*q[92] + 1 + -0.5*q[93] + 0.5*q[90]*q[93] + 0.5*q[92]*q[93] + 1 + -0.5*q[94] + 0.5*q[91]*q[94] + 0.5*q[92]*q[94] + 1 + -0.5*q[95] + 0.5*q[93]*q[95] + 0.5*q[94]*q[95] + 1 + -0.5*q[98] + 0.5*q[96]*q[98] + 0.5*q[97]*q[98] + 1 + -0.5*q[99] + 0.5*q[96]*q[99] + 0.5*q[98]*q[99] + 1 + -0.5*q[100] + 0.5*q[97]*q[100] + 0.5*q[98]*q[100] + 1 + -0.5*q[101] + 0.5*q[99]*q[101] + 0.5*q[100]*q[101] + 1 + -0.5*q[104] + 0.5*q[102]*q[104] + 0.5*q[103]*q[104] + 1 + -0.5*q[105] + 0.5*q[102]*q[105] + 0.5*q[104]*q[105] + 1 + -0.5*q[106] + 0.5*q[103]*q[106] + 0.5*q[104]*q[106] + 1 + -0.5*q[107] + 0.5*q[105]*q[107] + 0.5*q[106]*q[107] + 1 + -0.5*q[110] + 0.5*q[108]*q[110] + 0.5*q[109]*q[110] + 1 + -0.5*q[111] + 0.5*q[108]*q[111] + 0.5*q[110]*q[111] + 1 + -0.5*q[112] + 0.5*q[109]*q[112] + 0.5*q[110]*q[112] + 1 + -0.5*q[113] + 0.5*q[111]*q[113] + 0.5*q[112]*q[113] + 1 + -0.5*q[116] + 0.5*q[114]*q[116] + 0.5*q[115]*q[116] + 1 + -0.5*q[117] + 0.5*q[114]*q[117] + 0.5*q[116]*q[117] + 1 + -0.5*q[118] + 0.5*q[115]*q[118] + 0.5*q[116]*q[118] + 1 + -0.5*q[119] + 0.5*q[117]*q[119] + 0.5*q[118]*q[119] + 1 + -0.5*q[122] + 0.5*q[120]*q[122] + 0.5*q[121]*q[122] + 1 + -0.5*q[123] + 0.5*q[120]*q[123] + 0.5*q[122]*q[123] + 1 + -0.5*q[124] + 0.5*q[121]*q[124] + 0.5*q[122]*q[124] + 1 + -0.5*q[125] + 0.5*q[123]*q[125] + 0.5*q[124]*q[125] + 1 + -0.5*q[128] + 0.5*q[126]*q[128] + 0.5*q[127]*q[128] + 1 + -0.5*q[129] + 0.5*q[126]*q[129] + 0.5*q[128]*q[129] + 1 + -0.5*q[130] + 0.5*q[127]*q[130] + 0.5*q[128]*q[130] + 1 + -0.5*q[131] + 0.5*q[129]*q[131] + 0.5*q[130]*q[131] + 1 + -0.5*q[134] + 0.5*q[132]*q[134] + 0.5*q[133]*q[134] + 1 + -0.5*q[135] + 0.5*q[132]*q[135] + 0.5*q[134]*q[135] + 1 + -0.5*q[136] + 0.5*q[133]*q[136] + 0.5*q[134]*q[136] + 1 + -0.5*q[137] + 0.5*q[135]*q[137] + 0.5*q[136]*q[137] + 1 + -0.5*q[140] + 0.5*q[138]*q[140] + 0.5*q[139]*q[140] + 1 + -0.5*q[141] + 0.5*q[138]*q[141] + 0.5*q[140]*q[141] + 1 + -0.5*q[142] + 0.5*q[139]*q[142] + 0.5*q[140]*q[142] + 1 + -0.5*q[143] + 0.5*q[141]*q[143] + 0.5*q[142]*q[143] + 1 + -0.5*q[146] + 0.5*q[144]*q[146] + 0.5*q[145]*q[146] + 1 + -0.5*q[147] + 0.5*q[144]*q[147] + 0.5*q[146]*q[147] + 1 + -0.5*q[148] + 0.5*q[145]*q[148] + 0.5*q[146]*q[148] + 1 + -0.5*q[149] + 0.5*q[147]*q[149] + 0.5*q[148]*q[149] + 1 + -0.5*q[152] + 0.5*q[150]*q[152] + 0.5*q[151]*q[152] + 1 + -0.5*q[153] + 0.5*q[150]*q[153] + 0.5*q[152]*q[153] + 1 + -0.5*q[154] + 0.5*q[151]*q[154] + 0.5*q[152]*q[154] + 1 + -0.5*q[155] + 0.5*q[153]*q[155] + 0.5*q[154]*q[155] + 1 + -0.5*q[158] + 0.5*q[156]*q[158] + 0.5*q[157]*q[158] + 1 + -0.5*q[159] + 0.5*q[156]*q[159] + 0.5*q[158]*q[159] + 1 + -0.5*q[160] + 0.5*q[157]*q[160] + 0.5*q[158]*q[160] + 1 + -0.5*q[161] + 0.5*q[159]*q[161] + 0.5*q[160]*q[161] + 1 + -0.5*q[164] + 0.5*q[162]*q[164] + 0.5*q[163]*q[164] + 1 + -0.5*q[165] + 0.5*q[162]*q[165] + 0.5*q[164]*q[165] + 1 + -0.5*q[166] + 0.5*q[163]*q[166] + 0.5*q[164]*q[166] + 1 + -0.5*q[167] + 0.5*q[165]*q[167] + 0.5*q[166]*q[167] + 1 + -0.5*q[170] + 0.5*q[168]*q[170] + 0.5*q[169]*q[170] + 1 + -0.5*q[171] + 0.5*q[168]*q[171] + 0.5*q[170]*q[171] + 1 + -0.5*q[172] + 0.5*q[169]*q[172] + 0.5*q[170]*q[172] + 1 + -0.5*q[173] + 0.5*q[171]*q[173] + 0.5*q[172]*q[173] + 1 + -0.5*q[176] + 0.5*q[174]*q[176] + 0.5*q[175]*q[176] + 1 + -0.5*q[177] + 0.5*q[174]*q[177] + 0.5*q[176]*q[177] + 1 + -0.5*q[178] + 0.5*q[175]*q[178] + 0.5*q[176]*q[178] + 1 + -0.5*q[179] + 0.5*q[177]*q[179] + 0.5*q[178]*q[179] + 1 + -0.5*q[182] + 0.5*q[180]*q[182] + 0.5*q[181]*q[182] + 1 + -0.5*q[183] + 0.5*q[180]*q[183] + 0.5*q[182]*q[183] + 1 + -0.5*q[184] + 0.5*q[181]*q[184] + 0.5*q[182]*q[184] + 1 + -0.5*q[185] + 0.5*q[183]*q[185] + 0.5*q[184]*q[185] + 1 + -0.5*q[188] + 0.5*q[186]*q[188] + 0.5*q[187]*q[188] + 1 + -0.5*q[189] + 0.5*q[186]*q[189] + 0.5*q[188]*q[189] + 1 + -0.5*q[190] + 0.5*q[187]*q[190] + 0.5*q[188]*q[190] + 1 + -0.5*q[191] + 0.5*q[189]*q[191] + 0.5*q[190]*q[191] + 1 + -0.5*q[194] + 0.5*q[192]*q[194] + 0.5*q[193]*q[194] + 1 + -0.5*q[195] + 0.5*q[192]*q[195] + 0.5*q[194]*q[195] + 1 + -0.5*q[196] + 0.5*q[193]*q[196] + 0.5*q[194]*q[196] + 1 + -0.5*q[197] + 0.5*q[195]*q[197] + 0.5*q[196]*q[197] + 1 + -0.5*q[200] + 0.5*q[198]*q[200] + 0.5*q[199]*q[200] + 1 + -0.5*q[201] + 0.5*q[198]*q[201] + 0.5*q[200]*q[201] + 1 + -0.5*q[202] + 0.5*q[199]*q[202] + 0.5*q[200]*q[202] + 1 + -0.5*q[203] + 0.5*q[201]*q[203] + 0.5*q[202]*q[203] + 1 + -0.5*q[206] + 0.5*q[204]*q[206] + 0.5*q[205]*q[206] + 1 + -0.5*q[207] + 0.5*q[204]*q[207] + 0.5*q[206]*q[207] + 1 + -0.5*q[208] + 0.5*q[205]*q[208] + 0.5*q[206]*q[208] + 1 + -0.5*q[209] + 0.5*q[207]*q[209] + 0.5*q[208]*q[209] + 1 + -0.5*q[212] + 0.5*q[210]*q[212] + 0.5*q[211]*q[212] + 1 + -0.5*q[213] + 0.5*q[210]*q[213] + 0.5*q[212]*q[213] + 1 + -0.5*q[214] + 0.5*q[211]*q[214] + 0.5*q[212]*q[214] + 1 + -0.5*q[215] + 0.5*q[213]*q[215] + 0.5*q[214]*q[215] + 1 + -0.5*q[218] + 0.5*q[216]*q[218] + 0.5*q[217]*q[218] + 1 + -0.5*q[219] + 0.5*q[216]*q[219] + 0.5*q[218]*q[219] + 1 + -0.5*q[220] + 0.5*q[217]*q[220] + 0.5*q[218]*q[220] + 1 + -0.5*q[221] + 0.5*q[219]*q[221] + 0.5*q[220]*q[221] + 1 + -0.5*q[224] + 0.5*q[222]*q[224] + 0.5*q[223]*q[224] + 1 + -0.5*q[225] + 0.5*q[222]*q[225] + 0.5*q[224]*q[225] + 1 + -0.5*q[226] + 0.5*q[223]*q[226] + 0.5*q[224]*q[226] + 1 + -0.5*q[227] + 0.5*q[225]*q[227] + 0.5*q[226]*q[227] + 1 + -0.5*q[230] + 0.5*q[228]*q[230] + 0.5*q[229]*q[230] + 1 + -0.5*q[231] + 0.5*q[228]*q[231] + 0.5*q[230]*q[231] + 1 + -0.5*q[232] + 0.5*q[229]*q[232] + 0.5*q[230]*q[232] + 1 + -0.5*q[233] + 0.5*q[231]*q[233] + 0.5*q[232]*q[233] + 1 + -0.5*q[236] + 0.5*q[234]*q[236] + 0.5*q[235]*q[236] + 1 + -0.5*q[237] + 0.5*q[234]*q[237] + 0.5*q[236]*q[237] + 1 + -0.5*q[238] + 0.5*q[235]*q[238] + 0.5*q[236]*q[238] + 1 + -0.5*q[239] + 0.5*q[237]*q[239] + 0.5*q[238]*q[239] + 1 + -0.5*q[242] + 0.5*q[240]*q[242] + 0.5*q[241]*q[242] + 1 + -0.5*q[243] + 0.5*q[240]*q[243] + 0.5*q[242]*q[243] + 1 + -0.5*q[244] + 0.5*q[241]*q[244] + 0.5*q[242]*q[244] + 1 + -0.5*q[245] + 0.5*q[243]*q[245] + 0.5*q[244]*q[245] + 1 + -0.5*q[248] + 0.5*q[246]*q[248] + 0.5*q[247]*q[248] + 1 + -0.5*q[249] + 0.5*q[246]*q[249] + 0.5*q[248]*q[249] + 1 + -0.5*q[250] + 0.5*q[247]*q[250] + 0.5*q[248]*q[250] + 1 + -0.5*q[251] + 0.5*q[249]*q[251] + 0.5*q[250]*q[251] + 1 + -0.5*q[254] + 0.5*q[252]*q[254] + 0.5*q[253]*q[254] + 1 + -0.5*q[255] + 0.5*q[252]*q[255] + 0.5*q[254]*q[255] + 1 + -0.5*q[256] + 0.5*q[253]*q[256] + 0.5*q[254]*q[256] + 1 + -0.5*q[257] + 0.5*q[255]*q[257] + 0.5*q[256]*q[257] + 1 + -0.5*q[260] + 0.5*q[258]*q[260] + 0.5*q[259]*q[260] + 1 + -0.5*q[261] + 0.5*q[258]*q[261] + 0.5*q[260]*q[261] + 1 + -0.5*q[262] + 0.5*q[259]*q[262] + 0.5*q[260]*q[262] + 1 + -0.5*q[263] + 0.5*q[261]*q[263] + 0.5*q[262]*q[263] + 1 + -0.5*q[266] + 0.5*q[264]*q[266] + 0.5*q[265]*q[266] + 1 + -0.5*q[267] + 0.5*q[264]*q[267] + 0.5*q[266]*q[267] + 1 + -0.5*q[268] + 0.5*q[265]*q[268] + 0.5*q[266]*q[268] + 1 + -0.5*q[269] + 0.5*q[267]*q[269] + 0.5*q[268]*q[269] + 1 + -0.5*q[272] + 0.5*q[270]*q[272] + 0.5*q[271]*q[272] + 1 + -0.5*q[273] + 0.5*q[270]*q[273] + 0.5*q[272]*q[273] + 1 + -0.5*q[274] + 0.5*q[271]*q[274] + 0.5*q[272]*q[274] + 1 + -0.5*q[275] + 0.5*q[273]*q[275] + 0.5*q[274]*q[275] + 1 + -0.5*q[278] + 0.5*q[276]*q[278] + 0.5*q[277]*q[278] + 1 + -0.5*q[279] + 0.5*q[276]*q[279] + 0.5*q[278]*q[279] + 1 + -0.5*q[280] + 0.5*q[277]*q[280] + 0.5*q[278]*q[280] + 1 + -0.5*q[281] + 0.5*q[279]*q[281] + 0.5*q[280]*q[281] + 1 + -0.5*q[284] + 0.5*q[282]*q[284] + 0.5*q[283]*q[284] + 1 + -0.5*q[285] + 0.5*q[282]*q[285] + 0.5*q[284]*q[285] + 1 + -0.5*q[286] + 0.5*q[283]*q[286] + 0.5*q[284]*q[286] + 1 + -0.5*q[287] + 0.5*q[285]*q[287] + 0.5*q[286]*q[287] + 1 + -0.5*q[290] + 0.5*q[288]*q[290] + 0.5*q[289]*q[290] + 1 + -0.5*q[291] + 0.5*q[288]*q[291] + 0.5*q[290]*q[291] + 1 + -0.5*q[292] + 0.5*q[289]*q[292] + 0.5*q[290]*q[292] + 1 + -0.5*q[293] + 0.5*q[291]*q[293] + 0.5*q[292]*q[293] + 1 + -0.5*q[296] + 0.5*q[294]*q[296] + 0.5*q[295]*q[296] + 1 + -0.5*q[297] + 0.5*q[294]*q[297] + 0.5*q[296]*q[297] + 1 + -0.5*q[298] + 0.5*q[295]*q[298] + 0.5*q[296]*q[298] + 1 + -0.5*q[299] + 0.5*q[297]*q[299] + 0.5*q[298]*q[299] + 1 + -0.5*q[302] + 0.5*q[300]*q[302] + 0.5*q[301]*q[302] + 1 + -0.5*q[303] + 0.5*q[300]*q[303] + 0.5*q[302]*q[303] + 1 + -0.5*q[304] + 0.5*q[301]*q[304] + 0.5*q[302]*q[304] + 1 + -0.5*q[305] + 0.5*q[303]*q[305] + 0.5*q[304]*q[305] + 1 + -0.5*q[308] + 0.5*q[306]*q[308] + 0.5*q[307]*q[308] + 1 + -0.5*q[309] + 0.5*q[306]*q[309] + 0.5*q[308]*q[309] + 1 + -0.5*q[310] + 0.5*q[307]*q[310] + 0.5*q[308]*q[310] + 1 + -0.5*q[311] + 0.5*q[309]*q[311] + 0.5*q[310]*q[311] + 1 + -0.5*q[314] + 0.5*q[312]*q[314] + 0.5*q[313]*q[314] + 1 + -0.5*q[315] + 0.5*q[312]*q[315] + 0.5*q[314]*q[315] + 1 + -0.5*q[316] + 0.5*q[313]*q[316] + 0.5*q[314]*q[316] + 1 + -0.5*q[317] + 0.5*q[315]*q[317] + 0.5*q[316]*q[317] + 1 + -0.5*q[320] + 0.5*q[318]*q[320] + 0.5*q[319]*q[320] + 1 + -0.5*q[321] + 0.5*q[318]*q[321] + 0.5*q[320]*q[321] + 1 + -0.5*q[322] + 0.5*q[319]*q[322] + 0.5*q[320]*q[322] + 1 + -0.5*q[323] + 0.5*q[321]*q[323] + 0.5*q[322]*q[323] + 1 + -0.5*q[326] + 0.5*q[324]*q[326] + 0.5*q[325]*q[326] + 1 + -0.5*q[327] + 0.5*q[324]*q[327] + 0.5*q[326]*q[327] + 1 + -0.5*q[328] + 0.5*q[325]*q[328] + 0.5*q[326]*q[328] + 1 + -0.5*q[329] + 0.5*q[327]*q[329] + 0.5*q[328]*q[329] + 1 + -0.5*q[332] + 0.5*q[330]*q[332] + 0.5*q[331]*q[332] + 1 + -0.5*q[333] + 0.5*q[330]*q[333] + 0.5*q[332]*q[333] + 1 + -0.5*q[334] + 0.5*q[331]*q[334] + 0.5*q[332]*q[334] + 1 + -0.5*q[335] + 0.5*q[333]*q[335] + 0.5*q[334]*q[335] + 1 + -0.5*q[338] + 0.5*q[336]*q[338] + 0.5*q[337]*q[338] + 1 + -0.5*q[339] + 0.5*q[336]*q[339] + 0.5*q[338]*q[339] + 1 + -0.5*q[340] + 0.5*q[337]*q[340] + 0.5*q[338]*q[340] + 1 + -0.5*q[341] + 0.5*q[339]*q[341] + 0.5*q[340]*q[341] + 1 + -0.5*q[344] + 0.5*q[342]*q[344] + 0.5*q[343]*q[344] + 1 + -0.5*q[345] + 0.5*q[342]*q[345] + 0.5*q[344]*q[345] + 1 + -0.5*q[346] + 0.5*q[343]*q[346] + 0.5*q[344]*q[346] + 1 + -0.5*q[347] + 0.5*q[345]*q[347] + 0.5*q[346]*q[347] + 1 + -0.5*q[350] + 0.5*q[348]*q[350] + 0.5*q[349]*q[350] + 1 + -0.5*q[351] + 0.5*q[348]*q[351] + 0.5*q[350]*q[351] + 1 + -0.5*q[352] + 0.5*q[349]*q[352] + 0.5*q[350]*q[352] + 1 + -0.5*q[353] + 0.5*q[351]*q[353] + 0.5*q[352]*q[353] + 1 + -0.5*q[356] + 0.5*q[354]*q[356] + 0.5*q[355]*q[356] + 1 + -0.5*q[357] + 0.5*q[354]*q[357] + 0.5*q[356]*q[357] + 1 + -0.5*q[358] + 0.5*q[355]*q[358] + 0.5*q[356]*q[358] + 1 + -0.5*q[359] + 0.5*q[357]*q[359] + 0.5*q[358]*q[359] + 1 + -0.5*q[362] + 0.5*q[360]*q[362] + 0.5*q[361]*q[362] + 1 + -0.5*q[363] + 0.5*q[360]*q[363] + 0.5*q[362]*q[363] + 1 + -0.5*q[364] + 0.5*q[361]*q[364] + 0.5*q[362]*q[364] + 1 + -0.5*q[365] + 0.5*q[363]*q[365] + 0.5*q[364]*q[365] + 1 + -0.5*q[368] + 0.5*q[366]*q[368] + 0.5*q[367]*q[368] + 1 + -0.5*q[369] + 0.5*q[366]*q[369] + 0.5*q[368]*q[369] + 1 + -0.5*q[370] + 0.5*q[367]*q[370] + 0.5*q[368]*q[370] + 1 + -0.5*q[371] + 0.5*q[369]*q[371] + 0.5*q[370]*q[371] + 1 + -0.5*q[374] + 0.5*q[372]*q[374] + 0.5*q[373]*q[374] + 1 + -0.5*q[375] + 0.5*q[372]*q[375] + 0.5*q[374]*q[375] + 1 + -0.5*q[376] + 0.5*q[373]*q[376] + 0.5*q[374]*q[376] + 1 + -0.5*q[377] + 0.5*q[375]*q[377] + 0.5*q[376]*q[377] + 1 + -0.5*q[380] + 0.5*q[378]*q[380] + 0.5*q[379]*q[380] + 1 + -0.5*q[381] + 0.5*q[378]*q[381] + 0.5*q[380]*q[381] + 1 + -0.5*q[382] + 0.5*q[379]*q[382] + 0.5*q[380]*q[382] + 1 + -0.5*q[383] + 0.5*q[381]*q[383] + 0.5*q[382]*q[383] + 1 + -0.5*q[386] + 0.5*q[384]*q[386] + 0.5*q[385]*q[386] + 1 + -0.5*q[387] + 0.5*q[384]*q[387] + 0.5*q[386]*q[387] + 1 + -0.5*q[388] + 0.5*q[385]*q[388] + 0.5*q[386]*q[388] + 1 + -0.5*q[389] + 0.5*q[387]*q[389] + 0.5*q[388]*q[389] + 1 + -0.5*q[392] + 0.5*q[390]*q[392] + 0.5*q[391]*q[392] + 1 + -0.5*q[393] + 0.5*q[390]*q[393] + 0.5*q[392]*q[393] + 1 + -0.5*q[394] + 0.5*q[391]*q[394] + 0.5*q[392]*q[394] + 1 + -0.5*q[395] + 0.5*q[393]*q[395] + 0.5*q[394]*q[395] + 1 + -0.5*q[398] + 0.5*q[396]*q[398] + 0.5*q[397]*q[398] + 1 + -0.5*q[399] + 0.5*q[396]*q[399] + 0.5*q[398]*q[399] + 1 + -0.5*q[400] + 0.5*q[397]*q[400] + 0.5*q[398]*q[400] + 1 + -0.5*q[401] + 0.5*q[399]*q[401] + 0.5*q[400]*q[401] + 1 + -0.5*q[404] + 0.5*q[402]*q[404] + 0.5*q[403]*q[404] + 1 + -0.5*q[405] + 0.5*q[402]*q[405] + 0.5*q[404]*q[405] + 1 + -0.5*q[406] + 0.5*q[403]*q[406] + 0.5*q[404]*q[406] + 1 + -0.5*q[407] + 0.5*q[405]*q[407] + 0.5*q[406]*q[407] + 1 + -0.5*q[410] + 0.5*q[408]*q[410] + 0.5*q[409]*q[410] + 1 + -0.5*q[411] + 0.5*q[408]*q[411] + 0.5*q[410]*q[411] + 1 + -0.5*q[412] + 0.5*q[409]*q[412] + 0.5*q[410]*q[412] + 1 + -0.5*q[413] + 0.5*q[411]*q[413] + 0.5*q[412]*q[413] + 1 + -0.5*q[416] + 0.5*q[414]*q[416] + 0.5*q[415]*q[416] + 1 + -0.5*q[417] + 0.5*q[414]*q[417] + 0.5*q[416]*q[417] + 1 + -0.5*q[418] + 0.5*q[415]*q[418] + 0.5*q[416]*q[418] + 1 + -0.5*q[419] + 0.5*q[417]*q[419] + 0.5*q[418]*q[419] + 1 + -0.5*q[422] + 0.5*q[420]*q[422] + 0.5*q[421]*q[422] + 1 + -0.5*q[423] + 0.5*q[420]*q[423] + 0.5*q[422]*q[423] + 1 + -0.5*q[424] + 0.5*q[421]*q[424] + 0.5*q[422]*q[424] + 1 + -0.5*q[425] + 0.5*q[423]*q[425] + 0.5*q[424]*q[425] + 1 + -0.5*q[428] + 0.5*q[426]*q[428] + 0.5*q[427]*q[428] + 1 + -0.5*q[429] + 0.5*q[426]*q[429] + 0.5*q[428]*q[429] + 1 + -0.5*q[430] + 0.5*q[427]*q[430] + 0.5*q[428]*q[430] + 1 + -0.5*q[431] + 0.5*q[429]*q[431] + 0.5*q[430]*q[431] + 1 + -0.5*q[434] + 0.5*q[432]*q[434] + 0.5*q[433]*q[434] + 1 + -0.5*q[435] + 0.5*q[432]*q[435] + 0.5*q[434]*q[435] + 1 + -0.5*q[436] + 0.5*q[433]*q[436] + 0.5*q[434]*q[436] + 1 + -0.5*q[437] + 0.5*q[435]*q[437] + 0.5*q[436]*q[437] + 1 + -0.5*q[440] + 0.5*q[438]*q[440] + 0.5*q[439]*q[440] + 1 + -0.5*q[441] + 0.5*q[438]*q[441] + 0.5*q[440]*q[441] + 1 + -0.5*q[442] + 0.5*q[439]*q[442] + 0.5*q[440]*q[442] + 1 + -0.5*q[443] + 0.5*q[441]*q[443] + 0.5*q[442]*q[443] + 1 + -0.5*q[446] + 0.5*q[444]*q[446] + 0.5*q[445]*q[446] + 1 + -0.5*q[447] + 0.5*q[444]*q[447] + 0.5*q[446]*q[447] + 1 + -0.5*q[448] + 0.5*q[445]*q[448] + 0.5*q[446]*q[448] + 1 + -0.5*q[449] + 0.5*q[447]*q[449] + 0.5*q[448]*q[449] + 1 + -0.5*q[452] + 0.5*q[450]*q[452] + 0.5*q[451]*q[452] + 1 + -0.5*q[453] + 0.5*q[450]*q[453] + 0.5*q[452]*q[453] + 1 + -0.5*q[454] + 0.5*q[451]*q[454] + 0.5*q[452]*q[454] + 1 + -0.5*q[455] + 0.5*q[453]*q[455] + 0.5*q[454]*q[455] + 1 + -0.5*q[458] + 0.5*q[456]*q[458] + 0.5*q[457]*q[458] + 1 + -0.5*q[459] + 0.5*q[456]*q[459] + 0.5*q[458]*q[459] + 1 + -0.5*q[460] + 0.5*q[457]*q[460] + 0.5*q[458]*q[460] + 1 + -0.5*q[461] + 0.5*q[459]*q[461] + 0.5*q[460]*q[461] + 1 + -0.5*q[464] + 0.5*q[462]*q[464] + 0.5*q[463]*q[464] + 1 + -0.5*q[465] + 0.5*q[462]*q[465] + 0.5*q[464]*q[465] + 1 + -0.5*q[466] + 0.5*q[463]*q[466] + 0.5*q[464]*q[466] + 1 + -0.5*q[467] + 0.5*q[465]*q[467] + 0.5*q[466]*q[467] + 1 + -0.5*q[470] + 0.5*q[468]*q[470] + 0.5*q[469]*q[470] + 1 + -0.5*q[471] + 0.5*q[468]*q[471] + 0.5*q[470]*q[471] + 1 + -0.5*q[472] + 0.5*q[469]*q[472] + 0.5*q[470]*q[472] + 1 + -0.5*q[473] + 0.5*q[471]*q[473] + 0.5*q[472]*q[473] + 1 + -0.5*q[476] + 0.5*q[474]*q[476] + 0.5*q[475]*q[476] + 1 + -0.5*q[477] + 0.5*q[474]*q[477] + 0.5*q[476]*q[477] + 1 + -0.5*q[478] + 0.5*q[475]*q[478] + 0.5*q[476]*q[478] + 1 + -0.5*q[479] + 0.5*q[477]*q[479] + 0.5*q[478]*q[479] + 1 + 1 + 1 + 1 + 1 + 1 + 1 + 1 + 1 + 1 + 1 + 1 + 1 + 1 + 1 + 1 + 1 + 1 + 1 + 1

--------------------------------------------------------------------------------
[3. F_TOTAL (Full Hamiltonian including Cubic)]
1 + -0.5*q[2] + 0.5*q[0]*q[2] + 0.5*q[1]*q[2] + 1 + -0.5*q[3] + 0.5*q[0]*q[3] + 0.5*q[2]*q[3] + 1 + -0.5*q[4] + 0.5*q[1]*q[4] + 0.5*q[2]*q[4] + 1 + -0.5*q[5] + 0.5*q[3]*q[5] + 0.5*q[4]*q[5] + 1 + -0.5*q[8] + 0.5*q[6]*q[8] + 0.5*q[7]*q[8] + 1 + -0.5*q[9] + 0.5*q[6]*q[9] + 0.5*q[8]*q[9] + 1 + -0.5*q[10] + 0.5*q[7]*q[10] + 0.5*q[8]*q[10] + 1 + -0.5*q[11] + 0.5*q[9]*q[11] + 0.5*q[10]*q[11] + 1 + -0.5*q[14] + 0.5*q[12]*q[14] + 0.5*q[13]*q[14] + 1 + -0.5*q[15] + 0.5*q[12]*q[15] + 0.5*q[14]*q[15] + 1 + -0.5*q[16] + 0.5*q[13]*q[16] + 0.5*q[14]*q[16] + 1 + -0.5*q[17] + 0.5*q[15]*q[17] + 0.5*q[16]*q[17] + 1 + -0.5*q[20] + 0.5*q[18]*q[20] + 0.5*q[19]*q[20] + 1 + -0.5*q[21] + 0.5*q[18]*q[21] + 0.5*q[20]*q[21] + 1 + -0.5*q[22] + 0.5*q[19]*q[22] + 0.5*q[20]*q[22] + 1 + -0.5*q[23] + 0.5*q[21]*q[23] + 0.5*q[22]*q[23] + 1 + -0.5*q[26] + 0.5*q[24]*q[26] + 0.5*q[25]*q[26] + 1 + -0.5*q[27] + 0.5*q[24]*q[27] + 0.5*q[26]*q[27] + 1 + -0.5*q[28] + 0.5*q[25]*q[28] + 0.5*q[26]*q[28] + 1 + -0.5*q[29] + 0.5*q[27]*q[29] + 0.5*q[28]*q[29] + 1 + -0.5*q[32] + 0.5*q[30]*q[32] + 0.5*q[31]*q[32] + 1 + -0.5*q[33] + 0.5*q[30]*q[33] + 0.5*q[32]*q[33] + 1 + -0.5*q[34] + 0.5*q[31]*q[34] + 0.5*q[32]*q[34] + 1 + -0.5*q[35] + 0.5*q[33]*q[35] + 0.5*q[34]*q[35] + 1 + -0.5*q[38] + 0.5*q[36]*q[38] + 0.5*q[37]*q[38] + 1 + -0.5*q[39] + 0.5*q[36]*q[39] + 0.5*q[38]*q[39] + 1 + -0.5*q[40] + 0.5*q[37]*q[40] + 0.5*q[38]*q[40] + 1 + -0.5*q[41] + 0.5*q[39]*q[41] + 0.5*q[40]*q[41] + 1 + -0.5*q[44] + 0.5*q[42]*q[44] + 0.5*q[43]*q[44] + 1 + -0.5*q[45] + 0.5*q[42]*q[45] + 0.5*q[44]*q[45] + 1 + -0.5*q[46] + 0.5*q[43]*q[46] + 0.5*q[44]*q[46] + 1 + -0.5*q[47] + 0.5*q[45]*q[47] + 0.5*q[46]*q[47] + 1 + -0.5*q[50] + 0.5*q[48]*q[50] + 0.5*q[49]*q[50] + 1 + -0.5*q[51] + 0.5*q[48]*q[51] + 0.5*q[50]*q[51] + 1 + -0.5*q[52] + 0.5*q[49]*q[52] + 0.5*q[50]*q[52] + 1 + -0.5*q[53] + 0.5*q[51]*q[53] + 0.5*q[52]*q[53] + 1 + -0.5*q[56] + 0.5*q[54]*q[56] + 0.5*q[55]*q[56] + 1 + -0.5*q[57] + 0.5*q[54]*q[57] + 0.5*q[56]*q[57] + 1 + -0.5*q[58] + 0.5*q[55]*q[58] + 0.5*q[56]*q[58] + 1 + -0.5*q[59] + 0.5*q[57]*q[59] + 0.5*q[58]*q[59] + 1 + -0.5*q[62] + 0.5*q[60]*q[62] + 0.5*q[61]*q[62] + 1 + -0.5*q[63] + 0.5*q[60]*q[63] + 0.5*q[62]*q[63] + 1 + -0.5*q[64] + 0.5*q[61]*q[64] + 0.5*q[62]*q[64] + 1 + -0.5*q[65] + 0.5*q[63]*q[65] + 0.5*q[64]*q[65] + 1 + -0.5*q[68] + 0.5*q[66]*q[68] + 0.5*q[67]*q[68] + 1 + -0.5*q[69] + 0.5*q[66]*q[69] + 0.5*q[68]*q[69] + 1 + -0.5*q[70] + 0.5*q[67]*q[70] + 0.5*q[68]*q[70] + 1 + -0.5*q[71] + 0.5*q[69]*q[71] + 0.5*q[70]*q[71] + 1 + -0.5*q[74] + 0.5*q[72]*q[74] + 0.5*q[73]*q[74] + 1 + -0.5*q[75] + 0.5*q[72]*q[75] + 0.5*q[74]*q[75] + 1 + -0.5*q[76] + 0.5*q[73]*q[76] + 0.5*q[74]*q[76] + 1 + -0.5*q[77] + 0.5*q[75]*q[77] + 0.5*q[76]*q[77] + 1 + -0.5*q[80] + 0.5*q[78]*q[80] + 0.5*q[79]*q[80] + 1 + -0.5*q[81] + 0.5*q[78]*q[81] + 0.5*q[80]*q[81] + 1 + -0.5*q[82] + 0.5*q[79]*q[82] + 0.5*q[80]*q[82] + 1 + -0.5*q[83] + 0.5*q[81]*q[83] + 0.5*q[82]*q[83] + 1 + -0.5*q[86] + 0.5*q[84]*q[86] + 0.5*q[85]*q[86] + 1 + -0.5*q[87] + 0.5*q[84]*q[87] + 0.5*q[86]*q[87] + 1 + -0.5*q[88] + 0.5*q[85]*q[88] + 0.5*q[86]*q[88] + 1 + -0.5*q[89] + 0.5*q[87]*q[89] + 0.5*q[88]*q[89] + 1 + -0.5*q[92] + 0.5*q[90]*q[92] + 0.5*q[91]*q[92] + 1 + -0.5*q[93] + 0.5*q[90]*q[93] + 0.5*q[92]*q[93] + 1 + -0.5*q[94] + 0.5*q[91]*q[94] + 0.5*q[92]*q[94] + 1 + -0.5*q[95] + 0.5*q[93]*q[95] + 0.5*q[94]*q[95] + 1 + -0.5*q[98] + 0.5*q[96]*q[98] + 0.5*q[97]*q[98] + 1 + -0.5*q[99] + 0.5*q[96]*q[99] + 0.5*q[98]*q[99] + 1 + -0.5*q[100] + 0.5*q[97]*q[100] + 0.5*q[98]*q[100] + 1 + -0.5*q[101] + 0.5*q[99]*q[101] + 0.5*q[100]*q[101] + 1 + -0.5*q[104] + 0.5*q[102]*q[104] + 0.5*q[103]*q[104] + 1 + -0.5*q[105] + 0.5*q[102]*q[105] + 0.5*q[104]*q[105] + 1 + -0.5*q[106] + 0.5*q[103]*q[106] + 0.5*q[104]*q[106] + 1 + -0.5*q[107] + 0.5*q[105]*q[107] + 0.5*q[106]*q[107] + 1 + -0.5*q[110] + 0.5*q[108]*q[110] + 0.5*q[109]*q[110] + 1 + -0.5*q[111] + 0.5*q[108]*q[111] + 0.5*q[110]*q[111] + 1 + -0.5*q[112] + 0.5*q[109]*q[112] + 0.5*q[110]*q[112] + 1 + -0.5*q[113] + 0.5*q[111]*q[113] + 0.5*q[112]*q[113] + 1 + -0.5*q[116] + 0.5*q[114]*q[116] + 0.5*q[115]*q[116] + 1 + -0.5*q[117] + 0.5*q[114]*q[117] + 0.5*q[116]*q[117] + 1 + -0.5*q[118] + 0.5*q[115]*q[118] + 0.5*q[116]*q[118] + 1 + -0.5*q[119] + 0.5*q[117]*q[119] + 0.5*q[118]*q[119] + 1 + -0.5*q[122] + 0.5*q[120]*q[122] + 0.5*q[121]*q[122] + 1 + -0.5*q[123] + 0.5*q[120]*q[123] + 0.5*q[122]*q[123] + 1 + -0.5*q[124] + 0.5*q[121]*q[124] + 0.5*q[122]*q[124] + 1 + -0.5*q[125] + 0.5*q[123]*q[125] + 0.5*q[124]*q[125] + 1 + -0.5*q[128] + 0.5*q[126]*q[128] + 0.5*q[127]*q[128] + 1 + -0.5*q[129] + 0.5*q[126]*q[129] + 0.5*q[128]*q[129] + 1 + -0.5*q[130] + 0.5*q[127]*q[130] + 0.5*q[128]*q[130] + 1 + -0.5*q[131] + 0.5*q[129]*q[131] + 0.5*q[130]*q[131] + 1 + -0.5*q[134] + 0.5*q[132]*q[134] + 0.5*q[133]*q[134] + 1 + -0.5*q[135] + 0.5*q[132]*q[135] + 0.5*q[134]*q[135] + 1 + -0.5*q[136] + 0.5*q[133]*q[136] + 0.5*q[134]*q[136] + 1 + -0.5*q[137] + 0.5*q[135]*q[137] + 0.5*q[136]*q[137] + 1 + -0.5*q[140] + 0.5*q[138]*q[140] + 0.5*q[139]*q[140] + 1 + -0.5*q[141] + 0.5*q[138]*q[141] + 0.5*q[140]*q[141] + 1 + -0.5*q[142] + 0.5*q[139]*q[142] + 0.5*q[140]*q[142] + 1 + -0.5*q[143] + 0.5*q[141]*q[143] + 0.5*q[142]*q[143] + 1 + -0.5*q[146] + 0.5*q[144]*q[146] + 0.5*q[145]*q[146] + 1 + -0.5*q[147] + 0.5*q[144]*q[147] + 0.5*q[146]*q[147] + 1 + -0.5*q[148] + 0.5*q[145]*q[148] + 0.5*q[146]*q[148] + 1 + -0.5*q[149] + 0.5*q[147]*q[149] + 0.5*q[148]*q[149] + 1 + -0.5*q[152] + 0.5*q[150]*q[152] + 0.5*q[151]*q[152] + 1 + -0.5*q[153] + 0.5*q[150]*q[153] + 0.5*q[152]*q[153] + 1 + -0.5*q[154] + 0.5*q[151]*q[154] + 0.5*q[152]*q[154] + 1 + -0.5*q[155] + 0.5*q[153]*q[155] + 0.5*q[154]*q[155] + 1 + -0.5*q[158] + 0.5*q[156]*q[158] + 0.5*q[157]*q[158] + 1 + -0.5*q[159] + 0.5*q[156]*q[159] + 0.5*q[158]*q[159] + 1 + -0.5*q[160] + 0.5*q[157]*q[160] + 0.5*q[158]*q[160] + 1 + -0.5*q[161] + 0.5*q[159]*q[161] + 0.5*q[160]*q[161] + 1 + -0.5*q[164] + 0.5*q[162]*q[164] + 0.5*q[163]*q[164] + 1 + -0.5*q[165] + 0.5*q[162]*q[165] + 0.5*q[164]*q[165] + 1 + -0.5*q[166] + 0.5*q[163]*q[166] + 0.5*q[164]*q[166] + 1 + -0.5*q[167] + 0.5*q[165]*q[167] + 0.5*q[166]*q[167] + 1 + -0.5*q[170] + 0.5*q[168]*q[170] + 0.5*q[169]*q[170] + 1 + -0.5*q[171] + 0.5*q[168]*q[171] + 0.5*q[170]*q[171] + 1 + -0.5*q[172] + 0.5*q[169]*q[172] + 0.5*q[170]*q[172] + 1 + -0.5*q[173] + 0.5*q[171]*q[173] + 0.5*q[172]*q[173] + 1 + -0.5*q[176] + 0.5*q[174]*q[176] + 0.5*q[175]*q[176] + 1 + -0.5*q[177] + 0.5*q[174]*q[177] + 0.5*q[176]*q[177] + 1 + -0.5*q[178] + 0.5*q[175]*q[178] + 0.5*q[176]*q[178] + 1 + -0.5*q[179] + 0.5*q[177]*q[179] + 0.5*q[178]*q[179] + 1 + -0.5*q[182] + 0.5*q[180]*q[182] + 0.5*q[181]*q[182] + 1 + -0.5*q[183] + 0.5*q[180]*q[183] + 0.5*q[182]*q[183] + 1 + -0.5*q[184] + 0.5*q[181]*q[184] + 0.5*q[182]*q[184] + 1 + -0.5*q[185] + 0.5*q[183]*q[185] + 0.5*q[184]*q[185] + 1 + -0.5*q[188] + 0.5*q[186]*q[188] + 0.5*q[187]*q[188] + 1 + -0.5*q[189] + 0.5*q[186]*q[189] + 0.5*q[188]*q[189] + 1 + -0.5*q[190] + 0.5*q[187]*q[190] + 0.5*q[188]*q[190] + 1 + -0.5*q[191] + 0.5*q[189]*q[191] + 0.5*q[190]*q[191] + 1 + -0.5*q[194] + 0.5*q[192]*q[194] + 0.5*q[193]*q[194] + 1 + -0.5*q[195] + 0.5*q[192]*q[195] + 0.5*q[194]*q[195] + 1 + -0.5*q[196] + 0.5*q[193]*q[196] + 0.5*q[194]*q[196] + 1 + -0.5*q[197] + 0.5*q[195]*q[197] + 0.5*q[196]*q[197] + 1 + -0.5*q[200] + 0.5*q[198]*q[200] + 0.5*q[199]*q[200] + 1 + -0.5*q[201] + 0.5*q[198]*q[201] + 0.5*q[200]*q[201] + 1 + -0.5*q[202] + 0.5*q[199]*q[202] + 0.5*q[200]*q[202] + 1 + -0.5*q[203] + 0.5*q[201]*q[203] + 0.5*q[202]*q[203] + 1 + -0.5*q[206] + 0.5*q[204]*q[206] + 0.5*q[205]*q[206] + 1 + -0.5*q[207] + 0.5*q[204]*q[207] + 0.5*q[206]*q[207] + 1 + -0.5*q[208] + 0.5*q[205]*q[208] + 0.5*q[206]*q[208] + 1 + -0.5*q[209] + 0.5*q[207]*q[209] + 0.5*q[208]*q[209] + 1 + -0.5*q[212] + 0.5*q[210]*q[212] + 0.5*q[211]*q[212] + 1 + -0.5*q[213] + 0.5*q[210]*q[213] + 0.5*q[212]*q[213] + 1 + -0.5*q[214] + 0.5*q[211]*q[214] + 0.5*q[212]*q[214] + 1 + -0.5*q[215] + 0.5*q[213]*q[215] + 0.5*q[214]*q[215] + 1 + -0.5*q[218] + 0.5*q[216]*q[218] + 0.5*q[217]*q[218] + 1 + -0.5*q[219] + 0.5*q[216]*q[219] + 0.5*q[218]*q[219] + 1 + -0.5*q[220] + 0.5*q[217]*q[220] + 0.5*q[218]*q[220] + 1 + -0.5*q[221] + 0.5*q[219]*q[221] + 0.5*q[220]*q[221] + 1 + -0.5*q[224] + 0.5*q[222]*q[224] + 0.5*q[223]*q[224] + 1 + -0.5*q[225] + 0.5*q[222]*q[225] + 0.5*q[224]*q[225] + 1 + -0.5*q[226] + 0.5*q[223]*q[226] + 0.5*q[224]*q[226] + 1 + -0.5*q[227] + 0.5*q[225]*q[227] + 0.5*q[226]*q[227] + 1 + -0.5*q[230] + 0.5*q[228]*q[230] + 0.5*q[229]*q[230] + 1 + -0.5*q[231] + 0.5*q[228]*q[231] + 0.5*q[230]*q[231] + 1 + -0.5*q[232] + 0.5*q[229]*q[232] + 0.5*q[230]*q[232] + 1 + -0.5*q[233] + 0.5*q[231]*q[233] + 0.5*q[232]*q[233] + 1 + -0.5*q[236] + 0.5*q[234]*q[236] + 0.5*q[235]*q[236] + 1 + -0.5*q[237] + 0.5*q[234]*q[237] + 0.5*q[236]*q[237] + 1 + -0.5*q[238] + 0.5*q[235]*q[238] + 0.5*q[236]*q[238] + 1 + -0.5*q[239] + 0.5*q[237]*q[239] + 0.5*q[238]*q[239] + 1 + -0.5*q[242] + 0.5*q[240]*q[242] + 0.5*q[241]*q[242] + 1 + -0.5*q[243] + 0.5*q[240]*q[243] + 0.5*q[242]*q[243] + 1 + -0.5*q[244] + 0.5*q[241]*q[244] + 0.5*q[242]*q[244] + 1 + -0.5*q[245] + 0.5*q[243]*q[245] + 0.5*q[244]*q[245] + 1 + -0.5*q[248] + 0.5*q[246]*q[248] + 0.5*q[247]*q[248] + 1 + -0.5*q[249] + 0.5*q[246]*q[249] + 0.5*q[248]*q[249] + 1 + -0.5*q[250] + 0.5*q[247]*q[250] + 0.5*q[248]*q[250] + 1 + -0.5*q[251] + 0.5*q[249]*q[251] + 0.5*q[250]*q[251] + 1 + -0.5*q[254] + 0.5*q[252]*q[254] + 0.5*q[253]*q[254] + 1 + -0.5*q[255] + 0.5*q[252]*q[255] + 0.5*q[254]*q[255] + 1 + -0.5*q[256] + 0.5*q[253]*q[256] + 0.5*q[254]*q[256] + 1 + -0.5*q[257] + 0.5*q[255]*q[257] + 0.5*q[256]*q[257] + 1 + -0.5*q[260] + 0.5*q[258]*q[260] + 0.5*q[259]*q[260] + 1 + -0.5*q[261] + 0.5*q[258]*q[261] + 0.5*q[260]*q[261] + 1 + -0.5*q[262] + 0.5*q[259]*q[262] + 0.5*q[260]*q[262] + 1 + -0.5*q[263] + 0.5*q[261]*q[263] + 0.5*q[262]*q[263] + 1 + -0.5*q[266] + 0.5*q[264]*q[266] + 0.5*q[265]*q[266] + 1 + -0.5*q[267] + 0.5*q[264]*q[267] + 0.5*q[266]*q[267] + 1 + -0.5*q[268] + 0.5*q[265]*q[268] + 0.5*q[266]*q[268] + 1 + -0.5*q[269] + 0.5*q[267]*q[269] + 0.5*q[268]*q[269] + 1 + -0.5*q[272] + 0.5*q[270]*q[272] + 0.5*q[271]*q[272] + 1 + -0.5*q[273] + 0.5*q[270]*q[273] + 0.5*q[272]*q[273] + 1 + -0.5*q[274] + 0.5*q[271]*q[274] + 0.5*q[272]*q[274] + 1 + -0.5*q[275] + 0.5*q[273]*q[275] + 0.5*q[274]*q[275] + 1 + -0.5*q[278] + 0.5*q[276]*q[278] + 0.5*q[277]*q[278] + 1 + -0.5*q[279] + 0.5*q[276]*q[279] + 0.5*q[278]*q[279] + 1 + -0.5*q[280] + 0.5*q[277]*q[280] + 0.5*q[278]*q[280] + 1 + -0.5*q[281] + 0.5*q[279]*q[281] + 0.5*q[280]*q[281] + 1 + -0.5*q[284] + 0.5*q[282]*q[284] + 0.5*q[283]*q[284] + 1 + -0.5*q[285] + 0.5*q[282]*q[285] + 0.5*q[284]*q[285] + 1 + -0.5*q[286] + 0.5*q[283]*q[286] + 0.5*q[284]*q[286] + 1 + -0.5*q[287] + 0.5*q[285]*q[287] + 0.5*q[286]*q[287] + 1 + -0.5*q[290] + 0.5*q[288]*q[290] + 0.5*q[289]*q[290] + 1 + -0.5*q[291] + 0.5*q[288]*q[291] + 0.5*q[290]*q[291] + 1 + -0.5*q[292] + 0.5*q[289]*q[292] + 0.5*q[290]*q[292] + 1 + -0.5*q[293] + 0.5*q[291]*q[293] + 0.5*q[292]*q[293] + 1 + -0.5*q[296] + 0.5*q[294]*q[296] + 0.5*q[295]*q[296] + 1 + -0.5*q[297] + 0.5*q[294]*q[297] + 0.5*q[296]*q[297] + 1 + -0.5*q[298] + 0.5*q[295]*q[298] + 0.5*q[296]*q[298] + 1 + -0.5*q[299] + 0.5*q[297]*q[299] + 0.5*q[298]*q[299] + 1 + -0.5*q[302] + 0.5*q[300]*q[302] + 0.5*q[301]*q[302] + 1 + -0.5*q[303] + 0.5*q[300]*q[303] + 0.5*q[302]*q[303] + 1 + -0.5*q[304] + 0.5*q[301]*q[304] + 0.5*q[302]*q[304] + 1 + -0.5*q[305] + 0.5*q[303]*q[305] + 0.5*q[304]*q[305] + 1 + -0.5*q[308] + 0.5*q[306]*q[308] + 0.5*q[307]*q[308] + 1 + -0.5*q[309] + 0.5*q[306]*q[309] + 0.5*q[308]*q[309] + 1 + -0.5*q[310] + 0.5*q[307]*q[310] + 0.5*q[308]*q[310] + 1 + -0.5*q[311] + 0.5*q[309]*q[311] + 0.5*q[310]*q[311] + 1 + -0.5*q[314] + 0.5*q[312]*q[314] + 0.5*q[313]*q[314] + 1 + -0.5*q[315] + 0.5*q[312]*q[315] + 0.5*q[314]*q[315] + 1 + -0.5*q[316] + 0.5*q[313]*q[316] + 0.5*q[314]*q[316] + 1 + -0.5*q[317] + 0.5*q[315]*q[317] + 0.5*q[316]*q[317] + 1 + -0.5*q[320] + 0.5*q[318]*q[320] + 0.5*q[319]*q[320] + 1 + -0.5*q[321] + 0.5*q[318]*q[321] + 0.5*q[320]*q[321] + 1 + -0.5*q[322] + 0.5*q[319]*q[322] + 0.5*q[320]*q[322] + 1 + -0.5*q[323] + 0.5*q[321]*q[323] + 0.5*q[322]*q[323] + 1 + -0.5*q[326] + 0.5*q[324]*q[326] + 0.5*q[325]*q[326] + 1 + -0.5*q[327] + 0.5*q[324]*q[327] + 0.5*q[326]*q[327] + 1 + -0.5*q[328] + 0.5*q[325]*q[328] + 0.5*q[326]*q[328] + 1 + -0.5*q[329] + 0.5*q[327]*q[329] + 0.5*q[328]*q[329] + 1 + -0.5*q[332] + 0.5*q[330]*q[332] + 0.5*q[331]*q[332] + 1 + -0.5*q[333] + 0.5*q[330]*q[333] + 0.5*q[332]*q[333] + 1 + -0.5*q[334] + 0.5*q[331]*q[334] + 0.5*q[332]*q[334] + 1 + -0.5*q[335] + 0.5*q[333]*q[335] + 0.5*q[334]*q[335] + 1 + -0.5*q[338] + 0.5*q[336]*q[338] + 0.5*q[337]*q[338] + 1 + -0.5*q[339] + 0.5*q[336]*q[339] + 0.5*q[338]*q[339] + 1 + -0.5*q[340] + 0.5*q[337]*q[340] + 0.5*q[338]*q[340] + 1 + -0.5*q[341] + 0.5*q[339]*q[341] + 0.5*q[340]*q[341] + 1 + -0.5*q[344] + 0.5*q[342]*q[344] + 0.5*q[343]*q[344] + 1 + -0.5*q[345] + 0.5*q[342]*q[345] + 0.5*q[344]*q[345] + 1 + -0.5*q[346] + 0.5*q[343]*q[346] + 0.5*q[344]*q[346] + 1 + -0.5*q[347] + 0.5*q[345]*q[347] + 0.5*q[346]*q[347] + 1 + -0.5*q[350] + 0.5*q[348]*q[350] + 0.5*q[349]*q[350] + 1 + -0.5*q[351] + 0.5*q[348]*q[351] + 0.5*q[350]*q[351] + 1 + -0.5*q[352] + 0.5*q[349]*q[352] + 0.5*q[350]*q[352] + 1 + -0.5*q[353] + 0.5*q[351]*q[353] + 0.5*q[352]*q[353] + 1 + -0.5*q[356] + 0.5*q[354]*q[356] + 0.5*q[355]*q[356] + 1 + -0.5*q[357] + 0.5*q[354]*q[357] + 0.5*q[356]*q[357] + 1 + -0.5*q[358] + 0.5*q[355]*q[358] + 0.5*q[356]*q[358] + 1 + -0.5*q[359] + 0.5*q[357]*q[359] + 0.5*q[358]*q[359] + 1 + -0.5*q[362] + 0.5*q[360]*q[362] + 0.5*q[361]*q[362] + 1 + -0.5*q[363] + 0.5*q[360]*q[363] + 0.5*q[362]*q[363] + 1 + -0.5*q[364] + 0.5*q[361]*q[364] + 0.5*q[362]*q[364] + 1 + -0.5*q[365] + 0.5*q[363]*q[365] + 0.5*q[364]*q[365] + 1 + -0.5*q[368] + 0.5*q[366]*q[368] + 0.5*q[367]*q[368] + 1 + -0.5*q[369] + 0.5*q[366]*q[369] + 0.5*q[368]*q[369] + 1 + -0.5*q[370] + 0.5*q[367]*q[370] + 0.5*q[368]*q[370] + 1 + -0.5*q[371] + 0.5*q[369]*q[371] + 0.5*q[370]*q[371] + 1 + -0.5*q[374] + 0.5*q[372]*q[374] + 0.5*q[373]*q[374] + 1 + -0.5*q[375] + 0.5*q[372]*q[375] + 0.5*q[374]*q[375] + 1 + -0.5*q[376] + 0.5*q[373]*q[376] + 0.5*q[374]*q[376] + 1 + -0.5*q[377] + 0.5*q[375]*q[377] + 0.5*q[376]*q[377] + 1 + -0.5*q[380] + 0.5*q[378]*q[380] + 0.5*q[379]*q[380] + 1 + -0.5*q[381] + 0.5*q[378]*q[381] + 0.5*q[380]*q[381] + 1 + -0.5*q[382] + 0.5*q[379]*q[382] + 0.5*q[380]*q[382] + 1 + -0.5*q[383] + 0.5*q[381]*q[383] + 0.5*q[382]*q[383] + 1 + -0.5*q[386] + 0.5*q[384]*q[386] + 0.5*q[385]*q[386] + 1 + -0.5*q[387] + 0.5*q[384]*q[387] + 0.5*q[386]*q[387] + 1 + -0.5*q[388] + 0.5*q[385]*q[388] + 0.5*q[386]*q[388] + 1 + -0.5*q[389] + 0.5*q[387]*q[389] + 0.5*q[388]*q[389] + 1 + -0.5*q[392] + 0.5*q[390]*q[392] + 0.5*q[391]*q[392] + 1 + -0.5*q[393] + 0.5*q[390]*q[393] + 0.5*q[392]*q[393] + 1 + -0.5*q[394] + 0.5*q[391]*q[394] + 0.5*q[392]*q[394] + 1 + -0.5*q[395] + 0.5*q[393]*q[395] + 0.5*q[394]*q[395] + 1 + -0.5*q[398] + 0.5*q[396]*q[398] + 0.5*q[397]*q[398] + 1 + -0.5*q[399] + 0.5*q[396]*q[399] + 0.5*q[398]*q[399] + 1 + -0.5*q[400] + 0.5*q[397]*q[400] + 0.5*q[398]*q[400] + 1 + -0.5*q[401] + 0.5*q[399]*q[401] + 0.5*q[400]*q[401] + 1 + -0.5*q[404] + 0.5*q[402]*q[404] + 0.5*q[403]*q[404] + 1 + -0.5*q[405] + 0.5*q[402]*q[405] + 0.5*q[404]*q[405] + 1 + -0.5*q[406] + 0.5*q[403]*q[406] + 0.5*q[404]*q[406] + 1 + -0.5*q[407] + 0.5*q[405]*q[407] + 0.5*q[406]*q[407] + 1 + -0.5*q[410] + 0.5*q[408]*q[410] + 0.5*q[409]*q[410] + 1 + -0.5*q[411] + 0.5*q[408]*q[411] + 0.5*q[410]*q[411] + 1 + -0.5*q[412] + 0.5*q[409]*q[412] + 0.5*q[410]*q[412] + 1 + -0.5*q[413] + 0.5*q[411]*q[413] + 0.5*q[412]*q[413] + 1 + -0.5*q[416] + 0.5*q[414]*q[416] + 0.5*q[415]*q[416] + 1 + -0.5*q[417] + 0.5*q[414]*q[417] + 0.5*q[416]*q[417] + 1 + -0.5*q[418] + 0.5*q[415]*q[418] + 0.5*q[416]*q[418] + 1 + -0.5*q[419] + 0.5*q[417]*q[419] + 0.5*q[418]*q[419] + 1 + -0.5*q[422] + 0.5*q[420]*q[422] + 0.5*q[421]*q[422] + 1 + -0.5*q[423] + 0.5*q[420]*q[423] + 0.5*q[422]*q[423] + 1 + -0.5*q[424] + 0.5*q[421]*q[424] + 0.5*q[422]*q[424] + 1 + -0.5*q[425] + 0.5*q[423]*q[425] + 0.5*q[424]*q[425] + 1 + -0.5*q[428] + 0.5*q[426]*q[428] + 0.5*q[427]*q[428] + 1 + -0.5*q[429] + 0.5*q[426]*q[429] + 0.5*q[428]*q[429] + 1 + -0.5*q[430] + 0.5*q[427]*q[430] + 0.5*q[428]*q[430] + 1 + -0.5*q[431] + 0.5*q[429]*q[431] + 0.5*q[430]*q[431] + 1 + -0.5*q[434] + 0.5*q[432]*q[434] + 0.5*q[433]*q[434] + 1 + -0.5*q[435] + 0.5*q[432]*q[435] + 0.5*q[434]*q[435] + 1 + -0.5*q[436] + 0.5*q[433]*q[436] + 0.5*q[434]*q[436] + 1 + -0.5*q[437] + 0.5*q[435]*q[437] + 0.5*q[436]*q[437] + 1 + -0.5*q[440] + 0.5*q[438]*q[440] + 0.5*q[439]*q[440] + 1 + -0.5*q[441] + 0.5*q[438]*q[441] + 0.5*q[440]*q[441] + 1 + -0.5*q[442] + 0.5*q[439]*q[442] + 0.5*q[440]*q[442] + 1 + -0.5*q[443] + 0.5*q[441]*q[443] + 0.5*q[442]*q[443] + 1 + -0.5*q[446] + 0.5*q[444]*q[446] + 0.5*q[445]*q[446] + 1 + -0.5*q[447] + 0.5*q[444]*q[447] + 0.5*q[446]*q[447] + 1 + -0.5*q[448] + 0.5*q[445]*q[448] + 0.5*q[446]*q[448] + 1 + -0.5*q[449] + 0.5*q[447]*q[449] + 0.5*q[448]*q[449] + 1 + -0.5*q[452] + 0.5*q[450]*q[452] + 0.5*q[451]*q[452] + 1 + -0.5*q[453] + 0.5*q[450]*q[453] + 0.5*q[452]*q[453] + 1 + -0.5*q[454] + 0.5*q[451]*q[454] + 0.5*q[452]*q[454] + 1 + -0.5*q[455] + 0.5*q[453]*q[455] + 0.5*q[454]*q[455] + 1 + -0.5*q[458] + 0.5*q[456]*q[458] + 0.5*q[457]*q[458] + 1 + -0.5*q[459] + 0.5*q[456]*q[459] + 0.5*q[458]*q[459] + 1 + -0.5*q[460] + 0.5*q[457]*q[460] + 0.5*q[458]*q[460] + 1 + -0.5*q[461] + 0.5*q[459]*q[461] + 0.5*q[460]*q[461] + 1 + -0.5*q[464] + 0.5*q[462]*q[464] + 0.5*q[463]*q[464] + 1 + -0.5*q[465] + 0.5*q[462]*q[465] + 0.5*q[464]*q[465] + 1 + -0.5*q[466] + 0.5*q[463]*q[466] + 0.5*q[464]*q[466] + 1 + -0.5*q[467] + 0.5*q[465]*q[467] + 0.5*q[466]*q[467] + 1 + -0.5*q[470] + 0.5*q[468]*q[470] + 0.5*q[469]*q[470] + 1 + -0.5*q[471] + 0.5*q[468]*q[471] + 0.5*q[470]*q[471] + 1 + -0.5*q[472] + 0.5*q[469]*q[472] + 0.5*q[470]*q[472] + 1 + -0.5*q[473] + 0.5*q[471]*q[473] + 0.5*q[472]*q[473] + 1 + -0.5*q[476] + 0.5*q[474]*q[476] + 0.5*q[475]*q[476] + 1 + -0.5*q[477] + 0.5*q[474]*q[477] + 0.5*q[476]*q[477] + 1 + -0.5*q[478] + 0.5*q[475]*q[478] + 0.5*q[476]*q[478] + 1 + -0.5*q[479] + 0.5*q[477]*q[479] + 0.5*q[478]*q[479] + 1 + 1 + 1 + 1 + 1 + 1 + 1 + 1 + 1 + 1 + 1 + 1 + 1 + 1 + 1 + 1 + 1 + 1 + 1 + 1 + 0.5*q[0]*q[1]*q[2] + 0.5*q[0]*q[2]*q[3] + 0.5*q[1]*q[2]*q[4] + 0.5*q[3]*q[4]*q[5] + 0.5*q[6]*q[7]*q[8] + 0.5*q[6]*q[8]*q[9] + 0.5*q[7]*q[8]*q[10] + 0.5*q[9]*q[10]*q[11] + 0.5*q[12]*q[13]*q[14] + 0.5*q[12]*q[14]*q[15] + 0.5*q[13]*q[14]*q[16] + 0.5*q[15]*q[16]*q[17] + 0.5*q[18]*q[19]*q[20] + 0.5*q[18]*q[20]*q[21] + 0.5*q[19]*q[20]*q[22] + 0.5*q[21]*q[22]*q[23] + 0.5*q[24]*q[25]*q[26] + 0.5*q[24]*q[26]*q[27] + 0.5*q[25]*q[26]*q[28] + 0.5*q[27]*q[28]*q[29] + 0.5*q[30]*q[31]*q[32] + 0.5*q[30]*q[32]*q[33] + 0.5*q[31]*q[32]*q[34] + 0.5*q[33]*q[34]*q[35] + 0.5*q[36]*q[37]*q[38] + 0.5*q[36]*q[38]*q[39] + 0.5*q[37]*q[38]*q[40] + 0.5*q[39]*q[40]*q[41] + 0.5*q[42]*q[43]*q[44] + 0.5*q[42]*q[44]*q[45] + 0.5*q[43]*q[44]*q[46] + 0.5*q[45]*q[46]*q[47] + 0.5*q[48]*q[49]*q[50] + 0.5*q[48]*q[50]*q[51] + 0.5*q[49]*q[50]*q[52] + 0.5*q[51]*q[52]*q[53] + 0.5*q[54]*q[55]*q[56] + 0.5*q[54]*q[56]*q[57] + 0.5*q[55]*q[56]*q[58] + 0.5*q[57]*q[58]*q[59] + 0.5*q[60]*q[61]*q[62] + 0.5*q[60]*q[62]*q[63] + 0.5*q[61]*q[62]*q[64] + 0.5*q[63]*q[64]*q[65] + 0.5*q[66]*q[67]*q[68] + 0.5*q[66]*q[68]*q[69] + 0.5*q[67]*q[68]*q[70] + 0.5*q[69]*q[70]*q[71] + 0.5*q[72]*q[73]*q[74] + 0.5*q[72]*q[74]*q[75] + 0.5*q[73]*q[74]*q[76] + 0.5*q[75]*q[76]*q[77] + 0.5*q[78]*q[79]*q[80] + 0.5*q[78]*q[80]*q[81] + 0.5*q[79]*q[80]*q[82] + 0.5*q[81]*q[82]*q[83] + 0.5*q[84]*q[85]*q[86] + 0.5*q[84]*q[86]*q[87] + 0.5*q[85]*q[86]*q[88] + 0.5*q[87]*q[88]*q[89] + 0.5*q[90]*q[91]*q[92] + 0.5*q[90]*q[92]*q[93] + 0.5*q[91]*q[92]*q[94] + 0.5*q[93]*q[94]*q[95] + 0.5*q[96]*q[97]*q[98] + 0.5*q[96]*q[98]*q[99] + 0.5*q[97]*q[98]*q[100] + 0.5*q[99]*q[100]*q[101] + 0.5*q[102]*q[103]*q[104] + 0.5*q[102]*q[104]*q[105] + 0.5*q[103]*q[104]*q[106] + 0.5*q[105]*q[106]*q[107] + 0.5*q[108]*q[109]*q[110] + 0.5*q[108]*q[110]*q[111] + 0.5*q[109]*q[110]*q[112] + 0.5*q[111]*q[112]*q[113] + 0.5*q[114]*q[115]*q[116] + 0.5*q[114]*q[116]*q[117] + 0.5*q[115]*q[116]*q[118] + 0.5*q[117]*q[118]*q[119] + 0.5*q[120]*q[121]*q[122] + 0.5*q[120]*q[122]*q[123] + 0.5*q[121]*q[122]*q[124] + 0.5*q[123]*q[124]*q[125] + 0.5*q[126]*q[127]*q[128] + 0.5*q[126]*q[128]*q[129] + 0.5*q[127]*q[128]*q[130] + 0.5*q[129]*q[130]*q[131] + 0.5*q[132]*q[133]*q[134] + 0.5*q[132]*q[134]*q[135] + 0.5*q[133]*q[134]*q[136] + 0.5*q[135]*q[136]*q[137] + 0.5*q[138]*q[139]*q[140] + 0.5*q[138]*q[140]*q[141] + 0.5*q[139]*q[140]*q[142] + 0.5*q[141]*q[142]*q[143] + 0.5*q[144]*q[145]*q[146] + 0.5*q[144]*q[146]*q[147] + 0.5*q[145]*q[146]*q[148] + 0.5*q[147]*q[148]*q[149] + 0.5*q[150]*q[151]*q[152] + 0.5*q[150]*q[152]*q[153] + 0.5*q[151]*q[152]*q[154] + 0.5*q[153]*q[154]*q[155] + 0.5*q[156]*q[157]*q[158] + 0.5*q[156]*q[158]*q[159] + 0.5*q[157]*q[158]*q[160] + 0.5*q[159]*q[160]*q[161] + 0.5*q[162]*q[163]*q[164] + 0.5*q[162]*q[164]*q[165] + 0.5*q[163]*q[164]*q[166] + 0.5*q[165]*q[166]*q[167] + 0.5*q[168]*q[169]*q[170] + 0.5*q[168]*q[170]*q[171] + 0.5*q[169]*q[170]*q[172] + 0.5*q[171]*q[172]*q[173] + 0.5*q[174]*q[175]*q[176] + 0.5*q[174]*q[176]*q[177] + 0.5*q[175]*q[176]*q[178] + 0.5*q[177]*q[178]*q[179] + 0.5*q[180]*q[181]*q[182] + 0.5*q[180]*q[182]*q[183] + 0.5*q[181]*q[182]*q[184] + 0.5*q[183]*q[184]*q[185] + 0.5*q[186]*q[187]*q[188] + 0.5*q[186]*q[188]*q[189] + 0.5*q[187]*q[188]*q[190] + 0.5*q[189]*q[190]*q[191] + 0.5*q[192]*q[193]*q[194] + 0.5*q[192]*q[194]*q[195] + 0.5*q[193]*q[194]*q[196] + 0.5*q[195]*q[196]*q[197] + 0.5*q[198]*q[199]*q[200] + 0.5*q[198]*q[200]*q[201] + 0.5*q[199]*q[200]*q[202] + 0.5*q[201]*q[202]*q[203] + 0.5*q[204]*q[205]*q[206] + 0.5*q[204]*q[206]*q[207] + 0.5*q[205]*q[206]*q[208] + 0.5*q[207]*q[208]*q[209] + 0.5*q[210]*q[211]*q[212] + 0.5*q[210]*q[212]*q[213] + 0.5*q[211]*q[212]*q[214] + 0.5*q[213]*q[214]*q[215] + 0.5*q[216]*q[217]*q[218] + 0.5*q[216]*q[218]*q[219] + 0.5*q[217]*q[218]*q[220] + 0.5*q[219]*q[220]*q[221] + 0.5*q[222]*q[223]*q[224] + 0.5*q[222]*q[224]*q[225] + 0.5*q[223]*q[224]*q[226] + 0.5*q[225]*q[226]*q[227] + 0.5*q[228]*q[229]*q[230] + 0.5*q[228]*q[230]*q[231] + 0.5*q[229]*q[230]*q[232] + 0.5*q[231]*q[232]*q[233] + 0.5*q[234]*q[235]*q[236] + 0.5*q[234]*q[236]*q[237] + 0.5*q[235]*q[236]*q[238] + 0.5*q[237]*q[238]*q[239] + 0.5*q[240]*q[241]*q[242] + 0.5*q[240]*q[242]*q[243] + 0.5*q[241]*q[242]*q[244] + 0.5*q[243]*q[244]*q[245] + 0.5*q[246]*q[247]*q[248] + 0.5*q[246]*q[248]*q[249] + 0.5*q[247]*q[248]*q[250] + 0.5*q[249]*q[250]*q[251] + 0.5*q[252]*q[253]*q[254] + 0.5*q[252]*q[254]*q[255] + 0.5*q[253]*q[254]*q[256] + 0.5*q[255]*q[256]*q[257] + 0.5*q[258]*q[259]*q[260] + 0.5*q[258]*q[260]*q[261] + 0.5*q[259]*q[260]*q[262] + 0.5*q[261]*q[262]*q[263] + 0.5*q[264]*q[265]*q[266] + 0.5*q[264]*q[266]*q[267] + 0.5*q[265]*q[266]*q[268] + 0.5*q[267]*q[268]*q[269] + 0.5*q[270]*q[271]*q[272] + 0.5*q[270]*q[272]*q[273] + 0.5*q[271]*q[272]*q[274] + 0.5*q[273]*q[274]*q[275] + 0.5*q[276]*q[277]*q[278] + 0.5*q[276]*q[278]*q[279] + 0.5*q[277]*q[278]*q[280] + 0.5*q[279]*q[280]*q[281] + 0.5*q[282]*q[283]*q[284] + 0.5*q[282]*q[284]*q[285] + 0.5*q[283]*q[284]*q[286] + 0.5*q[285]*q[286]*q[287] + 0.5*q[288]*q[289]*q[290] + 0.5*q[288]*q[290]*q[291] + 0.5*q[289]*q[290]*q[292] + 0.5*q[291]*q[292]*q[293] + 0.5*q[294]*q[295]*q[296] + 0.5*q[294]*q[296]*q[297] + 0.5*q[295]*q[296]*q[298] + 0.5*q[297]*q[298]*q[299] + 0.5*q[300]*q[301]*q[302] + 0.5*q[300]*q[302]*q[303] + 0.5*q[301]*q[302]*q[304] + 0.5*q[303]*q[304]*q[305] + 0.5*q[306]*q[307]*q[308] + 0.5*q[306]*q[308]*q[309] + 0.5*q[307]*q[308]*q[310] + 0.5*q[309]*q[310]*q[311] + 0.5*q[312]*q[313]*q[314] + 0.5*q[312]*q[314]*q[315] + 0.5*q[313]*q[314]*q[316] + 0.5*q[315]*q[316]*q[317] + 0.5*q[318]*q[319]*q[320] + 0.5*q[318]*q[320]*q[321] + 0.5*q[319]*q[320]*q[322] + 0.5*q[321]*q[322]*q[323] + 0.5*q[324]*q[325]*q[326] + 0.5*q[324]*q[326]*q[327] + 0.5*q[325]*q[326]*q[328] + 0.5*q[327]*q[328]*q[329] + 0.5*q[330]*q[331]*q[332] + 0.5*q[330]*q[332]*q[333] + 0.5*q[331]*q[332]*q[334] + 0.5*q[333]*q[334]*q[335] + 0.5*q[336]*q[337]*q[338] + 0.5*q[336]*q[338]*q[339] + 0.5*q[337]*q[338]*q[340] + 0.5*q[339]*q[340]*q[341] + 0.5*q[342]*q[343]*q[344] + 0.5*q[342]*q[344]*q[345] + 0.5*q[343]*q[344]*q[346] + 0.5*q[345]*q[346]*q[347] + 0.5*q[348]*q[349]*q[350] + 0.5*q[348]*q[350]*q[351] + 0.5*q[349]*q[350]*q[352] + 0.5*q[351]*q[352]*q[353] + 0.5*q[354]*q[355]*q[356] + 0.5*q[354]*q[356]*q[357] + 0.5*q[355]*q[356]*q[358] + 0.5*q[357]*q[358]*q[359] + 0.5*q[360]*q[361]*q[362] + 0.5*q[360]*q[362]*q[363] + 0.5*q[361]*q[362]*q[364] + 0.5*q[363]*q[364]*q[365] + 0.5*q[366]*q[367]*q[368] + 0.5*q[366]*q[368]*q[369] + 0.5*q[367]*q[368]*q[370] + 0.5*q[369]*q[370]*q[371] + 0.5*q[372]*q[373]*q[374] + 0.5*q[372]*q[374]*q[375] + 0.5*q[373]*q[374]*q[376] + 0.5*q[375]*q[376]*q[377] + 0.5*q[378]*q[379]*q[380] + 0.5*q[378]*q[380]*q[381] + 0.5*q[379]*q[380]*q[382] + 0.5*q[381]*q[382]*q[383] + 0.5*q[384]*q[385]*q[386] + 0.5*q[384]*q[386]*q[387] + 0.5*q[385]*q[386]*q[388] + 0.5*q[387]*q[388]*q[389] + 0.5*q[390]*q[391]*q[392] + 0.5*q[390]*q[392]*q[393] + 0.5*q[391]*q[392]*q[394] + 0.5*q[393]*q[394]*q[395] + 0.5*q[396]*q[397]*q[398] + 0.5*q[396]*q[398]*q[399] + 0.5*q[397]*q[398]*q[400] + 0.5*q[399]*q[400]*q[401] + 0.5*q[402]*q[403]*q[404] + 0.5*q[402]*q[404]*q[405] + 0.5*q[403]*q[404]*q[406] + 0.5*q[405]*q[406]*q[407] + 0.5*q[408]*q[409]*q[410] + 0.5*q[408]*q[410]*q[411] + 0.5*q[409]*q[410]*q[412] + 0.5*q[411]*q[412]*q[413] + 0.5*q[414]*q[415]*q[416] + 0.5*q[414]*q[416]*q[417] + 0.5*q[415]*q[416]*q[418] + 0.5*q[417]*q[418]*q[419] + 0.5*q[420]*q[421]*q[422] + 0.5*q[420]*q[422]*q[423] + 0.5*q[421]*q[422]*q[424] + 0.5*q[423]*q[424]*q[425] + 0.5*q[426]*q[427]*q[428] + 0.5*q[426]*q[428]*q[429] + 0.5*q[427]*q[428]*q[430] + 0.5*q[429]*q[430]*q[431] + 0.5*q[432]*q[433]*q[434] + 0.5*q[432]*q[434]*q[435] + 0.5*q[433]*q[434]*q[436] + 0.5*q[435]*q[436]*q[437] + 0.5*q[438]*q[439]*q[440] + 0.5*q[438]*q[440]*q[441] + 0.5*q[439]*q[440]*q[442] + 0.5*q[441]*q[442]*q[443] + 0.5*q[444]*q[445]*q[446] + 0.5*q[444]*q[446]*q[447] + 0.5*q[445]*q[446]*q[448] + 0.5*q[447]*q[448]*q[449] + 0.5*q[450]*q[451]*q[452] + 0.5*q[450]*q[452]*q[453] + 0.5*q[451]*q[452]*q[454] + 0.5*q[453]*q[454]*q[455] + 0.5*q[456]*q[457]*q[458] + 0.5*q[456]*q[458]*q[459] + 0.5*q[457]*q[458]*q[460] + 0.5*q[459]*q[460]*q[461] + 0.5*q[462]*q[463]*q[464] + 0.5*q[462]*q[464]*q[465] + 0.5*q[463]*q[464]*q[466] + 0.5*q[465]*q[466]*q[467] + 0.5*q[468]*q[469]*q[470] + 0.5*q[468]*q[470]*q[471] + 0.5*q[469]*q[470]*q[472] + 0.5*q[471]*q[472]*q[473] + 0.5*q[474]*q[475]*q[476] + 0.5*q[474]*q[476]*q[477] + 0.5*q[475]*q[476]*q[478] + 0.5*q[477]*q[478]*q[479] + q[480]*q[481]*q[482] + q[483]*q[484]*q[485] + q[486]*q[487]*q[488] + q[489]*q[490]*q[491] + q[492]*q[493]*q[494] + q[495]*q[496]*q[497] + q[498]*q[499]*q[500] + q[501]*q[502]*q[503] + q[504]*q[505]*q[506] + q[507]*q[508]*q[509] + q[510]*q[511]*q[512] + q[513]*q[514]*q[515] + q[516]*q[517]*q[518] + q[519]*q[520]*q[521] + q[522]*q[523]*q[524] + q[525]*q[526]*q[527] + q[528]*q[529]*q[530] + q[531]*q[532]*q[533] + q[534]*q[535]*q[536] + q[537]*q[538]*q[539]

--------------------------------------------------------------------------------
[4. FULL VARIABLE MAPPING]
Index      | Description
--------------------------------------------------
q[0]       : [INPUT] A[0]
q[1]       : [INPUT] B[0]
q[2]       : Comp_XOR_0_nand1_ab
q[3]       : Comp_XOR_0_nand2_a
q[4]       : Comp_XOR_0_nand3_b
q[5]       : [OUTPUT] OUT[0]
q[6]       : [INPUT] A[1]
q[7]       : [INPUT] B[1]
q[8]       : Comp_XOR_1_nand1_ab
q[9]       : Comp_XOR_1_nand2_a
q[10]      : Comp_XOR_1_nand3_b
q[11]      : [OUTPUT] OUT[1]
q[12]      : [INPUT] A[2]
q[13]      : [INPUT] B[2]
q[14]      : Comp_XOR_2_nand1_ab
q[15]      : Comp_XOR_2_nand2_a
q[16]      : Comp_XOR_2_nand3_b
q[17]      : [OUTPUT] OUT[2]
q[18]      : [INPUT] A[3]
q[19]      : [INPUT] B[3]
q[20]      : Comp_XOR_3_nand1_ab
q[21]      : Comp_XOR_3_nand2_a
q[22]      : Comp_XOR_3_nand3_b
q[23]      : [OUTPUT] OUT[3]
q[24]      : [INPUT] A[4]
q[25]      : [INPUT] B[4]
q[26]      : Comp_XOR_4_nand1_ab
q[27]      : Comp_XOR_4_nand2_a
q[28]      : Comp_XOR_4_nand3_b
q[29]      : [OUTPUT] OUT[4]
q[30]      : [INPUT] A[5]
q[31]      : [INPUT] B[5]
q[32]      : Comp_XOR_5_nand1_ab
q[33]      : Comp_XOR_5_nand2_a
q[34]      : Comp_XOR_5_nand3_b
q[35]      : [OUTPUT] OUT[5]
q[36]      : [INPUT] A[6]
q[37]      : [INPUT] B[6]
q[38]      : Comp_XOR_6_nand1_ab
q[39]      : Comp_XOR_6_nand2_a
q[40]      : Comp_XOR_6_nand3_b
q[41]      : [OUTPUT] OUT[6]
q[42]      : [INPUT] A[7]
q[43]      : [INPUT] B[7]
q[44]      : Comp_XOR_7_nand1_ab
q[45]      : Comp_XOR_7_nand2_a
q[46]      : Comp_XOR_7_nand3_b
q[47]      : [OUTPUT] OUT[7]
q[48]      : [INPUT] A[8]
q[49]      : [INPUT] B[8]
q[50]      : Comp_XOR_8_nand1_ab
q[51]      : Comp_XOR_8_nand2_a
q[52]      : Comp_XOR_8_nand3_b
q[53]      : [OUTPUT] OUT[8]
q[54]      : [INPUT] A[9]
q[55]      : [INPUT] B[9]
q[56]      : Comp_XOR_9_nand1_ab
q[57]      : Comp_XOR_9_nand2_a
q[58]      : Comp_XOR_9_nand3_b
q[59]      : [OUTPUT] OUT[9]
q[60]      : [INPUT] A[10]
q[61]      : [INPUT] B[10]
q[62]      : Comp_XOR_10_nand1_ab
q[63]      : Comp_XOR_10_nand2_a
q[64]      : Comp_XOR_10_nand3_b
q[65]      : [OUTPUT] OUT[10]
q[66]      : [INPUT] A[11]
q[67]      : [INPUT] B[11]
q[68]      : Comp_XOR_11_nand1_ab
q[69]      : Comp_XOR_11_nand2_a
q[70]      : Comp_XOR_11_nand3_b
q[71]      : [OUTPUT] OUT[11]
q[72]      : [INPUT] A[12]
q[73]      : [INPUT] B[12]
q[74]      : Comp_XOR_12_nand1_ab
q[75]      : Comp_XOR_12_nand2_a
q[76]      : Comp_XOR_12_nand3_b
q[77]      : [OUTPUT] OUT[12]
q[78]      : [INPUT] A[13]
q[79]      : [INPUT] B[13]
q[80]      : Comp_XOR_13_nand1_ab
q[81]      : Comp_XOR_13_nand2_a
q[82]      : Comp_XOR_13_nand3_b
q[83]      : [OUTPUT] OUT[13]
q[84]      : [INPUT] A[14]
q[85]      : [INPUT] B[14]
q[86]      : Comp_XOR_14_nand1_ab
q[87]      : Comp_XOR_14_nand2_a
q[88]      : Comp_XOR_14_nand3_b
q[89]      : [OUTPUT] OUT[14]
q[90]      : [INPUT] A[15]
q[91]      : [INPUT] B[15]
q[92]      : Comp_XOR_15_nand1_ab
q[93]      : Comp_XOR_15_nand2_a
q[94]      : Comp_XOR_15_nand3_b
q[95]      : [OUTPUT] OUT[15]
q[96]      : [INPUT] A[16]
q[97]      : [INPUT] B[16]
q[98]      : Comp_XOR_16_nand1_ab
q[99]      : Comp_XOR_16_nand2_a
q[100]     : Comp_XOR_16_nand3_b
q[101]     : [OUTPUT] OUT[16]
q[102]     : [INPUT] A[17]
q[103]     : [INPUT] B[17]
q[104]     : Comp_XOR_17_nand1_ab
q[105]     : Comp_XOR_17_nand2_a
q[106]     : Comp_XOR_17_nand3_b
q[107]     : [OUTPUT] OUT[17]
q[108]     : [INPUT] A[18]
q[109]     : [INPUT] B[18]
q[110]     : Comp_XOR_18_nand1_ab
q[111]     : Comp_XOR_18_nand2_a
q[112]     : Comp_XOR_18_nand3_b
q[113]     : [OUTPUT] OUT[18]
q[114]     : [INPUT] A[19]
q[115]     : [INPUT] B[19]
q[116]     : Comp_XOR_19_nand1_ab
q[117]     : Comp_XOR_19_nand2_a
q[118]     : Comp_XOR_19_nand3_b
q[119]     : [OUTPUT] OUT[19]
q[120]     : [INPUT] A[20]
q[121]     : [INPUT] B[20]
q[122]     : Comp_XOR_20_nand1_ab
q[123]     : Comp_XOR_20_nand2_a
q[124]     : Comp_XOR_20_nand3_b
q[125]     : [OUTPUT] OUT[20]
q[126]     : [INPUT] A[21]
q[127]     : [INPUT] B[21]
q[128]     : Comp_XOR_21_nand1_ab
q[129]     : Comp_XOR_21_nand2_a
q[130]     : Comp_XOR_21_nand3_b
q[131]     : [OUTPUT] OUT[21]
q[132]     : [INPUT] A[22]
q[133]     : [INPUT] B[22]
q[134]     : Comp_XOR_22_nand1_ab
q[135]     : Comp_XOR_22_nand2_a
q[136]     : Comp_XOR_22_nand3_b
q[137]     : [OUTPUT] OUT[22]
q[138]     : [INPUT] A[23]
q[139]     : [INPUT] B[23]
q[140]     : Comp_XOR_23_nand1_ab
q[141]     : Comp_XOR_23_nand2_a
q[142]     : Comp_XOR_23_nand3_b
q[143]     : [OUTPUT] OUT[23]
q[144]     : [INPUT] A[24]
q[145]     : [INPUT] B[24]
q[146]     : Comp_XOR_24_nand1_ab
q[147]     : Comp_XOR_24_nand2_a
q[148]     : Comp_XOR_24_nand3_b
q[149]     : [OUTPUT] OUT[24]
q[150]     : [INPUT] A[25]
q[151]     : [INPUT] B[25]
q[152]     : Comp_XOR_25_nand1_ab
q[153]     : Comp_XOR_25_nand2_a
q[154]     : Comp_XOR_25_nand3_b
q[155]     : [OUTPUT] OUT[25]
q[156]     : [INPUT] A[26]
q[157]     : [INPUT] B[26]
q[158]     : Comp_XOR_26_nand1_ab
q[159]     : Comp_XOR_26_nand2_a
q[160]     : Comp_XOR_26_nand3_b
q[161]     : [OUTPUT] OUT[26]
q[162]     : [INPUT] A[27]
q[163]     : [INPUT] B[27]
q[164]     : Comp_XOR_27_nand1_ab
q[165]     : Comp_XOR_27_nand2_a
q[166]     : Comp_XOR_27_nand3_b
q[167]     : [OUTPUT] OUT[27]
q[168]     : [INPUT] A[28]
q[169]     : [INPUT] B[28]
q[170]     : Comp_XOR_28_nand1_ab
q[171]     : Comp_XOR_28_nand2_a
q[172]     : Comp_XOR_28_nand3_b
q[173]     : [OUTPUT] OUT[28]
q[174]     : [INPUT] A[29]
q[175]     : [INPUT] B[29]
q[176]     : Comp_XOR_29_nand1_ab
q[177]     : Comp_XOR_29_nand2_a
q[178]     : Comp_XOR_29_nand3_b
q[179]     : [OUTPUT] OUT[29]
q[180]     : [INPUT] A[30]
q[181]     : [INPUT] B[30]
q[182]     : Comp_XOR_30_nand1_ab
q[183]     : Comp_XOR_30_nand2_a
q[184]     : Comp_XOR_30_nand3_b
q[185]     : [OUTPUT] OUT[30]
q[186]     : [INPUT] A[31]
q[187]     : [INPUT] B[31]
q[188]     : Comp_XOR_31_nand1_ab
q[189]     : Comp_XOR_31_nand2_a
q[190]     : Comp_XOR_31_nand3_b
q[191]     : [OUTPUT] OUT[31]
q[192]     : [INPUT] A[32]
q[193]     : [INPUT] B[32]
q[194]     : Comp_XOR_32_nand1_ab
q[195]     : Comp_XOR_32_nand2_a
q[196]     : Comp_XOR_32_nand3_b
q[197]     : [OUTPUT] OUT[32]
q[198]     : [INPUT] A[33]
q[199]     : [INPUT] B[33]
q[200]     : Comp_XOR_33_nand1_ab
q[201]     : Comp_XOR_33_nand2_a
q[202]     : Comp_XOR_33_nand3_b
q[203]     : [OUTPUT] OUT[33]
q[204]     : [INPUT] A[34]
q[205]     : [INPUT] B[34]
q[206]     : Comp_XOR_34_nand1_ab
q[207]     : Comp_XOR_34_nand2_a
q[208]     : Comp_XOR_34_nand3_b
q[209]     : [OUTPUT] OUT[34]
q[210]     : [INPUT] A[35]
q[211]     : [INPUT] B[35]
q[212]     : Comp_XOR_35_nand1_ab
q[213]     : Comp_XOR_35_nand2_a
q[214]     : Comp_XOR_35_nand3_b
q[215]     : [OUTPUT] OUT[35]
q[216]     : [INPUT] A[36]
q[217]     : [INPUT] B[36]
q[218]     : Comp_XOR_36_nand1_ab
q[219]     : Comp_XOR_36_nand2_a
q[220]     : Comp_XOR_36_nand3_b
q[221]     : [OUTPUT] OUT[36]
q[222]     : [INPUT] A[37]
q[223]     : [INPUT] B[37]
q[224]     : Comp_XOR_37_nand1_ab
q[225]     : Comp_XOR_37_nand2_a
q[226]     : Comp_XOR_37_nand3_b
q[227]     : [OUTPUT] OUT[37]
q[228]     : [INPUT] A[38]
q[229]     : [INPUT] B[38]
q[230]     : Comp_XOR_38_nand1_ab
q[231]     : Comp_XOR_38_nand2_a
q[232]     : Comp_XOR_38_nand3_b
q[233]     : [OUTPUT] OUT[38]
q[234]     : [INPUT] A[39]
q[235]     : [INPUT] B[39]
q[236]     : Comp_XOR_39_nand1_ab
q[237]     : Comp_XOR_39_nand2_a
q[238]     : Comp_XOR_39_nand3_b
q[239]     : [OUTPUT] OUT[39]
q[240]     : [INPUT] A[40]
q[241]     : [INPUT] B[40]
q[242]     : Comp_XOR_40_nand1_ab
q[243]     : Comp_XOR_40_nand2_a
q[244]     : Comp_XOR_40_nand3_b
q[245]     : [OUTPUT] OUT[40]
q[246]     : [INPUT] A[41]
q[247]     : [INPUT] B[41]
q[248]     : Comp_XOR_41_nand1_ab
q[249]     : Comp_XOR_41_nand2_a
q[250]     : Comp_XOR_41_nand3_b
q[251]     : [OUTPUT] OUT[41]
q[252]     : [INPUT] A[42]
q[253]     : [INPUT] B[42]
q[254]     : Comp_XOR_42_nand1_ab
q[255]     : Comp_XOR_42_nand2_a
q[256]     : Comp_XOR_42_nand3_b
q[257]     : [OUTPUT] OUT[42]
q[258]     : [INPUT] A[43]
q[259]     : [INPUT] B[43]
q[260]     : Comp_XOR_43_nand1_ab
q[261]     : Comp_XOR_43_nand2_a
q[262]     : Comp_XOR_43_nand3_b
q[263]     : [OUTPUT] OUT[43]
q[264]     : [INPUT] A[44]
q[265]     : [INPUT] B[44]
q[266]     : Comp_XOR_44_nand1_ab
q[267]     : Comp_XOR_44_nand2_a
q[268]     : Comp_XOR_44_nand3_b
q[269]     : [OUTPUT] OUT[44]
q[270]     : [INPUT] A[45]
q[271]     : [INPUT] B[45]
q[272]     : Comp_XOR_45_nand1_ab
q[273]     : Comp_XOR_45_nand2_a
q[274]     : Comp_XOR_45_nand3_b
q[275]     : [OUTPUT] OUT[45]
q[276]     : [INPUT] A[46]
q[277]     : [INPUT] B[46]
q[278]     : Comp_XOR_46_nand1_ab
q[279]     : Comp_XOR_46_nand2_a
q[280]     : Comp_XOR_46_nand3_b
q[281]     : [OUTPUT] OUT[46]
q[282]     : [INPUT] A[47]
q[283]     : [INPUT] B[47]
q[284]     : Comp_XOR_47_nand1_ab
q[285]     : Comp_XOR_47_nand2_a
q[286]     : Comp_XOR_47_nand3_b
q[287]     : [OUTPUT] OUT[47]
q[288]     : [INPUT] A[48]
q[289]     : [INPUT] B[48]
q[290]     : Comp_XOR_48_nand1_ab
q[291]     : Comp_XOR_48_nand2_a
q[292]     : Comp_XOR_48_nand3_b
q[293]     : [OUTPUT] OUT[48]
q[294]     : [INPUT] A[49]
q[295]     : [INPUT] B[49]
q[296]     : Comp_XOR_49_nand1_ab
q[297]     : Comp_XOR_49_nand2_a
q[298]     : Comp_XOR_49_nand3_b
q[299]     : [OUTPUT] OUT[49]
q[300]     : [INPUT] A[50]
q[301]     : [INPUT] B[50]
q[302]     : Comp_XOR_50_nand1_ab
q[303]     : Comp_XOR_50_nand2_a
q[304]     : Comp_XOR_50_nand3_b
q[305]     : [OUTPUT] OUT[50]
q[306]     : [INPUT] A[51]
q[307]     : [INPUT] B[51]
q[308]     : Comp_XOR_51_nand1_ab
q[309]     : Comp_XOR_51_nand2_a
q[310]     : Comp_XOR_51_nand3_b
q[311]     : [OUTPUT] OUT[51]
q[312]     : [INPUT] A[52]
q[313]     : [INPUT] B[52]
q[314]     : Comp_XOR_52_nand1_ab
q[315]     : Comp_XOR_52_nand2_a
q[316]     : Comp_XOR_52_nand3_b
q[317]     : [OUTPUT] OUT[52]
q[318]     : [INPUT] A[53]
q[319]     : [INPUT] B[53]
q[320]     : Comp_XOR_53_nand1_ab
q[321]     : Comp_XOR_53_nand2_a
q[322]     : Comp_XOR_53_nand3_b
q[323]     : [OUTPUT] OUT[53]
q[324]     : [INPUT] A[54]
q[325]     : [INPUT] B[54]
q[326]     : Comp_XOR_54_nand1_ab
q[327]     : Comp_XOR_54_nand2_a
q[328]     : Comp_XOR_54_nand3_b
q[329]     : [OUTPUT] OUT[54]
q[330]     : [INPUT] A[55]
q[331]     : [INPUT] B[55]
q[332]     : Comp_XOR_55_nand1_ab
q[333]     : Comp_XOR_55_nand2_a
q[334]     : Comp_XOR_55_nand3_b
q[335]     : [OUTPUT] OUT[55]
q[336]     : [INPUT] A[56]
q[337]     : [INPUT] B[56]
q[338]     : Comp_XOR_56_nand1_ab
q[339]     : Comp_XOR_56_nand2_a
q[340]     : Comp_XOR_56_nand3_b
q[341]     : [OUTPUT] OUT[56]
q[342]     : [INPUT] A[57]
q[343]     : [INPUT] B[57]
q[344]     : Comp_XOR_57_nand1_ab
q[345]     : Comp_XOR_57_nand2_a
q[346]     : Comp_XOR_57_nand3_b
q[347]     : [OUTPUT] OUT[57]
q[348]     : [INPUT] A[58]
q[349]     : [INPUT] B[58]
q[350]     : Comp_XOR_58_nand1_ab
q[351]     : Comp_XOR_58_nand2_a
q[352]     : Comp_XOR_58_nand3_b
q[353]     : [OUTPUT] OUT[58]
q[354]     : [INPUT] A[59]
q[355]     : [INPUT] B[59]
q[356]     : Comp_XOR_59_nand1_ab
q[357]     : Comp_XOR_59_nand2_a
q[358]     : Comp_XOR_59_nand3_b
q[359]     : [OUTPUT] OUT[59]
q[360]     : [INPUT] A[60]
q[361]     : [INPUT] B[60]
q[362]     : Comp_XOR_60_nand1_ab
q[363]     : Comp_XOR_60_nand2_a
q[364]     : Comp_XOR_60_nand3_b
q[365]     : [OUTPUT] OUT[60]
q[366]     : [INPUT] A[61]
q[367]     : [INPUT] B[61]
q[368]     : Comp_XOR_61_nand1_ab
q[369]     : Comp_XOR_61_nand2_a
q[370]     : Comp_XOR_61_nand3_b
q[371]     : [OUTPUT] OUT[61]
q[372]     : [INPUT] A[62]
q[373]     : [INPUT] B[62]
q[374]     : Comp_XOR_62_nand1_ab
q[375]     : Comp_XOR_62_nand2_a
q[376]     : Comp_XOR_62_nand3_b
q[377]     : [OUTPUT] OUT[62]
q[378]     : [INPUT] A[63]
q[379]     : [INPUT] B[63]
q[380]     : Comp_XOR_63_nand1_ab
q[381]     : Comp_XOR_63_nand2_a
q[382]     : Comp_XOR_63_nand3_b
q[383]     : [OUTPUT] OUT[63]
q[384]     : [INPUT] A[64]
q[385]     : [INPUT] B[64]
q[386]     : Comp_XOR_64_nand1_ab
q[387]     : Comp_XOR_64_nand2_a
q[388]     : Comp_XOR_64_nand3_b
q[389]     : [OUTPUT] OUT[64]
q[390]     : [INPUT] A[65]
q[391]     : [INPUT] B[65]
q[392]     : Comp_XOR_65_nand1_ab
q[393]     : Comp_XOR_65_nand2_a
q[394]     : Comp_XOR_65_nand3_b
q[395]     : [OUTPUT] OUT[65]
q[396]     : [INPUT] A[66]
q[397]     : [INPUT] B[66]
q[398]     : Comp_XOR_66_nand1_ab
q[399]     : Comp_XOR_66_nand2_a
q[400]     : Comp_XOR_66_nand3_b
q[401]     : [OUTPUT] OUT[66]
q[402]     : [INPUT] A[67]
q[403]     : [INPUT] B[67]
q[404]     : Comp_XOR_67_nand1_ab
q[405]     : Comp_XOR_67_nand2_a
q[406]     : Comp_XOR_67_nand3_b
q[407]     : [OUTPUT] OUT[67]
q[408]     : [INPUT] A[68]
q[409]     : [INPUT] B[68]
q[410]     : Comp_XOR_68_nand1_ab
q[411]     : Comp_XOR_68_nand2_a
q[412]     : Comp_XOR_68_nand3_b
q[413]     : [OUTPUT] OUT[68]
q[414]     : [INPUT] A[69]
q[415]     : [INPUT] B[69]
q[416]     : Comp_XOR_69_nand1_ab
q[417]     : Comp_XOR_69_nand2_a
q[418]     : Comp_XOR_69_nand3_b
q[419]     : [OUTPUT] OUT[69]
q[420]     : [INPUT] A[70]
q[421]     : [INPUT] B[70]
q[422]     : Comp_XOR_70_nand1_ab
q[423]     : Comp_XOR_70_nand2_a
q[424]     : Comp_XOR_70_nand3_b
q[425]     : [OUTPUT] OUT[70]
q[426]     : [INPUT] A[71]
q[427]     : [INPUT] B[71]
q[428]     : Comp_XOR_71_nand1_ab
q[429]     : Comp_XOR_71_nand2_a
q[430]     : Comp_XOR_71_nand3_b
q[431]     : [OUTPUT] OUT[71]
q[432]     : [INPUT] A[72]
q[433]     : [INPUT] B[72]
q[434]     : Comp_XOR_72_nand1_ab
q[435]     : Comp_XOR_72_nand2_a
q[436]     : Comp_XOR_72_nand3_b
q[437]     : [OUTPUT] OUT[72]
q[438]     : [INPUT] A[73]
q[439]     : [INPUT] B[73]
q[440]     : Comp_XOR_73_nand1_ab
q[441]     : Comp_XOR_73_nand2_a
q[442]     : Comp_XOR_73_nand3_b
q[443]     : [OUTPUT] OUT[73]
q[444]     : [INPUT] A[74]
q[445]     : [INPUT] B[74]
q[446]     : Comp_XOR_74_nand1_ab
q[447]     : Comp_XOR_74_nand2_a
q[448]     : Comp_XOR_74_nand3_b
q[449]     : [OUTPUT] OUT[74]
q[450]     : [INPUT] A[75]
q[451]     : [INPUT] B[75]
q[452]     : Comp_XOR_75_nand1_ab
q[453]     : Comp_XOR_75_nand2_a
q[454]     : Comp_XOR_75_nand3_b
q[455]     : [OUTPUT] OUT[75]
q[456]     : [INPUT] A[76]
q[457]     : [INPUT] B[76]
q[458]     : Comp_XOR_76_nand1_ab
q[459]     : Comp_XOR_76_nand2_a
q[460]     : Comp_XOR_76_nand3_b
q[461]     : [OUTPUT] OUT[76]
q[462]     : [INPUT] A[77]
q[463]     : [INPUT] B[77]
q[464]     : Comp_XOR_77_nand1_ab
q[465]     : Comp_XOR_77_nand2_a
q[466]     : Comp_XOR_77_nand3_b
q[467]     : [OUTPUT] OUT[77]
q[468]     : [INPUT] A[78]
q[469]     : [INPUT] B[78]
q[470]     : Comp_XOR_78_nand1_ab
q[471]     : Comp_XOR_78_nand2_a
q[472]     : Comp_XOR_78_nand3_b
q[473]     : [OUTPUT] OUT[78]
q[474]     : [INPUT] A[79]
q[475]     : [INPUT] B[79]
q[476]     : Comp_XOR_79_nand1_ab
q[477]     : Comp_XOR_79_nand2_a
q[478]     : Comp_XOR_79_nand3_b
q[479]     : [OUTPUT] OUT[79]
q[480]     : [INPUT] A[80]
q[481]     : [INPUT] B[80]
q[482]     : [OUTPUT] OUT[80]
q[483]     : [INPUT] A[81]
q[484]     : [INPUT] B[81]
q[485]     : [OUTPUT] OUT[81]
q[486]     : [INPUT] A[82]
q[487]     : [INPUT] B[82]
q[488]     : [OUTPUT] OUT[82]
q[489]     : [INPUT] A[83]
q[490]     : [INPUT] B[83]
q[491]     : [OUTPUT] OUT[83]
q[492]     : [INPUT] A[84]
q[493]     : [INPUT] B[84]
q[494]     : [OUTPUT] OUT[84]
q[495]     : [INPUT] A[85]
q[496]     : [INPUT] B[85]
q[497]     : [OUTPUT] OUT[85]
q[498]     : [INPUT] A[86]
q[499]     : [INPUT] B[86]
q[500]     : [OUTPUT] OUT[86]
q[501]     : [INPUT] A[87]
q[502]     : [INPUT] B[87]
q[503]     : [OUTPUT] OUT[87]
q[504]     : [INPUT] A[88]
q[505]     : [INPUT] B[88]
q[506]     : [OUTPUT] OUT[88]
q[507]     : [INPUT] A[89]
q[508]     : [INPUT] B[89]
q[509]     : [OUTPUT] OUT[89]
q[510]     : [INPUT] A[90]
q[511]     : [INPUT] B[90]
q[512]     : [OUTPUT] OUT[90]
q[513]     : [INPUT] A[91]
q[514]     : [INPUT] B[91]
q[515]     : [OUTPUT] OUT[91]
q[516]     : [INPUT] A[92]
q[517]     : [INPUT] B[92]
q[518]     : [OUTPUT] OUT[92]
q[519]     : [INPUT] A[93]
q[520]     : [INPUT] B[93]
q[521]     : [OUTPUT] OUT[93]
q[522]     : [INPUT] A[94]
q[523]     : [INPUT] B[94]
q[524]     : [OUTPUT] OUT[94]
q[525]     : [INPUT] A[95]
q[526]     : [INPUT] B[95]
q[527]     : [OUTPUT] OUT[95]
q[528]     : [INPUT] A[96]
q[529]     : [INPUT] B[96]
q[530]     : [OUTPUT] OUT[96]
q[531]     : [INPUT] A[97]
q[532]     : [INPUT] B[97]
q[533]     : [OUTPUT] OUT[97]
q[534]     : [INPUT] A[98]
q[535]     : [INPUT] B[98]
q[536]     : [OUTPUT] OUT[98]
q[537]     : [INPUT] A[99]
q[538]     : [INPUT] B[99]
q[539]     : [OUTPUT] OUT[99]

================================================================================
 END OF REPORT
================================================================================