================================================================================
 ISING MODEL GENERATION REPORT (100 XOR Gates, a=10%, AON Mode)
================================================================================
Total Qubits: 340
Theoretical Min Energy (Offset): 0
--------------------------------------------------------------------------------

[1. CUBIC TERMS LIST (With Coefficients)]
cubic_terms_list = [
    'q[70]*q[71]*q[72]',
    'q[73]*q[74]*q[75]',
    'q[76]*q[77]*q[78]',
    'q[79]*q[80]*q[81]',
    'q[82]*q[83]*q[84]',
    'q[85]*q[86]*q[87]',
    'q[88]*q[89]*q[90]',
    'q[91]*q[92]*q[93]',
    'q[94]*q[95]*q[96]',
    'q[97]*q[98]*q[99]',
    'q[100]*q[101]*q[102]',
    'q[103]*q[104]*q[105]',
    'q[106]*q[107]*q[108]',
    'q[109]*q[110]*q[111]',
    'q[112]*q[113]*q[114]',
    'q[115]*q[116]*q[117]',
    'q[118]*q[119]*q[120]',
    'q[121]*q[122]*q[123]',
    'q[124]*q[125]*q[126]',
    'q[127]*q[128]*q[129]',
    'q[130]*q[131]*q[132]',
    'q[133]*q[134]*q[135]',
    'q[136]*q[137]*q[138]',
    'q[139]*q[140]*q[141]',
    'q[142]*q[143]*q[144]',
    'q[145]*q[146]*q[147]',
    'q[148]*q[149]*q[150]',
    'q[151]*q[152]*q[153]',
    'q[154]*q[155]*q[156]',
    'q[157]*q[158]*q[159]',
    'q[160]*q[161]*q[162]',
    'q[163]*q[164]*q[165]',
    'q[166]*q[167]*q[168]',
    'q[169]*q[170]*q[171]',
    'q[172]*q[173]*q[174]',
    'q[175]*q[176]*q[177]',
    'q[178]*q[179]*q[180]',
    'q[181]*q[182]*q[183]',
    'q[184]*q[185]*q[186]',
    'q[187]*q[188]*q[189]',
    'q[190]*q[191]*q[192]',
    'q[193]*q[194]*q[195]',
    'q[196]*q[197]*q[198]',
    'q[199]*q[200]*q[201]',
    'q[202]*q[203]*q[204]',
    'q[205]*q[206]*q[207]',
    'q[208]*q[209]*q[210]',
    'q[211]*q[212]*q[213]',
    'q[214]*q[215]*q[216]',
    'q[217]*q[218]*q[219]',
    'q[220]*q[221]*q[222]',
    'q[223]*q[224]*q[225]',
    'q[226]*q[227]*q[228]',
    'q[229]*q[230]*q[231]',
    'q[232]*q[233]*q[234]',
    'q[235]*q[236]*q[237]',
    'q[238]*q[239]*q[240]',
    'q[241]*q[242]*q[243]',
    'q[244]*q[245]*q[246]',
    'q[247]*q[248]*q[249]',
    'q[250]*q[251]*q[252]',
    'q[253]*q[254]*q[255]',
    'q[256]*q[257]*q[258]',
    'q[259]*q[260]*q[261]',
    'q[262]*q[263]*q[264]',
    'q[265]*q[266]*q[267]',
    'q[268]*q[269]*q[270]',
    'q[271]*q[272]*q[273]',
    'q[274]*q[275]*q[276]',
    'q[277]*q[278]*q[279]',
    'q[280]*q[281]*q[282]',
    'q[283]*q[284]*q[285]',
    'q[286]*q[287]*q[288]',
    'q[289]*q[290]*q[291]',
    'q[292]*q[293]*q[294]',
    'q[295]*q[296]*q[297]',
    'q[298]*q[299]*q[300]',
    'q[301]*q[302]*q[303]',
    'q[304]*q[305]*q[306]',
    'q[307]*q[308]*q[309]',
    'q[310]*q[311]*q[312]',
    'q[313]*q[314]*q[315]',
    'q[316]*q[317]*q[318]',
    'q[319]*q[320]*q[321]',
    'q[322]*q[323]*q[324]',
    'q[325]*q[326]*q[327]',
    'q[328]*q[329]*q[330]',
    'q[331]*q[332]*q[333]',
    'q[334]*q[335]*q[336]',
    'q[337]*q[338]*q[339]'
]

--------------------------------------------------------------------------------
[2. F_QUADRATIC (Linear + Quadratic terms only)]
2*q[0]*q[2] + 2 + 2*q[1]*q[3] + 2 + q[0]*q[3] + -2*q[0]*q[4] + -2*q[3]*q[4] + -q[0] + -q[3] + 2*q[4] + 3 + q[2]*q[1] + -2*q[2]*q[5] + -2*q[1]*q[5] + -q[2] + -q[1] + 2*q[5] + 3 + q[4]*q[5] + -2*q[4]*q[6] + -2*q[5]*q[6] + q[4] + q[5] + -2*q[6] + 3 + 2*q[7]*q[9] + 2 + 2*q[8]*q[10] + 2 + q[7]*q[10] + -2*q[7]*q[11] + -2*q[10]*q[11] + -q[7] + -q[10] + 2*q[11] + 3 + q[9]*q[8] + -2*q[9]*q[12] + -2*q[8]*q[12] + -q[9] + -q[8] + 2*q[12] + 3 + q[11]*q[12] + -2*q[11]*q[13] + -2*q[12]*q[13] + q[11] + q[12] + -2*q[13] + 3 + 2*q[14]*q[16] + 2 + 2*q[15]*q[17] + 2 + q[14]*q[17] + -2*q[14]*q[18] + -2*q[17]*q[18] + -q[14] + -q[17] + 2*q[18] + 3 + q[16]*q[15] + -2*q[16]*q[19] + -2*q[15]*q[19] + -q[16] + -q[15] + 2*q[19] + 3 + q[18]*q[19] + -2*q[18]*q[20] + -2*q[19]*q[20] + q[18] + q[19] + -2*q[20] + 3 + 2*q[21]*q[23] + 2 + 2*q[22]*q[24] + 2 + q[21]*q[24] + -2*q[21]*q[25] + -2*q[24]*q[25] + -q[21] + -q[24] + 2*q[25] + 3 + q[23]*q[22] + -2*q[23]*q[26] + -2*q[22]*q[26] + -q[23] + -q[22] + 2*q[26] + 3 + q[25]*q[26] + -2*q[25]*q[27] + -2*q[26]*q[27] + q[25] + q[26] + -2*q[27] + 3 + 2*q[28]*q[30] + 2 + 2*q[29]*q[31] + 2 + q[28]*q[31] + -2*q[28]*q[32] + -2*q[31]*q[32] + -q[28] + -q[31] + 2*q[32] + 3 + q[30]*q[29] + -2*q[30]*q[33] + -2*q[29]*q[33] + -q[30] + -q[29] + 2*q[33] + 3 + q[32]*q[33] + -2*q[32]*q[34] + -2*q[33]*q[34] + q[32] + q[33] + -2*q[34] + 3 + 2*q[35]*q[37] + 2 + 2*q[36]*q[38] + 2 + q[35]*q[38] + -2*q[35]*q[39] + -2*q[38]*q[39] + -q[35] + -q[38] + 2*q[39] + 3 + q[37]*q[36] + -2*q[37]*q[40] + -2*q[36]*q[40] + -q[37] + -q[36] + 2*q[40] + 3 + q[39]*q[40] + -2*q[39]*q[41] + -2*q[40]*q[41] + q[39] + q[40] + -2*q[41] + 3 + 2*q[42]*q[44] + 2 + 2*q[43]*q[45] + 2 + q[42]*q[45] + -2*q[42]*q[46] + -2*q[45]*q[46] + -q[42] + -q[45] + 2*q[46] + 3 + q[44]*q[43] + -2*q[44]*q[47] + -2*q[43]*q[47] + -q[44] + -q[43] + 2*q[47] + 3 + q[46]*q[47] + -2*q[46]*q[48] + -2*q[47]*q[48] + q[46] + q[47] + -2*q[48] + 3 + 2*q[49]*q[51] + 2 + 2*q[50]*q[52] + 2 + q[49]*q[52] + -2*q[49]*q[53] + -2*q[52]*q[53] + -q[49] + -q[52] + 2*q[53] + 3 + q[51]*q[50] + -2*q[51]*q[54] + -2*q[50]*q[54] + -q[51] + -q[50] + 2*q[54] + 3 + q[53]*q[54] + -2*q[53]*q[55] + -2*q[54]*q[55] + q[53] + q[54] + -2*q[55] + 3 + 2*q[56]*q[58] + 2 + 2*q[57]*q[59] + 2 + q[56]*q[59] + -2*q[56]*q[60] + -2*q[59]*q[60] + -q[56] + -q[59] + 2*q[60] + 3 + q[58]*q[57] + -2*q[58]*q[61] + -2*q[57]*q[61] + -q[58] + -q[57] + 2*q[61] + 3 + q[60]*q[61] + -2*q[60]*q[62] + -2*q[61]*q[62] + q[60] + q[61] + -2*q[62] + 3 + 2*q[63]*q[65] + 2 + 2*q[64]*q[66] + 2 + q[63]*q[66] + -2*q[63]*q[67] + -2*q[66]*q[67] + -q[63] + -q[66] + 2*q[67] + 3 + q[65]*q[64] + -2*q[65]*q[68] + -2*q[64]*q[68] + -q[65] + -q[64] + 2*q[68] + 3 + q[67]*q[68] + -2*q[67]*q[69] + -2*q[68]*q[69] + q[67] + q[68] + -2*q[69] + 3 + 1 + 1 + 1 + 1 + 1 + 1 + 1 + 1 + 1 + 1 + 1 + 1 + 1 + 1 + 1 + 1 + 1 + 1 + 1 + 1 + 1 + 1 + 1 + 1 + 1 + 1 + 1 + 1 + 1 + 1 + 1 + 1 + 1 + 1 + 1 + 1 + 1 + 1 + 1 + 1 + 1 + 1 + 1 + 1 + 1 + 1 + 1 + 1 + 1 + 1 + 1 + 1 + 1 + 1 + 1 + 1 + 1 + 1 + 1 + 1 + 1 + 1 + 1 + 1 + 1 + 1 + 1 + 1 + 1 + 1 + 1 + 1 + 1 + 1 + 1 + 1 + 1 + 1 + 1 + 1 + 1 + 1 + 1 + 1 + 1 + 1 + 1 + 1 + 1 + 1

--------------------------------------------------------------------------------
[3. F_TOTAL (Full Hamiltonian including Cubic)]
2*q[0]*q[2] + 2 + 2*q[1]*q[3] + 2 + q[0]*q[3] + -2*q[0]*q[4] + -2*q[3]*q[4] + -q[0] + -q[3] + 2*q[4] + 3 + q[2]*q[1] + -2*q[2]*q[5] + -2*q[1]*q[5] + -q[2] + -q[1] + 2*q[5] + 3 + q[4]*q[5] + -2*q[4]*q[6] + -2*q[5]*q[6] + q[4] + q[5] + -2*q[6] + 3 + 2*q[7]*q[9] + 2 + 2*q[8]*q[10] + 2 + q[7]*q[10] + -2*q[7]*q[11] + -2*q[10]*q[11] + -q[7] + -q[10] + 2*q[11] + 3 + q[9]*q[8] + -2*q[9]*q[12] + -2*q[8]*q[12] + -q[9] + -q[8] + 2*q[12] + 3 + q[11]*q[12] + -2*q[11]*q[13] + -2*q[12]*q[13] + q[11] + q[12] + -2*q[13] + 3 + 2*q[14]*q[16] + 2 + 2*q[15]*q[17] + 2 + q[14]*q[17] + -2*q[14]*q[18] + -2*q[17]*q[18] + -q[14] + -q[17] + 2*q[18] + 3 + q[16]*q[15] + -2*q[16]*q[19] + -2*q[15]*q[19] + -q[16] + -q[15] + 2*q[19] + 3 + q[18]*q[19] + -2*q[18]*q[20] + -2*q[19]*q[20] + q[18] + q[19] + -2*q[20] + 3 + 2*q[21]*q[23] + 2 + 2*q[22]*q[24] + 2 + q[21]*q[24] + -2*q[21]*q[25] + -2*q[24]*q[25] + -q[21] + -q[24] + 2*q[25] + 3 + q[23]*q[22] + -2*q[23]*q[26] + -2*q[22]*q[26] + -q[23] + -q[22] + 2*q[26] + 3 + q[25]*q[26] + -2*q[25]*q[27] + -2*q[26]*q[27] + q[25] + q[26] + -2*q[27] + 3 + 2*q[28]*q[30] + 2 + 2*q[29]*q[31] + 2 + q[28]*q[31] + -2*q[28]*q[32] + -2*q[31]*q[32] + -q[28] + -q[31] + 2*q[32] + 3 + q[30]*q[29] + -2*q[30]*q[33] + -2*q[29]*q[33] + -q[30] + -q[29] + 2*q[33] + 3 + q[32]*q[33] + -2*q[32]*q[34] + -2*q[33]*q[34] + q[32] + q[33] + -2*q[34] + 3 + 2*q[35]*q[37] + 2 + 2*q[36]*q[38] + 2 + q[35]*q[38] + -2*q[35]*q[39] + -2*q[38]*q[39] + -q[35] + -q[38] + 2*q[39] + 3 + q[37]*q[36] + -2*q[37]*q[40] + -2*q[36]*q[40] + -q[37] + -q[36] + 2*q[40] + 3 + q[39]*q[40] + -2*q[39]*q[41] + -2*q[40]*q[41] + q[39] + q[40] + -2*q[41] + 3 + 2*q[42]*q[44] + 2 + 2*q[43]*q[45] + 2 + q[42]*q[45] + -2*q[42]*q[46] + -2*q[45]*q[46] + -q[42] + -q[45] + 2*q[46] + 3 + q[44]*q[43] + -2*q[44]*q[47] + -2*q[43]*q[47] + -q[44] + -q[43] + 2*q[47] + 3 + q[46]*q[47] + -2*q[46]*q[48] + -2*q[47]*q[48] + q[46] + q[47] + -2*q[48] + 3 + 2*q[49]*q[51] + 2 + 2*q[50]*q[52] + 2 + q[49]*q[52] + -2*q[49]*q[53] + -2*q[52]*q[53] + -q[49] + -q[52] + 2*q[53] + 3 + q[51]*q[50] + -2*q[51]*q[54] + -2*q[50]*q[54] + -q[51] + -q[50] + 2*q[54] + 3 + q[53]*q[54] + -2*q[53]*q[55] + -2*q[54]*q[55] + q[53] + q[54] + -2*q[55] + 3 + 2*q[56]*q[58] + 2 + 2*q[57]*q[59] + 2 + q[56]*q[59] + -2*q[56]*q[60] + -2*q[59]*q[60] + -q[56] + -q[59] + 2*q[60] + 3 + q[58]*q[57] + -2*q[58]*q[61] + -2*q[57]*q[61] + -q[58] + -q[57] + 2*q[61] + 3 + q[60]*q[61] + -2*q[60]*q[62] + -2*q[61]*q[62] + q[60] + q[61] + -2*q[62] + 3 + 2*q[63]*q[65] + 2 + 2*q[64]*q[66] + 2 + q[63]*q[66] + -2*q[63]*q[67] + -2*q[66]*q[67] + -q[63] + -q[66] + 2*q[67] + 3 + q[65]*q[64] + -2*q[65]*q[68] + -2*q[64]*q[68] + -q[65] + -q[64] + 2*q[68] + 3 + q[67]*q[68] + -2*q[67]*q[69] + -2*q[68]*q[69] + q[67] + q[68] + -2*q[69] + 3 + 1 + 1 + 1 + 1 + 1 + 1 + 1 + 1 + 1 + 1 + 1 + 1 + 1 + 1 + 1 + 1 + 1 + 1 + 1 + 1 + 1 + 1 + 1 + 1 + 1 + 1 + 1 + 1 + 1 + 1 + 1 + 1 + 1 + 1 + 1 + 1 + 1 + 1 + 1 + 1 + 1 + 1 + 1 + 1 + 1 + 1 + 1 + 1 + 1 + 1 + 1 + 1 + 1 + 1 + 1 + 1 + 1 + 1 + 1 + 1 + 1 + 1 + 1 + 1 + 1 + 1 + 1 + 1 + 1 + 1 + 1 + 1 + 1 + 1 + 1 + 1 + 1 + 1 + 1 + 1 + 1 + 1 + 1 + 1 + 1 + 1 + 1 + 1 + 1 + 1 + q[70]*q[71]*q[72] + q[73]*q[74]*q[75] + q[76]*q[77]*q[78] + q[79]*q[80]*q[81] + q[82]*q[83]*q[84] + q[85]*q[86]*q[87] + q[88]*q[89]*q[90] + q[91]*q[92]*q[93] + q[94]*q[95]*q[96] + q[97]*q[98]*q[99] + q[100]*q[101]*q[102] + q[103]*q[104]*q[105] + q[106]*q[107]*q[108] + q[109]*q[110]*q[111] + q[112]*q[113]*q[114] + q[115]*q[116]*q[117] + q[118]*q[119]*q[120] + q[121]*q[122]*q[123] + q[124]*q[125]*q[126] + q[127]*q[128]*q[129] + q[130]*q[131]*q[132] + q[133]*q[134]*q[135] + q[136]*q[137]*q[138] + q[139]*q[140]*q[141] + q[142]*q[143]*q[144] + q[145]*q[146]*q[147] + q[148]*q[149]*q[150] + q[151]*q[152]*q[153] + q[154]*q[155]*q[156] + q[157]*q[158]*q[159] + q[160]*q[161]*q[162] + q[163]*q[164]*q[165] + q[166]*q[167]*q[168] + q[169]*q[170]*q[171] + q[172]*q[173]*q[174] + q[175]*q[176]*q[177] + q[178]*q[179]*q[180] + q[181]*q[182]*q[183] + q[184]*q[185]*q[186] + q[187]*q[188]*q[189] + q[190]*q[191]*q[192] + q[193]*q[194]*q[195] + q[196]*q[197]*q[198] + q[199]*q[200]*q[201] + q[202]*q[203]*q[204] + q[205]*q[206]*q[207] + q[208]*q[209]*q[210] + q[211]*q[212]*q[213] + q[214]*q[215]*q[216] + q[217]*q[218]*q[219] + q[220]*q[221]*q[222] + q[223]*q[224]*q[225] + q[226]*q[227]*q[228] + q[229]*q[230]*q[231] + q[232]*q[233]*q[234] + q[235]*q[236]*q[237] + q[238]*q[239]*q[240] + q[241]*q[242]*q[243] + q[244]*q[245]*q[246] + q[247]*q[248]*q[249] + q[250]*q[251]*q[252] + q[253]*q[254]*q[255] + q[256]*q[257]*q[258] + q[259]*q[260]*q[261] + q[262]*q[263]*q[264] + q[265]*q[266]*q[267] + q[268]*q[269]*q[270] + q[271]*q[272]*q[273] + q[274]*q[275]*q[276] + q[277]*q[278]*q[279] + q[280]*q[281]*q[282] + q[283]*q[284]*q[285] + q[286]*q[287]*q[288] + q[289]*q[290]*q[291] + q[292]*q[293]*q[294] + q[295]*q[296]*q[297] + q[298]*q[299]*q[300] + q[301]*q[302]*q[303] + q[304]*q[305]*q[306] + q[307]*q[308]*q[309] + q[310]*q[311]*q[312] + q[313]*q[314]*q[315] + q[316]*q[317]*q[318] + q[319]*q[320]*q[321] + q[322]*q[323]*q[324] + q[325]*q[326]*q[327] + q[328]*q[329]*q[330] + q[331]*q[332]*q[333] + q[334]*q[335]*q[336] + q[337]*q[338]*q[339]

--------------------------------------------------------------------------------
[4. FULL VARIABLE MAPPING]
Index      | Description
--------------------------------------------------
q[0]       : [INPUT] A[0]
q[1]       : [INPUT] B[0]
q[2]       : Comp_XOR_0_notA
q[3]       : Comp_XOR_0_notB
q[4]       : Comp_XOR_0_and1
q[5]       : Comp_XOR_0_and2
q[6]       : [OUTPUT] OUT[0]
q[7]       : [INPUT] A[1]
q[8]       : [INPUT] B[1]
q[9]       : Comp_XOR_1_notA
q[10]      : Comp_XOR_1_notB
q[11]      : Comp_XOR_1_and1
q[12]      : Comp_XOR_1_and2
q[13]      : [OUTPUT] OUT[1]
q[14]      : [INPUT] A[2]
q[15]      : [INPUT] B[2]
q[16]      : Comp_XOR_2_notA
q[17]      : Comp_XOR_2_notB
q[18]      : Comp_XOR_2_and1
q[19]      : Comp_XOR_2_and2
q[20]      : [OUTPUT] OUT[2]
q[21]      : [INPUT] A[3]
q[22]      : [INPUT] B[3]
q[23]      : Comp_XOR_3_notA
q[24]      : Comp_XOR_3_notB
q[25]      : Comp_XOR_3_and1
q[26]      : Comp_XOR_3_and2
q[27]      : [OUTPUT] OUT[3]
q[28]      : [INPUT] A[4]
q[29]      : [INPUT] B[4]
q[30]      : Comp_XOR_4_notA
q[31]      : Comp_XOR_4_notB
q[32]      : Comp_XOR_4_and1
q[33]      : Comp_XOR_4_and2
q[34]      : [OUTPUT] OUT[4]
q[35]      : [INPUT] A[5]
q[36]      : [INPUT] B[5]
q[37]      : Comp_XOR_5_notA
q[38]      : Comp_XOR_5_notB
q[39]      : Comp_XOR_5_and1
q[40]      : Comp_XOR_5_and2
q[41]      : [OUTPUT] OUT[5]
q[42]      : [INPUT] A[6]
q[43]      : [INPUT] B[6]
q[44]      : Comp_XOR_6_notA
q[45]      : Comp_XOR_6_notB
q[46]      : Comp_XOR_6_and1
q[47]      : Comp_XOR_6_and2
q[48]      : [OUTPUT] OUT[6]
q[49]      : [INPUT] A[7]
q[50]      : [INPUT] B[7]
q[51]      : Comp_XOR_7_notA
q[52]      : Comp_XOR_7_notB
q[53]      : Comp_XOR_7_and1
q[54]      : Comp_XOR_7_and2
q[55]      : [OUTPUT] OUT[7]
q[56]      : [INPUT] A[8]
q[57]      : [INPUT] B[8]
q[58]      : Comp_XOR_8_notA
q[59]      : Comp_XOR_8_notB
q[60]      : Comp_XOR_8_and1
q[61]      : Comp_XOR_8_and2
q[62]      : [OUTPUT] OUT[8]
q[63]      : [INPUT] A[9]
q[64]      : [INPUT] B[9]
q[65]      : Comp_XOR_9_notA
q[66]      : Comp_XOR_9_notB
q[67]      : Comp_XOR_9_and1
q[68]      : Comp_XOR_9_and2
q[69]      : [OUTPUT] OUT[9]
q[70]      : [INPUT] A[10]
q[71]      : [INPUT] B[10]
q[72]      : [OUTPUT] OUT[10]
q[73]      : [INPUT] A[11]
q[74]      : [INPUT] B[11]
q[75]      : [OUTPUT] OUT[11]
q[76]      : [INPUT] A[12]
q[77]      : [INPUT] B[12]
q[78]      : [OUTPUT] OUT[12]
q[79]      : [INPUT] A[13]
q[80]      : [INPUT] B[13]
q[81]      : [OUTPUT] OUT[13]
q[82]      : [INPUT] A[14]
q[83]      : [INPUT] B[14]
q[84]      : [OUTPUT] OUT[14]
q[85]      : [INPUT] A[15]
q[86]      : [INPUT] B[15]
q[87]      : [OUTPUT] OUT[15]
q[88]      : [INPUT] A[16]
q[89]      : [INPUT] B[16]
q[90]      : [OUTPUT] OUT[16]
q[91]      : [INPUT] A[17]
q[92]      : [INPUT] B[17]
q[93]      : [OUTPUT] OUT[17]
q[94]      : [INPUT] A[18]
q[95]      : [INPUT] B[18]
q[96]      : [OUTPUT] OUT[18]
q[97]      : [INPUT] A[19]
q[98]      : [INPUT] B[19]
q[99]      : [OUTPUT] OUT[19]
q[100]     : [INPUT] A[20]
q[101]     : [INPUT] B[20]
q[102]     : [OUTPUT] OUT[20]
q[103]     : [INPUT] A[21]
q[104]     : [INPUT] B[21]
q[105]     : [OUTPUT] OUT[21]
q[106]     : [INPUT] A[22]
q[107]     : [INPUT] B[22]
q[108]     : [OUTPUT] OUT[22]
q[109]     : [INPUT] A[23]
q[110]     : [INPUT] B[23]
q[111]     : [OUTPUT] OUT[23]
q[112]     : [INPUT] A[24]
q[113]     : [INPUT] B[24]
q[114]     : [OUTPUT] OUT[24]
q[115]     : [INPUT] A[25]
q[116]     : [INPUT] B[25]
q[117]     : [OUTPUT] OUT[25]
q[118]     : [INPUT] A[26]
q[119]     : [INPUT] B[26]
q[120]     : [OUTPUT] OUT[26]
q[121]     : [INPUT] A[27]
q[122]     : [INPUT] B[27]
q[123]     : [OUTPUT] OUT[27]
q[124]     : [INPUT] A[28]
q[125]     : [INPUT] B[28]
q[126]     : [OUTPUT] OUT[28]
q[127]     : [INPUT] A[29]
q[128]     : [INPUT] B[29]
q[129]     : [OUTPUT] OUT[29]
q[130]     : [INPUT] A[30]
q[131]     : [INPUT] B[30]
q[132]     : [OUTPUT] OUT[30]
q[133]     : [INPUT] A[31]
q[134]     : [INPUT] B[31]
q[135]     : [OUTPUT] OUT[31]
q[136]     : [INPUT] A[32]
q[137]     : [INPUT] B[32]
q[138]     : [OUTPUT] OUT[32]
q[139]     : [INPUT] A[33]
q[140]     : [INPUT] B[33]
q[141]     : [OUTPUT] OUT[33]
q[142]     : [INPUT] A[34]
q[143]     : [INPUT] B[34]
q[144]     : [OUTPUT] OUT[34]
q[145]     : [INPUT] A[35]
q[146]     : [INPUT] B[35]
q[147]     : [OUTPUT] OUT[35]
q[148]     : [INPUT] A[36]
q[149]     : [INPUT] B[36]
q[150]     : [OUTPUT] OUT[36]
q[151]     : [INPUT] A[37]
q[152]     : [INPUT] B[37]
q[153]     : [OUTPUT] OUT[37]
q[154]     : [INPUT] A[38]
q[155]     : [INPUT] B[38]
q[156]     : [OUTPUT] OUT[38]
q[157]     : [INPUT] A[39]
q[158]     : [INPUT] B[39]
q[159]     : [OUTPUT] OUT[39]
q[160]     : [INPUT] A[40]
q[161]     : [INPUT] B[40]
q[162]     : [OUTPUT] OUT[40]
q[163]     : [INPUT] A[41]
q[164]     : [INPUT] B[41]
q[165]     : [OUTPUT] OUT[41]
q[166]     : [INPUT] A[42]
q[167]     : [INPUT] B[42]
q[168]     : [OUTPUT] OUT[42]
q[169]     : [INPUT] A[43]
q[170]     : [INPUT] B[43]
q[171]     : [OUTPUT] OUT[43]
q[172]     : [INPUT] A[44]
q[173]     : [INPUT] B[44]
q[174]     : [OUTPUT] OUT[44]
q[175]     : [INPUT] A[45]
q[176]     : [INPUT] B[45]
q[177]     : [OUTPUT] OUT[45]
q[178]     : [INPUT] A[46]
q[179]     : [INPUT] B[46]
q[180]     : [OUTPUT] OUT[46]
q[181]     : [INPUT] A[47]
q[182]     : [INPUT] B[47]
q[183]     : [OUTPUT] OUT[47]
q[184]     : [INPUT] A[48]
q[185]     : [INPUT] B[48]
q[186]     : [OUTPUT] OUT[48]
q[187]     : [INPUT] A[49]
q[188]     : [INPUT] B[49]
q[189]     : [OUTPUT] OUT[49]
q[190]     : [INPUT] A[50]
q[191]     : [INPUT] B[50]
q[192]     : [OUTPUT] OUT[50]
q[193]     : [INPUT] A[51]
q[194]     : [INPUT] B[51]
q[195]     : [OUTPUT] OUT[51]
q[196]     : [INPUT] A[52]
q[197]     : [INPUT] B[52]
q[198]     : [OUTPUT] OUT[52]
q[199]     : [INPUT] A[53]
q[200]     : [INPUT] B[53]
q[201]     : [OUTPUT] OUT[53]
q[202]     : [INPUT] A[54]
q[203]     : [INPUT] B[54]
q[204]     : [OUTPUT] OUT[54]
q[205]     : [INPUT] A[55]
q[206]     : [INPUT] B[55]
q[207]     : [OUTPUT] OUT[55]
q[208]     : [INPUT] A[56]
q[209]     : [INPUT] B[56]
q[210]     : [OUTPUT] OUT[56]
q[211]     : [INPUT] A[57]
q[212]     : [INPUT] B[57]
q[213]     : [OUTPUT] OUT[57]
q[214]     : [INPUT] A[58]
q[215]     : [INPUT] B[58]
q[216]     : [OUTPUT] OUT[58]
q[217]     : [INPUT] A[59]
q[218]     : [INPUT] B[59]
q[219]     : [OUTPUT] OUT[59]
q[220]     : [INPUT] A[60]
q[221]     : [INPUT] B[60]
q[222]     : [OUTPUT] OUT[60]
q[223]     : [INPUT] A[61]
q[224]     : [INPUT] B[61]
q[225]     : [OUTPUT] OUT[61]
q[226]     : [INPUT] A[62]
q[227]     : [INPUT] B[62]
q[228]     : [OUTPUT] OUT[62]
q[229]     : [INPUT] A[63]
q[230]     : [INPUT] B[63]
q[231]     : [OUTPUT] OUT[63]
q[232]     : [INPUT] A[64]
q[233]     : [INPUT] B[64]
q[234]     : [OUTPUT] OUT[64]
q[235]     : [INPUT] A[65]
q[236]     : [INPUT] B[65]
q[237]     : [OUTPUT] OUT[65]
q[238]     : [INPUT] A[66]
q[239]     : [INPUT] B[66]
q[240]     : [OUTPUT] OUT[66]
q[241]     : [INPUT] A[67]
q[242]     : [INPUT] B[67]
q[243]     : [OUTPUT] OUT[67]
q[244]     : [INPUT] A[68]
q[245]     : [INPUT] B[68]
q[246]     : [OUTPUT] OUT[68]
q[247]     : [INPUT] A[69]
q[248]     : [INPUT] B[69]
q[249]     : [OUTPUT] OUT[69]
q[250]     : [INPUT] A[70]
q[251]     : [INPUT] B[70]
q[252]     : [OUTPUT] OUT[70]
q[253]     : [INPUT] A[71]
q[254]     : [INPUT] B[71]
q[255]     : [OUTPUT] OUT[71]
q[256]     : [INPUT] A[72]
q[257]     : [INPUT] B[72]
q[258]     : [OUTPUT] OUT[72]
q[259]     : [INPUT] A[73]
q[260]     : [INPUT] B[73]
q[261]     : [OUTPUT] OUT[73]
q[262]     : [INPUT] A[74]
q[263]     : [INPUT] B[74]
q[264]     : [OUTPUT] OUT[74]
q[265]     : [INPUT] A[75]
q[266]     : [INPUT] B[75]
q[267]     : [OUTPUT] OUT[75]
q[268]     : [INPUT] A[76]
q[269]     : [INPUT] B[76]
q[270]     : [OUTPUT] OUT[76]
q[271]     : [INPUT] A[77]
q[272]     : [INPUT] B[77]
q[273]     : [OUTPUT] OUT[77]
q[274]     : [INPUT] A[78]
q[275]     : [INPUT] B[78]
q[276]     : [OUTPUT] OUT[78]
q[277]     : [INPUT] A[79]
q[278]     : [INPUT] B[79]
q[279]     : [OUTPUT] OUT[79]
q[280]     : [INPUT] A[80]
q[281]     : [INPUT] B[80]
q[282]     : [OUTPUT] OUT[80]
q[283]     : [INPUT] A[81]
q[284]     : [INPUT] B[81]
q[285]     : [OUTPUT] OUT[81]
q[286]     : [INPUT] A[82]
q[287]     : [INPUT] B[82]
q[288]     : [OUTPUT] OUT[82]
q[289]     : [INPUT] A[83]
q[290]     : [INPUT] B[83]
q[291]     : [OUTPUT] OUT[83]
q[292]     : [INPUT] A[84]
q[293]     : [INPUT] B[84]
q[294]     : [OUTPUT] OUT[84]
q[295]     : [INPUT] A[85]
q[296]     : [INPUT] B[85]
q[297]     : [OUTPUT] OUT[85]
q[298]     : [INPUT] A[86]
q[299]     : [INPUT] B[86]
q[300]     : [OUTPUT] OUT[86]
q[301]     : [INPUT] A[87]
q[302]     : [INPUT] B[87]
q[303]     : [OUTPUT] OUT[87]
q[304]     : [INPUT] A[88]
q[305]     : [INPUT] B[88]
q[306]     : [OUTPUT] OUT[88]
q[307]     : [INPUT] A[89]
q[308]     : [INPUT] B[89]
q[309]     : [OUTPUT] OUT[89]
q[310]     : [INPUT] A[90]
q[311]     : [INPUT] B[90]
q[312]     : [OUTPUT] OUT[90]
q[313]     : [INPUT] A[91]
q[314]     : [INPUT] B[91]
q[315]     : [OUTPUT] OUT[91]
q[316]     : [INPUT] A[92]
q[317]     : [INPUT] B[92]
q[318]     : [OUTPUT] OUT[92]
q[319]     : [INPUT] A[93]
q[320]     : [INPUT] B[93]
q[321]     : [OUTPUT] OUT[93]
q[322]     : [INPUT] A[94]
q[323]     : [INPUT] B[94]
q[324]     : [OUTPUT] OUT[94]
q[325]     : [INPUT] A[95]
q[326]     : [INPUT] B[95]
q[327]     : [OUTPUT] OUT[95]
q[328]     : [INPUT] A[96]
q[329]     : [INPUT] B[96]
q[330]     : [OUTPUT] OUT[96]
q[331]     : [INPUT] A[97]
q[332]     : [INPUT] B[97]
q[333]     : [OUTPUT] OUT[97]
q[334]     : [INPUT] A[98]
q[335]     : [INPUT] B[98]
q[336]     : [OUTPUT] OUT[98]
q[337]     : [INPUT] A[99]
q[338]     : [INPUT] B[99]
q[339]     : [OUTPUT] OUT[99]

================================================================================
 END OF REPORT
================================================================================