========================================================================================
 NETLIST TO ISING REPORT (mux2_1)
========================================================================================
Source Netlist: E:\zcling\ising_project\netlist_to_ising\mux2_1.v
Primitive Instance Count: 5
Total Qubits: 8
Total Minimum Energy: 0
----------------------------------------------------------------------------------------

[1. CUBIC TERMS LIST (With Coefficients)]
cubic_terms_list = [
    '-q[1]*q[3]*q[4]',
    'q[1]*q[3]*q[6]',
    '-q[1]*q[4]*q[6]',
    '-q[3]*q[4]*q[6]',
]

----------------------------------------------------------------------------------------
[2. F_QUADRATIC (Linear + Quadratic terms only)]
7 + 2*q[4] - q[0]*q[1] - q[1]*q[4] - q[2]*q[3] - q[3]*q[4] - q[4]*q[5] - q[4]*q[6] - q[6]*q[7]

----------------------------------------------------------------------------------------
[3. F_TOTAL (Full Hamiltonian including Cubic)]
7 + 2*q_val[4] - q_val[0]*q_val[1] - q_val[1]*q_val[4] - q_val[2]*q_val[3] - q_val[3]*q_val[4] - q_val[4]*q_val[5] - q_val[4]*q_val[6] - q_val[6]*q_val[7] - q_val[1]*q_val[3]*q_val[4] + q_val[1]*q_val[3]*q_val[6] - q_val[1]*q_val[4]*q_val[6] - q_val[3]*q_val[4]*q_val[6]

----------------------------------------------------------------------------------------
[4. FULL VARIABLE MAPPING]
Index      | Description
------------------------------------------------------------------------
q[0]       : [INPUT] in1 | connections: in1_IBUF_inst.I
q[1]       : [WIRE] in1_IBUF | connections: in1_IBUF_inst.O, out_OBUF_inst_i_1.I0
q[2]       : [INPUT] in2 | connections: in2_IBUF_inst.I
q[3]       : [WIRE] in2_IBUF | connections: in2_IBUF_inst.O, out_OBUF_inst_i_1.I1
q[4]       : [WIRE] out_OBUF | connections: out_OBUF_inst.I, out_OBUF_inst_i_1.O
q[5]       : [OUTPUT] out | connections: out_OBUF_inst.O
q[6]       : [WIRE] sel_IBUF | connections: out_OBUF_inst_i_1.I2, sel_IBUF_inst.O
q[7]       : [INPUT] sel | connections: sel_IBUF_inst.I

----------------------------------------------------------------------------------------
[5. INSTANCE SUMMARY]
Instance    | Primitive | Parameters | Connections
----------------------------------------------------------------------------------------------------
in1_IBUF_inst | IBUF      | -          | .I(in1), .O(in1_IBUF)
in2_IBUF_inst | IBUF      | -          | .I(in2), .O(in2_IBUF)
out_OBUF_inst | OBUF      | -          | .I(out_OBUF), .O(out)
out_OBUF_inst_i_1 | LUT3      | INIT=0xAC  | .I0(in1_IBUF), .I1(in2_IBUF), .I2(sel_IBUF), .O(out_OBUF)
sel_IBUF_inst | IBUF      | -          | .I(sel), .O(sel_IBUF)
