=== 2位ALU伊辛建模报告 (2-bit ALU Ising Modeling Report) ===

1. 变量映射说明 (Variable Mapping):
   q[0] 代表: A0
   q[1] 代表: A1
   q[2] 代表: B0
   q[3] 代表: B1
   q[4] 代表: OP
   q[5] 代表: Y0
   q[6] 代表: Y1
   q[7] 代表: Ancilla (q[4] OR q[5])
   q[8] 代表: Ancilla (NOT q[0])
   q[9] 代表: Ancilla (q[7] OR q[8])
   q[10] 代表: Ancilla (q[4] OR q[5])
   q[11] 代表: Ancilla (NOT q[2])
   q[12] 代表: Ancilla (q[10] OR q[11])
   q[13] 代表: Ancilla (q[9] AND q[12])
   q[14] 代表: Ancilla (q[4] OR q[6])
   q[15] 代表: Ancilla (NOT q[1])
   q[16] 代表: Ancilla (q[14] OR q[15])
   q[17] 代表: Ancilla (q[13] AND q[16])
   q[18] 代表: Ancilla (q[4] OR q[6])
   q[19] 代表: Ancilla (NOT q[3])
   q[20] 代表: Ancilla (q[18] OR q[19])
   q[21] 代表: Ancilla (q[17] AND q[20])
   q[22] 代表: Ancilla (NOT q[4])
   q[23] 代表: Ancilla (q[0] OR q[22])
   q[24] 代表: Ancilla (NOT q[5])
   q[25] 代表: Ancilla (q[23] OR q[24])
   q[26] 代表: Ancilla (q[21] AND q[25])
   q[27] 代表: Ancilla (NOT q[4])
   q[28] 代表: Ancilla (q[1] OR q[27])
   q[29] 代表: Ancilla (NOT q[6])
   q[30] 代表: Ancilla (q[28] OR q[29])
   q[31] 代表: Ancilla (q[26] AND q[30])
   q[32] 代表: Ancilla (NOT q[4])
   q[33] 代表: Ancilla (q[2] OR q[32])
   q[34] 代表: Ancilla (NOT q[5])
   q[35] 代表: Ancilla (q[33] OR q[34])
   q[36] 代表: Ancilla (q[31] AND q[35])
   q[37] 代表: Ancilla (NOT q[4])
   q[38] 代表: Ancilla (q[3] OR q[37])
   q[39] 代表: Ancilla (NOT q[6])
   q[40] 代表: Ancilla (q[38] OR q[39])
   q[41] 代表: Ancilla (q[36] AND q[40])
   q[42] 代表: Ancilla (q[0] OR q[2])
   q[43] 代表: Ancilla (q[42] OR q[4])
   q[44] 代表: Ancilla (NOT q[5])
   q[45] 代表: Ancilla (q[43] OR q[44])
   q[46] 代表: Ancilla (q[41] AND q[45])
   q[47] 代表: Ancilla (q[1] OR q[3])
   q[48] 代表: Ancilla (q[47] OR q[4])
   q[49] 代表: Ancilla (NOT q[6])
   q[50] 代表: Ancilla (q[48] OR q[49])
   q[51] 代表: Ancilla (q[46] AND q[50])
   q[52] 代表: Ancilla (NOT q[0])
   q[53] 代表: Ancilla (q[5] OR q[52])
   q[54] 代表: Ancilla (NOT q[2])
   q[55] 代表: Ancilla (q[53] OR q[54])
   q[56] 代表: Ancilla (NOT q[4])
   q[57] 代表: Ancilla (q[55] OR q[56])
   q[58] 代表: Ancilla (q[51] AND q[57])
   q[59] 代表: Ancilla (NOT q[1])
   q[60] 代表: Ancilla (q[6] OR q[59])
   q[61] 代表: Ancilla (NOT q[3])
   q[62] 代表: Ancilla (q[60] OR q[61])
   q[63] 代表: Ancilla (NOT q[4])
   q[64] 代表: Ancilla (q[62] OR q[63])
   q[65] 代表: Ancilla (q[58] AND q[64])

2. 逻辑门拆解步骤 (Gate Sequence):
   1. Gate: q[7] = q[4] OR q[5]
   2. Gate: q[8] = NOT q[0]
   3. Gate: q[9] = q[7] OR q[8]
   4. Gate: q[10] = q[4] OR q[5]
   5. Gate: q[11] = NOT q[2]
   6. Gate: q[12] = q[10] OR q[11]
   7. Gate: q[13] = q[9] AND q[12]
   8. Gate: q[14] = q[4] OR q[6]
   9. Gate: q[15] = NOT q[1]
   10. Gate: q[16] = q[14] OR q[15]
   11. Gate: q[17] = q[13] AND q[16]
   12. Gate: q[18] = q[4] OR q[6]
   13. Gate: q[19] = NOT q[3]
   14. Gate: q[20] = q[18] OR q[19]
   15. Gate: q[21] = q[17] AND q[20]
   16. Gate: q[22] = NOT q[4]
   17. Gate: q[23] = q[0] OR q[22]
   18. Gate: q[24] = NOT q[5]
   19. Gate: q[25] = q[23] OR q[24]
   20. Gate: q[26] = q[21] AND q[25]
   21. Gate: q[27] = NOT q[4]
   22. Gate: q[28] = q[1] OR q[27]
   23. Gate: q[29] = NOT q[6]
   24. Gate: q[30] = q[28] OR q[29]
   25. Gate: q[31] = q[26] AND q[30]
   26. Gate: q[32] = NOT q[4]
   27. Gate: q[33] = q[2] OR q[32]
   28. Gate: q[34] = NOT q[5]
   29. Gate: q[35] = q[33] OR q[34]
   30. Gate: q[36] = q[31] AND q[35]
   31. Gate: q[37] = NOT q[4]
   32. Gate: q[38] = q[3] OR q[37]
   33. Gate: q[39] = NOT q[6]
   34. Gate: q[40] = q[38] OR q[39]
   35. Gate: q[41] = q[36] AND q[40]
   36. Gate: q[42] = q[0] OR q[2]
   37. Gate: q[43] = q[42] OR q[4]
   38. Gate: q[44] = NOT q[5]
   39. Gate: q[45] = q[43] OR q[44]
   40. Gate: q[46] = q[41] AND q[45]
   41. Gate: q[47] = q[1] OR q[3]
   42. Gate: q[48] = q[47] OR q[4]
   43. Gate: q[49] = NOT q[6]
   44. Gate: q[50] = q[48] OR q[49]
   45. Gate: q[51] = q[46] AND q[50]
   46. Gate: q[52] = NOT q[0]
   47. Gate: q[53] = q[5] OR q[52]
   48. Gate: q[54] = NOT q[2]
   49. Gate: q[55] = q[53] OR q[54]
   50. Gate: q[56] = NOT q[4]
   51. Gate: q[57] = q[55] OR q[56]
   52. Gate: q[58] = q[51] AND q[57]
   53. Gate: q[59] = NOT q[1]
   54. Gate: q[60] = q[6] OR q[59]
   55. Gate: q[61] = NOT q[3]
   56. Gate: q[62] = q[60] OR q[61]
   57. Gate: q[63] = NOT q[4]
   58. Gate: q[64] = q[62] OR q[63]
   59. Gate: q[65] = q[58] AND q[64]

3. 最终 Ising 能量函数 (H):
   H = (q[4]*q[5] - 2*q[4]*q[7] - 2*q[5]*q[7] + q[4] + q[5] - 2*q[7]) + (2 * q[0] * q[8]) + (q[7]*q[8] - 2*q[7]*q[9] - 2*q[8]*q[9] + q[7] + q[8] - 2*q[9]) + (q[4]*q[5] - 2*q[4]*q[10] - 2*q[5]*q[10] + q[4] + q[5] - 2*q[10]) + (2 * q[2] * q[11]) + (q[10]*q[11] - 2*q[10]*q[12] - 2*q[11]*q[12] + q[10] + q[11] - 2*q[12]) + (q[9]*q[12] - 2*q[9]*q[13] - 2*q[12]*q[13] - q[9] - q[12] + 2*q[13]) + (q[4]*q[6] - 2*q[4]*q[14] - 2*q[6]*q[14] + q[4] + q[6] - 2*q[14]) + (2 * q[1] * q[15]) + (q[14]*q[15] - 2*q[14]*q[16] - 2*q[15]*q[16] + q[14] + q[15] - 2*q[16]) + (q[13]*q[16] - 2*q[13]*q[17] - 2*q[16]*q[17] - q[13] - q[16] + 2*q[17]) + (q[4]*q[6] - 2*q[4]*q[18] - 2*q[6]*q[18] + q[4] + q[6] - 2*q[18]) + (2 * q[3] * q[19]) + (q[18]*q[19] - 2*q[18]*q[20] - 2*q[19]*q[20] + q[18] + q[19] - 2*q[20]) + (q[17]*q[20] - 2*q[17]*q[21] - 2*q[20]*q[21] - q[17] - q[20] + 2*q[21]) + (2 * q[4] * q[22]) + (q[0]*q[22] - 2*q[0]*q[23] - 2*q[22]*q[23] + q[0] + q[22] - 2*q[23]) + (2 * q[5] * q[24]) + (q[23]*q[24] - 2*q[23]*q[25] - 2*q[24]*q[25] + q[23] + q[24] - 2*q[25]) + (q[21]*q[25] - 2*q[21]*q[26] - 2*q[25]*q[26] - q[21] - q[25] + 2*q[26]) + (2 * q[4] * q[27]) + (q[1]*q[27] - 2*q[1]*q[28] - 2*q[27]*q[28] + q[1] + q[27] - 2*q[28]) + (2 * q[6] * q[29]) + (q[28]*q[29] - 2*q[28]*q[30] - 2*q[29]*q[30] + q[28] + q[29] - 2*q[30]) + (q[26]*q[30] - 2*q[26]*q[31] - 2*q[30]*q[31] - q[26] - q[30] + 2*q[31]) + (2 * q[4] * q[32]) + (q[2]*q[32] - 2*q[2]*q[33] - 2*q[32]*q[33] + q[2] + q[32] - 2*q[33]) + (2 * q[5] * q[34]) + (q[33]*q[34] - 2*q[33]*q[35] - 2*q[34]*q[35] + q[33] + q[34] - 2*q[35]) + (q[31]*q[35] - 2*q[31]*q[36] - 2*q[35]*q[36] - q[31] - q[35] + 2*q[36]) + (2 * q[4] * q[37]) + (q[3]*q[37] - 2*q[3]*q[38] - 2*q[37]*q[38] + q[3] + q[37] - 2*q[38]) + (2 * q[6] * q[39]) + (q[38]*q[39] - 2*q[38]*q[40] - 2*q[39]*q[40] + q[38] + q[39] - 2*q[40]) + (q[36]*q[40] - 2*q[36]*q[41] - 2*q[40]*q[41] - q[36] - q[40] + 2*q[41]) + (q[0]*q[2] - 2*q[0]*q[42] - 2*q[2]*q[42] + q[0] + q[2] - 2*q[42]) + (q[42]*q[4] - 2*q[42]*q[43] - 2*q[4]*q[43] + q[42] + q[4] - 2*q[43]) + (2 * q[5] * q[44]) + (q[43]*q[44] - 2*q[43]*q[45] - 2*q[44]*q[45] + q[43] + q[44] - 2*q[45]) + (q[41]*q[45] - 2*q[41]*q[46] - 2*q[45]*q[46] - q[41] - q[45] + 2*q[46]) + (q[1]*q[3] - 2*q[1]*q[47] - 2*q[3]*q[47] + q[1] + q[3] - 2*q[47]) + (q[47]*q[4] - 2*q[47]*q[48] - 2*q[4]*q[48] + q[47] + q[4] - 2*q[48]) + (2 * q[6] * q[49]) + (q[48]*q[49] - 2*q[48]*q[50] - 2*q[49]*q[50] + q[48] + q[49] - 2*q[50]) + (q[46]*q[50] - 2*q[46]*q[51] - 2*q[50]*q[51] - q[46] - q[50] + 2*q[51]) + (2 * q[0] * q[52]) + (q[5]*q[52] - 2*q[5]*q[53] - 2*q[52]*q[53] + q[5] + q[52] - 2*q[53]) + (2 * q[2] * q[54]) + (q[53]*q[54] - 2*q[53]*q[55] - 2*q[54]*q[55] + q[53] + q[54] - 2*q[55]) + (2 * q[4] * q[56]) + (q[55]*q[56] - 2*q[55]*q[57] - 2*q[56]*q[57] + q[55] + q[56] - 2*q[57]) + (q[51]*q[57] - 2*q[51]*q[58] - 2*q[57]*q[58] - q[51] - q[57] + 2*q[58]) + (2 * q[1] * q[59]) + (q[6]*q[59] - 2*q[6]*q[60] - 2*q[59]*q[60] + q[6] + q[59] - 2*q[60]) + (2 * q[3] * q[61]) + (q[60]*q[61] - 2*q[60]*q[62] - 2*q[61]*q[62] + q[60] + q[61] - 2*q[62]) + (2 * q[4] * q[63]) + (q[62]*q[63] - 2*q[62]*q[64] - 2*q[63]*q[64] + q[62] + q[63] - 2*q[64]) + (q[58]*q[64] - 2*q[58]*q[65] - 2*q[64]*q[65] - q[58] - q[64] + 2*q[65])

4. 系统理论最低能量 (Min Energy):
   -157
