========================================================================================
Primitive: PULLDOWN
========================================================================================
Summary: Weak pull-down source.

[1] Ising Function
1 + q[0]

[2] Qubit Count
1

[3] Qubit <-> Primitive Port Mapping
q[0] : [OUTPUT] O

[4] Primitive Truth Table
O
-
0

[5] Ising Truth Table (All Qubit Combinations)
q[0] | energy | logic_valid | visible_min_energy | is_visible_ground
-----+--------+-------------+--------------------+------------------
-1   | 0      | 1           | 0                  | 1                
1    | 2      | 0           | 2                  | 1                

[6] Minimum Energy
0

[9] Verification Summary
valid_visible_assignments = 1
invalid_visible_assignments = 1
all_valid_states_have_min_energy_0 = True
all_invalid_states_have_min_energy_gt_0 = True
verification_passed = True

[10] Base Relation Synthesis Notes
BUF: MILP-synthesized with ancilla_count=0, integer_scale=1/1, coefficient_bound=3
CONST0: MILP-synthesized with ancilla_count=0, integer_scale=1/1, coefficient_bound=3
CONST1: MILP-synthesized with ancilla_count=0, integer_scale=1/1, coefficient_bound=3
MUX2: MILP-synthesized with ancilla_count=0, integer_scale=1/1, coefficient_bound=3
NOT: MILP-synthesized with ancilla_count=0, integer_scale=1/1, coefficient_bound=3
OR2: MILP-synthesized with ancilla_count=0, integer_scale=1/1, coefficient_bound=3
XOR2: MILP-synthesized with ancilla_count=0, integer_scale=1/1, coefficient_bound=3

