================================================================================
 ISING MODEL GENERATION REPORT (100 XOR Gates, a=0%, NAND Mode)
================================================================================
Total Qubits: 1500
Theoretical Min Energy (Offset): 0
--------------------------------------------------------------------------------

[1. CUBIC TERMS LIST (With Coefficients)]
cubic_terms_list = [
    'q[0]*q[1]*q[2]',
    'q[3]*q[4]*q[5]',
    'q[6]*q[7]*q[8]',
    'q[9]*q[10]*q[11]',
    'q[12]*q[13]*q[14]',
    'q[15]*q[16]*q[17]',
    'q[18]*q[19]*q[20]',
    'q[21]*q[22]*q[23]',
    'q[24]*q[25]*q[26]',
    'q[27]*q[28]*q[29]',
    'q[30]*q[31]*q[32]',
    'q[33]*q[34]*q[35]',
    'q[36]*q[37]*q[38]',
    'q[39]*q[40]*q[41]',
    'q[42]*q[43]*q[44]',
    'q[45]*q[46]*q[47]',
    'q[48]*q[49]*q[50]',
    'q[51]*q[52]*q[53]',
    'q[54]*q[55]*q[56]',
    'q[57]*q[58]*q[59]',
    'q[60]*q[61]*q[62]',
    'q[63]*q[64]*q[65]',
    'q[66]*q[67]*q[68]',
    'q[69]*q[70]*q[71]',
    'q[72]*q[73]*q[74]',
    'q[75]*q[76]*q[77]',
    'q[78]*q[79]*q[80]',
    'q[81]*q[82]*q[83]',
    'q[84]*q[85]*q[86]',
    'q[87]*q[88]*q[89]',
    'q[90]*q[91]*q[92]',
    'q[93]*q[94]*q[95]',
    'q[96]*q[97]*q[98]',
    'q[99]*q[100]*q[101]',
    'q[102]*q[103]*q[104]',
    'q[105]*q[106]*q[107]',
    'q[108]*q[109]*q[110]',
    'q[111]*q[112]*q[113]',
    'q[114]*q[115]*q[116]',
    'q[117]*q[118]*q[119]',
    'q[120]*q[121]*q[122]',
    'q[123]*q[124]*q[125]',
    'q[126]*q[127]*q[128]',
    'q[129]*q[130]*q[131]',
    'q[132]*q[133]*q[134]',
    'q[135]*q[136]*q[137]',
    'q[138]*q[139]*q[140]',
    'q[141]*q[142]*q[143]',
    'q[144]*q[145]*q[146]',
    'q[147]*q[148]*q[149]',
    'q[150]*q[151]*q[152]',
    'q[153]*q[154]*q[155]',
    'q[156]*q[157]*q[158]',
    'q[159]*q[160]*q[161]',
    'q[162]*q[163]*q[164]',
    'q[165]*q[166]*q[167]',
    'q[168]*q[169]*q[170]',
    'q[171]*q[172]*q[173]',
    'q[174]*q[175]*q[176]',
    'q[177]*q[178]*q[179]',
    'q[180]*q[181]*q[182]',
    'q[183]*q[184]*q[185]',
    'q[186]*q[187]*q[188]',
    'q[189]*q[190]*q[191]',
    'q[192]*q[193]*q[194]',
    'q[195]*q[196]*q[197]',
    'q[198]*q[199]*q[200]',
    'q[201]*q[202]*q[203]',
    'q[204]*q[205]*q[206]',
    'q[207]*q[208]*q[209]',
    'q[210]*q[211]*q[212]',
    'q[213]*q[214]*q[215]',
    'q[216]*q[217]*q[218]',
    'q[219]*q[220]*q[221]',
    'q[222]*q[223]*q[224]',
    'q[225]*q[226]*q[227]',
    'q[228]*q[229]*q[230]',
    'q[231]*q[232]*q[233]',
    'q[234]*q[235]*q[236]',
    'q[237]*q[238]*q[239]',
    'q[240]*q[241]*q[242]',
    'q[243]*q[244]*q[245]',
    'q[246]*q[247]*q[248]',
    'q[249]*q[250]*q[251]',
    'q[252]*q[253]*q[254]',
    'q[255]*q[256]*q[257]',
    'q[258]*q[259]*q[260]',
    'q[261]*q[262]*q[263]',
    'q[264]*q[265]*q[266]',
    'q[267]*q[268]*q[269]',
    'q[270]*q[271]*q[272]',
    'q[273]*q[274]*q[275]',
    'q[276]*q[277]*q[278]',
    'q[279]*q[280]*q[281]',
    'q[282]*q[283]*q[284]',
    'q[285]*q[286]*q[287]',
    'q[288]*q[289]*q[290]',
    'q[291]*q[292]*q[293]',
    'q[294]*q[295]*q[296]',
    'q[297]*q[298]*q[299]',
    'q[300]*q[301]*q[302]',
    'q[303]*q[304]*q[305]',
    'q[306]*q[307]*q[308]',
    'q[309]*q[310]*q[311]',
    'q[312]*q[313]*q[314]',
    'q[315]*q[316]*q[317]',
    'q[318]*q[319]*q[320]',
    'q[321]*q[322]*q[323]',
    'q[324]*q[325]*q[326]',
    'q[327]*q[328]*q[329]',
    'q[330]*q[331]*q[332]',
    'q[333]*q[334]*q[335]',
    'q[336]*q[337]*q[338]',
    'q[339]*q[340]*q[341]',
    'q[342]*q[343]*q[344]',
    'q[345]*q[346]*q[347]',
    'q[348]*q[349]*q[350]',
    'q[351]*q[352]*q[353]',
    'q[354]*q[355]*q[356]',
    'q[357]*q[358]*q[359]',
    'q[360]*q[361]*q[362]',
    'q[363]*q[364]*q[365]',
    'q[366]*q[367]*q[368]',
    'q[369]*q[370]*q[371]',
    'q[372]*q[373]*q[374]',
    'q[375]*q[376]*q[377]',
    'q[378]*q[379]*q[380]',
    'q[381]*q[382]*q[383]',
    'q[384]*q[385]*q[386]',
    'q[387]*q[388]*q[389]',
    'q[390]*q[391]*q[392]',
    'q[393]*q[394]*q[395]',
    'q[396]*q[397]*q[398]',
    'q[399]*q[400]*q[401]',
    'q[402]*q[403]*q[404]',
    'q[405]*q[406]*q[407]',
    'q[408]*q[409]*q[410]',
    'q[411]*q[412]*q[413]',
    'q[414]*q[415]*q[416]',
    'q[417]*q[418]*q[419]',
    'q[420]*q[421]*q[422]',
    'q[423]*q[424]*q[425]',
    'q[426]*q[427]*q[428]',
    'q[429]*q[430]*q[431]',
    'q[432]*q[433]*q[434]',
    'q[435]*q[436]*q[437]',
    'q[438]*q[439]*q[440]',
    'q[441]*q[442]*q[443]',
    'q[444]*q[445]*q[446]',
    'q[447]*q[448]*q[449]',
    'q[450]*q[451]*q[452]',
    'q[453]*q[454]*q[455]',
    'q[456]*q[457]*q[458]',
    'q[459]*q[460]*q[461]',
    'q[462]*q[463]*q[464]',
    'q[465]*q[466]*q[467]',
    'q[468]*q[469]*q[470]',
    'q[471]*q[472]*q[473]',
    'q[474]*q[475]*q[476]',
    'q[477]*q[478]*q[479]',
    'q[480]*q[481]*q[482]',
    'q[483]*q[484]*q[485]',
    'q[486]*q[487]*q[488]',
    'q[489]*q[490]*q[491]',
    'q[492]*q[493]*q[494]',
    'q[495]*q[496]*q[497]',
    'q[498]*q[499]*q[500]',
    'q[501]*q[502]*q[503]',
    'q[504]*q[505]*q[506]',
    'q[507]*q[508]*q[509]',
    'q[510]*q[511]*q[512]',
    'q[513]*q[514]*q[515]',
    'q[516]*q[517]*q[518]',
    'q[519]*q[520]*q[521]',
    'q[522]*q[523]*q[524]',
    'q[525]*q[526]*q[527]',
    'q[528]*q[529]*q[530]',
    'q[531]*q[532]*q[533]',
    'q[534]*q[535]*q[536]',
    'q[537]*q[538]*q[539]',
    'q[540]*q[541]*q[542]',
    'q[543]*q[544]*q[545]',
    'q[546]*q[547]*q[548]',
    'q[549]*q[550]*q[551]',
    'q[552]*q[553]*q[554]',
    'q[555]*q[556]*q[557]',
    'q[558]*q[559]*q[560]',
    'q[561]*q[562]*q[563]',
    'q[564]*q[565]*q[566]',
    'q[567]*q[568]*q[569]',
    'q[570]*q[571]*q[572]',
    'q[573]*q[574]*q[575]',
    'q[576]*q[577]*q[578]',
    'q[579]*q[580]*q[581]',
    'q[582]*q[583]*q[584]',
    'q[585]*q[586]*q[587]',
    'q[588]*q[589]*q[590]',
    'q[591]*q[592]*q[593]',
    'q[594]*q[595]*q[596]',
    'q[597]*q[598]*q[599]',
    'q[600]*q[601]*q[602]',
    'q[603]*q[604]*q[605]',
    'q[606]*q[607]*q[608]',
    'q[609]*q[610]*q[611]',
    'q[612]*q[613]*q[614]',
    'q[615]*q[616]*q[617]',
    'q[618]*q[619]*q[620]',
    'q[621]*q[622]*q[623]',
    'q[624]*q[625]*q[626]',
    'q[627]*q[628]*q[629]',
    'q[630]*q[631]*q[632]',
    'q[633]*q[634]*q[635]',
    'q[636]*q[637]*q[638]',
    'q[639]*q[640]*q[641]',
    'q[642]*q[643]*q[644]',
    'q[645]*q[646]*q[647]',
    'q[648]*q[649]*q[650]',
    'q[651]*q[652]*q[653]',
    'q[654]*q[655]*q[656]',
    'q[657]*q[658]*q[659]',
    'q[660]*q[661]*q[662]',
    'q[663]*q[664]*q[665]',
    'q[666]*q[667]*q[668]',
    'q[669]*q[670]*q[671]',
    'q[672]*q[673]*q[674]',
    'q[675]*q[676]*q[677]',
    'q[678]*q[679]*q[680]',
    'q[681]*q[682]*q[683]',
    'q[684]*q[685]*q[686]',
    'q[687]*q[688]*q[689]',
    'q[690]*q[691]*q[692]',
    'q[693]*q[694]*q[695]',
    'q[696]*q[697]*q[698]',
    'q[699]*q[700]*q[701]',
    'q[702]*q[703]*q[704]',
    'q[705]*q[706]*q[707]',
    'q[708]*q[709]*q[710]',
    'q[711]*q[712]*q[713]',
    'q[714]*q[715]*q[716]',
    'q[717]*q[718]*q[719]',
    'q[720]*q[721]*q[722]',
    'q[723]*q[724]*q[725]',
    'q[726]*q[727]*q[728]',
    'q[729]*q[730]*q[731]',
    'q[732]*q[733]*q[734]',
    'q[735]*q[736]*q[737]',
    'q[738]*q[739]*q[740]',
    'q[741]*q[742]*q[743]',
    'q[744]*q[745]*q[746]',
    'q[747]*q[748]*q[749]',
    'q[750]*q[751]*q[752]',
    'q[753]*q[754]*q[755]',
    'q[756]*q[757]*q[758]',
    'q[759]*q[760]*q[761]',
    'q[762]*q[763]*q[764]',
    'q[765]*q[766]*q[767]',
    'q[768]*q[769]*q[770]',
    'q[771]*q[772]*q[773]',
    'q[774]*q[775]*q[776]',
    'q[777]*q[778]*q[779]',
    'q[780]*q[781]*q[782]',
    'q[783]*q[784]*q[785]',
    'q[786]*q[787]*q[788]',
    'q[789]*q[790]*q[791]',
    'q[792]*q[793]*q[794]',
    'q[795]*q[796]*q[797]',
    'q[798]*q[799]*q[800]',
    'q[801]*q[802]*q[803]',
    'q[804]*q[805]*q[806]',
    'q[807]*q[808]*q[809]',
    'q[810]*q[811]*q[812]',
    'q[813]*q[814]*q[815]',
    'q[816]*q[817]*q[818]',
    'q[819]*q[820]*q[821]',
    'q[822]*q[823]*q[824]',
    'q[825]*q[826]*q[827]',
    'q[828]*q[829]*q[830]',
    'q[831]*q[832]*q[833]',
    'q[834]*q[835]*q[836]',
    'q[837]*q[838]*q[839]',
    'q[840]*q[841]*q[842]',
    'q[843]*q[844]*q[845]',
    'q[846]*q[847]*q[848]',
    'q[849]*q[850]*q[851]',
    'q[852]*q[853]*q[854]',
    'q[855]*q[856]*q[857]',
    'q[858]*q[859]*q[860]',
    'q[861]*q[862]*q[863]',
    'q[864]*q[865]*q[866]',
    'q[867]*q[868]*q[869]',
    'q[870]*q[871]*q[872]',
    'q[873]*q[874]*q[875]',
    'q[876]*q[877]*q[878]',
    'q[879]*q[880]*q[881]',
    'q[882]*q[883]*q[884]',
    'q[885]*q[886]*q[887]',
    'q[888]*q[889]*q[890]',
    'q[891]*q[892]*q[893]',
    'q[894]*q[895]*q[896]',
    'q[897]*q[898]*q[899]',
    'q[900]*q[901]*q[902]',
    'q[903]*q[904]*q[905]',
    'q[906]*q[907]*q[908]',
    'q[909]*q[910]*q[911]',
    'q[912]*q[913]*q[914]',
    'q[915]*q[916]*q[917]',
    'q[918]*q[919]*q[920]',
    'q[921]*q[922]*q[923]',
    'q[924]*q[925]*q[926]',
    'q[927]*q[928]*q[929]',
    'q[930]*q[931]*q[932]',
    'q[933]*q[934]*q[935]',
    'q[936]*q[937]*q[938]',
    'q[939]*q[940]*q[941]',
    'q[942]*q[943]*q[944]',
    'q[945]*q[946]*q[947]',
    'q[948]*q[949]*q[950]',
    'q[951]*q[952]*q[953]',
    'q[954]*q[955]*q[956]',
    'q[957]*q[958]*q[959]',
    'q[960]*q[961]*q[962]',
    'q[963]*q[964]*q[965]',
    'q[966]*q[967]*q[968]',
    'q[969]*q[970]*q[971]',
    'q[972]*q[973]*q[974]',
    'q[975]*q[976]*q[977]',
    'q[978]*q[979]*q[980]',
    'q[981]*q[982]*q[983]',
    'q[984]*q[985]*q[986]',
    'q[987]*q[988]*q[989]',
    'q[990]*q[991]*q[992]',
    'q[993]*q[994]*q[995]',
    'q[996]*q[997]*q[998]',
    'q[999]*q[1000]*q[1001]',
    'q[1002]*q[1003]*q[1004]',
    'q[1005]*q[1006]*q[1007]',
    'q[1008]*q[1009]*q[1010]',
    'q[1011]*q[1012]*q[1013]',
    'q[1014]*q[1015]*q[1016]',
    'q[1017]*q[1018]*q[1019]',
    'q[1020]*q[1021]*q[1022]',
    'q[1023]*q[1024]*q[1025]',
    'q[1026]*q[1027]*q[1028]',
    'q[1029]*q[1030]*q[1031]',
    'q[1032]*q[1033]*q[1034]',
    'q[1035]*q[1036]*q[1037]',
    'q[1038]*q[1039]*q[1040]',
    'q[1041]*q[1042]*q[1043]',
    'q[1044]*q[1045]*q[1046]',
    'q[1047]*q[1048]*q[1049]',
    'q[1050]*q[1051]*q[1052]',
    'q[1053]*q[1054]*q[1055]',
    'q[1056]*q[1057]*q[1058]',
    'q[1059]*q[1060]*q[1061]',
    'q[1062]*q[1063]*q[1064]',
    'q[1065]*q[1066]*q[1067]',
    'q[1068]*q[1069]*q[1070]',
    'q[1071]*q[1072]*q[1073]',
    'q[1074]*q[1075]*q[1076]',
    'q[1077]*q[1078]*q[1079]',
    'q[1080]*q[1081]*q[1082]',
    'q[1083]*q[1084]*q[1085]',
    'q[1086]*q[1087]*q[1088]',
    'q[1089]*q[1090]*q[1091]',
    'q[1092]*q[1093]*q[1094]',
    'q[1095]*q[1096]*q[1097]',
    'q[1098]*q[1099]*q[1100]',
    'q[1101]*q[1102]*q[1103]',
    'q[1104]*q[1105]*q[1106]',
    'q[1107]*q[1108]*q[1109]',
    'q[1110]*q[1111]*q[1112]',
    'q[1113]*q[1114]*q[1115]',
    'q[1116]*q[1117]*q[1118]',
    'q[1119]*q[1120]*q[1121]',
    'q[1122]*q[1123]*q[1124]',
    'q[1125]*q[1126]*q[1127]',
    'q[1128]*q[1129]*q[1130]',
    'q[1131]*q[1132]*q[1133]',
    'q[1134]*q[1135]*q[1136]',
    'q[1137]*q[1138]*q[1139]',
    'q[1140]*q[1141]*q[1142]',
    'q[1143]*q[1144]*q[1145]',
    'q[1146]*q[1147]*q[1148]',
    'q[1149]*q[1150]*q[1151]',
    'q[1152]*q[1153]*q[1154]',
    'q[1155]*q[1156]*q[1157]',
    'q[1158]*q[1159]*q[1160]',
    'q[1161]*q[1162]*q[1163]',
    'q[1164]*q[1165]*q[1166]',
    'q[1167]*q[1168]*q[1169]',
    'q[1170]*q[1171]*q[1172]',
    'q[1173]*q[1174]*q[1175]',
    'q[1176]*q[1177]*q[1178]',
    'q[1179]*q[1180]*q[1181]',
    'q[1182]*q[1183]*q[1184]',
    'q[1185]*q[1186]*q[1187]',
    'q[1188]*q[1189]*q[1190]',
    'q[1191]*q[1192]*q[1193]',
    'q[1194]*q[1195]*q[1196]',
    'q[1197]*q[1198]*q[1199]',
    'q[1200]*q[1201]*q[1202]',
    'q[1203]*q[1204]*q[1205]',
    'q[1206]*q[1207]*q[1208]',
    'q[1209]*q[1210]*q[1211]',
    'q[1212]*q[1213]*q[1214]',
    'q[1215]*q[1216]*q[1217]',
    'q[1218]*q[1219]*q[1220]',
    'q[1221]*q[1222]*q[1223]',
    'q[1224]*q[1225]*q[1226]',
    'q[1227]*q[1228]*q[1229]',
    'q[1230]*q[1231]*q[1232]',
    'q[1233]*q[1234]*q[1235]',
    'q[1236]*q[1237]*q[1238]',
    'q[1239]*q[1240]*q[1241]',
    'q[1242]*q[1243]*q[1244]',
    'q[1245]*q[1246]*q[1247]',
    'q[1248]*q[1249]*q[1250]',
    'q[1251]*q[1252]*q[1253]',
    'q[1254]*q[1255]*q[1256]',
    'q[1257]*q[1258]*q[1259]',
    'q[1260]*q[1261]*q[1262]',
    'q[1263]*q[1264]*q[1265]',
    'q[1266]*q[1267]*q[1268]',
    'q[1269]*q[1270]*q[1271]',
    'q[1272]*q[1273]*q[1274]',
    'q[1275]*q[1276]*q[1277]',
    'q[1278]*q[1279]*q[1280]',
    'q[1281]*q[1282]*q[1283]',
    'q[1284]*q[1285]*q[1286]',
    'q[1287]*q[1288]*q[1289]',
    'q[1290]*q[1291]*q[1292]',
    'q[1293]*q[1294]*q[1295]',
    'q[1296]*q[1297]*q[1298]',
    'q[1299]*q[1300]*q[1301]',
    'q[1302]*q[1303]*q[1304]',
    'q[1305]*q[1306]*q[1307]',
    'q[1308]*q[1309]*q[1310]',
    'q[1311]*q[1312]*q[1313]',
    'q[1314]*q[1315]*q[1316]',
    'q[1317]*q[1318]*q[1319]',
    'q[1320]*q[1321]*q[1322]',
    'q[1323]*q[1324]*q[1325]',
    'q[1326]*q[1327]*q[1328]',
    'q[1329]*q[1330]*q[1331]',
    'q[1332]*q[1333]*q[1334]',
    'q[1335]*q[1336]*q[1337]',
    'q[1338]*q[1339]*q[1340]',
    'q[1341]*q[1342]*q[1343]',
    'q[1344]*q[1345]*q[1346]',
    'q[1347]*q[1348]*q[1349]',
    'q[1350]*q[1351]*q[1352]',
    'q[1353]*q[1354]*q[1355]',
    'q[1356]*q[1357]*q[1358]',
    'q[1359]*q[1360]*q[1361]',
    'q[1362]*q[1363]*q[1364]',
    'q[1365]*q[1366]*q[1367]',
    'q[1368]*q[1369]*q[1370]',
    'q[1371]*q[1372]*q[1373]',
    'q[1374]*q[1375]*q[1376]',
    'q[1377]*q[1378]*q[1379]',
    'q[1380]*q[1381]*q[1382]',
    'q[1383]*q[1384]*q[1385]',
    'q[1386]*q[1387]*q[1388]',
    'q[1389]*q[1390]*q[1391]',
    'q[1392]*q[1393]*q[1394]',
    'q[1395]*q[1396]*q[1397]',
    'q[1398]*q[1399]*q[1400]',
    'q[1401]*q[1402]*q[1403]',
    'q[1404]*q[1405]*q[1406]',
    'q[1407]*q[1408]*q[1409]',
    'q[1410]*q[1411]*q[1412]',
    'q[1413]*q[1414]*q[1415]',
    'q[1416]*q[1417]*q[1418]',
    'q[1419]*q[1420]*q[1421]',
    'q[1422]*q[1423]*q[1424]',
    'q[1425]*q[1426]*q[1427]',
    'q[1428]*q[1429]*q[1430]',
    'q[1431]*q[1432]*q[1433]',
    'q[1434]*q[1435]*q[1436]',
    'q[1437]*q[1438]*q[1439]',
    'q[1440]*q[1441]*q[1442]',
    'q[1443]*q[1444]*q[1445]',
    'q[1446]*q[1447]*q[1448]',
    'q[1449]*q[1450]*q[1451]',
    'q[1452]*q[1453]*q[1454]',
    'q[1455]*q[1456]*q[1457]',
    'q[1458]*q[1459]*q[1460]',
    'q[1461]*q[1462]*q[1463]',
    'q[1464]*q[1465]*q[1466]',
    'q[1467]*q[1468]*q[1469]',
    'q[1470]*q[1471]*q[1472]',
    'q[1473]*q[1474]*q[1475]',
    'q[1476]*q[1477]*q[1478]',
    'q[1479]*q[1480]*q[1481]',
    'q[1482]*q[1483]*q[1484]',
    'q[1485]*q[1486]*q[1487]',
    'q[1488]*q[1489]*q[1490]',
    'q[1491]*q[1492]*q[1493]',
    'q[1494]*q[1495]*q[1496]',
    'q[1497]*q[1498]*q[1499]'
]

--------------------------------------------------------------------------------
[2. F_QUADRATIC (Linear + Quadratic terms only)]
1 + 1 + 1 + 1 + 1 + 1 + 1 + 1 + 1 + 1 + 1 + 1 + 1 + 1 + 1 + 1 + 1 + 1 + 1 + 1 + 1 + 1 + 1 + 1 + 1 + 1 + 1 + 1 + 1 + 1 + 1 + 1 + 1 + 1 + 1 + 1 + 1 + 1 + 1 + 1 + 1 + 1 + 1 + 1 + 1 + 1 + 1 + 1 + 1 + 1 + 1 + 1 + 1 + 1 + 1 + 1 + 1 + 1 + 1 + 1 + 1 + 1 + 1 + 1 + 1 + 1 + 1 + 1 + 1 + 1 + 1 + 1 + 1 + 1 + 1 + 1 + 1 + 1 + 1 + 1 + 1 + 1 + 1 + 1 + 1 + 1 + 1 + 1 + 1 + 1 + 1 + 1 + 1 + 1 + 1 + 1 + 1 + 1 + 1 + 1 + 1 + 1 + 1 + 1 + 1 + 1 + 1 + 1 + 1 + 1 + 1 + 1 + 1 + 1 + 1 + 1 + 1 + 1 + 1 + 1 + 1 + 1 + 1 + 1 + 1 + 1 + 1 + 1 + 1 + 1 + 1 + 1 + 1 + 1 + 1 + 1 + 1 + 1 + 1 + 1 + 1 + 1 + 1 + 1 + 1 + 1 + 1 + 1 + 1 + 1 + 1 + 1 + 1 + 1 + 1 + 1 + 1 + 1 + 1 + 1 + 1 + 1 + 1 + 1 + 1 + 1 + 1 + 1 + 1 + 1 + 1 + 1 + 1 + 1 + 1 + 1 + 1 + 1 + 1 + 1 + 1 + 1 + 1 + 1 + 1 + 1 + 1 + 1 + 1 + 1 + 1 + 1 + 1 + 1 + 1 + 1 + 1 + 1 + 1 + 1 + 1 + 1 + 1 + 1 + 1 + 1 + 1 + 1 + 1 + 1 + 1 + 1 + 1 + 1 + 1 + 1 + 1 + 1 + 1 + 1 + 1 + 1 + 1 + 1 + 1 + 1 + 1 + 1 + 1 + 1 + 1 + 1 + 1 + 1 + 1 + 1 + 1 + 1 + 1 + 1 + 1 + 1 + 1 + 1 + 1 + 1 + 1 + 1 + 1 + 1 + 1 + 1 + 1 + 1 + 1 + 1 + 1 + 1 + 1 + 1 + 1 + 1 + 1 + 1 + 1 + 1 + 1 + 1 + 1 + 1 + 1 + 1 + 1 + 1 + 1 + 1 + 1 + 1 + 1 + 1 + 1 + 1 + 1 + 1 + 1 + 1 + 1 + 1 + 1 + 1 + 1 + 1 + 1 + 1 + 1 + 1 + 1 + 1 + 1 + 1 + 1 + 1 + 1 + 1 + 1 + 1 + 1 + 1 + 1 + 1 + 1 + 1 + 1 + 1 + 1 + 1 + 1 + 1 + 1 + 1 + 1 + 1 + 1 + 1 + 1 + 1 + 1 + 1 + 1 + 1 + 1 + 1 + 1 + 1 + 1 + 1 + 1 + 1 + 1 + 1 + 1 + 1 + 1 + 1 + 1 + 1 + 1 + 1 + 1 + 1 + 1 + 1 + 1 + 1 + 1 + 1 + 1 + 1 + 1 + 1 + 1 + 1 + 1 + 1 + 1 + 1 + 1 + 1 + 1 + 1 + 1 + 1 + 1 + 1 + 1 + 1 + 1 + 1 + 1 + 1 + 1 + 1 + 1 + 1 + 1 + 1 + 1 + 1 + 1 + 1 + 1 + 1 + 1 + 1 + 1 + 1 + 1 + 1 + 1 + 1 + 1 + 1 + 1 + 1 + 1 + 1 + 1 + 1 + 1 + 1 + 1 + 1 + 1 + 1 + 1 + 1 + 1 + 1 + 1 + 1 + 1 + 1 + 1 + 1 + 1 + 1 + 1 + 1 + 1 + 1 + 1 + 1 + 1 + 1 + 1 + 1 + 1 + 1 + 1 + 1 + 1 + 1 + 1 + 1 + 1 + 1 + 1 + 1 + 1 + 1 + 1 + 1 + 1 + 1 + 1 + 1 + 1 + 1 + 1 + 1 + 1 + 1 + 1 + 1 + 1 + 1 + 1 + 1 + 1 + 1 + 1 + 1 + 1 + 1 + 1 + 1 + 1 + 1 + 1 + 1 + 1 + 1 + 1 + 1 + 1 + 1 + 1 + 1 + 1 + 1 + 1 + 1 + 1 + 1 + 1 + 1 + 1 + 1 + 1 + 1

--------------------------------------------------------------------------------
[3. F_TOTAL (Full Hamiltonian including Cubic)]
1 + 1 + 1 + 1 + 1 + 1 + 1 + 1 + 1 + 1 + 1 + 1 + 1 + 1 + 1 + 1 + 1 + 1 + 1 + 1 + 1 + 1 + 1 + 1 + 1 + 1 + 1 + 1 + 1 + 1 + 1 + 1 + 1 + 1 + 1 + 1 + 1 + 1 + 1 + 1 + 1 + 1 + 1 + 1 + 1 + 1 + 1 + 1 + 1 + 1 + 1 + 1 + 1 + 1 + 1 + 1 + 1 + 1 + 1 + 1 + 1 + 1 + 1 + 1 + 1 + 1 + 1 + 1 + 1 + 1 + 1 + 1 + 1 + 1 + 1 + 1 + 1 + 1 + 1 + 1 + 1 + 1 + 1 + 1 + 1 + 1 + 1 + 1 + 1 + 1 + 1 + 1 + 1 + 1 + 1 + 1 + 1 + 1 + 1 + 1 + 1 + 1 + 1 + 1 + 1 + 1 + 1 + 1 + 1 + 1 + 1 + 1 + 1 + 1 + 1 + 1 + 1 + 1 + 1 + 1 + 1 + 1 + 1 + 1 + 1 + 1 + 1 + 1 + 1 + 1 + 1 + 1 + 1 + 1 + 1 + 1 + 1 + 1 + 1 + 1 + 1 + 1 + 1 + 1 + 1 + 1 + 1 + 1 + 1 + 1 + 1 + 1 + 1 + 1 + 1 + 1 + 1 + 1 + 1 + 1 + 1 + 1 + 1 + 1 + 1 + 1 + 1 + 1 + 1 + 1 + 1 + 1 + 1 + 1 + 1 + 1 + 1 + 1 + 1 + 1 + 1 + 1 + 1 + 1 + 1 + 1 + 1 + 1 + 1 + 1 + 1 + 1 + 1 + 1 + 1 + 1 + 1 + 1 + 1 + 1 + 1 + 1 + 1 + 1 + 1 + 1 + 1 + 1 + 1 + 1 + 1 + 1 + 1 + 1 + 1 + 1 + 1 + 1 + 1 + 1 + 1 + 1 + 1 + 1 + 1 + 1 + 1 + 1 + 1 + 1 + 1 + 1 + 1 + 1 + 1 + 1 + 1 + 1 + 1 + 1 + 1 + 1 + 1 + 1 + 1 + 1 + 1 + 1 + 1 + 1 + 1 + 1 + 1 + 1 + 1 + 1 + 1 + 1 + 1 + 1 + 1 + 1 + 1 + 1 + 1 + 1 + 1 + 1 + 1 + 1 + 1 + 1 + 1 + 1 + 1 + 1 + 1 + 1 + 1 + 1 + 1 + 1 + 1 + 1 + 1 + 1 + 1 + 1 + 1 + 1 + 1 + 1 + 1 + 1 + 1 + 1 + 1 + 1 + 1 + 1 + 1 + 1 + 1 + 1 + 1 + 1 + 1 + 1 + 1 + 1 + 1 + 1 + 1 + 1 + 1 + 1 + 1 + 1 + 1 + 1 + 1 + 1 + 1 + 1 + 1 + 1 + 1 + 1 + 1 + 1 + 1 + 1 + 1 + 1 + 1 + 1 + 1 + 1 + 1 + 1 + 1 + 1 + 1 + 1 + 1 + 1 + 1 + 1 + 1 + 1 + 1 + 1 + 1 + 1 + 1 + 1 + 1 + 1 + 1 + 1 + 1 + 1 + 1 + 1 + 1 + 1 + 1 + 1 + 1 + 1 + 1 + 1 + 1 + 1 + 1 + 1 + 1 + 1 + 1 + 1 + 1 + 1 + 1 + 1 + 1 + 1 + 1 + 1 + 1 + 1 + 1 + 1 + 1 + 1 + 1 + 1 + 1 + 1 + 1 + 1 + 1 + 1 + 1 + 1 + 1 + 1 + 1 + 1 + 1 + 1 + 1 + 1 + 1 + 1 + 1 + 1 + 1 + 1 + 1 + 1 + 1 + 1 + 1 + 1 + 1 + 1 + 1 + 1 + 1 + 1 + 1 + 1 + 1 + 1 + 1 + 1 + 1 + 1 + 1 + 1 + 1 + 1 + 1 + 1 + 1 + 1 + 1 + 1 + 1 + 1 + 1 + 1 + 1 + 1 + 1 + 1 + 1 + 1 + 1 + 1 + 1 + 1 + 1 + 1 + 1 + 1 + 1 + 1 + 1 + 1 + 1 + 1 + 1 + 1 + 1 + 1 + 1 + 1 + 1 + 1 + 1 + 1 + 1 + 1 + 1 + 1 + 1 + 1 + 1 + 1 + 1 + 1 + 1 + 1 + 1 + 1 + 1 + 1 + 1 + 1 + q[0]*q[1]*q[2] + q[3]*q[4]*q[5] + q[6]*q[7]*q[8] + q[9]*q[10]*q[11] + q[12]*q[13]*q[14] + q[15]*q[16]*q[17] + q[18]*q[19]*q[20] + q[21]*q[22]*q[23] + q[24]*q[25]*q[26] + q[27]*q[28]*q[29] + q[30]*q[31]*q[32] + q[33]*q[34]*q[35] + q[36]*q[37]*q[38] + q[39]*q[40]*q[41] + q[42]*q[43]*q[44] + q[45]*q[46]*q[47] + q[48]*q[49]*q[50] + q[51]*q[52]*q[53] + q[54]*q[55]*q[56] + q[57]*q[58]*q[59] + q[60]*q[61]*q[62] + q[63]*q[64]*q[65] + q[66]*q[67]*q[68] + q[69]*q[70]*q[71] + q[72]*q[73]*q[74] + q[75]*q[76]*q[77] + q[78]*q[79]*q[80] + q[81]*q[82]*q[83] + q[84]*q[85]*q[86] + q[87]*q[88]*q[89] + q[90]*q[91]*q[92] + q[93]*q[94]*q[95] + q[96]*q[97]*q[98] + q[99]*q[100]*q[101] + q[102]*q[103]*q[104] + q[105]*q[106]*q[107] + q[108]*q[109]*q[110] + q[111]*q[112]*q[113] + q[114]*q[115]*q[116] + q[117]*q[118]*q[119] + q[120]*q[121]*q[122] + q[123]*q[124]*q[125] + q[126]*q[127]*q[128] + q[129]*q[130]*q[131] + q[132]*q[133]*q[134] + q[135]*q[136]*q[137] + q[138]*q[139]*q[140] + q[141]*q[142]*q[143] + q[144]*q[145]*q[146] + q[147]*q[148]*q[149] + q[150]*q[151]*q[152] + q[153]*q[154]*q[155] + q[156]*q[157]*q[158] + q[159]*q[160]*q[161] + q[162]*q[163]*q[164] + q[165]*q[166]*q[167] + q[168]*q[169]*q[170] + q[171]*q[172]*q[173] + q[174]*q[175]*q[176] + q[177]*q[178]*q[179] + q[180]*q[181]*q[182] + q[183]*q[184]*q[185] + q[186]*q[187]*q[188] + q[189]*q[190]*q[191] + q[192]*q[193]*q[194] + q[195]*q[196]*q[197] + q[198]*q[199]*q[200] + q[201]*q[202]*q[203] + q[204]*q[205]*q[206] + q[207]*q[208]*q[209] + q[210]*q[211]*q[212] + q[213]*q[214]*q[215] + q[216]*q[217]*q[218] + q[219]*q[220]*q[221] + q[222]*q[223]*q[224] + q[225]*q[226]*q[227] + q[228]*q[229]*q[230] + q[231]*q[232]*q[233] + q[234]*q[235]*q[236] + q[237]*q[238]*q[239] + q[240]*q[241]*q[242] + q[243]*q[244]*q[245] + q[246]*q[247]*q[248] + q[249]*q[250]*q[251] + q[252]*q[253]*q[254] + q[255]*q[256]*q[257] + q[258]*q[259]*q[260] + q[261]*q[262]*q[263] + q[264]*q[265]*q[266] + q[267]*q[268]*q[269] + q[270]*q[271]*q[272] + q[273]*q[274]*q[275] + q[276]*q[277]*q[278] + q[279]*q[280]*q[281] + q[282]*q[283]*q[284] + q[285]*q[286]*q[287] + q[288]*q[289]*q[290] + q[291]*q[292]*q[293] + q[294]*q[295]*q[296] + q[297]*q[298]*q[299] + q[300]*q[301]*q[302] + q[303]*q[304]*q[305] + q[306]*q[307]*q[308] + q[309]*q[310]*q[311] + q[312]*q[313]*q[314] + q[315]*q[316]*q[317] + q[318]*q[319]*q[320] + q[321]*q[322]*q[323] + q[324]*q[325]*q[326] + q[327]*q[328]*q[329] + q[330]*q[331]*q[332] + q[333]*q[334]*q[335] + q[336]*q[337]*q[338] + q[339]*q[340]*q[341] + q[342]*q[343]*q[344] + q[345]*q[346]*q[347] + q[348]*q[349]*q[350] + q[351]*q[352]*q[353] + q[354]*q[355]*q[356] + q[357]*q[358]*q[359] + q[360]*q[361]*q[362] + q[363]*q[364]*q[365] + q[366]*q[367]*q[368] + q[369]*q[370]*q[371] + q[372]*q[373]*q[374] + q[375]*q[376]*q[377] + q[378]*q[379]*q[380] + q[381]*q[382]*q[383] + q[384]*q[385]*q[386] + q[387]*q[388]*q[389] + q[390]*q[391]*q[392] + q[393]*q[394]*q[395] + q[396]*q[397]*q[398] + q[399]*q[400]*q[401] + q[402]*q[403]*q[404] + q[405]*q[406]*q[407] + q[408]*q[409]*q[410] + q[411]*q[412]*q[413] + q[414]*q[415]*q[416] + q[417]*q[418]*q[419] + q[420]*q[421]*q[422] + q[423]*q[424]*q[425] + q[426]*q[427]*q[428] + q[429]*q[430]*q[431] + q[432]*q[433]*q[434] + q[435]*q[436]*q[437] + q[438]*q[439]*q[440] + q[441]*q[442]*q[443] + q[444]*q[445]*q[446] + q[447]*q[448]*q[449] + q[450]*q[451]*q[452] + q[453]*q[454]*q[455] + q[456]*q[457]*q[458] + q[459]*q[460]*q[461] + q[462]*q[463]*q[464] + q[465]*q[466]*q[467] + q[468]*q[469]*q[470] + q[471]*q[472]*q[473] + q[474]*q[475]*q[476] + q[477]*q[478]*q[479] + q[480]*q[481]*q[482] + q[483]*q[484]*q[485] + q[486]*q[487]*q[488] + q[489]*q[490]*q[491] + q[492]*q[493]*q[494] + q[495]*q[496]*q[497] + q[498]*q[499]*q[500] + q[501]*q[502]*q[503] + q[504]*q[505]*q[506] + q[507]*q[508]*q[509] + q[510]*q[511]*q[512] + q[513]*q[514]*q[515] + q[516]*q[517]*q[518] + q[519]*q[520]*q[521] + q[522]*q[523]*q[524] + q[525]*q[526]*q[527] + q[528]*q[529]*q[530] + q[531]*q[532]*q[533] + q[534]*q[535]*q[536] + q[537]*q[538]*q[539] + q[540]*q[541]*q[542] + q[543]*q[544]*q[545] + q[546]*q[547]*q[548] + q[549]*q[550]*q[551] + q[552]*q[553]*q[554] + q[555]*q[556]*q[557] + q[558]*q[559]*q[560] + q[561]*q[562]*q[563] + q[564]*q[565]*q[566] + q[567]*q[568]*q[569] + q[570]*q[571]*q[572] + q[573]*q[574]*q[575] + q[576]*q[577]*q[578] + q[579]*q[580]*q[581] + q[582]*q[583]*q[584] + q[585]*q[586]*q[587] + q[588]*q[589]*q[590] + q[591]*q[592]*q[593] + q[594]*q[595]*q[596] + q[597]*q[598]*q[599] + q[600]*q[601]*q[602] + q[603]*q[604]*q[605] + q[606]*q[607]*q[608] + q[609]*q[610]*q[611] + q[612]*q[613]*q[614] + q[615]*q[616]*q[617] + q[618]*q[619]*q[620] + q[621]*q[622]*q[623] + q[624]*q[625]*q[626] + q[627]*q[628]*q[629] + q[630]*q[631]*q[632] + q[633]*q[634]*q[635] + q[636]*q[637]*q[638] + q[639]*q[640]*q[641] + q[642]*q[643]*q[644] + q[645]*q[646]*q[647] + q[648]*q[649]*q[650] + q[651]*q[652]*q[653] + q[654]*q[655]*q[656] + q[657]*q[658]*q[659] + q[660]*q[661]*q[662] + q[663]*q[664]*q[665] + q[666]*q[667]*q[668] + q[669]*q[670]*q[671] + q[672]*q[673]*q[674] + q[675]*q[676]*q[677] + q[678]*q[679]*q[680] + q[681]*q[682]*q[683] + q[684]*q[685]*q[686] + q[687]*q[688]*q[689] + q[690]*q[691]*q[692] + q[693]*q[694]*q[695] + q[696]*q[697]*q[698] + q[699]*q[700]*q[701] + q[702]*q[703]*q[704] + q[705]*q[706]*q[707] + q[708]*q[709]*q[710] + q[711]*q[712]*q[713] + q[714]*q[715]*q[716] + q[717]*q[718]*q[719] + q[720]*q[721]*q[722] + q[723]*q[724]*q[725] + q[726]*q[727]*q[728] + q[729]*q[730]*q[731] + q[732]*q[733]*q[734] + q[735]*q[736]*q[737] + q[738]*q[739]*q[740] + q[741]*q[742]*q[743] + q[744]*q[745]*q[746] + q[747]*q[748]*q[749] + q[750]*q[751]*q[752] + q[753]*q[754]*q[755] + q[756]*q[757]*q[758] + q[759]*q[760]*q[761] + q[762]*q[763]*q[764] + q[765]*q[766]*q[767] + q[768]*q[769]*q[770] + q[771]*q[772]*q[773] + q[774]*q[775]*q[776] + q[777]*q[778]*q[779] + q[780]*q[781]*q[782] + q[783]*q[784]*q[785] + q[786]*q[787]*q[788] + q[789]*q[790]*q[791] + q[792]*q[793]*q[794] + q[795]*q[796]*q[797] + q[798]*q[799]*q[800] + q[801]*q[802]*q[803] + q[804]*q[805]*q[806] + q[807]*q[808]*q[809] + q[810]*q[811]*q[812] + q[813]*q[814]*q[815] + q[816]*q[817]*q[818] + q[819]*q[820]*q[821] + q[822]*q[823]*q[824] + q[825]*q[826]*q[827] + q[828]*q[829]*q[830] + q[831]*q[832]*q[833] + q[834]*q[835]*q[836] + q[837]*q[838]*q[839] + q[840]*q[841]*q[842] + q[843]*q[844]*q[845] + q[846]*q[847]*q[848] + q[849]*q[850]*q[851] + q[852]*q[853]*q[854] + q[855]*q[856]*q[857] + q[858]*q[859]*q[860] + q[861]*q[862]*q[863] + q[864]*q[865]*q[866] + q[867]*q[868]*q[869] + q[870]*q[871]*q[872] + q[873]*q[874]*q[875] + q[876]*q[877]*q[878] + q[879]*q[880]*q[881] + q[882]*q[883]*q[884] + q[885]*q[886]*q[887] + q[888]*q[889]*q[890] + q[891]*q[892]*q[893] + q[894]*q[895]*q[896] + q[897]*q[898]*q[899] + q[900]*q[901]*q[902] + q[903]*q[904]*q[905] + q[906]*q[907]*q[908] + q[909]*q[910]*q[911] + q[912]*q[913]*q[914] + q[915]*q[916]*q[917] + q[918]*q[919]*q[920] + q[921]*q[922]*q[923] + q[924]*q[925]*q[926] + q[927]*q[928]*q[929] + q[930]*q[931]*q[932] + q[933]*q[934]*q[935] + q[936]*q[937]*q[938] + q[939]*q[940]*q[941] + q[942]*q[943]*q[944] + q[945]*q[946]*q[947] + q[948]*q[949]*q[950] + q[951]*q[952]*q[953] + q[954]*q[955]*q[956] + q[957]*q[958]*q[959] + q[960]*q[961]*q[962] + q[963]*q[964]*q[965] + q[966]*q[967]*q[968] + q[969]*q[970]*q[971] + q[972]*q[973]*q[974] + q[975]*q[976]*q[977] + q[978]*q[979]*q[980] + q[981]*q[982]*q[983] + q[984]*q[985]*q[986] + q[987]*q[988]*q[989] + q[990]*q[991]*q[992] + q[993]*q[994]*q[995] + q[996]*q[997]*q[998] + q[999]*q[1000]*q[1001] + q[1002]*q[1003]*q[1004] + q[1005]*q[1006]*q[1007] + q[1008]*q[1009]*q[1010] + q[1011]*q[1012]*q[1013] + q[1014]*q[1015]*q[1016] + q[1017]*q[1018]*q[1019] + q[1020]*q[1021]*q[1022] + q[1023]*q[1024]*q[1025] + q[1026]*q[1027]*q[1028] + q[1029]*q[1030]*q[1031] + q[1032]*q[1033]*q[1034] + q[1035]*q[1036]*q[1037] + q[1038]*q[1039]*q[1040] + q[1041]*q[1042]*q[1043] + q[1044]*q[1045]*q[1046] + q[1047]*q[1048]*q[1049] + q[1050]*q[1051]*q[1052] + q[1053]*q[1054]*q[1055] + q[1056]*q[1057]*q[1058] + q[1059]*q[1060]*q[1061] + q[1062]*q[1063]*q[1064] + q[1065]*q[1066]*q[1067] + q[1068]*q[1069]*q[1070] + q[1071]*q[1072]*q[1073] + q[1074]*q[1075]*q[1076] + q[1077]*q[1078]*q[1079] + q[1080]*q[1081]*q[1082] + q[1083]*q[1084]*q[1085] + q[1086]*q[1087]*q[1088] + q[1089]*q[1090]*q[1091] + q[1092]*q[1093]*q[1094] + q[1095]*q[1096]*q[1097] + q[1098]*q[1099]*q[1100] + q[1101]*q[1102]*q[1103] + q[1104]*q[1105]*q[1106] + q[1107]*q[1108]*q[1109] + q[1110]*q[1111]*q[1112] + q[1113]*q[1114]*q[1115] + q[1116]*q[1117]*q[1118] + q[1119]*q[1120]*q[1121] + q[1122]*q[1123]*q[1124] + q[1125]*q[1126]*q[1127] + q[1128]*q[1129]*q[1130] + q[1131]*q[1132]*q[1133] + q[1134]*q[1135]*q[1136] + q[1137]*q[1138]*q[1139] + q[1140]*q[1141]*q[1142] + q[1143]*q[1144]*q[1145] + q[1146]*q[1147]*q[1148] + q[1149]*q[1150]*q[1151] + q[1152]*q[1153]*q[1154] + q[1155]*q[1156]*q[1157] + q[1158]*q[1159]*q[1160] + q[1161]*q[1162]*q[1163] + q[1164]*q[1165]*q[1166] + q[1167]*q[1168]*q[1169] + q[1170]*q[1171]*q[1172] + q[1173]*q[1174]*q[1175] + q[1176]*q[1177]*q[1178] + q[1179]*q[1180]*q[1181] + q[1182]*q[1183]*q[1184] + q[1185]*q[1186]*q[1187] + q[1188]*q[1189]*q[1190] + q[1191]*q[1192]*q[1193] + q[1194]*q[1195]*q[1196] + q[1197]*q[1198]*q[1199] + q[1200]*q[1201]*q[1202] + q[1203]*q[1204]*q[1205] + q[1206]*q[1207]*q[1208] + q[1209]*q[1210]*q[1211] + q[1212]*q[1213]*q[1214] + q[1215]*q[1216]*q[1217] + q[1218]*q[1219]*q[1220] + q[1221]*q[1222]*q[1223] + q[1224]*q[1225]*q[1226] + q[1227]*q[1228]*q[1229] + q[1230]*q[1231]*q[1232] + q[1233]*q[1234]*q[1235] + q[1236]*q[1237]*q[1238] + q[1239]*q[1240]*q[1241] + q[1242]*q[1243]*q[1244] + q[1245]*q[1246]*q[1247] + q[1248]*q[1249]*q[1250] + q[1251]*q[1252]*q[1253] + q[1254]*q[1255]*q[1256] + q[1257]*q[1258]*q[1259] + q[1260]*q[1261]*q[1262] + q[1263]*q[1264]*q[1265] + q[1266]*q[1267]*q[1268] + q[1269]*q[1270]*q[1271] + q[1272]*q[1273]*q[1274] + q[1275]*q[1276]*q[1277] + q[1278]*q[1279]*q[1280] + q[1281]*q[1282]*q[1283] + q[1284]*q[1285]*q[1286] + q[1287]*q[1288]*q[1289] + q[1290]*q[1291]*q[1292] + q[1293]*q[1294]*q[1295] + q[1296]*q[1297]*q[1298] + q[1299]*q[1300]*q[1301] + q[1302]*q[1303]*q[1304] + q[1305]*q[1306]*q[1307] + q[1308]*q[1309]*q[1310] + q[1311]*q[1312]*q[1313] + q[1314]*q[1315]*q[1316] + q[1317]*q[1318]*q[1319] + q[1320]*q[1321]*q[1322] + q[1323]*q[1324]*q[1325] + q[1326]*q[1327]*q[1328] + q[1329]*q[1330]*q[1331] + q[1332]*q[1333]*q[1334] + q[1335]*q[1336]*q[1337] + q[1338]*q[1339]*q[1340] + q[1341]*q[1342]*q[1343] + q[1344]*q[1345]*q[1346] + q[1347]*q[1348]*q[1349] + q[1350]*q[1351]*q[1352] + q[1353]*q[1354]*q[1355] + q[1356]*q[1357]*q[1358] + q[1359]*q[1360]*q[1361] + q[1362]*q[1363]*q[1364] + q[1365]*q[1366]*q[1367] + q[1368]*q[1369]*q[1370] + q[1371]*q[1372]*q[1373] + q[1374]*q[1375]*q[1376] + q[1377]*q[1378]*q[1379] + q[1380]*q[1381]*q[1382] + q[1383]*q[1384]*q[1385] + q[1386]*q[1387]*q[1388] + q[1389]*q[1390]*q[1391] + q[1392]*q[1393]*q[1394] + q[1395]*q[1396]*q[1397] + q[1398]*q[1399]*q[1400] + q[1401]*q[1402]*q[1403] + q[1404]*q[1405]*q[1406] + q[1407]*q[1408]*q[1409] + q[1410]*q[1411]*q[1412] + q[1413]*q[1414]*q[1415] + q[1416]*q[1417]*q[1418] + q[1419]*q[1420]*q[1421] + q[1422]*q[1423]*q[1424] + q[1425]*q[1426]*q[1427] + q[1428]*q[1429]*q[1430] + q[1431]*q[1432]*q[1433] + q[1434]*q[1435]*q[1436] + q[1437]*q[1438]*q[1439] + q[1440]*q[1441]*q[1442] + q[1443]*q[1444]*q[1445] + q[1446]*q[1447]*q[1448] + q[1449]*q[1450]*q[1451] + q[1452]*q[1453]*q[1454] + q[1455]*q[1456]*q[1457] + q[1458]*q[1459]*q[1460] + q[1461]*q[1462]*q[1463] + q[1464]*q[1465]*q[1466] + q[1467]*q[1468]*q[1469] + q[1470]*q[1471]*q[1472] + q[1473]*q[1474]*q[1475] + q[1476]*q[1477]*q[1478] + q[1479]*q[1480]*q[1481] + q[1482]*q[1483]*q[1484] + q[1485]*q[1486]*q[1487] + q[1488]*q[1489]*q[1490] + q[1491]*q[1492]*q[1493] + q[1494]*q[1495]*q[1496] + q[1497]*q[1498]*q[1499]

--------------------------------------------------------------------------------
[4. FULL VARIABLE MAPPING]
Index      | Description
--------------------------------------------------
q[0]       : [INPUT] A[0]
q[1]       : [INPUT] B[0]
q[2]       : [OUTPUT] OUT[0]
q[3]       : [INPUT] A[1]
q[4]       : [INPUT] B[1]
q[5]       : [OUTPUT] OUT[1]
q[6]       : [INPUT] A[2]
q[7]       : [INPUT] B[2]
q[8]       : [OUTPUT] OUT[2]
q[9]       : [INPUT] A[3]
q[10]      : [INPUT] B[3]
q[11]      : [OUTPUT] OUT[3]
q[12]      : [INPUT] A[4]
q[13]      : [INPUT] B[4]
q[14]      : [OUTPUT] OUT[4]
q[15]      : [INPUT] A[5]
q[16]      : [INPUT] B[5]
q[17]      : [OUTPUT] OUT[5]
q[18]      : [INPUT] A[6]
q[19]      : [INPUT] B[6]
q[20]      : [OUTPUT] OUT[6]
q[21]      : [INPUT] A[7]
q[22]      : [INPUT] B[7]
q[23]      : [OUTPUT] OUT[7]
q[24]      : [INPUT] A[8]
q[25]      : [INPUT] B[8]
q[26]      : [OUTPUT] OUT[8]
q[27]      : [INPUT] A[9]
q[28]      : [INPUT] B[9]
q[29]      : [OUTPUT] OUT[9]
q[30]      : [INPUT] A[10]
q[31]      : [INPUT] B[10]
q[32]      : [OUTPUT] OUT[10]
q[33]      : [INPUT] A[11]
q[34]      : [INPUT] B[11]
q[35]      : [OUTPUT] OUT[11]
q[36]      : [INPUT] A[12]
q[37]      : [INPUT] B[12]
q[38]      : [OUTPUT] OUT[12]
q[39]      : [INPUT] A[13]
q[40]      : [INPUT] B[13]
q[41]      : [OUTPUT] OUT[13]
q[42]      : [INPUT] A[14]
q[43]      : [INPUT] B[14]
q[44]      : [OUTPUT] OUT[14]
q[45]      : [INPUT] A[15]
q[46]      : [INPUT] B[15]
q[47]      : [OUTPUT] OUT[15]
q[48]      : [INPUT] A[16]
q[49]      : [INPUT] B[16]
q[50]      : [OUTPUT] OUT[16]
q[51]      : [INPUT] A[17]
q[52]      : [INPUT] B[17]
q[53]      : [OUTPUT] OUT[17]
q[54]      : [INPUT] A[18]
q[55]      : [INPUT] B[18]
q[56]      : [OUTPUT] OUT[18]
q[57]      : [INPUT] A[19]
q[58]      : [INPUT] B[19]
q[59]      : [OUTPUT] OUT[19]
q[60]      : [INPUT] A[20]
q[61]      : [INPUT] B[20]
q[62]      : [OUTPUT] OUT[20]
q[63]      : [INPUT] A[21]
q[64]      : [INPUT] B[21]
q[65]      : [OUTPUT] OUT[21]
q[66]      : [INPUT] A[22]
q[67]      : [INPUT] B[22]
q[68]      : [OUTPUT] OUT[22]
q[69]      : [INPUT] A[23]
q[70]      : [INPUT] B[23]
q[71]      : [OUTPUT] OUT[23]
q[72]      : [INPUT] A[24]
q[73]      : [INPUT] B[24]
q[74]      : [OUTPUT] OUT[24]
q[75]      : [INPUT] A[25]
q[76]      : [INPUT] B[25]
q[77]      : [OUTPUT] OUT[25]
q[78]      : [INPUT] A[26]
q[79]      : [INPUT] B[26]
q[80]      : [OUTPUT] OUT[26]
q[81]      : [INPUT] A[27]
q[82]      : [INPUT] B[27]
q[83]      : [OUTPUT] OUT[27]
q[84]      : [INPUT] A[28]
q[85]      : [INPUT] B[28]
q[86]      : [OUTPUT] OUT[28]
q[87]      : [INPUT] A[29]
q[88]      : [INPUT] B[29]
q[89]      : [OUTPUT] OUT[29]
q[90]      : [INPUT] A[30]
q[91]      : [INPUT] B[30]
q[92]      : [OUTPUT] OUT[30]
q[93]      : [INPUT] A[31]
q[94]      : [INPUT] B[31]
q[95]      : [OUTPUT] OUT[31]
q[96]      : [INPUT] A[32]
q[97]      : [INPUT] B[32]
q[98]      : [OUTPUT] OUT[32]
q[99]      : [INPUT] A[33]
q[100]     : [INPUT] B[33]
q[101]     : [OUTPUT] OUT[33]
q[102]     : [INPUT] A[34]
q[103]     : [INPUT] B[34]
q[104]     : [OUTPUT] OUT[34]
q[105]     : [INPUT] A[35]
q[106]     : [INPUT] B[35]
q[107]     : [OUTPUT] OUT[35]
q[108]     : [INPUT] A[36]
q[109]     : [INPUT] B[36]
q[110]     : [OUTPUT] OUT[36]
q[111]     : [INPUT] A[37]
q[112]     : [INPUT] B[37]
q[113]     : [OUTPUT] OUT[37]
q[114]     : [INPUT] A[38]
q[115]     : [INPUT] B[38]
q[116]     : [OUTPUT] OUT[38]
q[117]     : [INPUT] A[39]
q[118]     : [INPUT] B[39]
q[119]     : [OUTPUT] OUT[39]
q[120]     : [INPUT] A[40]
q[121]     : [INPUT] B[40]
q[122]     : [OUTPUT] OUT[40]
q[123]     : [INPUT] A[41]
q[124]     : [INPUT] B[41]
q[125]     : [OUTPUT] OUT[41]
q[126]     : [INPUT] A[42]
q[127]     : [INPUT] B[42]
q[128]     : [OUTPUT] OUT[42]
q[129]     : [INPUT] A[43]
q[130]     : [INPUT] B[43]
q[131]     : [OUTPUT] OUT[43]
q[132]     : [INPUT] A[44]
q[133]     : [INPUT] B[44]
q[134]     : [OUTPUT] OUT[44]
q[135]     : [INPUT] A[45]
q[136]     : [INPUT] B[45]
q[137]     : [OUTPUT] OUT[45]
q[138]     : [INPUT] A[46]
q[139]     : [INPUT] B[46]
q[140]     : [OUTPUT] OUT[46]
q[141]     : [INPUT] A[47]
q[142]     : [INPUT] B[47]
q[143]     : [OUTPUT] OUT[47]
q[144]     : [INPUT] A[48]
q[145]     : [INPUT] B[48]
q[146]     : [OUTPUT] OUT[48]
q[147]     : [INPUT] A[49]
q[148]     : [INPUT] B[49]
q[149]     : [OUTPUT] OUT[49]
q[150]     : [INPUT] A[50]
q[151]     : [INPUT] B[50]
q[152]     : [OUTPUT] OUT[50]
q[153]     : [INPUT] A[51]
q[154]     : [INPUT] B[51]
q[155]     : [OUTPUT] OUT[51]
q[156]     : [INPUT] A[52]
q[157]     : [INPUT] B[52]
q[158]     : [OUTPUT] OUT[52]
q[159]     : [INPUT] A[53]
q[160]     : [INPUT] B[53]
q[161]     : [OUTPUT] OUT[53]
q[162]     : [INPUT] A[54]
q[163]     : [INPUT] B[54]
q[164]     : [OUTPUT] OUT[54]
q[165]     : [INPUT] A[55]
q[166]     : [INPUT] B[55]
q[167]     : [OUTPUT] OUT[55]
q[168]     : [INPUT] A[56]
q[169]     : [INPUT] B[56]
q[170]     : [OUTPUT] OUT[56]
q[171]     : [INPUT] A[57]
q[172]     : [INPUT] B[57]
q[173]     : [OUTPUT] OUT[57]
q[174]     : [INPUT] A[58]
q[175]     : [INPUT] B[58]
q[176]     : [OUTPUT] OUT[58]
q[177]     : [INPUT] A[59]
q[178]     : [INPUT] B[59]
q[179]     : [OUTPUT] OUT[59]
q[180]     : [INPUT] A[60]
q[181]     : [INPUT] B[60]
q[182]     : [OUTPUT] OUT[60]
q[183]     : [INPUT] A[61]
q[184]     : [INPUT] B[61]
q[185]     : [OUTPUT] OUT[61]
q[186]     : [INPUT] A[62]
q[187]     : [INPUT] B[62]
q[188]     : [OUTPUT] OUT[62]
q[189]     : [INPUT] A[63]
q[190]     : [INPUT] B[63]
q[191]     : [OUTPUT] OUT[63]
q[192]     : [INPUT] A[64]
q[193]     : [INPUT] B[64]
q[194]     : [OUTPUT] OUT[64]
q[195]     : [INPUT] A[65]
q[196]     : [INPUT] B[65]
q[197]     : [OUTPUT] OUT[65]
q[198]     : [INPUT] A[66]
q[199]     : [INPUT] B[66]
q[200]     : [OUTPUT] OUT[66]
q[201]     : [INPUT] A[67]
q[202]     : [INPUT] B[67]
q[203]     : [OUTPUT] OUT[67]
q[204]     : [INPUT] A[68]
q[205]     : [INPUT] B[68]
q[206]     : [OUTPUT] OUT[68]
q[207]     : [INPUT] A[69]
q[208]     : [INPUT] B[69]
q[209]     : [OUTPUT] OUT[69]
q[210]     : [INPUT] A[70]
q[211]     : [INPUT] B[70]
q[212]     : [OUTPUT] OUT[70]
q[213]     : [INPUT] A[71]
q[214]     : [INPUT] B[71]
q[215]     : [OUTPUT] OUT[71]
q[216]     : [INPUT] A[72]
q[217]     : [INPUT] B[72]
q[218]     : [OUTPUT] OUT[72]
q[219]     : [INPUT] A[73]
q[220]     : [INPUT] B[73]
q[221]     : [OUTPUT] OUT[73]
q[222]     : [INPUT] A[74]
q[223]     : [INPUT] B[74]
q[224]     : [OUTPUT] OUT[74]
q[225]     : [INPUT] A[75]
q[226]     : [INPUT] B[75]
q[227]     : [OUTPUT] OUT[75]
q[228]     : [INPUT] A[76]
q[229]     : [INPUT] B[76]
q[230]     : [OUTPUT] OUT[76]
q[231]     : [INPUT] A[77]
q[232]     : [INPUT] B[77]
q[233]     : [OUTPUT] OUT[77]
q[234]     : [INPUT] A[78]
q[235]     : [INPUT] B[78]
q[236]     : [OUTPUT] OUT[78]
q[237]     : [INPUT] A[79]
q[238]     : [INPUT] B[79]
q[239]     : [OUTPUT] OUT[79]
q[240]     : [INPUT] A[80]
q[241]     : [INPUT] B[80]
q[242]     : [OUTPUT] OUT[80]
q[243]     : [INPUT] A[81]
q[244]     : [INPUT] B[81]
q[245]     : [OUTPUT] OUT[81]
q[246]     : [INPUT] A[82]
q[247]     : [INPUT] B[82]
q[248]     : [OUTPUT] OUT[82]
q[249]     : [INPUT] A[83]
q[250]     : [INPUT] B[83]
q[251]     : [OUTPUT] OUT[83]
q[252]     : [INPUT] A[84]
q[253]     : [INPUT] B[84]
q[254]     : [OUTPUT] OUT[84]
q[255]     : [INPUT] A[85]
q[256]     : [INPUT] B[85]
q[257]     : [OUTPUT] OUT[85]
q[258]     : [INPUT] A[86]
q[259]     : [INPUT] B[86]
q[260]     : [OUTPUT] OUT[86]
q[261]     : [INPUT] A[87]
q[262]     : [INPUT] B[87]
q[263]     : [OUTPUT] OUT[87]
q[264]     : [INPUT] A[88]
q[265]     : [INPUT] B[88]
q[266]     : [OUTPUT] OUT[88]
q[267]     : [INPUT] A[89]
q[268]     : [INPUT] B[89]
q[269]     : [OUTPUT] OUT[89]
q[270]     : [INPUT] A[90]
q[271]     : [INPUT] B[90]
q[272]     : [OUTPUT] OUT[90]
q[273]     : [INPUT] A[91]
q[274]     : [INPUT] B[91]
q[275]     : [OUTPUT] OUT[91]
q[276]     : [INPUT] A[92]
q[277]     : [INPUT] B[92]
q[278]     : [OUTPUT] OUT[92]
q[279]     : [INPUT] A[93]
q[280]     : [INPUT] B[93]
q[281]     : [OUTPUT] OUT[93]
q[282]     : [INPUT] A[94]
q[283]     : [INPUT] B[94]
q[284]     : [OUTPUT] OUT[94]
q[285]     : [INPUT] A[95]
q[286]     : [INPUT] B[95]
q[287]     : [OUTPUT] OUT[95]
q[288]     : [INPUT] A[96]
q[289]     : [INPUT] B[96]
q[290]     : [OUTPUT] OUT[96]
q[291]     : [INPUT] A[97]
q[292]     : [INPUT] B[97]
q[293]     : [OUTPUT] OUT[97]
q[294]     : [INPUT] A[98]
q[295]     : [INPUT] B[98]
q[296]     : [OUTPUT] OUT[98]
q[297]     : [INPUT] A[99]
q[298]     : [INPUT] B[99]
q[299]     : [OUTPUT] OUT[99]
q[300]     : [INPUT] A[100]
q[301]     : [INPUT] B[100]
q[302]     : [OUTPUT] OUT[100]
q[303]     : [INPUT] A[101]
q[304]     : [INPUT] B[101]
q[305]     : [OUTPUT] OUT[101]
q[306]     : [INPUT] A[102]
q[307]     : [INPUT] B[102]
q[308]     : [OUTPUT] OUT[102]
q[309]     : [INPUT] A[103]
q[310]     : [INPUT] B[103]
q[311]     : [OUTPUT] OUT[103]
q[312]     : [INPUT] A[104]
q[313]     : [INPUT] B[104]
q[314]     : [OUTPUT] OUT[104]
q[315]     : [INPUT] A[105]
q[316]     : [INPUT] B[105]
q[317]     : [OUTPUT] OUT[105]
q[318]     : [INPUT] A[106]
q[319]     : [INPUT] B[106]
q[320]     : [OUTPUT] OUT[106]
q[321]     : [INPUT] A[107]
q[322]     : [INPUT] B[107]
q[323]     : [OUTPUT] OUT[107]
q[324]     : [INPUT] A[108]
q[325]     : [INPUT] B[108]
q[326]     : [OUTPUT] OUT[108]
q[327]     : [INPUT] A[109]
q[328]     : [INPUT] B[109]
q[329]     : [OUTPUT] OUT[109]
q[330]     : [INPUT] A[110]
q[331]     : [INPUT] B[110]
q[332]     : [OUTPUT] OUT[110]
q[333]     : [INPUT] A[111]
q[334]     : [INPUT] B[111]
q[335]     : [OUTPUT] OUT[111]
q[336]     : [INPUT] A[112]
q[337]     : [INPUT] B[112]
q[338]     : [OUTPUT] OUT[112]
q[339]     : [INPUT] A[113]
q[340]     : [INPUT] B[113]
q[341]     : [OUTPUT] OUT[113]
q[342]     : [INPUT] A[114]
q[343]     : [INPUT] B[114]
q[344]     : [OUTPUT] OUT[114]
q[345]     : [INPUT] A[115]
q[346]     : [INPUT] B[115]
q[347]     : [OUTPUT] OUT[115]
q[348]     : [INPUT] A[116]
q[349]     : [INPUT] B[116]
q[350]     : [OUTPUT] OUT[116]
q[351]     : [INPUT] A[117]
q[352]     : [INPUT] B[117]
q[353]     : [OUTPUT] OUT[117]
q[354]     : [INPUT] A[118]
q[355]     : [INPUT] B[118]
q[356]     : [OUTPUT] OUT[118]
q[357]     : [INPUT] A[119]
q[358]     : [INPUT] B[119]
q[359]     : [OUTPUT] OUT[119]
q[360]     : [INPUT] A[120]
q[361]     : [INPUT] B[120]
q[362]     : [OUTPUT] OUT[120]
q[363]     : [INPUT] A[121]
q[364]     : [INPUT] B[121]
q[365]     : [OUTPUT] OUT[121]
q[366]     : [INPUT] A[122]
q[367]     : [INPUT] B[122]
q[368]     : [OUTPUT] OUT[122]
q[369]     : [INPUT] A[123]
q[370]     : [INPUT] B[123]
q[371]     : [OUTPUT] OUT[123]
q[372]     : [INPUT] A[124]
q[373]     : [INPUT] B[124]
q[374]     : [OUTPUT] OUT[124]
q[375]     : [INPUT] A[125]
q[376]     : [INPUT] B[125]
q[377]     : [OUTPUT] OUT[125]
q[378]     : [INPUT] A[126]
q[379]     : [INPUT] B[126]
q[380]     : [OUTPUT] OUT[126]
q[381]     : [INPUT] A[127]
q[382]     : [INPUT] B[127]
q[383]     : [OUTPUT] OUT[127]
q[384]     : [INPUT] A[128]
q[385]     : [INPUT] B[128]
q[386]     : [OUTPUT] OUT[128]
q[387]     : [INPUT] A[129]
q[388]     : [INPUT] B[129]
q[389]     : [OUTPUT] OUT[129]
q[390]     : [INPUT] A[130]
q[391]     : [INPUT] B[130]
q[392]     : [OUTPUT] OUT[130]
q[393]     : [INPUT] A[131]
q[394]     : [INPUT] B[131]
q[395]     : [OUTPUT] OUT[131]
q[396]     : [INPUT] A[132]
q[397]     : [INPUT] B[132]
q[398]     : [OUTPUT] OUT[132]
q[399]     : [INPUT] A[133]
q[400]     : [INPUT] B[133]
q[401]     : [OUTPUT] OUT[133]
q[402]     : [INPUT] A[134]
q[403]     : [INPUT] B[134]
q[404]     : [OUTPUT] OUT[134]
q[405]     : [INPUT] A[135]
q[406]     : [INPUT] B[135]
q[407]     : [OUTPUT] OUT[135]
q[408]     : [INPUT] A[136]
q[409]     : [INPUT] B[136]
q[410]     : [OUTPUT] OUT[136]
q[411]     : [INPUT] A[137]
q[412]     : [INPUT] B[137]
q[413]     : [OUTPUT] OUT[137]
q[414]     : [INPUT] A[138]
q[415]     : [INPUT] B[138]
q[416]     : [OUTPUT] OUT[138]
q[417]     : [INPUT] A[139]
q[418]     : [INPUT] B[139]
q[419]     : [OUTPUT] OUT[139]
q[420]     : [INPUT] A[140]
q[421]     : [INPUT] B[140]
q[422]     : [OUTPUT] OUT[140]
q[423]     : [INPUT] A[141]
q[424]     : [INPUT] B[141]
q[425]     : [OUTPUT] OUT[141]
q[426]     : [INPUT] A[142]
q[427]     : [INPUT] B[142]
q[428]     : [OUTPUT] OUT[142]
q[429]     : [INPUT] A[143]
q[430]     : [INPUT] B[143]
q[431]     : [OUTPUT] OUT[143]
q[432]     : [INPUT] A[144]
q[433]     : [INPUT] B[144]
q[434]     : [OUTPUT] OUT[144]
q[435]     : [INPUT] A[145]
q[436]     : [INPUT] B[145]
q[437]     : [OUTPUT] OUT[145]
q[438]     : [INPUT] A[146]
q[439]     : [INPUT] B[146]
q[440]     : [OUTPUT] OUT[146]
q[441]     : [INPUT] A[147]
q[442]     : [INPUT] B[147]
q[443]     : [OUTPUT] OUT[147]
q[444]     : [INPUT] A[148]
q[445]     : [INPUT] B[148]
q[446]     : [OUTPUT] OUT[148]
q[447]     : [INPUT] A[149]
q[448]     : [INPUT] B[149]
q[449]     : [OUTPUT] OUT[149]
q[450]     : [INPUT] A[150]
q[451]     : [INPUT] B[150]
q[452]     : [OUTPUT] OUT[150]
q[453]     : [INPUT] A[151]
q[454]     : [INPUT] B[151]
q[455]     : [OUTPUT] OUT[151]
q[456]     : [INPUT] A[152]
q[457]     : [INPUT] B[152]
q[458]     : [OUTPUT] OUT[152]
q[459]     : [INPUT] A[153]
q[460]     : [INPUT] B[153]
q[461]     : [OUTPUT] OUT[153]
q[462]     : [INPUT] A[154]
q[463]     : [INPUT] B[154]
q[464]     : [OUTPUT] OUT[154]
q[465]     : [INPUT] A[155]
q[466]     : [INPUT] B[155]
q[467]     : [OUTPUT] OUT[155]
q[468]     : [INPUT] A[156]
q[469]     : [INPUT] B[156]
q[470]     : [OUTPUT] OUT[156]
q[471]     : [INPUT] A[157]
q[472]     : [INPUT] B[157]
q[473]     : [OUTPUT] OUT[157]
q[474]     : [INPUT] A[158]
q[475]     : [INPUT] B[158]
q[476]     : [OUTPUT] OUT[158]
q[477]     : [INPUT] A[159]
q[478]     : [INPUT] B[159]
q[479]     : [OUTPUT] OUT[159]
q[480]     : [INPUT] A[160]
q[481]     : [INPUT] B[160]
q[482]     : [OUTPUT] OUT[160]
q[483]     : [INPUT] A[161]
q[484]     : [INPUT] B[161]
q[485]     : [OUTPUT] OUT[161]
q[486]     : [INPUT] A[162]
q[487]     : [INPUT] B[162]
q[488]     : [OUTPUT] OUT[162]
q[489]     : [INPUT] A[163]
q[490]     : [INPUT] B[163]
q[491]     : [OUTPUT] OUT[163]
q[492]     : [INPUT] A[164]
q[493]     : [INPUT] B[164]
q[494]     : [OUTPUT] OUT[164]
q[495]     : [INPUT] A[165]
q[496]     : [INPUT] B[165]
q[497]     : [OUTPUT] OUT[165]
q[498]     : [INPUT] A[166]
q[499]     : [INPUT] B[166]
q[500]     : [OUTPUT] OUT[166]
q[501]     : [INPUT] A[167]
q[502]     : [INPUT] B[167]
q[503]     : [OUTPUT] OUT[167]
q[504]     : [INPUT] A[168]
q[505]     : [INPUT] B[168]
q[506]     : [OUTPUT] OUT[168]
q[507]     : [INPUT] A[169]
q[508]     : [INPUT] B[169]
q[509]     : [OUTPUT] OUT[169]
q[510]     : [INPUT] A[170]
q[511]     : [INPUT] B[170]
q[512]     : [OUTPUT] OUT[170]
q[513]     : [INPUT] A[171]
q[514]     : [INPUT] B[171]
q[515]     : [OUTPUT] OUT[171]
q[516]     : [INPUT] A[172]
q[517]     : [INPUT] B[172]
q[518]     : [OUTPUT] OUT[172]
q[519]     : [INPUT] A[173]
q[520]     : [INPUT] B[173]
q[521]     : [OUTPUT] OUT[173]
q[522]     : [INPUT] A[174]
q[523]     : [INPUT] B[174]
q[524]     : [OUTPUT] OUT[174]
q[525]     : [INPUT] A[175]
q[526]     : [INPUT] B[175]
q[527]     : [OUTPUT] OUT[175]
q[528]     : [INPUT] A[176]
q[529]     : [INPUT] B[176]
q[530]     : [OUTPUT] OUT[176]
q[531]     : [INPUT] A[177]
q[532]     : [INPUT] B[177]
q[533]     : [OUTPUT] OUT[177]
q[534]     : [INPUT] A[178]
q[535]     : [INPUT] B[178]
q[536]     : [OUTPUT] OUT[178]
q[537]     : [INPUT] A[179]
q[538]     : [INPUT] B[179]
q[539]     : [OUTPUT] OUT[179]
q[540]     : [INPUT] A[180]
q[541]     : [INPUT] B[180]
q[542]     : [OUTPUT] OUT[180]
q[543]     : [INPUT] A[181]
q[544]     : [INPUT] B[181]
q[545]     : [OUTPUT] OUT[181]
q[546]     : [INPUT] A[182]
q[547]     : [INPUT] B[182]
q[548]     : [OUTPUT] OUT[182]
q[549]     : [INPUT] A[183]
q[550]     : [INPUT] B[183]
q[551]     : [OUTPUT] OUT[183]
q[552]     : [INPUT] A[184]
q[553]     : [INPUT] B[184]
q[554]     : [OUTPUT] OUT[184]
q[555]     : [INPUT] A[185]
q[556]     : [INPUT] B[185]
q[557]     : [OUTPUT] OUT[185]
q[558]     : [INPUT] A[186]
q[559]     : [INPUT] B[186]
q[560]     : [OUTPUT] OUT[186]
q[561]     : [INPUT] A[187]
q[562]     : [INPUT] B[187]
q[563]     : [OUTPUT] OUT[187]
q[564]     : [INPUT] A[188]
q[565]     : [INPUT] B[188]
q[566]     : [OUTPUT] OUT[188]
q[567]     : [INPUT] A[189]
q[568]     : [INPUT] B[189]
q[569]     : [OUTPUT] OUT[189]
q[570]     : [INPUT] A[190]
q[571]     : [INPUT] B[190]
q[572]     : [OUTPUT] OUT[190]
q[573]     : [INPUT] A[191]
q[574]     : [INPUT] B[191]
q[575]     : [OUTPUT] OUT[191]
q[576]     : [INPUT] A[192]
q[577]     : [INPUT] B[192]
q[578]     : [OUTPUT] OUT[192]
q[579]     : [INPUT] A[193]
q[580]     : [INPUT] B[193]
q[581]     : [OUTPUT] OUT[193]
q[582]     : [INPUT] A[194]
q[583]     : [INPUT] B[194]
q[584]     : [OUTPUT] OUT[194]
q[585]     : [INPUT] A[195]
q[586]     : [INPUT] B[195]
q[587]     : [OUTPUT] OUT[195]
q[588]     : [INPUT] A[196]
q[589]     : [INPUT] B[196]
q[590]     : [OUTPUT] OUT[196]
q[591]     : [INPUT] A[197]
q[592]     : [INPUT] B[197]
q[593]     : [OUTPUT] OUT[197]
q[594]     : [INPUT] A[198]
q[595]     : [INPUT] B[198]
q[596]     : [OUTPUT] OUT[198]
q[597]     : [INPUT] A[199]
q[598]     : [INPUT] B[199]
q[599]     : [OUTPUT] OUT[199]
q[600]     : [INPUT] A[200]
q[601]     : [INPUT] B[200]
q[602]     : [OUTPUT] OUT[200]
q[603]     : [INPUT] A[201]
q[604]     : [INPUT] B[201]
q[605]     : [OUTPUT] OUT[201]
q[606]     : [INPUT] A[202]
q[607]     : [INPUT] B[202]
q[608]     : [OUTPUT] OUT[202]
q[609]     : [INPUT] A[203]
q[610]     : [INPUT] B[203]
q[611]     : [OUTPUT] OUT[203]
q[612]     : [INPUT] A[204]
q[613]     : [INPUT] B[204]
q[614]     : [OUTPUT] OUT[204]
q[615]     : [INPUT] A[205]
q[616]     : [INPUT] B[205]
q[617]     : [OUTPUT] OUT[205]
q[618]     : [INPUT] A[206]
q[619]     : [INPUT] B[206]
q[620]     : [OUTPUT] OUT[206]
q[621]     : [INPUT] A[207]
q[622]     : [INPUT] B[207]
q[623]     : [OUTPUT] OUT[207]
q[624]     : [INPUT] A[208]
q[625]     : [INPUT] B[208]
q[626]     : [OUTPUT] OUT[208]
q[627]     : [INPUT] A[209]
q[628]     : [INPUT] B[209]
q[629]     : [OUTPUT] OUT[209]
q[630]     : [INPUT] A[210]
q[631]     : [INPUT] B[210]
q[632]     : [OUTPUT] OUT[210]
q[633]     : [INPUT] A[211]
q[634]     : [INPUT] B[211]
q[635]     : [OUTPUT] OUT[211]
q[636]     : [INPUT] A[212]
q[637]     : [INPUT] B[212]
q[638]     : [OUTPUT] OUT[212]
q[639]     : [INPUT] A[213]
q[640]     : [INPUT] B[213]
q[641]     : [OUTPUT] OUT[213]
q[642]     : [INPUT] A[214]
q[643]     : [INPUT] B[214]
q[644]     : [OUTPUT] OUT[214]
q[645]     : [INPUT] A[215]
q[646]     : [INPUT] B[215]
q[647]     : [OUTPUT] OUT[215]
q[648]     : [INPUT] A[216]
q[649]     : [INPUT] B[216]
q[650]     : [OUTPUT] OUT[216]
q[651]     : [INPUT] A[217]
q[652]     : [INPUT] B[217]
q[653]     : [OUTPUT] OUT[217]
q[654]     : [INPUT] A[218]
q[655]     : [INPUT] B[218]
q[656]     : [OUTPUT] OUT[218]
q[657]     : [INPUT] A[219]
q[658]     : [INPUT] B[219]
q[659]     : [OUTPUT] OUT[219]
q[660]     : [INPUT] A[220]
q[661]     : [INPUT] B[220]
q[662]     : [OUTPUT] OUT[220]
q[663]     : [INPUT] A[221]
q[664]     : [INPUT] B[221]
q[665]     : [OUTPUT] OUT[221]
q[666]     : [INPUT] A[222]
q[667]     : [INPUT] B[222]
q[668]     : [OUTPUT] OUT[222]
q[669]     : [INPUT] A[223]
q[670]     : [INPUT] B[223]
q[671]     : [OUTPUT] OUT[223]
q[672]     : [INPUT] A[224]
q[673]     : [INPUT] B[224]
q[674]     : [OUTPUT] OUT[224]
q[675]     : [INPUT] A[225]
q[676]     : [INPUT] B[225]
q[677]     : [OUTPUT] OUT[225]
q[678]     : [INPUT] A[226]
q[679]     : [INPUT] B[226]
q[680]     : [OUTPUT] OUT[226]
q[681]     : [INPUT] A[227]
q[682]     : [INPUT] B[227]
q[683]     : [OUTPUT] OUT[227]
q[684]     : [INPUT] A[228]
q[685]     : [INPUT] B[228]
q[686]     : [OUTPUT] OUT[228]
q[687]     : [INPUT] A[229]
q[688]     : [INPUT] B[229]
q[689]     : [OUTPUT] OUT[229]
q[690]     : [INPUT] A[230]
q[691]     : [INPUT] B[230]
q[692]     : [OUTPUT] OUT[230]
q[693]     : [INPUT] A[231]
q[694]     : [INPUT] B[231]
q[695]     : [OUTPUT] OUT[231]
q[696]     : [INPUT] A[232]
q[697]     : [INPUT] B[232]
q[698]     : [OUTPUT] OUT[232]
q[699]     : [INPUT] A[233]
q[700]     : [INPUT] B[233]
q[701]     : [OUTPUT] OUT[233]
q[702]     : [INPUT] A[234]
q[703]     : [INPUT] B[234]
q[704]     : [OUTPUT] OUT[234]
q[705]     : [INPUT] A[235]
q[706]     : [INPUT] B[235]
q[707]     : [OUTPUT] OUT[235]
q[708]     : [INPUT] A[236]
q[709]     : [INPUT] B[236]
q[710]     : [OUTPUT] OUT[236]
q[711]     : [INPUT] A[237]
q[712]     : [INPUT] B[237]
q[713]     : [OUTPUT] OUT[237]
q[714]     : [INPUT] A[238]
q[715]     : [INPUT] B[238]
q[716]     : [OUTPUT] OUT[238]
q[717]     : [INPUT] A[239]
q[718]     : [INPUT] B[239]
q[719]     : [OUTPUT] OUT[239]
q[720]     : [INPUT] A[240]
q[721]     : [INPUT] B[240]
q[722]     : [OUTPUT] OUT[240]
q[723]     : [INPUT] A[241]
q[724]     : [INPUT] B[241]
q[725]     : [OUTPUT] OUT[241]
q[726]     : [INPUT] A[242]
q[727]     : [INPUT] B[242]
q[728]     : [OUTPUT] OUT[242]
q[729]     : [INPUT] A[243]
q[730]     : [INPUT] B[243]
q[731]     : [OUTPUT] OUT[243]
q[732]     : [INPUT] A[244]
q[733]     : [INPUT] B[244]
q[734]     : [OUTPUT] OUT[244]
q[735]     : [INPUT] A[245]
q[736]     : [INPUT] B[245]
q[737]     : [OUTPUT] OUT[245]
q[738]     : [INPUT] A[246]
q[739]     : [INPUT] B[246]
q[740]     : [OUTPUT] OUT[246]
q[741]     : [INPUT] A[247]
q[742]     : [INPUT] B[247]
q[743]     : [OUTPUT] OUT[247]
q[744]     : [INPUT] A[248]
q[745]     : [INPUT] B[248]
q[746]     : [OUTPUT] OUT[248]
q[747]     : [INPUT] A[249]
q[748]     : [INPUT] B[249]
q[749]     : [OUTPUT] OUT[249]
q[750]     : [INPUT] A[250]
q[751]     : [INPUT] B[250]
q[752]     : [OUTPUT] OUT[250]
q[753]     : [INPUT] A[251]
q[754]     : [INPUT] B[251]
q[755]     : [OUTPUT] OUT[251]
q[756]     : [INPUT] A[252]
q[757]     : [INPUT] B[252]
q[758]     : [OUTPUT] OUT[252]
q[759]     : [INPUT] A[253]
q[760]     : [INPUT] B[253]
q[761]     : [OUTPUT] OUT[253]
q[762]     : [INPUT] A[254]
q[763]     : [INPUT] B[254]
q[764]     : [OUTPUT] OUT[254]
q[765]     : [INPUT] A[255]
q[766]     : [INPUT] B[255]
q[767]     : [OUTPUT] OUT[255]
q[768]     : [INPUT] A[256]
q[769]     : [INPUT] B[256]
q[770]     : [OUTPUT] OUT[256]
q[771]     : [INPUT] A[257]
q[772]     : [INPUT] B[257]
q[773]     : [OUTPUT] OUT[257]
q[774]     : [INPUT] A[258]
q[775]     : [INPUT] B[258]
q[776]     : [OUTPUT] OUT[258]
q[777]     : [INPUT] A[259]
q[778]     : [INPUT] B[259]
q[779]     : [OUTPUT] OUT[259]
q[780]     : [INPUT] A[260]
q[781]     : [INPUT] B[260]
q[782]     : [OUTPUT] OUT[260]
q[783]     : [INPUT] A[261]
q[784]     : [INPUT] B[261]
q[785]     : [OUTPUT] OUT[261]
q[786]     : [INPUT] A[262]
q[787]     : [INPUT] B[262]
q[788]     : [OUTPUT] OUT[262]
q[789]     : [INPUT] A[263]
q[790]     : [INPUT] B[263]
q[791]     : [OUTPUT] OUT[263]
q[792]     : [INPUT] A[264]
q[793]     : [INPUT] B[264]
q[794]     : [OUTPUT] OUT[264]
q[795]     : [INPUT] A[265]
q[796]     : [INPUT] B[265]
q[797]     : [OUTPUT] OUT[265]
q[798]     : [INPUT] A[266]
q[799]     : [INPUT] B[266]
q[800]     : [OUTPUT] OUT[266]
q[801]     : [INPUT] A[267]
q[802]     : [INPUT] B[267]
q[803]     : [OUTPUT] OUT[267]
q[804]     : [INPUT] A[268]
q[805]     : [INPUT] B[268]
q[806]     : [OUTPUT] OUT[268]
q[807]     : [INPUT] A[269]
q[808]     : [INPUT] B[269]
q[809]     : [OUTPUT] OUT[269]
q[810]     : [INPUT] A[270]
q[811]     : [INPUT] B[270]
q[812]     : [OUTPUT] OUT[270]
q[813]     : [INPUT] A[271]
q[814]     : [INPUT] B[271]
q[815]     : [OUTPUT] OUT[271]
q[816]     : [INPUT] A[272]
q[817]     : [INPUT] B[272]
q[818]     : [OUTPUT] OUT[272]
q[819]     : [INPUT] A[273]
q[820]     : [INPUT] B[273]
q[821]     : [OUTPUT] OUT[273]
q[822]     : [INPUT] A[274]
q[823]     : [INPUT] B[274]
q[824]     : [OUTPUT] OUT[274]
q[825]     : [INPUT] A[275]
q[826]     : [INPUT] B[275]
q[827]     : [OUTPUT] OUT[275]
q[828]     : [INPUT] A[276]
q[829]     : [INPUT] B[276]
q[830]     : [OUTPUT] OUT[276]
q[831]     : [INPUT] A[277]
q[832]     : [INPUT] B[277]
q[833]     : [OUTPUT] OUT[277]
q[834]     : [INPUT] A[278]
q[835]     : [INPUT] B[278]
q[836]     : [OUTPUT] OUT[278]
q[837]     : [INPUT] A[279]
q[838]     : [INPUT] B[279]
q[839]     : [OUTPUT] OUT[279]
q[840]     : [INPUT] A[280]
q[841]     : [INPUT] B[280]
q[842]     : [OUTPUT] OUT[280]
q[843]     : [INPUT] A[281]
q[844]     : [INPUT] B[281]
q[845]     : [OUTPUT] OUT[281]
q[846]     : [INPUT] A[282]
q[847]     : [INPUT] B[282]
q[848]     : [OUTPUT] OUT[282]
q[849]     : [INPUT] A[283]
q[850]     : [INPUT] B[283]
q[851]     : [OUTPUT] OUT[283]
q[852]     : [INPUT] A[284]
q[853]     : [INPUT] B[284]
q[854]     : [OUTPUT] OUT[284]
q[855]     : [INPUT] A[285]
q[856]     : [INPUT] B[285]
q[857]     : [OUTPUT] OUT[285]
q[858]     : [INPUT] A[286]
q[859]     : [INPUT] B[286]
q[860]     : [OUTPUT] OUT[286]
q[861]     : [INPUT] A[287]
q[862]     : [INPUT] B[287]
q[863]     : [OUTPUT] OUT[287]
q[864]     : [INPUT] A[288]
q[865]     : [INPUT] B[288]
q[866]     : [OUTPUT] OUT[288]
q[867]     : [INPUT] A[289]
q[868]     : [INPUT] B[289]
q[869]     : [OUTPUT] OUT[289]
q[870]     : [INPUT] A[290]
q[871]     : [INPUT] B[290]
q[872]     : [OUTPUT] OUT[290]
q[873]     : [INPUT] A[291]
q[874]     : [INPUT] B[291]
q[875]     : [OUTPUT] OUT[291]
q[876]     : [INPUT] A[292]
q[877]     : [INPUT] B[292]
q[878]     : [OUTPUT] OUT[292]
q[879]     : [INPUT] A[293]
q[880]     : [INPUT] B[293]
q[881]     : [OUTPUT] OUT[293]
q[882]     : [INPUT] A[294]
q[883]     : [INPUT] B[294]
q[884]     : [OUTPUT] OUT[294]
q[885]     : [INPUT] A[295]
q[886]     : [INPUT] B[295]
q[887]     : [OUTPUT] OUT[295]
q[888]     : [INPUT] A[296]
q[889]     : [INPUT] B[296]
q[890]     : [OUTPUT] OUT[296]
q[891]     : [INPUT] A[297]
q[892]     : [INPUT] B[297]
q[893]     : [OUTPUT] OUT[297]
q[894]     : [INPUT] A[298]
q[895]     : [INPUT] B[298]
q[896]     : [OUTPUT] OUT[298]
q[897]     : [INPUT] A[299]
q[898]     : [INPUT] B[299]
q[899]     : [OUTPUT] OUT[299]
q[900]     : [INPUT] A[300]
q[901]     : [INPUT] B[300]
q[902]     : [OUTPUT] OUT[300]
q[903]     : [INPUT] A[301]
q[904]     : [INPUT] B[301]
q[905]     : [OUTPUT] OUT[301]
q[906]     : [INPUT] A[302]
q[907]     : [INPUT] B[302]
q[908]     : [OUTPUT] OUT[302]
q[909]     : [INPUT] A[303]
q[910]     : [INPUT] B[303]
q[911]     : [OUTPUT] OUT[303]
q[912]     : [INPUT] A[304]
q[913]     : [INPUT] B[304]
q[914]     : [OUTPUT] OUT[304]
q[915]     : [INPUT] A[305]
q[916]     : [INPUT] B[305]
q[917]     : [OUTPUT] OUT[305]
q[918]     : [INPUT] A[306]
q[919]     : [INPUT] B[306]
q[920]     : [OUTPUT] OUT[306]
q[921]     : [INPUT] A[307]
q[922]     : [INPUT] B[307]
q[923]     : [OUTPUT] OUT[307]
q[924]     : [INPUT] A[308]
q[925]     : [INPUT] B[308]
q[926]     : [OUTPUT] OUT[308]
q[927]     : [INPUT] A[309]
q[928]     : [INPUT] B[309]
q[929]     : [OUTPUT] OUT[309]
q[930]     : [INPUT] A[310]
q[931]     : [INPUT] B[310]
q[932]     : [OUTPUT] OUT[310]
q[933]     : [INPUT] A[311]
q[934]     : [INPUT] B[311]
q[935]     : [OUTPUT] OUT[311]
q[936]     : [INPUT] A[312]
q[937]     : [INPUT] B[312]
q[938]     : [OUTPUT] OUT[312]
q[939]     : [INPUT] A[313]
q[940]     : [INPUT] B[313]
q[941]     : [OUTPUT] OUT[313]
q[942]     : [INPUT] A[314]
q[943]     : [INPUT] B[314]
q[944]     : [OUTPUT] OUT[314]
q[945]     : [INPUT] A[315]
q[946]     : [INPUT] B[315]
q[947]     : [OUTPUT] OUT[315]
q[948]     : [INPUT] A[316]
q[949]     : [INPUT] B[316]
q[950]     : [OUTPUT] OUT[316]
q[951]     : [INPUT] A[317]
q[952]     : [INPUT] B[317]
q[953]     : [OUTPUT] OUT[317]
q[954]     : [INPUT] A[318]
q[955]     : [INPUT] B[318]
q[956]     : [OUTPUT] OUT[318]
q[957]     : [INPUT] A[319]
q[958]     : [INPUT] B[319]
q[959]     : [OUTPUT] OUT[319]
q[960]     : [INPUT] A[320]
q[961]     : [INPUT] B[320]
q[962]     : [OUTPUT] OUT[320]
q[963]     : [INPUT] A[321]
q[964]     : [INPUT] B[321]
q[965]     : [OUTPUT] OUT[321]
q[966]     : [INPUT] A[322]
q[967]     : [INPUT] B[322]
q[968]     : [OUTPUT] OUT[322]
q[969]     : [INPUT] A[323]
q[970]     : [INPUT] B[323]
q[971]     : [OUTPUT] OUT[323]
q[972]     : [INPUT] A[324]
q[973]     : [INPUT] B[324]
q[974]     : [OUTPUT] OUT[324]
q[975]     : [INPUT] A[325]
q[976]     : [INPUT] B[325]
q[977]     : [OUTPUT] OUT[325]
q[978]     : [INPUT] A[326]
q[979]     : [INPUT] B[326]
q[980]     : [OUTPUT] OUT[326]
q[981]     : [INPUT] A[327]
q[982]     : [INPUT] B[327]
q[983]     : [OUTPUT] OUT[327]
q[984]     : [INPUT] A[328]
q[985]     : [INPUT] B[328]
q[986]     : [OUTPUT] OUT[328]
q[987]     : [INPUT] A[329]
q[988]     : [INPUT] B[329]
q[989]     : [OUTPUT] OUT[329]
q[990]     : [INPUT] A[330]
q[991]     : [INPUT] B[330]
q[992]     : [OUTPUT] OUT[330]
q[993]     : [INPUT] A[331]
q[994]     : [INPUT] B[331]
q[995]     : [OUTPUT] OUT[331]
q[996]     : [INPUT] A[332]
q[997]     : [INPUT] B[332]
q[998]     : [OUTPUT] OUT[332]
q[999]     : [INPUT] A[333]
q[1000]    : [INPUT] B[333]
q[1001]    : [OUTPUT] OUT[333]
q[1002]    : [INPUT] A[334]
q[1003]    : [INPUT] B[334]
q[1004]    : [OUTPUT] OUT[334]
q[1005]    : [INPUT] A[335]
q[1006]    : [INPUT] B[335]
q[1007]    : [OUTPUT] OUT[335]
q[1008]    : [INPUT] A[336]
q[1009]    : [INPUT] B[336]
q[1010]    : [OUTPUT] OUT[336]
q[1011]    : [INPUT] A[337]
q[1012]    : [INPUT] B[337]
q[1013]    : [OUTPUT] OUT[337]
q[1014]    : [INPUT] A[338]
q[1015]    : [INPUT] B[338]
q[1016]    : [OUTPUT] OUT[338]
q[1017]    : [INPUT] A[339]
q[1018]    : [INPUT] B[339]
q[1019]    : [OUTPUT] OUT[339]
q[1020]    : [INPUT] A[340]
q[1021]    : [INPUT] B[340]
q[1022]    : [OUTPUT] OUT[340]
q[1023]    : [INPUT] A[341]
q[1024]    : [INPUT] B[341]
q[1025]    : [OUTPUT] OUT[341]
q[1026]    : [INPUT] A[342]
q[1027]    : [INPUT] B[342]
q[1028]    : [OUTPUT] OUT[342]
q[1029]    : [INPUT] A[343]
q[1030]    : [INPUT] B[343]
q[1031]    : [OUTPUT] OUT[343]
q[1032]    : [INPUT] A[344]
q[1033]    : [INPUT] B[344]
q[1034]    : [OUTPUT] OUT[344]
q[1035]    : [INPUT] A[345]
q[1036]    : [INPUT] B[345]
q[1037]    : [OUTPUT] OUT[345]
q[1038]    : [INPUT] A[346]
q[1039]    : [INPUT] B[346]
q[1040]    : [OUTPUT] OUT[346]
q[1041]    : [INPUT] A[347]
q[1042]    : [INPUT] B[347]
q[1043]    : [OUTPUT] OUT[347]
q[1044]    : [INPUT] A[348]
q[1045]    : [INPUT] B[348]
q[1046]    : [OUTPUT] OUT[348]
q[1047]    : [INPUT] A[349]
q[1048]    : [INPUT] B[349]
q[1049]    : [OUTPUT] OUT[349]
q[1050]    : [INPUT] A[350]
q[1051]    : [INPUT] B[350]
q[1052]    : [OUTPUT] OUT[350]
q[1053]    : [INPUT] A[351]
q[1054]    : [INPUT] B[351]
q[1055]    : [OUTPUT] OUT[351]
q[1056]    : [INPUT] A[352]
q[1057]    : [INPUT] B[352]
q[1058]    : [OUTPUT] OUT[352]
q[1059]    : [INPUT] A[353]
q[1060]    : [INPUT] B[353]
q[1061]    : [OUTPUT] OUT[353]
q[1062]    : [INPUT] A[354]
q[1063]    : [INPUT] B[354]
q[1064]    : [OUTPUT] OUT[354]
q[1065]    : [INPUT] A[355]
q[1066]    : [INPUT] B[355]
q[1067]    : [OUTPUT] OUT[355]
q[1068]    : [INPUT] A[356]
q[1069]    : [INPUT] B[356]
q[1070]    : [OUTPUT] OUT[356]
q[1071]    : [INPUT] A[357]
q[1072]    : [INPUT] B[357]
q[1073]    : [OUTPUT] OUT[357]
q[1074]    : [INPUT] A[358]
q[1075]    : [INPUT] B[358]
q[1076]    : [OUTPUT] OUT[358]
q[1077]    : [INPUT] A[359]
q[1078]    : [INPUT] B[359]
q[1079]    : [OUTPUT] OUT[359]
q[1080]    : [INPUT] A[360]
q[1081]    : [INPUT] B[360]
q[1082]    : [OUTPUT] OUT[360]
q[1083]    : [INPUT] A[361]
q[1084]    : [INPUT] B[361]
q[1085]    : [OUTPUT] OUT[361]
q[1086]    : [INPUT] A[362]
q[1087]    : [INPUT] B[362]
q[1088]    : [OUTPUT] OUT[362]
q[1089]    : [INPUT] A[363]
q[1090]    : [INPUT] B[363]
q[1091]    : [OUTPUT] OUT[363]
q[1092]    : [INPUT] A[364]
q[1093]    : [INPUT] B[364]
q[1094]    : [OUTPUT] OUT[364]
q[1095]    : [INPUT] A[365]
q[1096]    : [INPUT] B[365]
q[1097]    : [OUTPUT] OUT[365]
q[1098]    : [INPUT] A[366]
q[1099]    : [INPUT] B[366]
q[1100]    : [OUTPUT] OUT[366]
q[1101]    : [INPUT] A[367]
q[1102]    : [INPUT] B[367]
q[1103]    : [OUTPUT] OUT[367]
q[1104]    : [INPUT] A[368]
q[1105]    : [INPUT] B[368]
q[1106]    : [OUTPUT] OUT[368]
q[1107]    : [INPUT] A[369]
q[1108]    : [INPUT] B[369]
q[1109]    : [OUTPUT] OUT[369]
q[1110]    : [INPUT] A[370]
q[1111]    : [INPUT] B[370]
q[1112]    : [OUTPUT] OUT[370]
q[1113]    : [INPUT] A[371]
q[1114]    : [INPUT] B[371]
q[1115]    : [OUTPUT] OUT[371]
q[1116]    : [INPUT] A[372]
q[1117]    : [INPUT] B[372]
q[1118]    : [OUTPUT] OUT[372]
q[1119]    : [INPUT] A[373]
q[1120]    : [INPUT] B[373]
q[1121]    : [OUTPUT] OUT[373]
q[1122]    : [INPUT] A[374]
q[1123]    : [INPUT] B[374]
q[1124]    : [OUTPUT] OUT[374]
q[1125]    : [INPUT] A[375]
q[1126]    : [INPUT] B[375]
q[1127]    : [OUTPUT] OUT[375]
q[1128]    : [INPUT] A[376]
q[1129]    : [INPUT] B[376]
q[1130]    : [OUTPUT] OUT[376]
q[1131]    : [INPUT] A[377]
q[1132]    : [INPUT] B[377]
q[1133]    : [OUTPUT] OUT[377]
q[1134]    : [INPUT] A[378]
q[1135]    : [INPUT] B[378]
q[1136]    : [OUTPUT] OUT[378]
q[1137]    : [INPUT] A[379]
q[1138]    : [INPUT] B[379]
q[1139]    : [OUTPUT] OUT[379]
q[1140]    : [INPUT] A[380]
q[1141]    : [INPUT] B[380]
q[1142]    : [OUTPUT] OUT[380]
q[1143]    : [INPUT] A[381]
q[1144]    : [INPUT] B[381]
q[1145]    : [OUTPUT] OUT[381]
q[1146]    : [INPUT] A[382]
q[1147]    : [INPUT] B[382]
q[1148]    : [OUTPUT] OUT[382]
q[1149]    : [INPUT] A[383]
q[1150]    : [INPUT] B[383]
q[1151]    : [OUTPUT] OUT[383]
q[1152]    : [INPUT] A[384]
q[1153]    : [INPUT] B[384]
q[1154]    : [OUTPUT] OUT[384]
q[1155]    : [INPUT] A[385]
q[1156]    : [INPUT] B[385]
q[1157]    : [OUTPUT] OUT[385]
q[1158]    : [INPUT] A[386]
q[1159]    : [INPUT] B[386]
q[1160]    : [OUTPUT] OUT[386]
q[1161]    : [INPUT] A[387]
q[1162]    : [INPUT] B[387]
q[1163]    : [OUTPUT] OUT[387]
q[1164]    : [INPUT] A[388]
q[1165]    : [INPUT] B[388]
q[1166]    : [OUTPUT] OUT[388]
q[1167]    : [INPUT] A[389]
q[1168]    : [INPUT] B[389]
q[1169]    : [OUTPUT] OUT[389]
q[1170]    : [INPUT] A[390]
q[1171]    : [INPUT] B[390]
q[1172]    : [OUTPUT] OUT[390]
q[1173]    : [INPUT] A[391]
q[1174]    : [INPUT] B[391]
q[1175]    : [OUTPUT] OUT[391]
q[1176]    : [INPUT] A[392]
q[1177]    : [INPUT] B[392]
q[1178]    : [OUTPUT] OUT[392]
q[1179]    : [INPUT] A[393]
q[1180]    : [INPUT] B[393]
q[1181]    : [OUTPUT] OUT[393]
q[1182]    : [INPUT] A[394]
q[1183]    : [INPUT] B[394]
q[1184]    : [OUTPUT] OUT[394]
q[1185]    : [INPUT] A[395]
q[1186]    : [INPUT] B[395]
q[1187]    : [OUTPUT] OUT[395]
q[1188]    : [INPUT] A[396]
q[1189]    : [INPUT] B[396]
q[1190]    : [OUTPUT] OUT[396]
q[1191]    : [INPUT] A[397]
q[1192]    : [INPUT] B[397]
q[1193]    : [OUTPUT] OUT[397]
q[1194]    : [INPUT] A[398]
q[1195]    : [INPUT] B[398]
q[1196]    : [OUTPUT] OUT[398]
q[1197]    : [INPUT] A[399]
q[1198]    : [INPUT] B[399]
q[1199]    : [OUTPUT] OUT[399]
q[1200]    : [INPUT] A[400]
q[1201]    : [INPUT] B[400]
q[1202]    : [OUTPUT] OUT[400]
q[1203]    : [INPUT] A[401]
q[1204]    : [INPUT] B[401]
q[1205]    : [OUTPUT] OUT[401]
q[1206]    : [INPUT] A[402]
q[1207]    : [INPUT] B[402]
q[1208]    : [OUTPUT] OUT[402]
q[1209]    : [INPUT] A[403]
q[1210]    : [INPUT] B[403]
q[1211]    : [OUTPUT] OUT[403]
q[1212]    : [INPUT] A[404]
q[1213]    : [INPUT] B[404]
q[1214]    : [OUTPUT] OUT[404]
q[1215]    : [INPUT] A[405]
q[1216]    : [INPUT] B[405]
q[1217]    : [OUTPUT] OUT[405]
q[1218]    : [INPUT] A[406]
q[1219]    : [INPUT] B[406]
q[1220]    : [OUTPUT] OUT[406]
q[1221]    : [INPUT] A[407]
q[1222]    : [INPUT] B[407]
q[1223]    : [OUTPUT] OUT[407]
q[1224]    : [INPUT] A[408]
q[1225]    : [INPUT] B[408]
q[1226]    : [OUTPUT] OUT[408]
q[1227]    : [INPUT] A[409]
q[1228]    : [INPUT] B[409]
q[1229]    : [OUTPUT] OUT[409]
q[1230]    : [INPUT] A[410]
q[1231]    : [INPUT] B[410]
q[1232]    : [OUTPUT] OUT[410]
q[1233]    : [INPUT] A[411]
q[1234]    : [INPUT] B[411]
q[1235]    : [OUTPUT] OUT[411]
q[1236]    : [INPUT] A[412]
q[1237]    : [INPUT] B[412]
q[1238]    : [OUTPUT] OUT[412]
q[1239]    : [INPUT] A[413]
q[1240]    : [INPUT] B[413]
q[1241]    : [OUTPUT] OUT[413]
q[1242]    : [INPUT] A[414]
q[1243]    : [INPUT] B[414]
q[1244]    : [OUTPUT] OUT[414]
q[1245]    : [INPUT] A[415]
q[1246]    : [INPUT] B[415]
q[1247]    : [OUTPUT] OUT[415]
q[1248]    : [INPUT] A[416]
q[1249]    : [INPUT] B[416]
q[1250]    : [OUTPUT] OUT[416]
q[1251]    : [INPUT] A[417]
q[1252]    : [INPUT] B[417]
q[1253]    : [OUTPUT] OUT[417]
q[1254]    : [INPUT] A[418]
q[1255]    : [INPUT] B[418]
q[1256]    : [OUTPUT] OUT[418]
q[1257]    : [INPUT] A[419]
q[1258]    : [INPUT] B[419]
q[1259]    : [OUTPUT] OUT[419]
q[1260]    : [INPUT] A[420]
q[1261]    : [INPUT] B[420]
q[1262]    : [OUTPUT] OUT[420]
q[1263]    : [INPUT] A[421]
q[1264]    : [INPUT] B[421]
q[1265]    : [OUTPUT] OUT[421]
q[1266]    : [INPUT] A[422]
q[1267]    : [INPUT] B[422]
q[1268]    : [OUTPUT] OUT[422]
q[1269]    : [INPUT] A[423]
q[1270]    : [INPUT] B[423]
q[1271]    : [OUTPUT] OUT[423]
q[1272]    : [INPUT] A[424]
q[1273]    : [INPUT] B[424]
q[1274]    : [OUTPUT] OUT[424]
q[1275]    : [INPUT] A[425]
q[1276]    : [INPUT] B[425]
q[1277]    : [OUTPUT] OUT[425]
q[1278]    : [INPUT] A[426]
q[1279]    : [INPUT] B[426]
q[1280]    : [OUTPUT] OUT[426]
q[1281]    : [INPUT] A[427]
q[1282]    : [INPUT] B[427]
q[1283]    : [OUTPUT] OUT[427]
q[1284]    : [INPUT] A[428]
q[1285]    : [INPUT] B[428]
q[1286]    : [OUTPUT] OUT[428]
q[1287]    : [INPUT] A[429]
q[1288]    : [INPUT] B[429]
q[1289]    : [OUTPUT] OUT[429]
q[1290]    : [INPUT] A[430]
q[1291]    : [INPUT] B[430]
q[1292]    : [OUTPUT] OUT[430]
q[1293]    : [INPUT] A[431]
q[1294]    : [INPUT] B[431]
q[1295]    : [OUTPUT] OUT[431]
q[1296]    : [INPUT] A[432]
q[1297]    : [INPUT] B[432]
q[1298]    : [OUTPUT] OUT[432]
q[1299]    : [INPUT] A[433]
q[1300]    : [INPUT] B[433]
q[1301]    : [OUTPUT] OUT[433]
q[1302]    : [INPUT] A[434]
q[1303]    : [INPUT] B[434]
q[1304]    : [OUTPUT] OUT[434]
q[1305]    : [INPUT] A[435]
q[1306]    : [INPUT] B[435]
q[1307]    : [OUTPUT] OUT[435]
q[1308]    : [INPUT] A[436]
q[1309]    : [INPUT] B[436]
q[1310]    : [OUTPUT] OUT[436]
q[1311]    : [INPUT] A[437]
q[1312]    : [INPUT] B[437]
q[1313]    : [OUTPUT] OUT[437]
q[1314]    : [INPUT] A[438]
q[1315]    : [INPUT] B[438]
q[1316]    : [OUTPUT] OUT[438]
q[1317]    : [INPUT] A[439]
q[1318]    : [INPUT] B[439]
q[1319]    : [OUTPUT] OUT[439]
q[1320]    : [INPUT] A[440]
q[1321]    : [INPUT] B[440]
q[1322]    : [OUTPUT] OUT[440]
q[1323]    : [INPUT] A[441]
q[1324]    : [INPUT] B[441]
q[1325]    : [OUTPUT] OUT[441]
q[1326]    : [INPUT] A[442]
q[1327]    : [INPUT] B[442]
q[1328]    : [OUTPUT] OUT[442]
q[1329]    : [INPUT] A[443]
q[1330]    : [INPUT] B[443]
q[1331]    : [OUTPUT] OUT[443]
q[1332]    : [INPUT] A[444]
q[1333]    : [INPUT] B[444]
q[1334]    : [OUTPUT] OUT[444]
q[1335]    : [INPUT] A[445]
q[1336]    : [INPUT] B[445]
q[1337]    : [OUTPUT] OUT[445]
q[1338]    : [INPUT] A[446]
q[1339]    : [INPUT] B[446]
q[1340]    : [OUTPUT] OUT[446]
q[1341]    : [INPUT] A[447]
q[1342]    : [INPUT] B[447]
q[1343]    : [OUTPUT] OUT[447]
q[1344]    : [INPUT] A[448]
q[1345]    : [INPUT] B[448]
q[1346]    : [OUTPUT] OUT[448]
q[1347]    : [INPUT] A[449]
q[1348]    : [INPUT] B[449]
q[1349]    : [OUTPUT] OUT[449]
q[1350]    : [INPUT] A[450]
q[1351]    : [INPUT] B[450]
q[1352]    : [OUTPUT] OUT[450]
q[1353]    : [INPUT] A[451]
q[1354]    : [INPUT] B[451]
q[1355]    : [OUTPUT] OUT[451]
q[1356]    : [INPUT] A[452]
q[1357]    : [INPUT] B[452]
q[1358]    : [OUTPUT] OUT[452]
q[1359]    : [INPUT] A[453]
q[1360]    : [INPUT] B[453]
q[1361]    : [OUTPUT] OUT[453]
q[1362]    : [INPUT] A[454]
q[1363]    : [INPUT] B[454]
q[1364]    : [OUTPUT] OUT[454]
q[1365]    : [INPUT] A[455]
q[1366]    : [INPUT] B[455]
q[1367]    : [OUTPUT] OUT[455]
q[1368]    : [INPUT] A[456]
q[1369]    : [INPUT] B[456]
q[1370]    : [OUTPUT] OUT[456]
q[1371]    : [INPUT] A[457]
q[1372]    : [INPUT] B[457]
q[1373]    : [OUTPUT] OUT[457]
q[1374]    : [INPUT] A[458]
q[1375]    : [INPUT] B[458]
q[1376]    : [OUTPUT] OUT[458]
q[1377]    : [INPUT] A[459]
q[1378]    : [INPUT] B[459]
q[1379]    : [OUTPUT] OUT[459]
q[1380]    : [INPUT] A[460]
q[1381]    : [INPUT] B[460]
q[1382]    : [OUTPUT] OUT[460]
q[1383]    : [INPUT] A[461]
q[1384]    : [INPUT] B[461]
q[1385]    : [OUTPUT] OUT[461]
q[1386]    : [INPUT] A[462]
q[1387]    : [INPUT] B[462]
q[1388]    : [OUTPUT] OUT[462]
q[1389]    : [INPUT] A[463]
q[1390]    : [INPUT] B[463]
q[1391]    : [OUTPUT] OUT[463]
q[1392]    : [INPUT] A[464]
q[1393]    : [INPUT] B[464]
q[1394]    : [OUTPUT] OUT[464]
q[1395]    : [INPUT] A[465]
q[1396]    : [INPUT] B[465]
q[1397]    : [OUTPUT] OUT[465]
q[1398]    : [INPUT] A[466]
q[1399]    : [INPUT] B[466]
q[1400]    : [OUTPUT] OUT[466]
q[1401]    : [INPUT] A[467]
q[1402]    : [INPUT] B[467]
q[1403]    : [OUTPUT] OUT[467]
q[1404]    : [INPUT] A[468]
q[1405]    : [INPUT] B[468]
q[1406]    : [OUTPUT] OUT[468]
q[1407]    : [INPUT] A[469]
q[1408]    : [INPUT] B[469]
q[1409]    : [OUTPUT] OUT[469]
q[1410]    : [INPUT] A[470]
q[1411]    : [INPUT] B[470]
q[1412]    : [OUTPUT] OUT[470]
q[1413]    : [INPUT] A[471]
q[1414]    : [INPUT] B[471]
q[1415]    : [OUTPUT] OUT[471]
q[1416]    : [INPUT] A[472]
q[1417]    : [INPUT] B[472]
q[1418]    : [OUTPUT] OUT[472]
q[1419]    : [INPUT] A[473]
q[1420]    : [INPUT] B[473]
q[1421]    : [OUTPUT] OUT[473]
q[1422]    : [INPUT] A[474]
q[1423]    : [INPUT] B[474]
q[1424]    : [OUTPUT] OUT[474]
q[1425]    : [INPUT] A[475]
q[1426]    : [INPUT] B[475]
q[1427]    : [OUTPUT] OUT[475]
q[1428]    : [INPUT] A[476]
q[1429]    : [INPUT] B[476]
q[1430]    : [OUTPUT] OUT[476]
q[1431]    : [INPUT] A[477]
q[1432]    : [INPUT] B[477]
q[1433]    : [OUTPUT] OUT[477]
q[1434]    : [INPUT] A[478]
q[1435]    : [INPUT] B[478]
q[1436]    : [OUTPUT] OUT[478]
q[1437]    : [INPUT] A[479]
q[1438]    : [INPUT] B[479]
q[1439]    : [OUTPUT] OUT[479]
q[1440]    : [INPUT] A[480]
q[1441]    : [INPUT] B[480]
q[1442]    : [OUTPUT] OUT[480]
q[1443]    : [INPUT] A[481]
q[1444]    : [INPUT] B[481]
q[1445]    : [OUTPUT] OUT[481]
q[1446]    : [INPUT] A[482]
q[1447]    : [INPUT] B[482]
q[1448]    : [OUTPUT] OUT[482]
q[1449]    : [INPUT] A[483]
q[1450]    : [INPUT] B[483]
q[1451]    : [OUTPUT] OUT[483]
q[1452]    : [INPUT] A[484]
q[1453]    : [INPUT] B[484]
q[1454]    : [OUTPUT] OUT[484]
q[1455]    : [INPUT] A[485]
q[1456]    : [INPUT] B[485]
q[1457]    : [OUTPUT] OUT[485]
q[1458]    : [INPUT] A[486]
q[1459]    : [INPUT] B[486]
q[1460]    : [OUTPUT] OUT[486]
q[1461]    : [INPUT] A[487]
q[1462]    : [INPUT] B[487]
q[1463]    : [OUTPUT] OUT[487]
q[1464]    : [INPUT] A[488]
q[1465]    : [INPUT] B[488]
q[1466]    : [OUTPUT] OUT[488]
q[1467]    : [INPUT] A[489]
q[1468]    : [INPUT] B[489]
q[1469]    : [OUTPUT] OUT[489]
q[1470]    : [INPUT] A[490]
q[1471]    : [INPUT] B[490]
q[1472]    : [OUTPUT] OUT[490]
q[1473]    : [INPUT] A[491]
q[1474]    : [INPUT] B[491]
q[1475]    : [OUTPUT] OUT[491]
q[1476]    : [INPUT] A[492]
q[1477]    : [INPUT] B[492]
q[1478]    : [OUTPUT] OUT[492]
q[1479]    : [INPUT] A[493]
q[1480]    : [INPUT] B[493]
q[1481]    : [OUTPUT] OUT[493]
q[1482]    : [INPUT] A[494]
q[1483]    : [INPUT] B[494]
q[1484]    : [OUTPUT] OUT[494]
q[1485]    : [INPUT] A[495]
q[1486]    : [INPUT] B[495]
q[1487]    : [OUTPUT] OUT[495]
q[1488]    : [INPUT] A[496]
q[1489]    : [INPUT] B[496]
q[1490]    : [OUTPUT] OUT[496]
q[1491]    : [INPUT] A[497]
q[1492]    : [INPUT] B[497]
q[1493]    : [OUTPUT] OUT[497]
q[1494]    : [INPUT] A[498]
q[1495]    : [INPUT] B[498]
q[1496]    : [OUTPUT] OUT[498]
q[1497]    : [INPUT] A[499]
q[1498]    : [INPUT] B[499]
q[1499]    : [OUTPUT] OUT[499]

================================================================================
 END OF REPORT
================================================================================