================================================================================
 ISING MODEL GENERATION REPORT (4-bit RCA vs CLA - QUADRATIC ONLY)
================================================================================
Total Qubits: 129
Theoretical Min Energy (Offset): 0
--------------------------------------------------------------------------------

[1. CUBIC TERMS LIST (With Coefficients)]
cubic_terms_list = [
]

--------------------------------------------------------------------------------
[2. F_QUADRATIC (Linear + Quadratic terms only)]
q[0]*q[1] + -2*q[0]*q[9] + -2*q[1]*q[9] + q[0] + q[1] + -2*q[9] + 3 + q[0]*q[1] + -2*q[0]*q[10] + -2*q[1]*q[10] + -q[0] + -q[1] + 2*q[10] + 3 + 2*q[10]*q[11] + 2 + q[9]*q[11] + -2*q[9]*q[12] + -2*q[11]*q[12] + -q[9] + -q[11] + 2*q[12] + 3 + q[12]*q[8] + -2*q[12]*q[13] + -2*q[8]*q[13] + q[12] + q[8] + -2*q[13] + 3 + q[12]*q[8] + -2*q[12]*q[14] + -2*q[8]*q[14] + -q[12] + -q[8] + 2*q[14] + 3 + 2*q[14]*q[15] + 2 + q[13]*q[15] + -2*q[13]*q[16] + -2*q[15]*q[16] + -q[13] + -q[15] + 2*q[16] + 3 + q[0]*q[1] + -2*q[0]*q[17] + -2*q[1]*q[17] + -q[0] + -q[1] + 2*q[17] + 3 + q[0]*q[8] + -2*q[0]*q[18] + -2*q[8]*q[18] + -q[0] + -q[8] + 2*q[18] + 3 + q[1]*q[8] + -2*q[1]*q[19] + -2*q[8]*q[19] + -q[1] + -q[8] + 2*q[19] + 3 + q[17]*q[18] + -2*q[17]*q[20] + -2*q[18]*q[20] + q[17] + q[18] + -2*q[20] + 3 + q[20]*q[19] + -2*q[20]*q[21] + -2*q[19]*q[21] + q[20] + q[19] + -2*q[21] + 3 + q[2]*q[3] + -2*q[2]*q[22] + -2*q[3]*q[22] + q[2] + q[3] + -2*q[22] + 3 + q[2]*q[3] + -2*q[2]*q[23] + -2*q[3]*q[23] + -q[2] + -q[3] + 2*q[23] + 3 + 2*q[23]*q[24] + 2 + q[22]*q[24] + -2*q[22]*q[25] + -2*q[24]*q[25] + -q[22] + -q[24] + 2*q[25] + 3 + q[25]*q[21] + -2*q[25]*q[26] + -2*q[21]*q[26] + q[25] + q[21] + -2*q[26] + 3 + q[25]*q[21] + -2*q[25]*q[27] + -2*q[21]*q[27] + -q[25] + -q[21] + 2*q[27] + 3 + 2*q[27]*q[28] + 2 + q[26]*q[28] + -2*q[26]*q[29] + -2*q[28]*q[29] + -q[26] + -q[28] + 2*q[29] + 3 + q[2]*q[3] + -2*q[2]*q[30] + -2*q[3]*q[30] + -q[2] + -q[3] + 2*q[30] + 3 + q[2]*q[21] + -2*q[2]*q[31] + -2*q[21]*q[31] + -q[2] + -q[21] + 2*q[31] + 3 + q[3]*q[21] + -2*q[3]*q[32] + -2*q[21]*q[32] + -q[3] + -q[21] + 2*q[32] + 3 + q[30]*q[31] + -2*q[30]*q[33] + -2*q[31]*q[33] + q[30] + q[31] + -2*q[33] + 3 + q[33]*q[32] + -2*q[33]*q[34] + -2*q[32]*q[34] + q[33] + q[32] + -2*q[34] + 3 + q[4]*q[5] + -2*q[4]*q[35] + -2*q[5]*q[35] + q[4] + q[5] + -2*q[35] + 3 + q[4]*q[5] + -2*q[4]*q[36] + -2*q[5]*q[36] + -q[4] + -q[5] + 2*q[36] + 3 + 2*q[36]*q[37] + 2 + q[35]*q[37] + -2*q[35]*q[38] + -2*q[37]*q[38] + -q[35] + -q[37] + 2*q[38] + 3 + q[38]*q[34] + -2*q[38]*q[39] + -2*q[34]*q[39] + q[38] + q[34] + -2*q[39] + 3 + q[38]*q[34] + -2*q[38]*q[40] + -2*q[34]*q[40] + -q[38] + -q[34] + 2*q[40] + 3 + 2*q[40]*q[41] + 2 + q[39]*q[41] + -2*q[39]*q[42] + -2*q[41]*q[42] + -q[39] + -q[41] + 2*q[42] + 3 + q[4]*q[5] + -2*q[4]*q[43] + -2*q[5]*q[43] + -q[4] + -q[5] + 2*q[43] + 3 + q[4]*q[34] + -2*q[4]*q[44] + -2*q[34]*q[44] + -q[4] + -q[34] + 2*q[44] + 3 + q[5]*q[34] + -2*q[5]*q[45] + -2*q[34]*q[45] + -q[5] + -q[34] + 2*q[45] + 3 + q[43]*q[44] + -2*q[43]*q[46] + -2*q[44]*q[46] + q[43] + q[44] + -2*q[46] + 3 + q[46]*q[45] + -2*q[46]*q[47] + -2*q[45]*q[47] + q[46] + q[45] + -2*q[47] + 3 + q[6]*q[7] + -2*q[6]*q[48] + -2*q[7]*q[48] + q[6] + q[7] + -2*q[48] + 3 + q[6]*q[7] + -2*q[6]*q[49] + -2*q[7]*q[49] + -q[6] + -q[7] + 2*q[49] + 3 + 2*q[49]*q[50] + 2 + q[48]*q[50] + -2*q[48]*q[51] + -2*q[50]*q[51] + -q[48] + -q[50] + 2*q[51] + 3 + q[51]*q[47] + -2*q[51]*q[52] + -2*q[47]*q[52] + q[51] + q[47] + -2*q[52] + 3 + q[51]*q[47] + -2*q[51]*q[53] + -2*q[47]*q[53] + -q[51] + -q[47] + 2*q[53] + 3 + 2*q[53]*q[54] + 2 + q[52]*q[54] + -2*q[52]*q[55] + -2*q[54]*q[55] + -q[52] + -q[54] + 2*q[55] + 3 + q[6]*q[7] + -2*q[6]*q[56] + -2*q[7]*q[56] + -q[6] + -q[7] + 2*q[56] + 3 + q[6]*q[47] + -2*q[6]*q[57] + -2*q[47]*q[57] + -q[6] + -q[47] + 2*q[57] + 3 + q[7]*q[47] + -2*q[7]*q[58] + -2*q[47]*q[58] + -q[7] + -q[47] + 2*q[58] + 3 + q[56]*q[57] + -2*q[56]*q[59] + -2*q[57]*q[59] + q[56] + q[57] + -2*q[59] + 3 + q[59]*q[58] + -2*q[59]*q[60] + -2*q[58]*q[60] + q[59] + q[58] + -2*q[60] + 3 + q[0]*q[1] + -2*q[0]*q[61] + -2*q[1]*q[61] + -q[0] + -q[1] + 2*q[61] + 3 + q[2]*q[3] + -2*q[2]*q[62] + -2*q[3]*q[62] + -q[2] + -q[3] + 2*q[62] + 3 + q[4]*q[5] + -2*q[4]*q[63] + -2*q[5]*q[63] + -q[4] + -q[5] + 2*q[63] + 3 + q[6]*q[7] + -2*q[6]*q[64] + -2*q[7]*q[64] + -q[6] + -q[7] + 2*q[64] + 3 + q[0]*q[1] + -2*q[0]*q[65] + -2*q[1]*q[65] + q[0] + q[1] + -2*q[65] + 3 + q[0]*q[1] + -2*q[0]*q[66] + -2*q[1]*q[66] + -q[0] + -q[1] + 2*q[66] + 3 + 2*q[66]*q[67] + 2 + q[65]*q[67] + -2*q[65]*q[68] + -2*q[67]*q[68] + -q[65] + -q[67] + 2*q[68] + 3 + q[2]*q[3] + -2*q[2]*q[69] + -2*q[3]*q[69] + q[2] + q[3] + -2*q[69] + 3 + q[2]*q[3] + -2*q[2]*q[70] + -2*q[3]*q[70] + -q[2] + -q[3] + 2*q[70] + 3 + 2*q[70]*q[71] + 2 + q[69]*q[71] + -2*q[69]*q[72] + -2*q[71]*q[72] + -q[69] + -q[71] + 2*q[72] + 3 + q[4]*q[5] + -2*q[4]*q[73] + -2*q[5]*q[73] + q[4] + q[5] + -2*q[73] + 3 + q[4]*q[5] + -2*q[4]*q[74] + -2*q[5]*q[74] + -q[4] + -q[5] + 2*q[74] + 3 + 2*q[74]*q[75] + 2 + q[73]*q[75] + -2*q[73]*q[76] + -2*q[75]*q[76] + -q[73] + -q[75] + 2*q[76] + 3 + q[6]*q[7] + -2*q[6]*q[77] + -2*q[7]*q[77] + q[6] + q[7] + -2*q[77] + 3 + q[6]*q[7] + -2*q[6]*q[78] + -2*q[7]*q[78] + -q[6] + -q[7] + 2*q[78] + 3 + 2*q[78]*q[79] + 2 + q[77]*q[79] + -2*q[77]*q[80] + -2*q[79]*q[80] + -q[77] + -q[79] + 2*q[80] + 3 + q[68]*q[8] + -2*q[68]*q[81] + -2*q[8]*q[81] + -q[68] + -q[8] + 2*q[81] + 3 + q[61]*q[81] + -2*q[61]*q[82] + -2*q[81]*q[82] + q[61] + q[81] + -2*q[82] + 3 + q[72]*q[82] + -2*q[72]*q[83] + -2*q[82]*q[83] + -q[72] + -q[82] + 2*q[83] + 3 + q[62]*q[83] + -2*q[62]*q[84] + -2*q[83]*q[84] + q[62] + q[83] + -2*q[84] + 3 + q[76]*q[84] + -2*q[76]*q[85] + -2*q[84]*q[85] + -q[76] + -q[84] + 2*q[85] + 3 + q[63]*q[85] + -2*q[63]*q[86] + -2*q[85]*q[86] + q[63] + q[85] + -2*q[86] + 3 + q[80]*q[86] + -2*q[80]*q[87] + -2*q[86]*q[87] + -q[80] + -q[86] + 2*q[87] + 3 + q[64]*q[87] + -2*q[64]*q[88] + -2*q[87]*q[88] + q[64] + q[87] + -2*q[88] + 3 + q[68]*q[8] + -2*q[68]*q[89] + -2*q[8]*q[89] + q[68] + q[8] + -2*q[89] + 3 + q[68]*q[8] + -2*q[68]*q[90] + -2*q[8]*q[90] + -q[68] + -q[8] + 2*q[90] + 3 + 2*q[90]*q[91] + 2 + q[89]*q[91] + -2*q[89]*q[92] + -2*q[91]*q[92] + -q[89] + -q[91] + 2*q[92] + 3 + q[72]*q[82] + -2*q[72]*q[93] + -2*q[82]*q[93] + q[72] + q[82] + -2*q[93] + 3 + q[72]*q[82] + -2*q[72]*q[94] + -2*q[82]*q[94] + -q[72] + -q[82] + 2*q[94] + 3 + 2*q[94]*q[95] + 2 + q[93]*q[95] + -2*q[93]*q[96] + -2*q[95]*q[96] + -q[93] + -q[95] + 2*q[96] + 3 + q[76]*q[84] + -2*q[76]*q[97] + -2*q[84]*q[97] + q[76] + q[84] + -2*q[97] + 3 + q[76]*q[84] + -2*q[76]*q[98] + -2*q[84]*q[98] + -q[76] + -q[84] + 2*q[98] + 3 + 2*q[98]*q[99] + 2 + q[97]*q[99] + -2*q[97]*q[100] + -2*q[99]*q[100] + -q[97] + -q[99] + 2*q[100] + 3 + q[80]*q[86] + -2*q[80]*q[101] + -2*q[86]*q[101] + q[80] + q[86] + -2*q[101] + 3 + q[80]*q[86] + -2*q[80]*q[102] + -2*q[86]*q[102] + -q[80] + -q[86] + 2*q[102] + 3 + 2*q[102]*q[103] + 2 + q[101]*q[103] + -2*q[101]*q[104] + -2*q[103]*q[104] + -q[101] + -q[103] + 2*q[104] + 3 + q[16]*q[92] + -2*q[16]*q[105] + -2*q[92]*q[105] + q[16] + q[92] + -2*q[105] + 3 + q[16]*q[92] + -2*q[16]*q[106] + -2*q[92]*q[106] + -q[16] + -q[92] + 2*q[106] + 3 + 2*q[106]*q[107] + 2 + q[105]*q[107] + -2*q[105]*q[108] + -2*q[107]*q[108] + -q[105] + -q[107] + 2*q[108] + 3 + q[29]*q[96] + -2*q[29]*q[109] + -2*q[96]*q[109] + q[29] + q[96] + -2*q[109] + 3 + q[29]*q[96] + -2*q[29]*q[110] + -2*q[96]*q[110] + -q[29] + -q[96] + 2*q[110] + 3 + 2*q[110]*q[111] + 2 + q[109]*q[111] + -2*q[109]*q[112] + -2*q[111]*q[112] + -q[109] + -q[111] + 2*q[112] + 3 + q[42]*q[100] + -2*q[42]*q[113] + -2*q[100]*q[113] + q[42] + q[100] + -2*q[113] + 3 + q[42]*q[100] + -2*q[42]*q[114] + -2*q[100]*q[114] + -q[42] + -q[100] + 2*q[114] + 3 + 2*q[114]*q[115] + 2 + q[113]*q[115] + -2*q[113]*q[116] + -2*q[115]*q[116] + -q[113] + -q[115] + 2*q[116] + 3 + q[55]*q[104] + -2*q[55]*q[117] + -2*q[104]*q[117] + q[55] + q[104] + -2*q[117] + 3 + q[55]*q[104] + -2*q[55]*q[118] + -2*q[104]*q[118] + -q[55] + -q[104] + 2*q[118] + 3 + 2*q[118]*q[119] + 2 + q[117]*q[119] + -2*q[117]*q[120] + -2*q[119]*q[120] + -q[117] + -q[119] + 2*q[120] + 3 + q[60]*q[88] + -2*q[60]*q[121] + -2*q[88]*q[121] + q[60] + q[88] + -2*q[121] + 3 + q[60]*q[88] + -2*q[60]*q[122] + -2*q[88]*q[122] + -q[60] + -q[88] + 2*q[122] + 3 + 2*q[122]*q[123] + 2 + q[121]*q[123] + -2*q[121]*q[124] + -2*q[123]*q[124] + -q[121] + -q[123] + 2*q[124] + 3 + q[108]*q[112] + -2*q[108]*q[125] + -2*q[112]*q[125] + q[108] + q[112] + -2*q[125] + 3 + q[116]*q[120] + -2*q[116]*q[126] + -2*q[120]*q[126] + q[116] + q[120] + -2*q[126] + 3 + q[125]*q[126] + -2*q[125]*q[127] + -2*q[126]*q[127] + q[125] + q[126] + -2*q[127] + 3 + q[127]*q[124] + -2*q[127]*q[128] + -2*q[124]*q[128] + q[127] + q[124] + -2*q[128] + 3

--------------------------------------------------------------------------------
[3. F_TOTAL (Full Hamiltonian including Cubic)]
q[0]*q[1] + -2*q[0]*q[9] + -2*q[1]*q[9] + q[0] + q[1] + -2*q[9] + 3 + q[0]*q[1] + -2*q[0]*q[10] + -2*q[1]*q[10] + -q[0] + -q[1] + 2*q[10] + 3 + 2*q[10]*q[11] + 2 + q[9]*q[11] + -2*q[9]*q[12] + -2*q[11]*q[12] + -q[9] + -q[11] + 2*q[12] + 3 + q[12]*q[8] + -2*q[12]*q[13] + -2*q[8]*q[13] + q[12] + q[8] + -2*q[13] + 3 + q[12]*q[8] + -2*q[12]*q[14] + -2*q[8]*q[14] + -q[12] + -q[8] + 2*q[14] + 3 + 2*q[14]*q[15] + 2 + q[13]*q[15] + -2*q[13]*q[16] + -2*q[15]*q[16] + -q[13] + -q[15] + 2*q[16] + 3 + q[0]*q[1] + -2*q[0]*q[17] + -2*q[1]*q[17] + -q[0] + -q[1] + 2*q[17] + 3 + q[0]*q[8] + -2*q[0]*q[18] + -2*q[8]*q[18] + -q[0] + -q[8] + 2*q[18] + 3 + q[1]*q[8] + -2*q[1]*q[19] + -2*q[8]*q[19] + -q[1] + -q[8] + 2*q[19] + 3 + q[17]*q[18] + -2*q[17]*q[20] + -2*q[18]*q[20] + q[17] + q[18] + -2*q[20] + 3 + q[20]*q[19] + -2*q[20]*q[21] + -2*q[19]*q[21] + q[20] + q[19] + -2*q[21] + 3 + q[2]*q[3] + -2*q[2]*q[22] + -2*q[3]*q[22] + q[2] + q[3] + -2*q[22] + 3 + q[2]*q[3] + -2*q[2]*q[23] + -2*q[3]*q[23] + -q[2] + -q[3] + 2*q[23] + 3 + 2*q[23]*q[24] + 2 + q[22]*q[24] + -2*q[22]*q[25] + -2*q[24]*q[25] + -q[22] + -q[24] + 2*q[25] + 3 + q[25]*q[21] + -2*q[25]*q[26] + -2*q[21]*q[26] + q[25] + q[21] + -2*q[26] + 3 + q[25]*q[21] + -2*q[25]*q[27] + -2*q[21]*q[27] + -q[25] + -q[21] + 2*q[27] + 3 + 2*q[27]*q[28] + 2 + q[26]*q[28] + -2*q[26]*q[29] + -2*q[28]*q[29] + -q[26] + -q[28] + 2*q[29] + 3 + q[2]*q[3] + -2*q[2]*q[30] + -2*q[3]*q[30] + -q[2] + -q[3] + 2*q[30] + 3 + q[2]*q[21] + -2*q[2]*q[31] + -2*q[21]*q[31] + -q[2] + -q[21] + 2*q[31] + 3 + q[3]*q[21] + -2*q[3]*q[32] + -2*q[21]*q[32] + -q[3] + -q[21] + 2*q[32] + 3 + q[30]*q[31] + -2*q[30]*q[33] + -2*q[31]*q[33] + q[30] + q[31] + -2*q[33] + 3 + q[33]*q[32] + -2*q[33]*q[34] + -2*q[32]*q[34] + q[33] + q[32] + -2*q[34] + 3 + q[4]*q[5] + -2*q[4]*q[35] + -2*q[5]*q[35] + q[4] + q[5] + -2*q[35] + 3 + q[4]*q[5] + -2*q[4]*q[36] + -2*q[5]*q[36] + -q[4] + -q[5] + 2*q[36] + 3 + 2*q[36]*q[37] + 2 + q[35]*q[37] + -2*q[35]*q[38] + -2*q[37]*q[38] + -q[35] + -q[37] + 2*q[38] + 3 + q[38]*q[34] + -2*q[38]*q[39] + -2*q[34]*q[39] + q[38] + q[34] + -2*q[39] + 3 + q[38]*q[34] + -2*q[38]*q[40] + -2*q[34]*q[40] + -q[38] + -q[34] + 2*q[40] + 3 + 2*q[40]*q[41] + 2 + q[39]*q[41] + -2*q[39]*q[42] + -2*q[41]*q[42] + -q[39] + -q[41] + 2*q[42] + 3 + q[4]*q[5] + -2*q[4]*q[43] + -2*q[5]*q[43] + -q[4] + -q[5] + 2*q[43] + 3 + q[4]*q[34] + -2*q[4]*q[44] + -2*q[34]*q[44] + -q[4] + -q[34] + 2*q[44] + 3 + q[5]*q[34] + -2*q[5]*q[45] + -2*q[34]*q[45] + -q[5] + -q[34] + 2*q[45] + 3 + q[43]*q[44] + -2*q[43]*q[46] + -2*q[44]*q[46] + q[43] + q[44] + -2*q[46] + 3 + q[46]*q[45] + -2*q[46]*q[47] + -2*q[45]*q[47] + q[46] + q[45] + -2*q[47] + 3 + q[6]*q[7] + -2*q[6]*q[48] + -2*q[7]*q[48] + q[6] + q[7] + -2*q[48] + 3 + q[6]*q[7] + -2*q[6]*q[49] + -2*q[7]*q[49] + -q[6] + -q[7] + 2*q[49] + 3 + 2*q[49]*q[50] + 2 + q[48]*q[50] + -2*q[48]*q[51] + -2*q[50]*q[51] + -q[48] + -q[50] + 2*q[51] + 3 + q[51]*q[47] + -2*q[51]*q[52] + -2*q[47]*q[52] + q[51] + q[47] + -2*q[52] + 3 + q[51]*q[47] + -2*q[51]*q[53] + -2*q[47]*q[53] + -q[51] + -q[47] + 2*q[53] + 3 + 2*q[53]*q[54] + 2 + q[52]*q[54] + -2*q[52]*q[55] + -2*q[54]*q[55] + -q[52] + -q[54] + 2*q[55] + 3 + q[6]*q[7] + -2*q[6]*q[56] + -2*q[7]*q[56] + -q[6] + -q[7] + 2*q[56] + 3 + q[6]*q[47] + -2*q[6]*q[57] + -2*q[47]*q[57] + -q[6] + -q[47] + 2*q[57] + 3 + q[7]*q[47] + -2*q[7]*q[58] + -2*q[47]*q[58] + -q[7] + -q[47] + 2*q[58] + 3 + q[56]*q[57] + -2*q[56]*q[59] + -2*q[57]*q[59] + q[56] + q[57] + -2*q[59] + 3 + q[59]*q[58] + -2*q[59]*q[60] + -2*q[58]*q[60] + q[59] + q[58] + -2*q[60] + 3 + q[0]*q[1] + -2*q[0]*q[61] + -2*q[1]*q[61] + -q[0] + -q[1] + 2*q[61] + 3 + q[2]*q[3] + -2*q[2]*q[62] + -2*q[3]*q[62] + -q[2] + -q[3] + 2*q[62] + 3 + q[4]*q[5] + -2*q[4]*q[63] + -2*q[5]*q[63] + -q[4] + -q[5] + 2*q[63] + 3 + q[6]*q[7] + -2*q[6]*q[64] + -2*q[7]*q[64] + -q[6] + -q[7] + 2*q[64] + 3 + q[0]*q[1] + -2*q[0]*q[65] + -2*q[1]*q[65] + q[0] + q[1] + -2*q[65] + 3 + q[0]*q[1] + -2*q[0]*q[66] + -2*q[1]*q[66] + -q[0] + -q[1] + 2*q[66] + 3 + 2*q[66]*q[67] + 2 + q[65]*q[67] + -2*q[65]*q[68] + -2*q[67]*q[68] + -q[65] + -q[67] + 2*q[68] + 3 + q[2]*q[3] + -2*q[2]*q[69] + -2*q[3]*q[69] + q[2] + q[3] + -2*q[69] + 3 + q[2]*q[3] + -2*q[2]*q[70] + -2*q[3]*q[70] + -q[2] + -q[3] + 2*q[70] + 3 + 2*q[70]*q[71] + 2 + q[69]*q[71] + -2*q[69]*q[72] + -2*q[71]*q[72] + -q[69] + -q[71] + 2*q[72] + 3 + q[4]*q[5] + -2*q[4]*q[73] + -2*q[5]*q[73] + q[4] + q[5] + -2*q[73] + 3 + q[4]*q[5] + -2*q[4]*q[74] + -2*q[5]*q[74] + -q[4] + -q[5] + 2*q[74] + 3 + 2*q[74]*q[75] + 2 + q[73]*q[75] + -2*q[73]*q[76] + -2*q[75]*q[76] + -q[73] + -q[75] + 2*q[76] + 3 + q[6]*q[7] + -2*q[6]*q[77] + -2*q[7]*q[77] + q[6] + q[7] + -2*q[77] + 3 + q[6]*q[7] + -2*q[6]*q[78] + -2*q[7]*q[78] + -q[6] + -q[7] + 2*q[78] + 3 + 2*q[78]*q[79] + 2 + q[77]*q[79] + -2*q[77]*q[80] + -2*q[79]*q[80] + -q[77] + -q[79] + 2*q[80] + 3 + q[68]*q[8] + -2*q[68]*q[81] + -2*q[8]*q[81] + -q[68] + -q[8] + 2*q[81] + 3 + q[61]*q[81] + -2*q[61]*q[82] + -2*q[81]*q[82] + q[61] + q[81] + -2*q[82] + 3 + q[72]*q[82] + -2*q[72]*q[83] + -2*q[82]*q[83] + -q[72] + -q[82] + 2*q[83] + 3 + q[62]*q[83] + -2*q[62]*q[84] + -2*q[83]*q[84] + q[62] + q[83] + -2*q[84] + 3 + q[76]*q[84] + -2*q[76]*q[85] + -2*q[84]*q[85] + -q[76] + -q[84] + 2*q[85] + 3 + q[63]*q[85] + -2*q[63]*q[86] + -2*q[85]*q[86] + q[63] + q[85] + -2*q[86] + 3 + q[80]*q[86] + -2*q[80]*q[87] + -2*q[86]*q[87] + -q[80] + -q[86] + 2*q[87] + 3 + q[64]*q[87] + -2*q[64]*q[88] + -2*q[87]*q[88] + q[64] + q[87] + -2*q[88] + 3 + q[68]*q[8] + -2*q[68]*q[89] + -2*q[8]*q[89] + q[68] + q[8] + -2*q[89] + 3 + q[68]*q[8] + -2*q[68]*q[90] + -2*q[8]*q[90] + -q[68] + -q[8] + 2*q[90] + 3 + 2*q[90]*q[91] + 2 + q[89]*q[91] + -2*q[89]*q[92] + -2*q[91]*q[92] + -q[89] + -q[91] + 2*q[92] + 3 + q[72]*q[82] + -2*q[72]*q[93] + -2*q[82]*q[93] + q[72] + q[82] + -2*q[93] + 3 + q[72]*q[82] + -2*q[72]*q[94] + -2*q[82]*q[94] + -q[72] + -q[82] + 2*q[94] + 3 + 2*q[94]*q[95] + 2 + q[93]*q[95] + -2*q[93]*q[96] + -2*q[95]*q[96] + -q[93] + -q[95] + 2*q[96] + 3 + q[76]*q[84] + -2*q[76]*q[97] + -2*q[84]*q[97] + q[76] + q[84] + -2*q[97] + 3 + q[76]*q[84] + -2*q[76]*q[98] + -2*q[84]*q[98] + -q[76] + -q[84] + 2*q[98] + 3 + 2*q[98]*q[99] + 2 + q[97]*q[99] + -2*q[97]*q[100] + -2*q[99]*q[100] + -q[97] + -q[99] + 2*q[100] + 3 + q[80]*q[86] + -2*q[80]*q[101] + -2*q[86]*q[101] + q[80] + q[86] + -2*q[101] + 3 + q[80]*q[86] + -2*q[80]*q[102] + -2*q[86]*q[102] + -q[80] + -q[86] + 2*q[102] + 3 + 2*q[102]*q[103] + 2 + q[101]*q[103] + -2*q[101]*q[104] + -2*q[103]*q[104] + -q[101] + -q[103] + 2*q[104] + 3 + q[16]*q[92] + -2*q[16]*q[105] + -2*q[92]*q[105] + q[16] + q[92] + -2*q[105] + 3 + q[16]*q[92] + -2*q[16]*q[106] + -2*q[92]*q[106] + -q[16] + -q[92] + 2*q[106] + 3 + 2*q[106]*q[107] + 2 + q[105]*q[107] + -2*q[105]*q[108] + -2*q[107]*q[108] + -q[105] + -q[107] + 2*q[108] + 3 + q[29]*q[96] + -2*q[29]*q[109] + -2*q[96]*q[109] + q[29] + q[96] + -2*q[109] + 3 + q[29]*q[96] + -2*q[29]*q[110] + -2*q[96]*q[110] + -q[29] + -q[96] + 2*q[110] + 3 + 2*q[110]*q[111] + 2 + q[109]*q[111] + -2*q[109]*q[112] + -2*q[111]*q[112] + -q[109] + -q[111] + 2*q[112] + 3 + q[42]*q[100] + -2*q[42]*q[113] + -2*q[100]*q[113] + q[42] + q[100] + -2*q[113] + 3 + q[42]*q[100] + -2*q[42]*q[114] + -2*q[100]*q[114] + -q[42] + -q[100] + 2*q[114] + 3 + 2*q[114]*q[115] + 2 + q[113]*q[115] + -2*q[113]*q[116] + -2*q[115]*q[116] + -q[113] + -q[115] + 2*q[116] + 3 + q[55]*q[104] + -2*q[55]*q[117] + -2*q[104]*q[117] + q[55] + q[104] + -2*q[117] + 3 + q[55]*q[104] + -2*q[55]*q[118] + -2*q[104]*q[118] + -q[55] + -q[104] + 2*q[118] + 3 + 2*q[118]*q[119] + 2 + q[117]*q[119] + -2*q[117]*q[120] + -2*q[119]*q[120] + -q[117] + -q[119] + 2*q[120] + 3 + q[60]*q[88] + -2*q[60]*q[121] + -2*q[88]*q[121] + q[60] + q[88] + -2*q[121] + 3 + q[60]*q[88] + -2*q[60]*q[122] + -2*q[88]*q[122] + -q[60] + -q[88] + 2*q[122] + 3 + 2*q[122]*q[123] + 2 + q[121]*q[123] + -2*q[121]*q[124] + -2*q[123]*q[124] + -q[121] + -q[123] + 2*q[124] + 3 + q[108]*q[112] + -2*q[108]*q[125] + -2*q[112]*q[125] + q[108] + q[112] + -2*q[125] + 3 + q[116]*q[120] + -2*q[116]*q[126] + -2*q[120]*q[126] + q[116] + q[120] + -2*q[126] + 3 + q[125]*q[126] + -2*q[125]*q[127] + -2*q[126]*q[127] + q[125] + q[126] + -2*q[127] + 3 + q[127]*q[124] + -2*q[127]*q[128] + -2*q[124]*q[128] + q[127] + q[124] + -2*q[128] + 3 + 

--------------------------------------------------------------------------------
[4. FULL VARIABLE MAPPING]
Index      | Description
--------------------------------------------------
q[0]       : [INPUT] A[0]
q[1]       : [INPUT] B[0]
q[2]       : [INPUT] A[1]
q[3]       : [INPUT] B[1]
q[4]       : [INPUT] A[2]
q[5]       : [INPUT] B[2]
q[6]       : [INPUT] A[3]
q[7]       : [INPUT] B[3]
q[8]       : [INPUT] Cin
q[9]       : Aux_XOR_OR(RCA_b0_step1)
q[10]      : Aux_XOR_AND(RCA_b0_step1)
q[11]      : Aux_XOR_NAND(RCA_b0_step1)
q[12]      : Aux_XOR_Res(RCA_b0_step1)
q[13]      : Aux_XOR_OR(RCA_b0_step2)
q[14]      : Aux_XOR_AND(RCA_b0_step2)
q[15]      : Aux_XOR_NAND(RCA_b0_step2)
q[16]      : [OUTPUT] S_RCA[0]
q[17]      : RCA_Cry_AB_0
q[18]      : RCA_Cry_AC_0
q[19]      : RCA_Cry_BC_0
q[20]      : Aux_Decomp_C_RCA_Int_0
q[21]      : C_RCA_Int_0
q[22]      : Aux_XOR_OR(RCA_b1_step1)
q[23]      : Aux_XOR_AND(RCA_b1_step1)
q[24]      : Aux_XOR_NAND(RCA_b1_step1)
q[25]      : Aux_XOR_Res(RCA_b1_step1)
q[26]      : Aux_XOR_OR(RCA_b1_step2)
q[27]      : Aux_XOR_AND(RCA_b1_step2)
q[28]      : Aux_XOR_NAND(RCA_b1_step2)
q[29]      : [OUTPUT] S_RCA[1]
q[30]      : RCA_Cry_AB_1
q[31]      : RCA_Cry_AC_1
q[32]      : RCA_Cry_BC_1
q[33]      : Aux_Decomp_C_RCA_Int_1
q[34]      : C_RCA_Int_1
q[35]      : Aux_XOR_OR(RCA_b2_step1)
q[36]      : Aux_XOR_AND(RCA_b2_step1)
q[37]      : Aux_XOR_NAND(RCA_b2_step1)
q[38]      : Aux_XOR_Res(RCA_b2_step1)
q[39]      : Aux_XOR_OR(RCA_b2_step2)
q[40]      : Aux_XOR_AND(RCA_b2_step2)
q[41]      : Aux_XOR_NAND(RCA_b2_step2)
q[42]      : [OUTPUT] S_RCA[2]
q[43]      : RCA_Cry_AB_2
q[44]      : RCA_Cry_AC_2
q[45]      : RCA_Cry_BC_2
q[46]      : Aux_Decomp_C_RCA_Int_2
q[47]      : C_RCA_Int_2
q[48]      : Aux_XOR_OR(RCA_b3_step1)
q[49]      : Aux_XOR_AND(RCA_b3_step1)
q[50]      : Aux_XOR_NAND(RCA_b3_step1)
q[51]      : Aux_XOR_Res(RCA_b3_step1)
q[52]      : Aux_XOR_OR(RCA_b3_step2)
q[53]      : Aux_XOR_AND(RCA_b3_step2)
q[54]      : Aux_XOR_NAND(RCA_b3_step2)
q[55]      : [OUTPUT] S_RCA[3]
q[56]      : RCA_Cry_AB_3
q[57]      : RCA_Cry_AC_3
q[58]      : RCA_Cry_BC_3
q[59]      : Aux_Decomp_C_RCA_Int_3
q[60]      : [OUTPUT] Cout_RCA
q[61]      : CLA_G_0
q[62]      : CLA_G_1
q[63]      : CLA_G_2
q[64]      : CLA_G_3
q[65]      : Aux_XOR_OR(CLA_P_0)
q[66]      : Aux_XOR_AND(CLA_P_0)
q[67]      : Aux_XOR_NAND(CLA_P_0)
q[68]      : Aux_XOR_Res(CLA_P_0)
q[69]      : Aux_XOR_OR(CLA_P_1)
q[70]      : Aux_XOR_AND(CLA_P_1)
q[71]      : Aux_XOR_NAND(CLA_P_1)
q[72]      : Aux_XOR_Res(CLA_P_1)
q[73]      : Aux_XOR_OR(CLA_P_2)
q[74]      : Aux_XOR_AND(CLA_P_2)
q[75]      : Aux_XOR_NAND(CLA_P_2)
q[76]      : Aux_XOR_Res(CLA_P_2)
q[77]      : Aux_XOR_OR(CLA_P_3)
q[78]      : Aux_XOR_AND(CLA_P_3)
q[79]      : Aux_XOR_NAND(CLA_P_3)
q[80]      : Aux_XOR_Res(CLA_P_3)
q[81]      : CLA_PC_0
q[82]      : C_CLA_1
q[83]      : CLA_PC_1
q[84]      : C_CLA_2
q[85]      : CLA_PC_2
q[86]      : C_CLA_3
q[87]      : CLA_PC_3
q[88]      : [OUTPUT] Cout_CLA
q[89]      : Aux_XOR_OR(CLA_Sum_0)
q[90]      : Aux_XOR_AND(CLA_Sum_0)
q[91]      : Aux_XOR_NAND(CLA_Sum_0)
q[92]      : [OUTPUT] S_CLA[0]
q[93]      : Aux_XOR_OR(CLA_Sum_1)
q[94]      : Aux_XOR_AND(CLA_Sum_1)
q[95]      : Aux_XOR_NAND(CLA_Sum_1)
q[96]      : [OUTPUT] S_CLA[1]
q[97]      : Aux_XOR_OR(CLA_Sum_2)
q[98]      : Aux_XOR_AND(CLA_Sum_2)
q[99]      : Aux_XOR_NAND(CLA_Sum_2)
q[100]     : [OUTPUT] S_CLA[2]
q[101]     : Aux_XOR_OR(CLA_Sum_3)
q[102]     : Aux_XOR_AND(CLA_Sum_3)
q[103]     : Aux_XOR_NAND(CLA_Sum_3)
q[104]     : [OUTPUT] S_CLA[3]
q[105]     : Aux_XOR_OR(Diff_Sum_0)
q[106]     : Aux_XOR_AND(Diff_Sum_0)
q[107]     : Aux_XOR_NAND(Diff_Sum_0)
q[108]     : Aux_XOR_Res(Diff_Sum_0)
q[109]     : Aux_XOR_OR(Diff_Sum_1)
q[110]     : Aux_XOR_AND(Diff_Sum_1)
q[111]     : Aux_XOR_NAND(Diff_Sum_1)
q[112]     : Aux_XOR_Res(Diff_Sum_1)
q[113]     : Aux_XOR_OR(Diff_Sum_2)
q[114]     : Aux_XOR_AND(Diff_Sum_2)
q[115]     : Aux_XOR_NAND(Diff_Sum_2)
q[116]     : Aux_XOR_Res(Diff_Sum_2)
q[117]     : Aux_XOR_OR(Diff_Sum_3)
q[118]     : Aux_XOR_AND(Diff_Sum_3)
q[119]     : Aux_XOR_NAND(Diff_Sum_3)
q[120]     : Aux_XOR_Res(Diff_Sum_3)
q[121]     : Aux_XOR_OR(Diff_Cout)
q[122]     : Aux_XOR_AND(Diff_Cout)
q[123]     : Aux_XOR_NAND(Diff_Cout)
q[124]     : Aux_XOR_Res(Diff_Cout)
q[125]     : Tree_FinalDiff_L0_OR2
q[126]     : Tree_FinalDiff_L0_OR2
q[127]     : Tree_FinalDiff_L1_OR2
q[128]     : Tree_FinalDiff_L2_OR2

================================================================================
 END OF REPORT
================================================================================